#
# There is insufficient memory for the Java Runtime Environment to continue.
# Native memory allocation (malloc) failed to allocate 132896 bytes for Chunk::new
# Possible reasons:
#   The system is out of physical RAM or swap space
#   The process is running with CompressedOops enabled, and the Java Heap may be blocking the growth of the native heap
# Possible solutions:
#   Reduce memory load on the system
#   Increase physical memory or swap space
#   Check if swap backing store is full
#   Decrease Java heap size (-Xmx/-Xms)
#   Decrease number of Java threads
#   Decrease Java thread stack sizes (-Xss)
#   Set larger code cache with -XX:ReservedCodeCacheSize=
#   JVM is running with Unscaled Compressed Oops mode in which the Java heap is
#     placed in the first 4GB address space. The Java Heap base address is the
#     maximum limit for the native heap growth. Please use -XX:HeapBaseMinAddress
#     to set the Java Heap base and to place the Java Heap above 4GB virtual address.
# This output file may be truncated or incomplete.
#
#  Out of Memory Error (arena.cpp:189), pid=27628, tid=28916
#
# JRE version: OpenJDK Runtime Environment Temurin-17.0.7+7 (17.0.7+7) (build 17.0.7+7)
# Java VM: OpenJDK 64-Bit Server VM Temurin-17.0.7+7 (17.0.7+7, mixed mode, tiered, compressed oops, compressed class ptrs, g1 gc, windows-amd64)
# No core dump will be written. Minidumps are not enabled by default on client versions of Windows
#

---------------  S U M M A R Y ------------

Command Line: -XX:+ShowCodeDetailsInExceptionMessages com.alibou.security.SecurityApplication

Host: Intel(R) Core(TM) i5-10500H CPU @ 2.50GHz, 12 cores, 7G,  Windows 11 , 64 bit Build 22621 (10.0.22621.1635)
Time: Thu Jun  8 16:31:31 2023 Sri Lanka Standard Time elapsed time: 1.852270 seconds (0d 0h 0m 1s)

---------------  T H R E A D  ---------------

Current thread (0x000001ce6075d0f0):  JavaThread "C2 CompilerThread0" daemon [_thread_in_native, id=28916, stack(0x000000a09b300000,0x000000a09b400000)]


Current CompileTask:
C2:   1852  524       4       java.lang.StringLatin1::replace (198 bytes)

Stack: [0x000000a09b300000,0x000000a09b400000]
Native frames: (J=compiled Java code, j=interpreted, Vv=VM code, C=native code)
V  [jvm.dll+0x67754a]
V  [jvm.dll+0x834304]
V  [jvm.dll+0x835aae]
V  [jvm.dll+0x836113]
V  [jvm.dll+0x24696f]
V  [jvm.dll+0xac0ac]
V  [jvm.dll+0xac67c]
V  [jvm.dll+0x2adbef]
V  [jvm.dll+0x580067]
V  [jvm.dll+0x221e72]
V  [jvm.dll+0x22224f]
V  [jvm.dll+0x21b4a5]
V  [jvm.dll+0x21895b]
V  [jvm.dll+0x1a4d8d]
V  [jvm.dll+0x2284da]
V  [jvm.dll+0x226615]
V  [jvm.dll+0x7ea90b]
V  [jvm.dll+0x7e4e7a]
V  [jvm.dll+0x676395]
C  [ucrtbase.dll+0x29363]
C  [KERNEL32.DLL+0x126ad]
C  [ntdll.dll+0x5a9f8]


---------------  P R O C E S S  ---------------

Threads class SMR info:
_java_thread_list=0x000001ce6090de90, length=13, elements={
0x000001ce46e80f40, 0x000001ce60777790, 0x000001ce6077a060, 0x000001ce60759ff0,
0x000001ce6075a8b0, 0x000001ce6075b170, 0x000001ce6075c040, 0x000001ce6075d0f0,
0x000001ce6075daa0, 0x000001ce6075e3a0, 0x000001ce609083b0, 0x000001ce60909ff0,
0x000001ce653b1d40
}

Java Threads: ( => current thread )
  0x000001ce46e80f40 JavaThread "main" [_thread_in_vm, id=29240, stack(0x000000a09a600000,0x000000a09a700000)]
  0x000001ce60777790 JavaThread "Reference Handler" daemon [_thread_blocked, id=25012, stack(0x000000a09ad00000,0x000000a09ae00000)]
  0x000001ce6077a060 JavaThread "Finalizer" daemon [_thread_blocked, id=5892, stack(0x000000a09ae00000,0x000000a09af00000)]
  0x000001ce60759ff0 JavaThread "Signal Dispatcher" daemon [_thread_blocked, id=28192, stack(0x000000a09af00000,0x000000a09b000000)]
  0x000001ce6075a8b0 JavaThread "Attach Listener" daemon [_thread_blocked, id=17776, stack(0x000000a09b000000,0x000000a09b100000)]
  0x000001ce6075b170 JavaThread "Service Thread" daemon [_thread_blocked, id=28340, stack(0x000000a09b100000,0x000000a09b200000)]
  0x000001ce6075c040 JavaThread "Monitor Deflation Thread" daemon [_thread_blocked, id=28412, stack(0x000000a09b200000,0x000000a09b300000)]
=>0x000001ce6075d0f0 JavaThread "C2 CompilerThread0" daemon [_thread_in_native, id=28916, stack(0x000000a09b300000,0x000000a09b400000)]
  0x000001ce6075daa0 JavaThread "C1 CompilerThread0" daemon [_thread_blocked, id=28244, stack(0x000000a09b400000,0x000000a09b500000)]
  0x000001ce6075e3a0 JavaThread "Sweeper thread" daemon [_thread_blocked, id=24728, stack(0x000000a09b500000,0x000000a09b600000)]
  0x000001ce609083b0 JavaThread "Notification Thread" daemon [_thread_blocked, id=16528, stack(0x000000a09b600000,0x000000a09b700000)]
  0x000001ce60909ff0 JavaThread "Common-Cleaner" daemon [_thread_blocked, id=28968, stack(0x000000a09b800000,0x000000a09b900000)]
  0x000001ce653b1d40 JavaThread "C2 CompilerThread1" daemon [_thread_in_native, id=28312, stack(0x000000a09b900000,0x000000a09ba00000)]

Other Threads:
  0x000001ce60709fa0 VMThread "VM Thread" [stack: 0x000000a09ac00000,0x000000a09ad00000] [id=26960]
  0x000001ce46f0f840 WatcherThread [stack: 0x000000a09b700000,0x000000a09b800000] [id=26788]
  0x000001ce46ee2390 GCTaskThread "GC Thread#0" [stack: 0x000000a09a700000,0x000000a09a800000] [id=14760]
  0x000001ce46ef2c60 ConcurrentGCThread "G1 Main Marker" [stack: 0x000000a09a800000,0x000000a09a900000] [id=10456]
  0x000001ce46ef36e0 ConcurrentGCThread "G1 Conc#0" [stack: 0x000000a09a900000,0x000000a09aa00000] [id=28496]
  0x000001ce46f2d630 ConcurrentGCThread "G1 Refine#0" [stack: 0x000000a09aa00000,0x000000a09ab00000] [id=15936]
  0x000001ce605ac120 ConcurrentGCThread "G1 Service" [stack: 0x000000a09ab00000,0x000000a09ac00000] [id=28800]

Threads with active compile tasks:
C2 CompilerThread0     1883  524       4       java.lang.StringLatin1::replace (198 bytes)
C2 CompilerThread1     1883  528       4       java.util.jar.JarFile::getEntry (35 bytes)

VM state: not at safepoint (normal execution)

VM Mutex/Monitor currently owned by a thread: None

Heap address: 0x0000000082c00000, size: 2004 MB, Compressed Oops mode: 32-bit

CDS archive(s) not mapped
Compressed class space mapped at: 0x0000000100000000-0x0000000140000000, reserved size: 1073741824
Narrow klass base: 0x0000000000000000, Narrow klass shift: 3, Narrow klass range: 0x140000000

GC Precious Log:
 CPUs: 12 total, 12 available
 Memory: 8013M
 Large Page Support: Disabled
 NUMA Support: Disabled
 Compressed Oops: Enabled (32-bit)
 Heap Region Size: 1M
 Heap Min Capacity: 8M
 Heap Initial Capacity: 126M
 Heap Max Capacity: 2004M
 Pre-touch: Disabled
 Parallel Workers: 10
 Concurrent Workers: 3
 Concurrent Refinement Workers: 10
 Periodic GC: Disabled

Heap:
 garbage-first heap   total 129024K, used 11264K [0x0000000082c00000, 0x0000000100000000)
  region size 1024K, 12 young (12288K), 0 survivors (0K)
 Metaspace       used 8608K, committed 8768K, reserved 1114112K
  class space    used 841K, committed 896K, reserved 1048576K

Heap Regions: E=young(eden), S=young(survivor), O=old, HS=humongous(starts), HC=humongous(continues), CS=collection set, F=free, OA=open archive, CA=closed archive, TAMS=top-at-mark-start (previous, next)
|   0|0x0000000082c00000, 0x0000000082d00000, 0x0000000082d00000|100%|HS|  |TAMS 0x0000000082c00000, 0x0000000082c00000| Complete 
|   1|0x0000000082d00000, 0x0000000082d00000, 0x0000000082e00000|  0%| F|  |TAMS 0x0000000082d00000, 0x0000000082d00000| Untracked 
|   2|0x0000000082e00000, 0x0000000082e00000, 0x0000000082f00000|  0%| F|  |TAMS 0x0000000082e00000, 0x0000000082e00000| Untracked 
|   3|0x0000000082f00000, 0x0000000082f00000, 0x0000000083000000|  0%| F|  |TAMS 0x0000000082f00000, 0x0000000082f00000| Untracked 
|   4|0x0000000083000000, 0x0000000083000000, 0x0000000083100000|  0%| F|  |TAMS 0x0000000083000000, 0x0000000083000000| Untracked 
|   5|0x0000000083100000, 0x0000000083100000, 0x0000000083200000|  0%| F|  |TAMS 0x0000000083100000, 0x0000000083100000| Untracked 
|   6|0x0000000083200000, 0x0000000083200000, 0x0000000083300000|  0%| F|  |TAMS 0x0000000083200000, 0x0000000083200000| Untracked 
|   7|0x0000000083300000, 0x0000000083300000, 0x0000000083400000|  0%| F|  |TAMS 0x0000000083300000, 0x0000000083300000| Untracked 
|   8|0x0000000083400000, 0x0000000083400000, 0x0000000083500000|  0%| F|  |TAMS 0x0000000083400000, 0x0000000083400000| Untracked 
|   9|0x0000000083500000, 0x0000000083500000, 0x0000000083600000|  0%| F|  |TAMS 0x0000000083500000, 0x0000000083500000| Untracked 
|  10|0x0000000083600000, 0x0000000083600000, 0x0000000083700000|  0%| F|  |TAMS 0x0000000083600000, 0x0000000083600000| Untracked 
|  11|0x0000000083700000, 0x0000000083700000, 0x0000000083800000|  0%| F|  |TAMS 0x0000000083700000, 0x0000000083700000| Untracked 
|  12|0x0000000083800000, 0x0000000083800000, 0x0000000083900000|  0%| F|  |TAMS 0x0000000083800000, 0x0000000083800000| Untracked 
|  13|0x0000000083900000, 0x0000000083900000, 0x0000000083a00000|  0%| F|  |TAMS 0x0000000083900000, 0x0000000083900000| Untracked 
|  14|0x0000000083a00000, 0x0000000083a00000, 0x0000000083b00000|  0%| F|  |TAMS 0x0000000083a00000, 0x0000000083a00000| Untracked 
|  15|0x0000000083b00000, 0x0000000083b00000, 0x0000000083c00000|  0%| F|  |TAMS 0x0000000083b00000, 0x0000000083b00000| Untracked 
|  16|0x0000000083c00000, 0x0000000083c00000, 0x0000000083d00000|  0%| F|  |TAMS 0x0000000083c00000, 0x0000000083c00000| Untracked 
|  17|0x0000000083d00000, 0x0000000083d00000, 0x0000000083e00000|  0%| F|  |TAMS 0x0000000083d00000, 0x0000000083d00000| Untracked 
|  18|0x0000000083e00000, 0x0000000083e00000, 0x0000000083f00000|  0%| F|  |TAMS 0x0000000083e00000, 0x0000000083e00000| Untracked 
|  19|0x0000000083f00000, 0x0000000083f00000, 0x0000000084000000|  0%| F|  |TAMS 0x0000000083f00000, 0x0000000083f00000| Untracked 
|  20|0x0000000084000000, 0x0000000084000000, 0x0000000084100000|  0%| F|  |TAMS 0x0000000084000000, 0x0000000084000000| Untracked 
|  21|0x0000000084100000, 0x0000000084100000, 0x0000000084200000|  0%| F|  |TAMS 0x0000000084100000, 0x0000000084100000| Untracked 
|  22|0x0000000084200000, 0x0000000084200000, 0x0000000084300000|  0%| F|  |TAMS 0x0000000084200000, 0x0000000084200000| Untracked 
|  23|0x0000000084300000, 0x0000000084300000, 0x0000000084400000|  0%| F|  |TAMS 0x0000000084300000, 0x0000000084300000| Untracked 
|  24|0x0000000084400000, 0x0000000084400000, 0x0000000084500000|  0%| F|  |TAMS 0x0000000084400000, 0x0000000084400000| Untracked 
|  25|0x0000000084500000, 0x0000000084500000, 0x0000000084600000|  0%| F|  |TAMS 0x0000000084500000, 0x0000000084500000| Untracked 
|  26|0x0000000084600000, 0x0000000084600000, 0x0000000084700000|  0%| F|  |TAMS 0x0000000084600000, 0x0000000084600000| Untracked 
|  27|0x0000000084700000, 0x0000000084700000, 0x0000000084800000|  0%| F|  |TAMS 0x0000000084700000, 0x0000000084700000| Untracked 
|  28|0x0000000084800000, 0x0000000084800000, 0x0000000084900000|  0%| F|  |TAMS 0x0000000084800000, 0x0000000084800000| Untracked 
|  29|0x0000000084900000, 0x0000000084900000, 0x0000000084a00000|  0%| F|  |TAMS 0x0000000084900000, 0x0000000084900000| Untracked 
|  30|0x0000000084a00000, 0x0000000084a00000, 0x0000000084b00000|  0%| F|  |TAMS 0x0000000084a00000, 0x0000000084a00000| Untracked 
|  31|0x0000000084b00000, 0x0000000084b00000, 0x0000000084c00000|  0%| F|  |TAMS 0x0000000084b00000, 0x0000000084b00000| Untracked 
|  32|0x0000000084c00000, 0x0000000084c00000, 0x0000000084d00000|  0%| F|  |TAMS 0x0000000084c00000, 0x0000000084c00000| Untracked 
|  33|0x0000000084d00000, 0x0000000084d00000, 0x0000000084e00000|  0%| F|  |TAMS 0x0000000084d00000, 0x0000000084d00000| Untracked 
|  34|0x0000000084e00000, 0x0000000084e00000, 0x0000000084f00000|  0%| F|  |TAMS 0x0000000084e00000, 0x0000000084e00000| Untracked 
|  35|0x0000000084f00000, 0x0000000084f00000, 0x0000000085000000|  0%| F|  |TAMS 0x0000000084f00000, 0x0000000084f00000| Untracked 
|  36|0x0000000085000000, 0x0000000085000000, 0x0000000085100000|  0%| F|  |TAMS 0x0000000085000000, 0x0000000085000000| Untracked 
|  37|0x0000000085100000, 0x0000000085100000, 0x0000000085200000|  0%| F|  |TAMS 0x0000000085100000, 0x0000000085100000| Untracked 
|  38|0x0000000085200000, 0x0000000085200000, 0x0000000085300000|  0%| F|  |TAMS 0x0000000085200000, 0x0000000085200000| Untracked 
|  39|0x0000000085300000, 0x0000000085300000, 0x0000000085400000|  0%| F|  |TAMS 0x0000000085300000, 0x0000000085300000| Untracked 
|  40|0x0000000085400000, 0x0000000085400000, 0x0000000085500000|  0%| F|  |TAMS 0x0000000085400000, 0x0000000085400000| Untracked 
|  41|0x0000000085500000, 0x0000000085500000, 0x0000000085600000|  0%| F|  |TAMS 0x0000000085500000, 0x0000000085500000| Untracked 
|  42|0x0000000085600000, 0x0000000085600000, 0x0000000085700000|  0%| F|  |TAMS 0x0000000085600000, 0x0000000085600000| Untracked 
|  43|0x0000000085700000, 0x0000000085700000, 0x0000000085800000|  0%| F|  |TAMS 0x0000000085700000, 0x0000000085700000| Untracked 
|  44|0x0000000085800000, 0x0000000085800000, 0x0000000085900000|  0%| F|  |TAMS 0x0000000085800000, 0x0000000085800000| Untracked 
|  45|0x0000000085900000, 0x0000000085900000, 0x0000000085a00000|  0%| F|  |TAMS 0x0000000085900000, 0x0000000085900000| Untracked 
|  46|0x0000000085a00000, 0x0000000085a00000, 0x0000000085b00000|  0%| F|  |TAMS 0x0000000085a00000, 0x0000000085a00000| Untracked 
|  47|0x0000000085b00000, 0x0000000085b00000, 0x0000000085c00000|  0%| F|  |TAMS 0x0000000085b00000, 0x0000000085b00000| Untracked 
|  48|0x0000000085c00000, 0x0000000085c00000, 0x0000000085d00000|  0%| F|  |TAMS 0x0000000085c00000, 0x0000000085c00000| Untracked 
|  49|0x0000000085d00000, 0x0000000085d00000, 0x0000000085e00000|  0%| F|  |TAMS 0x0000000085d00000, 0x0000000085d00000| Untracked 
|  50|0x0000000085e00000, 0x0000000085e00000, 0x0000000085f00000|  0%| F|  |TAMS 0x0000000085e00000, 0x0000000085e00000| Untracked 
|  51|0x0000000085f00000, 0x0000000085f00000, 0x0000000086000000|  0%| F|  |TAMS 0x0000000085f00000, 0x0000000085f00000| Untracked 
|  52|0x0000000086000000, 0x0000000086000000, 0x0000000086100000|  0%| F|  |TAMS 0x0000000086000000, 0x0000000086000000| Untracked 
|  53|0x0000000086100000, 0x0000000086100000, 0x0000000086200000|  0%| F|  |TAMS 0x0000000086100000, 0x0000000086100000| Untracked 
|  54|0x0000000086200000, 0x0000000086200000, 0x0000000086300000|  0%| F|  |TAMS 0x0000000086200000, 0x0000000086200000| Untracked 
|  55|0x0000000086300000, 0x0000000086300000, 0x0000000086400000|  0%| F|  |TAMS 0x0000000086300000, 0x0000000086300000| Untracked 
|  56|0x0000000086400000, 0x0000000086400000, 0x0000000086500000|  0%| F|  |TAMS 0x0000000086400000, 0x0000000086400000| Untracked 
|  57|0x0000000086500000, 0x0000000086500000, 0x0000000086600000|  0%| F|  |TAMS 0x0000000086500000, 0x0000000086500000| Untracked 
|  58|0x0000000086600000, 0x0000000086600000, 0x0000000086700000|  0%| F|  |TAMS 0x0000000086600000, 0x0000000086600000| Untracked 
|  59|0x0000000086700000, 0x0000000086700000, 0x0000000086800000|  0%| F|  |TAMS 0x0000000086700000, 0x0000000086700000| Untracked 
|  60|0x0000000086800000, 0x0000000086800000, 0x0000000086900000|  0%| F|  |TAMS 0x0000000086800000, 0x0000000086800000| Untracked 
|  61|0x0000000086900000, 0x0000000086900000, 0x0000000086a00000|  0%| F|  |TAMS 0x0000000086900000, 0x0000000086900000| Untracked 
|  62|0x0000000086a00000, 0x0000000086a00000, 0x0000000086b00000|  0%| F|  |TAMS 0x0000000086a00000, 0x0000000086a00000| Untracked 
|  63|0x0000000086b00000, 0x0000000086b00000, 0x0000000086c00000|  0%| F|  |TAMS 0x0000000086b00000, 0x0000000086b00000| Untracked 
|  64|0x0000000086c00000, 0x0000000086c00000, 0x0000000086d00000|  0%| F|  |TAMS 0x0000000086c00000, 0x0000000086c00000| Untracked 
|  65|0x0000000086d00000, 0x0000000086d00000, 0x0000000086e00000|  0%| F|  |TAMS 0x0000000086d00000, 0x0000000086d00000| Untracked 
|  66|0x0000000086e00000, 0x0000000086e00000, 0x0000000086f00000|  0%| F|  |TAMS 0x0000000086e00000, 0x0000000086e00000| Untracked 
|  67|0x0000000086f00000, 0x0000000086f00000, 0x0000000087000000|  0%| F|  |TAMS 0x0000000086f00000, 0x0000000086f00000| Untracked 
|  68|0x0000000087000000, 0x0000000087000000, 0x0000000087100000|  0%| F|  |TAMS 0x0000000087000000, 0x0000000087000000| Untracked 
|  69|0x0000000087100000, 0x0000000087100000, 0x0000000087200000|  0%| F|  |TAMS 0x0000000087100000, 0x0000000087100000| Untracked 
|  70|0x0000000087200000, 0x0000000087200000, 0x0000000087300000|  0%| F|  |TAMS 0x0000000087200000, 0x0000000087200000| Untracked 
|  71|0x0000000087300000, 0x0000000087300000, 0x0000000087400000|  0%| F|  |TAMS 0x0000000087300000, 0x0000000087300000| Untracked 
|  72|0x0000000087400000, 0x0000000087400000, 0x0000000087500000|  0%| F|  |TAMS 0x0000000087400000, 0x0000000087400000| Untracked 
|  73|0x0000000087500000, 0x0000000087500000, 0x0000000087600000|  0%| F|  |TAMS 0x0000000087500000, 0x0000000087500000| Untracked 
|  74|0x0000000087600000, 0x0000000087600000, 0x0000000087700000|  0%| F|  |TAMS 0x0000000087600000, 0x0000000087600000| Untracked 
|  75|0x0000000087700000, 0x0000000087700000, 0x0000000087800000|  0%| F|  |TAMS 0x0000000087700000, 0x0000000087700000| Untracked 
|  76|0x0000000087800000, 0x0000000087800000, 0x0000000087900000|  0%| F|  |TAMS 0x0000000087800000, 0x0000000087800000| Untracked 
|  77|0x0000000087900000, 0x0000000087900000, 0x0000000087a00000|  0%| F|  |TAMS 0x0000000087900000, 0x0000000087900000| Untracked 
|  78|0x0000000087a00000, 0x0000000087a00000, 0x0000000087b00000|  0%| F|  |TAMS 0x0000000087a00000, 0x0000000087a00000| Untracked 
|  79|0x0000000087b00000, 0x0000000087b00000, 0x0000000087c00000|  0%| F|  |TAMS 0x0000000087b00000, 0x0000000087b00000| Untracked 
|  80|0x0000000087c00000, 0x0000000087c00000, 0x0000000087d00000|  0%| F|  |TAMS 0x0000000087c00000, 0x0000000087c00000| Untracked 
|  81|0x0000000087d00000, 0x0000000087d00000, 0x0000000087e00000|  0%| F|  |TAMS 0x0000000087d00000, 0x0000000087d00000| Untracked 
|  82|0x0000000087e00000, 0x0000000087e00000, 0x0000000087f00000|  0%| F|  |TAMS 0x0000000087e00000, 0x0000000087e00000| Untracked 
|  83|0x0000000087f00000, 0x0000000087f00000, 0x0000000088000000|  0%| F|  |TAMS 0x0000000087f00000, 0x0000000087f00000| Untracked 
|  84|0x0000000088000000, 0x0000000088000000, 0x0000000088100000|  0%| F|  |TAMS 0x0000000088000000, 0x0000000088000000| Untracked 
|  85|0x0000000088100000, 0x0000000088100000, 0x0000000088200000|  0%| F|  |TAMS 0x0000000088100000, 0x0000000088100000| Untracked 
|  86|0x0000000088200000, 0x0000000088200000, 0x0000000088300000|  0%| F|  |TAMS 0x0000000088200000, 0x0000000088200000| Untracked 
|  87|0x0000000088300000, 0x0000000088300000, 0x0000000088400000|  0%| F|  |TAMS 0x0000000088300000, 0x0000000088300000| Untracked 
|  88|0x0000000088400000, 0x0000000088400000, 0x0000000088500000|  0%| F|  |TAMS 0x0000000088400000, 0x0000000088400000| Untracked 
|  89|0x0000000088500000, 0x0000000088500000, 0x0000000088600000|  0%| F|  |TAMS 0x0000000088500000, 0x0000000088500000| Untracked 
|  90|0x0000000088600000, 0x0000000088600000, 0x0000000088700000|  0%| F|  |TAMS 0x0000000088600000, 0x0000000088600000| Untracked 
|  91|0x0000000088700000, 0x0000000088700000, 0x0000000088800000|  0%| F|  |TAMS 0x0000000088700000, 0x0000000088700000| Untracked 
|  92|0x0000000088800000, 0x0000000088800000, 0x0000000088900000|  0%| F|  |TAMS 0x0000000088800000, 0x0000000088800000| Untracked 
|  93|0x0000000088900000, 0x0000000088900000, 0x0000000088a00000|  0%| F|  |TAMS 0x0000000088900000, 0x0000000088900000| Untracked 
|  94|0x0000000088a00000, 0x0000000088a00000, 0x0000000088b00000|  0%| F|  |TAMS 0x0000000088a00000, 0x0000000088a00000| Untracked 
|  95|0x0000000088b00000, 0x0000000088b00000, 0x0000000088c00000|  0%| F|  |TAMS 0x0000000088b00000, 0x0000000088b00000| Untracked 
|  96|0x0000000088c00000, 0x0000000088c00000, 0x0000000088d00000|  0%| F|  |TAMS 0x0000000088c00000, 0x0000000088c00000| Untracked 
|  97|0x0000000088d00000, 0x0000000088d00000, 0x0000000088e00000|  0%| F|  |TAMS 0x0000000088d00000, 0x0000000088d00000| Untracked 
|  98|0x0000000088e00000, 0x0000000088e00000, 0x0000000088f00000|  0%| F|  |TAMS 0x0000000088e00000, 0x0000000088e00000| Untracked 
|  99|0x0000000088f00000, 0x0000000088f00000, 0x0000000089000000|  0%| F|  |TAMS 0x0000000088f00000, 0x0000000088f00000| Untracked 
| 100|0x0000000089000000, 0x0000000089000000, 0x0000000089100000|  0%| F|  |TAMS 0x0000000089000000, 0x0000000089000000| Untracked 
| 101|0x0000000089100000, 0x0000000089100000, 0x0000000089200000|  0%| F|  |TAMS 0x0000000089100000, 0x0000000089100000| Untracked 
| 102|0x0000000089200000, 0x0000000089200000, 0x0000000089300000|  0%| F|  |TAMS 0x0000000089200000, 0x0000000089200000| Untracked 
| 103|0x0000000089300000, 0x0000000089300000, 0x0000000089400000|  0%| F|  |TAMS 0x0000000089300000, 0x0000000089300000| Untracked 
| 104|0x0000000089400000, 0x0000000089400000, 0x0000000089500000|  0%| F|  |TAMS 0x0000000089400000, 0x0000000089400000| Untracked 
| 105|0x0000000089500000, 0x0000000089500000, 0x0000000089600000|  0%| F|  |TAMS 0x0000000089500000, 0x0000000089500000| Untracked 
| 106|0x0000000089600000, 0x0000000089600000, 0x0000000089700000|  0%| F|  |TAMS 0x0000000089600000, 0x0000000089600000| Untracked 
| 107|0x0000000089700000, 0x0000000089700000, 0x0000000089800000|  0%| F|  |TAMS 0x0000000089700000, 0x0000000089700000| Untracked 
| 108|0x0000000089800000, 0x0000000089800000, 0x0000000089900000|  0%| F|  |TAMS 0x0000000089800000, 0x0000000089800000| Untracked 
| 109|0x0000000089900000, 0x0000000089900000, 0x0000000089a00000|  0%| F|  |TAMS 0x0000000089900000, 0x0000000089900000| Untracked 
| 110|0x0000000089a00000, 0x0000000089a00000, 0x0000000089b00000|  0%| F|  |TAMS 0x0000000089a00000, 0x0000000089a00000| Untracked 
| 111|0x0000000089b00000, 0x0000000089b00000, 0x0000000089c00000|  0%| F|  |TAMS 0x0000000089b00000, 0x0000000089b00000| Untracked 
| 112|0x0000000089c00000, 0x0000000089c00000, 0x0000000089d00000|  0%| F|  |TAMS 0x0000000089c00000, 0x0000000089c00000| Untracked 
| 113|0x0000000089d00000, 0x0000000089d00000, 0x0000000089e00000|  0%| F|  |TAMS 0x0000000089d00000, 0x0000000089d00000| Untracked 
| 114|0x0000000089e00000, 0x0000000089e779a0, 0x0000000089f00000| 46%| E|  |TAMS 0x0000000089e00000, 0x0000000089e00000| Complete 
| 115|0x0000000089f00000, 0x000000008a000000, 0x000000008a000000|100%| E|CS|TAMS 0x0000000089f00000, 0x0000000089f00000| Complete 
| 116|0x000000008a000000, 0x000000008a100000, 0x000000008a100000|100%| E|CS|TAMS 0x000000008a000000, 0x000000008a000000| Complete 
| 117|0x000000008a100000, 0x000000008a200000, 0x000000008a200000|100%| E|CS|TAMS 0x000000008a100000, 0x000000008a100000| Complete 
| 118|0x000000008a200000, 0x000000008a300000, 0x000000008a300000|100%| E|CS|TAMS 0x000000008a200000, 0x000000008a200000| Complete 
| 119|0x000000008a300000, 0x000000008a400000, 0x000000008a400000|100%| E|CS|TAMS 0x000000008a300000, 0x000000008a300000| Complete 
| 120|0x000000008a400000, 0x000000008a500000, 0x000000008a500000|100%| E|CS|TAMS 0x000000008a400000, 0x000000008a400000| Complete 
| 121|0x000000008a500000, 0x000000008a600000, 0x000000008a600000|100%| E|  |TAMS 0x000000008a500000, 0x000000008a500000| Complete 
| 122|0x000000008a600000, 0x000000008a700000, 0x000000008a700000|100%| E|CS|TAMS 0x000000008a600000, 0x000000008a600000| Complete 
| 123|0x000000008a700000, 0x000000008a800000, 0x000000008a800000|100%| E|CS|TAMS 0x000000008a700000, 0x000000008a700000| Complete 
| 124|0x000000008a800000, 0x000000008a900000, 0x000000008a900000|100%| E|CS|TAMS 0x000000008a800000, 0x000000008a800000| Complete 
| 125|0x000000008a900000, 0x000000008aa00000, 0x000000008aa00000|100%| E|CS|TAMS 0x000000008a900000, 0x000000008a900000| Complete 

Card table byte_map: [0x000001ce59430000,0x000001ce59820000] _byte_map_base: 0x000001ce5901a000

Marking Bits (Prev, Next): (CMBitMap*) 0x000001ce46ee28b0, (CMBitMap*) 0x000001ce46ee28f0
 Prev Bits: [0x000001ce59c10000, 0x000001ce5bb60000)
 Next Bits: [0x000001ce5bb60000, 0x000001ce5dab0000)

Polling page: 0x000001ce44e30000

Metaspace:

Usage:
  Non-class:      7.61 MB used.
      Class:    847.58 KB used.
       Both:      8.44 MB used.

Virtual space:
  Non-class space:       64.00 MB reserved,       7.69 MB ( 12%) committed,  1 nodes.
      Class space:        1.00 GB reserved,     896.00 KB ( <1%) committed,  1 nodes.
             Both:        1.06 GB reserved,       8.56 MB ( <1%) committed. 

Chunk freelists:
   Non-Class:  8.03 MB
       Class:  15.13 MB
        Both:  23.16 MB

MaxMetaspaceSize: unlimited
CompressedClassSpaceSize: 1.00 GB
Initial GC threshold: 21.00 MB
Current GC threshold: 21.00 MB
CDS: off
MetaspaceReclaimPolicy: balanced
 - commit_granule_bytes: 65536.
 - commit_granule_words: 8192.
 - virtual_space_node_default_size: 8388608.
 - enlarge_chunks_in_place: 1.
 - new_chunks_are_fully_committed: 0.
 - uncommit_free_chunks: 1.
 - use_allocation_guard: 0.
 - handle_deallocations: 1.


Internal statistics:

num_allocs_failed_limit: 0.
num_arena_births: 50.
num_arena_deaths: 0.
num_vsnodes_births: 2.
num_vsnodes_deaths: 0.
num_space_committed: 137.
num_space_uncommitted: 0.
num_chunks_returned_to_freelist: 0.
num_chunks_taken_from_freelist: 117.
num_chunk_merges: 0.
num_chunk_splits: 66.
num_chunks_enlarged: 48.
num_inconsistent_stats: 0.

CodeHeap 'non-profiled nmethods': size=120000Kb used=223Kb max_used=223Kb free=119776Kb
 bounds [0x000001ce515c0000, 0x000001ce51830000, 0x000001ce58af0000]
CodeHeap 'profiled nmethods': size=120000Kb used=1140Kb max_used=1140Kb free=118859Kb
 bounds [0x000001ce49af0000, 0x000001ce49d60000, 0x000001ce51020000]
CodeHeap 'non-nmethods': size=5760Kb used=1137Kb max_used=1161Kb free=4622Kb
 bounds [0x000001ce51020000, 0x000001ce51290000, 0x000001ce515c0000]
 total_blobs=1068 nmethods=647 adapters=334
 compilation: enabled
              stopped_count=0, restarted_count=0
 full_count=0

Compilation events (20 events):
Event: 1.757 Thread 0x000001ce6075daa0  516       3       java.util.concurrent.ConcurrentHashMap$KeyIterator::next (34 bytes)
Event: 1.757 Thread 0x000001ce6075daa0 nmethod 516 0x000001ce49bce090 code [0x000001ce49bce240, 0x000001ce49bce498]
Event: 1.757 Thread 0x000001ce6075daa0  519       3       java.nio.DirectIntBufferU::ix (10 bytes)
Event: 1.758 Thread 0x000001ce6075d0f0 nmethod 506 0x000001ce515ebb10 code [0x000001ce515ebc80, 0x000001ce515ebdd8]
Event: 1.758 Thread 0x000001ce6075daa0 nmethod 519 0x000001ce49bce590 code [0x000001ce49bce720, 0x000001ce49bce838]
Event: 1.758 Thread 0x000001ce6075daa0  520       3       jdk.internal.jimage.ImageStringsReader::hashCode (33 bytes)
Event: 1.758 Thread 0x000001ce6075d0f0  514       4       java.util.Objects::requireNonNull (15 bytes)
Event: 1.758 Thread 0x000001ce6075daa0 nmethod 520 0x000001ce49bce910 code [0x000001ce49bceac0, 0x000001ce49bcec38]
Event: 1.758 Thread 0x000001ce6075daa0  517       3       jdk.internal.loader.BuiltinClassLoader::moduleReaderFor (45 bytes)
Event: 1.758 Thread 0x000001ce6075d0f0 nmethod 514 0x000001ce515ebe90 code [0x000001ce515ec000, 0x000001ce515ec078]
Event: 1.758 Thread 0x000001ce6075daa0 nmethod 517 0x000001ce49bced10 code [0x000001ce49bcef00, 0x000001ce49bcf5b8]
Event: 1.758 Thread 0x000001ce6075daa0  522       3       jdk.internal.loader.URLClassPath$JarLoader::findResource (18 bytes)
Event: 1.758 Thread 0x000001ce6075daa0 nmethod 522 0x000001ce49bcf790 code [0x000001ce49bcf940, 0x000001ce49bcfbb8]
Event: 1.758 Thread 0x000001ce6075daa0  518       3       jdk.internal.module.SystemModuleFinders$SystemModuleReader::find (59 bytes)
Event: 1.758 Thread 0x000001ce6075d0f0  523   !   4       jdk.internal.loader.URLClassPath$JarLoader::ensureOpen (36 bytes)
Event: 1.758 Thread 0x000001ce6075daa0 nmethod 518 0x000001ce49bcfc90 code [0x000001ce49bcff40, 0x000001ce49bd0b48]
Event: 1.758 Thread 0x000001ce6075daa0  521       3       sun.net.www.protocol.file.Handler::parseURL (18 bytes)
Event: 1.758 Thread 0x000001ce6075daa0 nmethod 521 0x000001ce49bd1010 code [0x000001ce49bd11c0, 0x000001ce49bd1378]
Event: 1.759 Thread 0x000001ce6075d0f0 nmethod 523 0x000001ce515ec190 code [0x000001ce515ec320, 0x000001ce515ec468]
Event: 1.769 Thread 0x000001ce6075d0f0  524       4       java.lang.StringLatin1::replace (198 bytes)

GC Heap History (0 events):
No events

Dll operation events (5 events):
Event: 0.421 Loaded shared library C:\Users\Waruna\.vscode-insiders\extensions\redhat.java-1.19.0-win32-x64\jre\17.0.7-win32-x86_64\bin\java.dll
Event: 1.234 Loaded shared library C:\Users\Waruna\.vscode-insiders\extensions\redhat.java-1.19.0-win32-x64\jre\17.0.7-win32-x86_64\bin\net.dll
Event: 1.343 Loaded shared library C:\Users\Waruna\.vscode-insiders\extensions\redhat.java-1.19.0-win32-x64\jre\17.0.7-win32-x86_64\bin\nio.dll
Event: 1.384 Loaded shared library C:\Users\Waruna\.vscode-insiders\extensions\redhat.java-1.19.0-win32-x64\jre\17.0.7-win32-x86_64\bin\zip.dll
Event: 1.522 Loaded shared library C:\Users\Waruna\.vscode-insiders\extensions\redhat.java-1.19.0-win32-x64\jre\17.0.7-win32-x86_64\bin\jimage.dll

Deoptimization events (20 events):
Event: 1.417 Thread 0x000001ce46e80f40 DEOPT PACKING pc=0x000001ce49af9ee7 sp=0x000000a09a6fd4d0
Event: 1.417 Thread 0x000001ce46e80f40 DEOPT UNPACKING pc=0x000001ce51077143 sp=0x000000a09a6fc8f0 mode 0
Event: 1.530 Thread 0x000001ce46e80f40 Uncommon trap: trap_request=0xffffff45 fr.pc=0x000001ce515c9864 relative=0x0000000000000064
Event: 1.530 Thread 0x000001ce46e80f40 Uncommon trap: reason=unstable_if action=reinterpret pc=0x000001ce515c9864 method=java.io.WinNTFileSystem.isSlash(C)Z @ 9 c2
Event: 1.530 Thread 0x000001ce46e80f40 DEOPT PACKING pc=0x000001ce515c9864 sp=0x000000a09a6fd990
Event: 1.530 Thread 0x000001ce46e80f40 DEOPT UNPACKING pc=0x000001ce510769a3 sp=0x000000a09a6fd918 mode 2
Event: 1.532 Thread 0x000001ce46e80f40 DEOPT PACKING pc=0x000001ce49b395ac sp=0x000000a09a6fcd90
Event: 1.532 Thread 0x000001ce46e80f40 DEOPT UNPACKING pc=0x000001ce51077143 sp=0x000000a09a6fc240 mode 0
Event: 1.532 Thread 0x000001ce46e80f40 DEOPT PACKING pc=0x000001ce49b1a656 sp=0x000000a09a6f9620
Event: 1.532 Thread 0x000001ce46e80f40 DEOPT UNPACKING pc=0x000001ce51077143 sp=0x000000a09a6f8ac0 mode 0
Event: 1.699 Thread 0x000001ce46e80f40 Uncommon trap: trap_request=0xffffff45 fr.pc=0x000001ce515dd144 relative=0x00000000000002a4
Event: 1.699 Thread 0x000001ce46e80f40 Uncommon trap: reason=unstable_if action=reinterpret pc=0x000001ce515dd144 method=java.lang.String.startsWith(Ljava/lang/String;I)Z @ 14 c2
Event: 1.699 Thread 0x000001ce46e80f40 DEOPT PACKING pc=0x000001ce515dd144 sp=0x000000a09a6fbfc0
Event: 1.699 Thread 0x000001ce46e80f40 DEOPT UNPACKING pc=0x000001ce510769a3 sp=0x000000a09a6fbf20 mode 2
Event: 1.701 Thread 0x000001ce46e80f40 DEOPT PACKING pc=0x000001ce49b08ce5 sp=0x000000a09a6fca50
Event: 1.701 Thread 0x000001ce46e80f40 DEOPT UNPACKING pc=0x000001ce51077143 sp=0x000000a09a6fbea0 mode 0
Event: 1.703 Thread 0x000001ce46e80f40 Uncommon trap: trap_request=0xffffff45 fr.pc=0x000001ce515df0a4 relative=0x0000000000000284
Event: 1.703 Thread 0x000001ce46e80f40 Uncommon trap: reason=unstable_if action=reinterpret pc=0x000001ce515df0a4 method=java.io.BufferedReader.read()I @ 19 c2
Event: 1.703 Thread 0x000001ce46e80f40 DEOPT PACKING pc=0x000001ce515df0a4 sp=0x000000a09a6fca00
Event: 1.703 Thread 0x000001ce46e80f40 DEOPT UNPACKING pc=0x000001ce510769a3 sp=0x000000a09a6fc9b0 mode 2

Classes unloaded (0 events):
No events

Classes redefined (0 events):
No events

Internal exceptions (2 events):
Event: 1.701 Thread 0x000001ce46e80f40 Exception <a 'java/lang/ClassNotFoundException'{0x000000008a1480b0}: javax/smartcardio/CardPermission> (0x000000008a1480b0) 
thrown [s\src\hotspot\share\classfile\systemDictionary.cpp, line 256]
Event: 1.704 Thread 0x000001ce46e80f40 Exception <a 'java/io/FileNotFoundException'{0x000000008a156748}> (0x000000008a156748) 
thrown [s\src\hotspot\share\prims\jni.cpp, line 516]

VM Operations (6 events):
Event: 1.400 Executing VM operation: HandshakeAllThreads
Event: 1.400 Executing VM operation: HandshakeAllThreads done
Event: 1.515 Executing VM operation: HandshakeAllThreads
Event: 1.515 Executing VM operation: HandshakeAllThreads done
Event: 1.530 Executing VM operation: HandshakeAllThreads
Event: 1.530 Executing VM operation: HandshakeAllThreads done

Events (20 events):
Event: 1.770 loading class java/time/temporal/IsoFields$Field$4 done
Event: 1.770 loading class java/time/temporal/IsoFields$Unit
Event: 1.770 loading class java/time/temporal/IsoFields$Unit done
Event: 1.770 loading class java/time/temporal/JulianFields
Event: 1.770 loading class java/time/temporal/JulianFields done
Event: 1.770 loading class java/time/temporal/JulianFields$Field
Event: 1.770 loading class java/time/temporal/JulianFields$Field done
Event: 1.770 loading class java/time/format/SignStyle
Event: 1.770 loading class java/time/format/SignStyle done
Event: 1.770 loading class java/time/format/DateTimeFormatterBuilder$NumberPrinterParser
Event: 1.770 loading class java/time/format/DateTimeFormatterBuilder$DateTimePrinterParser
Event: 1.770 loading class java/time/format/DateTimeFormatterBuilder$DateTimePrinterParser done
Event: 1.770 loading class java/time/format/DateTimeFormatterBuilder$NumberPrinterParser done
Event: 1.770 loading class java/time/format/DateTimeFormatterBuilder$CharLiteralPrinterParser
Event: 1.770 loading class java/time/format/DateTimeFormatterBuilder$CharLiteralPrinterParser done
Event: 1.770 loading class java/time/format/ResolverStyle
Event: 1.770 loading class java/time/format/ResolverStyle done
Event: 1.770 loading class java/time/chrono/IsoChronology
Event: 1.772 loading class java/time/chrono/AbstractChronology
Event: 1.772 loading class java/time/chrono/Chronology


Dynamic libraries:
0x00007ff6334f0000 - 0x00007ff6334fe000 	C:\Users\Waruna\.vscode-insiders\extensions\redhat.java-1.19.0-win32-x64\jre\17.0.7-win32-x86_64\bin\java.exe
0x00007fff43ad0000 - 0x00007fff43ce4000 	C:\Windows\SYSTEM32\ntdll.dll
0x00007fff42ed0000 - 0x00007fff42f92000 	C:\Windows\System32\KERNEL32.DLL
0x00007fff410d0000 - 0x00007fff41473000 	C:\Windows\System32\KERNELBASE.dll
0x00007fff41480000 - 0x00007fff41591000 	C:\Windows\System32\ucrtbase.dll
0x00007fff18510000 - 0x00007fff18529000 	C:\Users\Waruna\.vscode-insiders\extensions\redhat.java-1.19.0-win32-x64\jre\17.0.7-win32-x86_64\bin\VCRUNTIME140.dll
0x00007fff16fd0000 - 0x00007fff16fe7000 	C:\Users\Waruna\.vscode-insiders\extensions\redhat.java-1.19.0-win32-x64\jre\17.0.7-win32-x86_64\bin\jli.dll
0x00007fff42200000 - 0x00007fff423ab000 	C:\Windows\System32\USER32.dll
0x00007fff41730000 - 0x00007fff41756000 	C:\Windows\System32\win32u.dll
0x00007fff26bb0000 - 0x00007fff26e3e000 	C:\Windows\WinSxS\amd64_microsoft.windows.common-controls_6595b64144ccf1df_6.0.22621.1635_none_270f70857386168e\COMCTL32.dll
0x00007fff42650000 - 0x00007fff426f7000 	C:\Windows\System32\msvcrt.dll
0x00007fff421d0000 - 0x00007fff421f9000 	C:\Windows\System32\GDI32.dll
0x00007fff41610000 - 0x00007fff41728000 	C:\Windows\System32\gdi32full.dll
0x00007fff40fb0000 - 0x00007fff4104a000 	C:\Windows\System32\msvcp_win.dll
0x00007fff434f0000 - 0x00007fff43521000 	C:\Windows\System32\IMM32.DLL
0x00007fff29cf0000 - 0x00007fff29cfc000 	C:\Users\Waruna\.vscode-insiders\extensions\redhat.java-1.19.0-win32-x64\jre\17.0.7-win32-x86_64\bin\vcruntime140_1.dll
0x00007fff00f80000 - 0x00007fff01011000 	C:\Users\Waruna\.vscode-insiders\extensions\redhat.java-1.19.0-win32-x64\jre\17.0.7-win32-x86_64\bin\msvcp140.dll
0x00007ffea3e90000 - 0x00007ffea4ad8000 	C:\Users\Waruna\.vscode-insiders\extensions\redhat.java-1.19.0-win32-x64\jre\17.0.7-win32-x86_64\bin\server\jvm.dll
0x00007fff43700000 - 0x00007fff437ae000 	C:\Windows\System32\ADVAPI32.dll
0x00007fff43440000 - 0x00007fff434e4000 	C:\Windows\System32\sechost.dll
0x00007fff43970000 - 0x00007fff43a87000 	C:\Windows\System32\RPCRT4.dll
0x00007fff2cbd0000 - 0x00007fff2cbd9000 	C:\Windows\SYSTEM32\WSOCK32.dll
0x00007fff3a040000 - 0x00007fff3a04a000 	C:\Windows\SYSTEM32\VERSION.dll
0x00007fff2f780000 - 0x00007fff2f7b4000 	C:\Windows\SYSTEM32\WINMM.dll
0x00007fff42700000 - 0x00007fff42771000 	C:\Windows\System32\WS2_32.dll
0x00007fff3ffa0000 - 0x00007fff3ffb8000 	C:\Windows\SYSTEM32\kernel.appcore.dll
0x00007fff29cd0000 - 0x00007fff29cda000 	C:\Users\Waruna\.vscode-insiders\extensions\redhat.java-1.19.0-win32-x64\jre\17.0.7-win32-x86_64\bin\jimage.dll
0x00007fff2d1d0000 - 0x00007fff2d3fe000 	C:\Windows\SYSTEM32\DBGHELP.DLL
0x00007fff42fa0000 - 0x00007fff43329000 	C:\Windows\System32\combase.dll
0x00007fff42df0000 - 0x00007fff42ec7000 	C:\Windows\System32\OLEAUT32.dll
0x00007fff2a360000 - 0x00007fff2a392000 	C:\Windows\SYSTEM32\dbgcore.DLL
0x00007fff41050000 - 0x00007fff410cb000 	C:\Windows\System32\bcryptPrimitives.dll
0x00007fff12e70000 - 0x00007fff12e95000 	C:\Users\Waruna\.vscode-insiders\extensions\redhat.java-1.19.0-win32-x64\jre\17.0.7-win32-x86_64\bin\java.dll
0x00007fff144c0000 - 0x00007fff144d8000 	C:\Users\Waruna\.vscode-insiders\extensions\redhat.java-1.19.0-win32-x64\jre\17.0.7-win32-x86_64\bin\zip.dll
0x00007fff418d0000 - 0x00007fff420ca000 	C:\Windows\System32\SHELL32.dll
0x00007fff3eeb0000 - 0x00007fff3f77e000 	C:\Windows\SYSTEM32\windows.storage.dll
0x00007fff3ed70000 - 0x00007fff3eeae000 	C:\Windows\SYSTEM32\wintypes.dll
0x00007fff43530000 - 0x00007fff43621000 	C:\Windows\System32\SHCORE.dll
0x00007fff420d0000 - 0x00007fff4212e000 	C:\Windows\System32\shlwapi.dll
0x00007fff40e20000 - 0x00007fff40e41000 	C:\Windows\SYSTEM32\profapi.dll
0x00007fff12c10000 - 0x00007fff12c29000 	C:\Users\Waruna\.vscode-insiders\extensions\redhat.java-1.19.0-win32-x64\jre\17.0.7-win32-x86_64\bin\net.dll
0x00007fff3b1c0000 - 0x00007fff3b2f7000 	C:\Windows\SYSTEM32\WINHTTP.dll
0x00007fff40460000 - 0x00007fff404c9000 	C:\Windows\system32\mswsock.dll
0x00007fff12bf0000 - 0x00007fff12c05000 	C:\Users\Waruna\.vscode-insiders\extensions\redhat.java-1.19.0-win32-x64\jre\17.0.7-win32-x86_64\bin\nio.dll

dbghelp: loaded successfully - version: 4.0.5 - missing functions: none
symbol engine: initialized successfully - sym options: 0x614 - pdb path: .;C:\Users\Waruna\.vscode-insiders\extensions\redhat.java-1.19.0-win32-x64\jre\17.0.7-win32-x86_64\bin;C:\Windows\SYSTEM32;C:\Windows\WinSxS\amd64_microsoft.windows.common-controls_6595b64144ccf1df_6.0.22621.1635_none_270f70857386168e;C:\Users\Waruna\.vscode-insiders\extensions\redhat.java-1.19.0-win32-x64\jre\17.0.7-win32-x86_64\bin\server

VM Arguments:
jvm_args: -XX:+ShowCodeDetailsInExceptionMessages 
java_command: com.alibou.security.SecurityApplication
java_class_path (initial): E:\GitHub\ShopXpert-Showroom_Management_System\green-backend\target\classes;C:\Users\Waruna\.m2\repository\org\springframework\boot\spring-boot-starter-data-jpa\3.0.5\spring-boot-starter-data-jpa-3.0.5.jar;C:\Users\Waruna\.m2\repository\org\springframework\boot\spring-boot-starter-aop\3.0.5\spring-boot-starter-aop-3.0.5.jar;C:\Users\Waruna\.m2\repository\org\aspectj\aspectjweaver\1.9.19\aspectjweaver-1.9.19.jar;C:\Users\Waruna\.m2\repository\org\springframework\boot\spring-boot-starter-jdbc\3.0.5\spring-boot-starter-jdbc-3.0.5.jar;C:\Users\Waruna\.m2\repository\com\zaxxer\HikariCP\5.0.1\HikariCP-5.0.1.jar;C:\Users\Waruna\.m2\repository\org\springframework\spring-jdbc\6.0.7\spring-jdbc-6.0.7.jar;C:\Users\Waruna\.m2\repository\org\hibernate\orm\hibernate-core\6.1.7.Final\hibernate-core-6.1.7.Final.jar;C:\Users\Waruna\.m2\repository\jakarta\persistence\jakarta.persistence-api\3.1.0\jakarta.persistence-api-3.1.0.jar;C:\Users\Waruna\.m2\repository\jakarta\transaction\jakarta.transaction-api\2.0.1\jakarta.transaction-api-2.0.1.jar;C:\Users\Waruna\.m2\repository\org\jboss\logging\jboss-logging\3.5.0.Final\jboss-logging-3.5.0.Final.jar;C:\Users\Waruna\.m2\repository\org\hibernate\common\hibernate-commons-annotations\6.0.6.Final\hibernate-commons-annotations-6.0.6.Final.jar;C:\Users\Waruna\.m2\repository\org\jboss\jandex\2.4.2.Final\jandex-2.4.2.Final.jar;C:\Users\Waruna\.m2\repository\com\fasterxml\classmate\1.5.1\classmate-1.5.1.jar;C:\Users\Waruna\.m2\repository\net\bytebuddy\byte-buddy\1.12.23\byte-buddy-1.12.23.jar;C:\Users\Waruna\.m2\repository\org\glassfish\jaxb\jaxb-runtime\4.0.2\jaxb-runtime-4.0.2.jar;C:\Users\Waruna\.m2\repository\org\glassfish\jaxb\jaxb-core\4.0.2\jaxb-core-4.0.2.jar;C:\Users\Waruna\.m2\repository\org\eclipse\angus\angus-activation\2.0.0\angus-activation-2.0.0.jar;C:\Users\Waruna\.m2\repository\org\glassfish\jaxb\txw2\4.0.2\txw2-4.0.2.jar;C:\Users\Waruna\.m2\repository\com\sun\istack\istack-commons-runtime\4.1.1\istack
Launcher Type: SUN_STANDARD

[Global flags]
     intx CICompilerCount                          = 4                                         {product} {ergonomic}
     uint ConcGCThreads                            = 3                                         {product} {ergonomic}
     uint G1ConcRefinementThreads                  = 10                                        {product} {ergonomic}
   size_t G1HeapRegionSize                         = 1048576                                   {product} {ergonomic}
    uintx GCDrainStackTargetSize                   = 64                                        {product} {ergonomic}
   size_t InitialHeapSize                          = 132120576                                 {product} {ergonomic}
   size_t MarkStackSize                            = 4194304                                   {product} {ergonomic}
   size_t MaxHeapSize                              = 2101346304                                {product} {ergonomic}
   size_t MaxNewSize                               = 1260388352                                {product} {ergonomic}
   size_t MinHeapDeltaBytes                        = 1048576                                   {product} {ergonomic}
   size_t MinHeapSize                              = 8388608                                   {product} {ergonomic}
    uintx NonNMethodCodeHeapSize                   = 5839372                                {pd product} {ergonomic}
    uintx NonProfiledCodeHeapSize                  = 122909434                              {pd product} {ergonomic}
    uintx ProfiledCodeHeapSize                     = 122909434                              {pd product} {ergonomic}
    uintx ReservedCodeCacheSize                    = 251658240                              {pd product} {ergonomic}
     bool SegmentedCodeCache                       = true                                      {product} {ergonomic}
     bool ShowCodeDetailsInExceptionMessages       = true                                   {manageable} {command line}
   size_t SoftMaxHeapSize                          = 2101346304                             {manageable} {ergonomic}
     bool UseCompressedClassPointers               = true                           {product lp64_product} {ergonomic}
     bool UseCompressedOops                        = true                           {product lp64_product} {ergonomic}
     bool UseG1GC                                  = true                                      {product} {ergonomic}
     bool UseLargePagesIndividualAllocation        = false                                  {pd product} {ergonomic}

Logging:
Log output configuration:
 #0: stdout all=warning uptime,level,tags
 #1: stderr all=off uptime,level,tags

Environment Variables:
JAVA_HOME=H:\jdk-11.0.16.1
PATH=C:\Program Files\Common Files\Oracle\Java\javapath;C:\Program Files (x86)\VMware\VMware Player\bin\;C:\Python311\Scripts\;C:\Python311\;C:\Windows\system32;C:\Windows;C:\Windows\System32\Wbem;C:\Windows\System32\WindowsPowerShell\v1.0\;C:\Windows\System32\OpenSSH\;C:\Program Files\dotnet\;C:\Program Files\Java\jdk-17.0.1\bin;C:\Program Files\nodejs\;C:\ProgramData\chocolatey\bin;C:\Program Files (x86)\NVIDIA Corporation\PhysX\Common;H:\Git\cmd;H:\Scripts\;H:\;C:\Users\Waruna\AppData\Local\Microsoft\WindowsApps;H:\Microsoft VS Code\bin;C:\Users\Waruna\AppData\Local\GitHubDesktop\bin;C:\Users\Waruna\AppData\Roaming\npm;H:\gradle-7.3.1\bin;C:\Users\Waruna\.dotnet\tools;C:\Program Files\JetBrains\IntelliJ IDEA 2023.1.1\bin;;C:\Users\Waruna\AppData\Local\Programs\Microsoft VS Code Insiders\bin
USERNAME=Waruna
LANG=en_US.UTF-8
OS=Windows_NT
PROCESSOR_IDENTIFIER=Intel64 Family 6 Model 165 Stepping 2, GenuineIntel
TMP=C:\Users\Waruna\AppData\Local\Temp
TEMP=C:\Users\Waruna\AppData\Local\Temp



---------------  S Y S T E M  ---------------

OS:
 Windows 11 , 64 bit Build 22621 (10.0.22621.1635)
OS uptime: 6 days 18:04 hours
Hyper-V role detected

CPU: total 12 (initial active 12) (6 cores per cpu, 2 threads per core) family 6 model 165 stepping 2 microcode 0xe2, cx8, cmov, fxsr, ht, mmx, 3dnowpref, sse, sse2, sse3, ssse3, sse4.1, sse4.2, popcnt, lzcnt, tsc, tscinvbit, avx, avx2, aes, erms, clmul, bmi1, bmi2, adx, fma, vzeroupper, clflush, clflushopt, hv

Memory: 4k page, system-wide physical 8013M (389M free)
TotalPageFile size 18013M (AvailPageFile size 40M)
current process WorkingSet (physical memory assigned to process): 57M, peak: 57M
current process commit charge ("private bytes"): 220M, peak: 220M

vm_info: OpenJDK 64-Bit Server VM (17.0.7+7) for windows-amd64 JRE (17.0.7+7), built on Apr 18 2023 22:10:42 by "temurin" with MS VC++ 16.7 (VS2019)

END.
