#
# There is insufficient memory for the Java Runtime Environment to continue.
# Native memory allocation (malloc) failed to allocate 2097152 bytes for AllocateHeap
# Possible reasons:
#   The system is out of physical RAM or swap space
#   The process is running with CompressedOops enabled, and the Java Heap may be blocking the growth of the native heap
# Possible solutions:
#   Reduce memory load on the system
#   Increase physical memory or swap space
#   Check if swap backing store is full
#   Decrease Java heap size (-Xmx/-Xms)
#   Decrease number of Java threads
#   Decrease Java thread stack sizes (-Xss)
#   Set larger code cache with -XX:ReservedCodeCacheSize=
#   JVM is running with Unscaled Compressed Oops mode in which the Java heap is
#     placed in the first 4GB address space. The Java Heap base address is the
#     maximum limit for the native heap growth. Please use -XX:HeapBaseMinAddress
#     to set the Java Heap base and to place the Java Heap above 4GB virtual address.
# This output file may be truncated or incomplete.
#
#  Out of Memory Error (allocation.cpp:44), pid=8232, tid=14760
#
# JRE version: OpenJDK Runtime Environment Temurin-17.0.7+7 (17.0.7+7) (build 17.0.7+7)
# Java VM: OpenJDK 64-Bit Server VM Temurin-17.0.7+7 (17.0.7+7, mixed mode, emulated-client, tiered, compressed oops, compressed class ptrs, g1 gc, windows-amd64)
# No core dump will be written. Minidumps are not enabled by default on client versions of Windows
#

---------------  S U M M A R Y ------------

Command Line: -XX:+HeapDumpOnOutOfMemoryError -Xmx1024m -Dsts.lsp.client=vscode -Dsts.log.file=/dev/null -XX:TieredStopAtLevel=1 -Xlog:jni+resolve=off -Dspring.config.location=file:c:\Users\Waruna\.vscode-insiders\extensions\vmware.vscode-spring-boot-1.48.2023072904\language-server\BOOT-INF\classes\application.properties org.springframework.ide.vscode.boot.app.BootLanguageServerBootApp

Host: Intel(R) Core(TM) i5-10500H CPU @ 2.50GHz, 12 cores, 7G,  Windows 11 , 64 bit Build 22621 (10.0.22621.2070)
Time: Mon Jul 31 22:22:07 2023 Sri Lanka Standard Time elapsed time: 10639.480995 seconds (0d 2h 57m 19s)

---------------  T H R E A D  ---------------

Current thread (0x0000021d6bd3ba80):  VMThread "VM Thread" [stack: 0x0000008ed4600000,0x0000008ed4700000] [id=14760]

Stack: [0x0000008ed4600000,0x0000008ed4700000]
Native frames: (J=compiled Java code, j=interpreted, Vv=VM code, C=native code)
V  [jvm.dll+0x67754a]
V  [jvm.dll+0x834304]
V  [jvm.dll+0x835aae]
V  [jvm.dll+0x836113]
V  [jvm.dll+0x24696f]
V  [jvm.dll+0xa681f]
V  [jvm.dll+0x2f7481]
V  [jvm.dll+0x2f30f0]
V  [jvm.dll+0x2db6c7]
V  [jvm.dll+0x31e777]
V  [jvm.dll+0x83a5bb]
V  [jvm.dll+0x83b2f4]
V  [jvm.dll+0x83b80c]
V  [jvm.dll+0x83bbe4]
V  [jvm.dll+0x83bcb0]
V  [jvm.dll+0x7e4e7a]
V  [jvm.dll+0x676395]
C  [ucrtbase.dll+0x29363]
C  [KERNEL32.DLL+0x126ad]
C  [ntdll.dll+0x5aa68]

VM_Operation (0x0000008ed62fed70): G1CollectFull, mode: safepoint, requested by thread 0x0000021d71753020


---------------  P R O C E S S  ---------------

Threads class SMR info:
_java_thread_list=0x0000021d728995d0, length=25, elements={
0x0000021d6bd51380, 0x0000021d6bd51c40, 0x0000021d70032010, 0x0000021d700328d0,
0x0000021d70034140, 0x0000021d70034a00, 0x0000021d70035a60, 0x0000021d7003b010,
0x0000021d70244470, 0x0000021d7024f6a0, 0x0000021d715bf830, 0x0000021d7173e080,
0x0000021d71753020, 0x0000021d717551f0, 0x0000021d60a88ea0, 0x0000021d717a9180,
0x0000021d717ca3a0, 0x0000021d71684a50, 0x0000021d71988380, 0x0000021d7198c6e0,
0x0000021d7198d080, 0x0000021d72eb4000, 0x0000021d72eb4e70, 0x0000021d71a12c10,
0x0000021d72af8f10
}

Java Threads: ( => current thread )
  0x0000021d6bd51380 JavaThread "Reference Handler" daemon [_thread_blocked, id=13008, stack(0x0000008ed4700000,0x0000008ed4800000)]
  0x0000021d6bd51c40 JavaThread "Finalizer" daemon [_thread_blocked, id=12492, stack(0x0000008ed4800000,0x0000008ed4900000)]
  0x0000021d70032010 JavaThread "Signal Dispatcher" daemon [_thread_blocked, id=12960, stack(0x0000008ed4900000,0x0000008ed4a00000)]
  0x0000021d700328d0 JavaThread "Attach Listener" daemon [_thread_blocked, id=7372, stack(0x0000008ed4a00000,0x0000008ed4b00000)]
  0x0000021d70034140 JavaThread "Service Thread" daemon [_thread_blocked, id=14876, stack(0x0000008ed4b00000,0x0000008ed4c00000)]
  0x0000021d70034a00 JavaThread "Monitor Deflation Thread" daemon [_thread_blocked, id=4068, stack(0x0000008ed4c00000,0x0000008ed4d00000)]
  0x0000021d70035a60 JavaThread "C1 CompilerThread0" daemon [_thread_blocked, id=4644, stack(0x0000008ed4d00000,0x0000008ed4e00000)]
  0x0000021d7003b010 JavaThread "Sweeper thread" daemon [_thread_blocked, id=10912, stack(0x0000008ed4e00000,0x0000008ed4f00000)]
  0x0000021d70244470 JavaThread "Notification Thread" daemon [_thread_blocked, id=10924, stack(0x0000008ed5000000,0x0000008ed5100000)]
  0x0000021d7024f6a0 JavaThread "Common-Cleaner" daemon [_thread_blocked, id=11504, stack(0x0000008ed5200000,0x0000008ed5300000)]
  0x0000021d715bf830 JavaThread "boundedElastic-evictor-1" daemon [_thread_blocked, id=1144, stack(0x0000008ed5a00000,0x0000008ed5b00000)]
  0x0000021d7173e080 JavaThread "boundedElastic-evictor-2" daemon [_thread_blocked, id=14764, stack(0x0000008ed6100000,0x0000008ed6200000)]
  0x0000021d71753020 JavaThread "pool-11-thread-1" [_thread_blocked, id=1576, stack(0x0000008ed6200000,0x0000008ed6300000)]
  0x0000021d717551f0 JavaThread "LanguageServerApp-lifecycle" [_thread_blocked, id=12488, stack(0x0000008ed6300000,0x0000008ed6400000)]
  0x0000021d60a88ea0 JavaThread "DestroyJavaVM" [_thread_blocked, id=10648, stack(0x0000008ed4000000,0x0000008ed4100000)]
  0x0000021d717a9180 JavaThread "pool-12-thread-1" [_thread_in_native, id=4012, stack(0x0000008ed6400000,0x0000008ed6500000)]
  0x0000021d717ca3a0 JavaThread "Simple-Language-Server main thread" daemon [_thread_blocked, id=13172, stack(0x0000008ed6500000,0x0000008ed6600000)]
  0x0000021d71684a50 JavaThread "pool-7-thread-1" [_thread_blocked, id=6496, stack(0x0000008ed6900000,0x0000008ed6a00000)]
  0x0000021d71988380 JavaThread "parallel-1" daemon [_thread_blocked, id=4160, stack(0x0000008ed7e00000,0x0000008ed7f00000)]
  0x0000021d7198c6e0 JavaThread "pool-5-thread-1" [_thread_blocked, id=13760, stack(0x0000008ed8300000,0x0000008ed8400000)]
  0x0000021d7198d080 JavaThread "parallel-2" daemon [_thread_blocked, id=10728, stack(0x0000008ed8400000,0x0000008ed8500000)]
  0x0000021d72eb4000 JavaThread "parallel-3" daemon [_thread_blocked, id=8644, stack(0x0000008ed6d00000,0x0000008ed6e00000)]
  0x0000021d72eb4e70 JavaThread "parallel-4" daemon [_thread_blocked, id=10772, stack(0x0000008ed6e00000,0x0000008ed6f00000)]
  0x0000021d71a12c10 JavaThread "Reconciler-1" daemon [_thread_blocked, id=8756, stack(0x0000008ed6f00000,0x0000008ed7000000)]
  0x0000021d72af8f10 JavaThread "parallel-5" daemon [_thread_blocked, id=27944, stack(0x0000008ed3d00000,0x0000008ed3e00000)]

Other Threads:
=>0x0000021d6bd3ba80 VMThread "VM Thread" [stack: 0x0000008ed4600000,0x0000008ed4700000] [id=14760]
  0x0000021d70245160 WatcherThread [stack: 0x0000008ed5100000,0x0000008ed5200000] [id=11968]
  0x0000021d60ac6d20 GCTaskThread "GC Thread#0" [stack: 0x0000008ed4100000,0x0000008ed4200000] [id=10740]
  0x0000021d70bfdf30 GCTaskThread "GC Thread#1" [stack: 0x0000008ed5300000,0x0000008ed5400000] [id=10832]
  0x0000021d70bfe1e0 GCTaskThread "GC Thread#2" [stack: 0x0000008ed5400000,0x0000008ed5500000] [id=13264]
  0x0000021d70c6b4e0 GCTaskThread "GC Thread#3" [stack: 0x0000008ed5500000,0x0000008ed5600000] [id=4056]
  0x0000021d70150430 GCTaskThread "GC Thread#4" [stack: 0x0000008ed5600000,0x0000008ed5700000] [id=14572]
  0x0000021d70baa080 GCTaskThread "GC Thread#5" [stack: 0x0000008ed5700000,0x0000008ed5800000] [id=14524]
  0x0000021d70dc0be0 GCTaskThread "GC Thread#6" [stack: 0x0000008ed5800000,0x0000008ed5900000] [id=7100]
  0x0000021d7013fc00 GCTaskThread "GC Thread#7" [stack: 0x0000008ed5900000,0x0000008ed5a00000] [id=12028]
  0x0000021d710ab470 GCTaskThread "GC Thread#8" [stack: 0x0000008ed5d00000,0x0000008ed5e00000] [id=13484]
  0x0000021d710ae280 GCTaskThread "GC Thread#9" [stack: 0x0000008ed5e00000,0x0000008ed5f00000] [id=2720]
  0x0000021d60acfcc0 ConcurrentGCThread "G1 Main Marker" [stack: 0x0000008ed4200000,0x0000008ed4300000] [id=8628]
  0x0000021d60ad15e0 ConcurrentGCThread "G1 Conc#0" [stack: 0x0000008ed4300000,0x0000008ed4400000] [id=14120]
  0x0000021d710ad870 ConcurrentGCThread "G1 Conc#1" [stack: 0x0000008ed5f00000,0x0000008ed6000000] [id=15140]
  0x0000021d7013e7e0 ConcurrentGCThread "G1 Conc#2" [stack: 0x0000008ed6000000,0x0000008ed6100000] [id=9648]
  0x0000021d60b3ea00 ConcurrentGCThread "G1 Refine#0" [stack: 0x0000008ed4400000,0x0000008ed4500000] [id=14576]
  0x0000021d70a25010 ConcurrentGCThread "G1 Refine#1" [stack: 0x0000008ed8600000,0x0000008ed8700000] [id=1940]
  0x0000021d70a23ed0 ConcurrentGCThread "G1 Refine#2" [stack: 0x0000008ed8900000,0x0000008ed8a00000] [id=8700]
  0x0000021d70a241b0 ConcurrentGCThread "G1 Refine#3" [stack: 0x0000008ed8a00000,0x0000008ed8b00000] [id=3480]
  0x0000021d72d7a140 ConcurrentGCThread "G1 Refine#4" [stack: 0x0000008ed8b00000,0x0000008ed8c00000] [id=3780]
  0x0000021d72d7bb20 ConcurrentGCThread "G1 Refine#5" [stack: 0x0000008ed8d00000,0x0000008ed8e00000] [id=6364]
  0x0000021d72d7cf40 ConcurrentGCThread "G1 Refine#6" [stack: 0x0000008ed6b00000,0x0000008ed6c00000] [id=6764]
  0x0000021d72d79e60 ConcurrentGCThread "G1 Refine#7" [stack: 0x0000008ed6c00000,0x0000008ed6d00000] [id=6804]
  0x0000021d6bbb0540 ConcurrentGCThread "G1 Service" [stack: 0x0000008ed4500000,0x0000008ed4600000] [id=14520]

Threads with active compile tasks:

VM state: at safepoint (normal execution)

VM Mutex/Monitor currently owned by a thread:  ([mutex/lock_event])
[0x0000021d5e8cb800] Threads_lock - owner thread: 0x0000021d6bd3ba80
[0x0000021d5e8cca90] Heap_lock - owner thread: 0x0000021d71753020

Heap address: 0x00000000c0000000, size: 1024 MB, Compressed Oops mode: 32-bit

CDS archive(s) not mapped
Compressed class space mapped at: 0x0000000100000000-0x0000000140000000, reserved size: 1073741824
Narrow klass base: 0x0000000000000000, Narrow klass shift: 3, Narrow klass range: 0x140000000

GC Precious Log:
 CPUs: 12 total, 12 available
 Memory: 8013M
 Large Page Support: Disabled
 NUMA Support: Disabled
 Compressed Oops: Enabled (32-bit)
 Heap Region Size: 1M
 Heap Min Capacity: 8M
 Heap Initial Capacity: 126M
 Heap Max Capacity: 1G
 Pre-touch: Disabled
 Parallel Workers: 10
 Concurrent Workers: 3
 Concurrent Refinement Workers: 10
 Periodic GC: Disabled

Heap:
 garbage-first heap   total 280576K, used 85622K [0x00000000c0000000, 0x0000000100000000)
  region size 1024K, 1 young (1024K), 0 survivors (0K)
 Metaspace       used 75091K, committed 75648K, reserved 1114112K
  class space    used 10281K, committed 10560K, reserved 1048576K

Heap Regions: E=young(eden), S=young(survivor), O=old, HS=humongous(starts), HC=humongous(continues), CS=collection set, F=free, OA=open archive, CA=closed archive, TAMS=top-at-mark-start (previous, next)
|   0|0x00000000c0000000, 0x00000000c0100000, 0x00000000c0100000|100%| O|  |TAMS 0x00000000c0100000, 0x00000000c0000000| Untracked 
|   1|0x00000000c0100000, 0x00000000c01fffd8, 0x00000000c0200000| 99%| O|  |TAMS 0x00000000c01fffd8, 0x00000000c0100000| Untracked 
|   2|0x00000000c0200000, 0x00000000c0300000, 0x00000000c0300000|100%| O|  |TAMS 0x00000000c0300000, 0x00000000c0200000| Untracked 
|   3|0x00000000c0300000, 0x00000000c0400000, 0x00000000c0400000|100%| O|  |TAMS 0x00000000c0400000, 0x00000000c0300000| Untracked 
|   4|0x00000000c0400000, 0x00000000c0500000, 0x00000000c0500000|100%| O|  |TAMS 0x00000000c0500000, 0x00000000c0400000| Untracked 
|   5|0x00000000c0500000, 0x00000000c05ffff8, 0x00000000c0600000| 99%| O|  |TAMS 0x00000000c05ffff8, 0x00000000c0500000| Untracked 
|   6|0x00000000c0600000, 0x00000000c0700000, 0x00000000c0700000|100%| O|  |TAMS 0x00000000c0700000, 0x00000000c0600000| Untracked 
|   7|0x00000000c0700000, 0x00000000c0800000, 0x00000000c0800000|100%| O|  |TAMS 0x00000000c0800000, 0x00000000c0700000| Untracked 
|   8|0x00000000c0800000, 0x00000000c08fffd0, 0x00000000c0900000| 99%| O|  |TAMS 0x00000000c08fffd0, 0x00000000c0800000| Untracked 
|   9|0x00000000c0900000, 0x00000000c09fffb0, 0x00000000c0a00000| 99%| O|  |TAMS 0x00000000c09fffb0, 0x00000000c0900000| Untracked 
|  10|0x00000000c0a00000, 0x00000000c0afe078, 0x00000000c0b00000| 99%| O|  |TAMS 0x00000000c0afe078, 0x00000000c0a00000| Untracked 
|  11|0x00000000c0b00000, 0x00000000c0bffff0, 0x00000000c0c00000| 99%| O|  |TAMS 0x00000000c0bffff0, 0x00000000c0b00000| Untracked 
|  12|0x00000000c0c00000, 0x00000000c0d00000, 0x00000000c0d00000|100%| O|  |TAMS 0x00000000c0d00000, 0x00000000c0c00000| Untracked 
|  13|0x00000000c0d00000, 0x00000000c0dffff8, 0x00000000c0e00000| 99%| O|  |TAMS 0x00000000c0dffff8, 0x00000000c0d00000| Untracked 
|  14|0x00000000c0e00000, 0x00000000c0efff08, 0x00000000c0f00000| 99%| O|  |TAMS 0x00000000c0efff08, 0x00000000c0e00000| Untracked 
|  15|0x00000000c0f00000, 0x00000000c0ffffc0, 0x00000000c1000000| 99%| O|  |TAMS 0x00000000c0ffffc0, 0x00000000c0f00000| Untracked 
|  16|0x00000000c1000000, 0x00000000c10ffff8, 0x00000000c1100000| 99%| O|  |TAMS 0x00000000c10ffff8, 0x00000000c1000000| Untracked 
|  17|0x00000000c1100000, 0x00000000c11ffff0, 0x00000000c1200000| 99%| O|  |TAMS 0x00000000c11ffff0, 0x00000000c1100000| Untracked 
|  18|0x00000000c1200000, 0x00000000c12fffc0, 0x00000000c1300000| 99%| O|  |TAMS 0x00000000c12fffc0, 0x00000000c1200000| Untracked 
|  19|0x00000000c1300000, 0x00000000c13fffd0, 0x00000000c1400000| 99%| O|  |TAMS 0x00000000c13fffd0, 0x00000000c1300000| Untracked 
|  20|0x00000000c1400000, 0x00000000c14ffff8, 0x00000000c1500000| 99%| O|  |TAMS 0x00000000c14ffff8, 0x00000000c1400000| Untracked 
|  21|0x00000000c1500000, 0x00000000c1600000, 0x00000000c1600000|100%| O|  |TAMS 0x00000000c1600000, 0x00000000c1500000| Untracked 
|  22|0x00000000c1600000, 0x00000000c16fffd8, 0x00000000c1700000| 99%| O|  |TAMS 0x00000000c16fffd8, 0x00000000c1600000| Untracked 
|  23|0x00000000c1700000, 0x00000000c17fffd0, 0x00000000c1800000| 99%| O|  |TAMS 0x00000000c17fffd0, 0x00000000c1700000| Untracked 
|  24|0x00000000c1800000, 0x00000000c18ffff0, 0x00000000c1900000| 99%| O|  |TAMS 0x00000000c18ffff0, 0x00000000c1800000| Untracked 
|  25|0x00000000c1900000, 0x00000000c19fffd8, 0x00000000c1a00000| 99%| O|  |TAMS 0x00000000c19fffd8, 0x00000000c1900000| Untracked 
|  26|0x00000000c1a00000, 0x00000000c1afff90, 0x00000000c1b00000| 99%| O|  |TAMS 0x00000000c1afff90, 0x00000000c1a00000| Untracked 
|  27|0x00000000c1b00000, 0x00000000c1c00000, 0x00000000c1c00000|100%| O|  |TAMS 0x00000000c1c00000, 0x00000000c1b00000| Untracked 
|  28|0x00000000c1c00000, 0x00000000c1cfffe0, 0x00000000c1d00000| 99%| O|  |TAMS 0x00000000c1cfffe0, 0x00000000c1c00000| Untracked 
|  29|0x00000000c1d00000, 0x00000000c1dfff10, 0x00000000c1e00000| 99%| O|  |TAMS 0x00000000c1dfff10, 0x00000000c1d00000| Untracked 
|  30|0x00000000c1e00000, 0x00000000c1efffd8, 0x00000000c1f00000| 99%| O|  |TAMS 0x00000000c1efffd8, 0x00000000c1e00000| Untracked 
|  31|0x00000000c1f00000, 0x00000000c1fffff0, 0x00000000c2000000| 99%| O|  |TAMS 0x00000000c1fffff0, 0x00000000c1f00000| Untracked 
|  32|0x00000000c2000000, 0x00000000c20ffff0, 0x00000000c2100000| 99%| O|  |TAMS 0x00000000c20ffff0, 0x00000000c2000000| Untracked 
|  33|0x00000000c2100000, 0x00000000c21fffb8, 0x00000000c2200000| 99%| O|  |TAMS 0x00000000c21fffb8, 0x00000000c2100000| Untracked 
|  34|0x00000000c2200000, 0x00000000c22fffe8, 0x00000000c2300000| 99%| O|  |TAMS 0x00000000c22fffe8, 0x00000000c2200000| Untracked 
|  35|0x00000000c2300000, 0x00000000c2400000, 0x00000000c2400000|100%| O|  |TAMS 0x00000000c2400000, 0x00000000c2300000| Untracked 
|  36|0x00000000c2400000, 0x00000000c24fe978, 0x00000000c2500000| 99%| O|  |TAMS 0x00000000c24fe978, 0x00000000c2400000| Untracked 
|  37|0x00000000c2500000, 0x00000000c25fffd8, 0x00000000c2600000| 99%| O|  |TAMS 0x00000000c25fffd8, 0x00000000c2500000| Untracked 
|  38|0x00000000c2600000, 0x00000000c26fffe8, 0x00000000c2700000| 99%| O|  |TAMS 0x00000000c26fffe8, 0x00000000c2600000| Untracked 
|  39|0x00000000c2700000, 0x00000000c27fffd0, 0x00000000c2800000| 99%| O|  |TAMS 0x00000000c27fffd0, 0x00000000c2700000| Untracked 
|  40|0x00000000c2800000, 0x00000000c28ffd08, 0x00000000c2900000| 99%| O|  |TAMS 0x00000000c28ffd08, 0x00000000c2800000| Untracked 
|  41|0x00000000c2900000, 0x00000000c2a00000, 0x00000000c2a00000|100%|HS|  |TAMS 0x00000000c2a00000, 0x00000000c2900000| Untracked 
|  42|0x00000000c2a00000, 0x00000000c2afe268, 0x00000000c2b00000| 99%| O|  |TAMS 0x00000000c2afe268, 0x00000000c2a00000| Untracked 
|  43|0x00000000c2b00000, 0x00000000c2bffff0, 0x00000000c2c00000| 99%| O|  |TAMS 0x00000000c2bffff0, 0x00000000c2b00000| Untracked 
|  44|0x00000000c2c00000, 0x00000000c2cfc968, 0x00000000c2d00000| 98%| O|  |TAMS 0x00000000c2cfc968, 0x00000000c2c00000| Untracked 
|  45|0x00000000c2d00000, 0x00000000c2dfffb0, 0x00000000c2e00000| 99%| O|  |TAMS 0x00000000c2dfffb0, 0x00000000c2d00000| Untracked 
|  46|0x00000000c2e00000, 0x00000000c2efffc8, 0x00000000c2f00000| 99%| O|  |TAMS 0x00000000c2efffc8, 0x00000000c2e00000| Untracked 
|  47|0x00000000c2f00000, 0x00000000c3000000, 0x00000000c3000000|100%| O|  |TAMS 0x00000000c3000000, 0x00000000c2f00000| Untracked 
|  48|0x00000000c3000000, 0x00000000c30ffff0, 0x00000000c3100000| 99%| O|  |TAMS 0x00000000c30ffff0, 0x00000000c3000000| Untracked 
|  49|0x00000000c3100000, 0x00000000c31ffff0, 0x00000000c3200000| 99%| O|  |TAMS 0x00000000c31ffff0, 0x00000000c3100000| Untracked 
|  50|0x00000000c3200000, 0x00000000c32ffff8, 0x00000000c3300000| 99%| O|  |TAMS 0x00000000c32ffff8, 0x00000000c3200000| Untracked 
|  51|0x00000000c3300000, 0x00000000c33fffd0, 0x00000000c3400000| 99%| O|  |TAMS 0x00000000c33fffd0, 0x00000000c3300000| Untracked 
|  52|0x00000000c3400000, 0x00000000c34fffe8, 0x00000000c3500000| 99%| O|  |TAMS 0x00000000c34fffe8, 0x00000000c3400000| Untracked 
|  53|0x00000000c3500000, 0x00000000c35ffff8, 0x00000000c3600000| 99%| O|  |TAMS 0x00000000c35ffff8, 0x00000000c3500000| Untracked 
|  54|0x00000000c3600000, 0x00000000c36fffa0, 0x00000000c3700000| 99%| O|  |TAMS 0x00000000c36fffa0, 0x00000000c3600000| Untracked 
|  55|0x00000000c3700000, 0x00000000c37fff78, 0x00000000c3800000| 99%| O|  |TAMS 0x00000000c37fff78, 0x00000000c3700000| Untracked 
|  56|0x00000000c3800000, 0x00000000c38fffe8, 0x00000000c3900000| 99%| O|  |TAMS 0x00000000c38fffe8, 0x00000000c3800000| Untracked 
|  57|0x00000000c3900000, 0x00000000c39ffff0, 0x00000000c3a00000| 99%| O|  |TAMS 0x00000000c39ffff0, 0x00000000c3900000| Untracked 
|  58|0x00000000c3a00000, 0x00000000c3b00000, 0x00000000c3b00000|100%| O|  |TAMS 0x00000000c3b00000, 0x00000000c3a00000| Untracked 
|  59|0x00000000c3b00000, 0x00000000c3c00000, 0x00000000c3c00000|100%| O|  |TAMS 0x00000000c3c00000, 0x00000000c3b00000| Untracked 
|  60|0x00000000c3c00000, 0x00000000c3cffff8, 0x00000000c3d00000| 99%| O|  |TAMS 0x00000000c3cffff8, 0x00000000c3c00000| Untracked 
|  61|0x00000000c3d00000, 0x00000000c3dfc920, 0x00000000c3e00000| 98%| O|  |TAMS 0x00000000c3dfc920, 0x00000000c3d00000| Untracked 
|  62|0x00000000c3e00000, 0x00000000c3e7e578, 0x00000000c3f00000| 49%| O|  |TAMS 0x00000000c3e00000, 0x00000000c3e00000| Untracked 
|  63|0x00000000c3f00000, 0x00000000c3fb6d90, 0x00000000c4000000| 71%| O|  |TAMS 0x00000000c3f00000, 0x00000000c3f00000| Untracked 
|  64|0x00000000c4000000, 0x00000000c404ae18, 0x00000000c4100000| 29%| O|  |TAMS 0x00000000c4000000, 0x00000000c4000000| Untracked 
|  65|0x00000000c4100000, 0x00000000c41fff68, 0x00000000c4200000| 99%| O|  |TAMS 0x00000000c41fff68, 0x00000000c4100000| Untracked 
|  66|0x00000000c4200000, 0x00000000c4300000, 0x00000000c4300000|100%| O|  |TAMS 0x00000000c4300000, 0x00000000c4200000| Untracked 
|  67|0x00000000c4300000, 0x00000000c43fffc0, 0x00000000c4400000| 99%| O|  |TAMS 0x00000000c43fffc0, 0x00000000c4300000| Untracked 
|  68|0x00000000c4400000, 0x00000000c443f9e8, 0x00000000c4500000| 24%| O|  |TAMS 0x00000000c4400000, 0x00000000c4400000| Untracked 
|  69|0x00000000c4500000, 0x00000000c4600000, 0x00000000c4600000|100%|HS|  |TAMS 0x00000000c4600000, 0x00000000c4500000| Untracked 
|  70|0x00000000c4600000, 0x00000000c4600000, 0x00000000c4700000|  0%| F|  |TAMS 0x00000000c4600000, 0x00000000c4600000| Untracked 
|  71|0x00000000c4700000, 0x00000000c4700000, 0x00000000c4800000|  0%| F|  |TAMS 0x00000000c4700000, 0x00000000c4700000| Untracked 
|  72|0x00000000c4800000, 0x00000000c4800000, 0x00000000c4900000|  0%| F|  |TAMS 0x00000000c4800000, 0x00000000c4800000| Untracked 
|  73|0x00000000c4900000, 0x00000000c49f34c0, 0x00000000c4a00000| 95%| O|  |TAMS 0x00000000c49f34c0, 0x00000000c4900000| Untracked 
|  74|0x00000000c4a00000, 0x00000000c4afffc8, 0x00000000c4b00000| 99%| O|  |TAMS 0x00000000c4afffc8, 0x00000000c4a00000| Untracked 
|  75|0x00000000c4b00000, 0x00000000c4b00000, 0x00000000c4c00000|  0%| F|  |TAMS 0x00000000c4b00000, 0x00000000c4b00000| Untracked 
|  76|0x00000000c4c00000, 0x00000000c4c00000, 0x00000000c4d00000|  0%| F|  |TAMS 0x00000000c4c00000, 0x00000000c4c00000| Untracked 
|  77|0x00000000c4d00000, 0x00000000c4d00000, 0x00000000c4e00000|  0%| F|  |TAMS 0x00000000c4d00000, 0x00000000c4d00000| Untracked 
|  78|0x00000000c4e00000, 0x00000000c4e00000, 0x00000000c4f00000|  0%| F|  |TAMS 0x00000000c4e00000, 0x00000000c4e00000| Untracked 
|  79|0x00000000c4f00000, 0x00000000c4f00000, 0x00000000c5000000|  0%| F|  |TAMS 0x00000000c4f00000, 0x00000000c4f00000| Untracked 
|  80|0x00000000c5000000, 0x00000000c50fffb0, 0x00000000c5100000| 99%| O|  |TAMS 0x00000000c50fffb0, 0x00000000c5000000| Untracked 
|  81|0x00000000c5100000, 0x00000000c5100000, 0x00000000c5200000|  0%| F|  |TAMS 0x00000000c5100000, 0x00000000c5100000| Untracked 
|  82|0x00000000c5200000, 0x00000000c5200000, 0x00000000c5300000|  0%| F|  |TAMS 0x00000000c5200000, 0x00000000c5200000| Untracked 
|  83|0x00000000c5300000, 0x00000000c5300000, 0x00000000c5400000|  0%| F|  |TAMS 0x00000000c5300000, 0x00000000c5300000| Untracked 
|  84|0x00000000c5400000, 0x00000000c54f8810, 0x00000000c5500000| 97%| O|  |TAMS 0x00000000c54f8810, 0x00000000c5400000| Untracked 
|  85|0x00000000c5500000, 0x00000000c55ffe80, 0x00000000c5600000| 99%| O|  |TAMS 0x00000000c55ffe80, 0x00000000c5500000| Untracked 
|  86|0x00000000c5600000, 0x00000000c5600000, 0x00000000c5700000|  0%| F|  |TAMS 0x00000000c5600000, 0x00000000c5600000| Untracked 
|  87|0x00000000c5700000, 0x00000000c5700000, 0x00000000c5800000|  0%| F|  |TAMS 0x00000000c5700000, 0x00000000c5700000| Untracked 
|  88|0x00000000c5800000, 0x00000000c5800000, 0x00000000c5900000|  0%| F|  |TAMS 0x00000000c5800000, 0x00000000c5800000| Untracked 
|  89|0x00000000c5900000, 0x00000000c5900000, 0x00000000c5a00000|  0%| F|  |TAMS 0x00000000c5900000, 0x00000000c5900000| Untracked 
|  90|0x00000000c5a00000, 0x00000000c5a00000, 0x00000000c5b00000|  0%| F|  |TAMS 0x00000000c5a00000, 0x00000000c5a00000| Untracked 
|  91|0x00000000c5b00000, 0x00000000c5b00000, 0x00000000c5c00000|  0%| F|  |TAMS 0x00000000c5b00000, 0x00000000c5b00000| Untracked 
|  92|0x00000000c5c00000, 0x00000000c5c00000, 0x00000000c5d00000|  0%| F|  |TAMS 0x00000000c5c00000, 0x00000000c5c00000| Untracked 
|  93|0x00000000c5d00000, 0x00000000c5d00000, 0x00000000c5e00000|  0%| F|  |TAMS 0x00000000c5d00000, 0x00000000c5d00000| Untracked 
|  94|0x00000000c5e00000, 0x00000000c5e00000, 0x00000000c5f00000|  0%| F|  |TAMS 0x00000000c5e00000, 0x00000000c5e00000| Untracked 
|  95|0x00000000c5f00000, 0x00000000c5f00000, 0x00000000c6000000|  0%| F|  |TAMS 0x00000000c5f00000, 0x00000000c5f00000| Untracked 
|  96|0x00000000c6000000, 0x00000000c6000000, 0x00000000c6100000|  0%| F|  |TAMS 0x00000000c6000000, 0x00000000c6000000| Untracked 
|  97|0x00000000c6100000, 0x00000000c6100000, 0x00000000c6200000|  0%| F|  |TAMS 0x00000000c6100000, 0x00000000c6100000| Untracked 
|  98|0x00000000c6200000, 0x00000000c62ff2c0, 0x00000000c6300000| 99%| O|  |TAMS 0x00000000c62ff2c0, 0x00000000c6200000| Untracked 
|  99|0x00000000c6300000, 0x00000000c6300000, 0x00000000c6400000|  0%| F|  |TAMS 0x00000000c6300000, 0x00000000c6300000| Untracked 
| 100|0x00000000c6400000, 0x00000000c6400000, 0x00000000c6500000|  0%| F|  |TAMS 0x00000000c6400000, 0x00000000c6400000| Untracked 
| 101|0x00000000c6500000, 0x00000000c6500000, 0x00000000c6600000|  0%| F|  |TAMS 0x00000000c6500000, 0x00000000c6500000| Untracked 
| 102|0x00000000c6600000, 0x00000000c6600000, 0x00000000c6700000|  0%| F|  |TAMS 0x00000000c6600000, 0x00000000c6600000| Untracked 
| 103|0x00000000c6700000, 0x00000000c6700000, 0x00000000c6800000|  0%| F|  |TAMS 0x00000000c6700000, 0x00000000c6700000| Untracked 
| 104|0x00000000c6800000, 0x00000000c6800000, 0x00000000c6900000|  0%| F|  |TAMS 0x00000000c6800000, 0x00000000c6800000| Untracked 
| 105|0x00000000c6900000, 0x00000000c6900000, 0x00000000c6a00000|  0%| F|  |TAMS 0x00000000c6900000, 0x00000000c6900000| Untracked 
| 106|0x00000000c6a00000, 0x00000000c6b00000, 0x00000000c6b00000|100%| O|  |TAMS 0x00000000c6b00000, 0x00000000c6a00000| Untracked 
| 107|0x00000000c6b00000, 0x00000000c6b00000, 0x00000000c6c00000|  0%| F|  |TAMS 0x00000000c6b00000, 0x00000000c6b00000| Untracked 
| 108|0x00000000c6c00000, 0x00000000c6c00000, 0x00000000c6d00000|  0%| F|  |TAMS 0x00000000c6c00000, 0x00000000c6c00000| Untracked 
| 109|0x00000000c6d00000, 0x00000000c6d00000, 0x00000000c6e00000|  0%| F|  |TAMS 0x00000000c6d00000, 0x00000000c6d00000| Untracked 
| 110|0x00000000c6e00000, 0x00000000c6e00000, 0x00000000c6f00000|  0%| F|  |TAMS 0x00000000c6e00000, 0x00000000c6e00000| Untracked 
| 111|0x00000000c6f00000, 0x00000000c6f00000, 0x00000000c7000000|  0%| F|  |TAMS 0x00000000c6f00000, 0x00000000c6f00000| Untracked 
| 112|0x00000000c7000000, 0x00000000c7000000, 0x00000000c7100000|  0%| F|  |TAMS 0x00000000c7000000, 0x00000000c7000000| Untracked 
| 113|0x00000000c7100000, 0x00000000c7100000, 0x00000000c7200000|  0%| F|  |TAMS 0x00000000c7100000, 0x00000000c7100000| Untracked 
| 114|0x00000000c7200000, 0x00000000c7200000, 0x00000000c7300000|  0%| F|  |TAMS 0x00000000c7200000, 0x00000000c7200000| Untracked 
| 115|0x00000000c7300000, 0x00000000c7300000, 0x00000000c7400000|  0%| F|  |TAMS 0x00000000c7300000, 0x00000000c7300000| Untracked 
| 116|0x00000000c7400000, 0x00000000c7400000, 0x00000000c7500000|  0%| F|  |TAMS 0x00000000c7400000, 0x00000000c7400000| Untracked 
| 117|0x00000000c7500000, 0x00000000c7500000, 0x00000000c7600000|  0%| F|  |TAMS 0x00000000c7500000, 0x00000000c7500000| Untracked 
| 118|0x00000000c7600000, 0x00000000c7600000, 0x00000000c7700000|  0%| F|  |TAMS 0x00000000c7600000, 0x00000000c7600000| Untracked 
| 119|0x00000000c7700000, 0x00000000c7700000, 0x00000000c7800000|  0%| F|  |TAMS 0x00000000c7700000, 0x00000000c7700000| Untracked 
| 120|0x00000000c7800000, 0x00000000c7800000, 0x00000000c7900000|  0%| F|  |TAMS 0x00000000c7800000, 0x00000000c7800000| Untracked 
| 121|0x00000000c7900000, 0x00000000c7900000, 0x00000000c7a00000|  0%| F|  |TAMS 0x00000000c7900000, 0x00000000c7900000| Untracked 
| 122|0x00000000c7a00000, 0x00000000c7a00000, 0x00000000c7b00000|  0%| F|  |TAMS 0x00000000c7a00000, 0x00000000c7a00000| Untracked 
| 123|0x00000000c7b00000, 0x00000000c7b00000, 0x00000000c7c00000|  0%| F|  |TAMS 0x00000000c7b00000, 0x00000000c7b00000| Untracked 
| 124|0x00000000c7c00000, 0x00000000c7c00000, 0x00000000c7d00000|  0%| F|  |TAMS 0x00000000c7c00000, 0x00000000c7c00000| Untracked 
| 125|0x00000000c7d00000, 0x00000000c7d00000, 0x00000000c7e00000|  0%| F|  |TAMS 0x00000000c7d00000, 0x00000000c7d00000| Untracked 
| 126|0x00000000c7e00000, 0x00000000c7e00000, 0x00000000c7f00000|  0%| F|  |TAMS 0x00000000c7e00000, 0x00000000c7e00000| Untracked 
| 127|0x00000000c7f00000, 0x00000000c7f00000, 0x00000000c8000000|  0%| F|  |TAMS 0x00000000c7f00000, 0x00000000c7f00000| Untracked 
| 128|0x00000000c8000000, 0x00000000c8000000, 0x00000000c8100000|  0%| F|  |TAMS 0x00000000c8000000, 0x00000000c8000000| Untracked 
| 129|0x00000000c8100000, 0x00000000c8100000, 0x00000000c8200000|  0%| F|  |TAMS 0x00000000c8100000, 0x00000000c8100000| Untracked 
| 130|0x00000000c8200000, 0x00000000c8200000, 0x00000000c8300000|  0%| F|  |TAMS 0x00000000c8200000, 0x00000000c8200000| Untracked 
| 131|0x00000000c8300000, 0x00000000c8300000, 0x00000000c8400000|  0%| F|  |TAMS 0x00000000c8300000, 0x00000000c8300000| Untracked 
| 132|0x00000000c8400000, 0x00000000c8400000, 0x00000000c8500000|  0%| F|  |TAMS 0x00000000c8400000, 0x00000000c8400000| Untracked 
| 133|0x00000000c8500000, 0x00000000c8500000, 0x00000000c8600000|  0%| F|  |TAMS 0x00000000c8500000, 0x00000000c8500000| Untracked 
| 134|0x00000000c8600000, 0x00000000c8600000, 0x00000000c8700000|  0%| F|  |TAMS 0x00000000c8600000, 0x00000000c8600000| Untracked 
| 135|0x00000000c8700000, 0x00000000c8700000, 0x00000000c8800000|  0%| F|  |TAMS 0x00000000c8700000, 0x00000000c8700000| Untracked 
| 136|0x00000000c8800000, 0x00000000c8800000, 0x00000000c8900000|  0%| F|  |TAMS 0x00000000c8800000, 0x00000000c8800000| Untracked 
| 137|0x00000000c8900000, 0x00000000c8900000, 0x00000000c8a00000|  0%| F|  |TAMS 0x00000000c8900000, 0x00000000c8900000| Untracked 
| 138|0x00000000c8a00000, 0x00000000c8a00000, 0x00000000c8b00000|  0%| F|  |TAMS 0x00000000c8a00000, 0x00000000c8a00000| Untracked 
| 139|0x00000000c8b00000, 0x00000000c8b00000, 0x00000000c8c00000|  0%| F|  |TAMS 0x00000000c8b00000, 0x00000000c8b00000| Untracked 
| 140|0x00000000c8c00000, 0x00000000c8c00000, 0x00000000c8d00000|  0%| F|  |TAMS 0x00000000c8c00000, 0x00000000c8c00000| Untracked 
| 141|0x00000000c8d00000, 0x00000000c8d00000, 0x00000000c8e00000|  0%| F|  |TAMS 0x00000000c8d00000, 0x00000000c8d00000| Untracked 
| 142|0x00000000c8e00000, 0x00000000c8e00000, 0x00000000c8f00000|  0%| F|  |TAMS 0x00000000c8e00000, 0x00000000c8e00000| Untracked 
| 143|0x00000000c8f00000, 0x00000000c8f00000, 0x00000000c9000000|  0%| F|  |TAMS 0x00000000c8f00000, 0x00000000c8f00000| Untracked 
| 144|0x00000000c9000000, 0x00000000c9000000, 0x00000000c9100000|  0%| F|  |TAMS 0x00000000c9000000, 0x00000000c9000000| Untracked 
| 145|0x00000000c9100000, 0x00000000c9100000, 0x00000000c9200000|  0%| F|  |TAMS 0x00000000c9100000, 0x00000000c9100000| Untracked 
| 146|0x00000000c9200000, 0x00000000c9200000, 0x00000000c9300000|  0%| F|  |TAMS 0x00000000c9200000, 0x00000000c9200000| Untracked 
| 147|0x00000000c9300000, 0x00000000c9300000, 0x00000000c9400000|  0%| F|  |TAMS 0x00000000c9300000, 0x00000000c9300000| Untracked 
| 148|0x00000000c9400000, 0x00000000c9400000, 0x00000000c9500000|  0%| F|  |TAMS 0x00000000c9400000, 0x00000000c9400000| Untracked 
| 149|0x00000000c9500000, 0x00000000c9500000, 0x00000000c9600000|  0%| F|  |TAMS 0x00000000c9500000, 0x00000000c9500000| Untracked 
| 150|0x00000000c9600000, 0x00000000c9600000, 0x00000000c9700000|  0%| F|  |TAMS 0x00000000c9600000, 0x00000000c9600000| Untracked 
| 151|0x00000000c9700000, 0x00000000c9700000, 0x00000000c9800000|  0%| F|  |TAMS 0x00000000c9700000, 0x00000000c9700000| Untracked 
| 152|0x00000000c9800000, 0x00000000c9800000, 0x00000000c9900000|  0%| F|  |TAMS 0x00000000c9800000, 0x00000000c9800000| Untracked 
| 153|0x00000000c9900000, 0x00000000c9900000, 0x00000000c9a00000|  0%| F|  |TAMS 0x00000000c9900000, 0x00000000c9900000| Untracked 
| 154|0x00000000c9a00000, 0x00000000c9a00000, 0x00000000c9b00000|  0%| F|  |TAMS 0x00000000c9a00000, 0x00000000c9a00000| Untracked 
| 155|0x00000000c9b00000, 0x00000000c9b00000, 0x00000000c9c00000|  0%| F|  |TAMS 0x00000000c9b00000, 0x00000000c9b00000| Untracked 
| 156|0x00000000c9c00000, 0x00000000c9c00000, 0x00000000c9d00000|  0%| F|  |TAMS 0x00000000c9c00000, 0x00000000c9c00000| Untracked 
| 157|0x00000000c9d00000, 0x00000000c9d00000, 0x00000000c9e00000|  0%| F|  |TAMS 0x00000000c9d00000, 0x00000000c9d00000| Untracked 
| 158|0x00000000c9e00000, 0x00000000c9e00000, 0x00000000c9f00000|  0%| F|  |TAMS 0x00000000c9e00000, 0x00000000c9e00000| Untracked 
| 159|0x00000000c9f00000, 0x00000000c9f00000, 0x00000000ca000000|  0%| F|  |TAMS 0x00000000c9f00000, 0x00000000c9f00000| Untracked 
| 160|0x00000000ca000000, 0x00000000ca000000, 0x00000000ca100000|  0%| F|  |TAMS 0x00000000ca000000, 0x00000000ca000000| Untracked 
| 161|0x00000000ca100000, 0x00000000ca100000, 0x00000000ca200000|  0%| F|  |TAMS 0x00000000ca100000, 0x00000000ca100000| Untracked 
| 162|0x00000000ca200000, 0x00000000ca200000, 0x00000000ca300000|  0%| F|  |TAMS 0x00000000ca200000, 0x00000000ca200000| Untracked 
| 163|0x00000000ca300000, 0x00000000ca300000, 0x00000000ca400000|  0%| F|  |TAMS 0x00000000ca300000, 0x00000000ca300000| Untracked 
| 164|0x00000000ca400000, 0x00000000ca400000, 0x00000000ca500000|  0%| F|  |TAMS 0x00000000ca400000, 0x00000000ca400000| Untracked 
| 165|0x00000000ca500000, 0x00000000ca500000, 0x00000000ca600000|  0%| F|  |TAMS 0x00000000ca500000, 0x00000000ca500000| Untracked 
| 166|0x00000000ca600000, 0x00000000ca600000, 0x00000000ca700000|  0%| F|  |TAMS 0x00000000ca600000, 0x00000000ca600000| Untracked 
| 167|0x00000000ca700000, 0x00000000ca700000, 0x00000000ca800000|  0%| F|  |TAMS 0x00000000ca700000, 0x00000000ca700000| Untracked 
| 168|0x00000000ca800000, 0x00000000ca800000, 0x00000000ca900000|  0%| F|  |TAMS 0x00000000ca800000, 0x00000000ca800000| Untracked 
| 169|0x00000000ca900000, 0x00000000ca900000, 0x00000000caa00000|  0%| F|  |TAMS 0x00000000ca900000, 0x00000000ca900000| Untracked 
| 170|0x00000000caa00000, 0x00000000caa00000, 0x00000000cab00000|  0%| F|  |TAMS 0x00000000caa00000, 0x00000000caa00000| Untracked 
| 171|0x00000000cab00000, 0x00000000cab00000, 0x00000000cac00000|  0%| F|  |TAMS 0x00000000cab00000, 0x00000000cab00000| Untracked 
| 172|0x00000000cac00000, 0x00000000cac00000, 0x00000000cad00000|  0%| F|  |TAMS 0x00000000cac00000, 0x00000000cac00000| Untracked 
| 173|0x00000000cad00000, 0x00000000cad00000, 0x00000000cae00000|  0%| F|  |TAMS 0x00000000cad00000, 0x00000000cad00000| Untracked 
| 174|0x00000000cae00000, 0x00000000cae00000, 0x00000000caf00000|  0%| F|  |TAMS 0x00000000cae00000, 0x00000000cae00000| Untracked 
| 175|0x00000000caf00000, 0x00000000caf00000, 0x00000000cb000000|  0%| F|  |TAMS 0x00000000caf00000, 0x00000000caf00000| Untracked 
| 176|0x00000000cb000000, 0x00000000cb000000, 0x00000000cb100000|  0%| F|  |TAMS 0x00000000cb000000, 0x00000000cb000000| Untracked 
| 177|0x00000000cb100000, 0x00000000cb100000, 0x00000000cb200000|  0%| F|  |TAMS 0x00000000cb100000, 0x00000000cb100000| Untracked 
| 178|0x00000000cb200000, 0x00000000cb200000, 0x00000000cb300000|  0%| F|  |TAMS 0x00000000cb200000, 0x00000000cb200000| Untracked 
| 179|0x00000000cb300000, 0x00000000cb300000, 0x00000000cb400000|  0%| F|  |TAMS 0x00000000cb300000, 0x00000000cb300000| Untracked 
| 180|0x00000000cb400000, 0x00000000cb500000, 0x00000000cb500000|100%|HS|  |TAMS 0x00000000cb500000, 0x00000000cb400000| Untracked 
| 181|0x00000000cb500000, 0x00000000cb600000, 0x00000000cb600000|100%|HC|  |TAMS 0x00000000cb600000, 0x00000000cb500000| Untracked 
| 182|0x00000000cb600000, 0x00000000cb600000, 0x00000000cb700000|  0%| F|  |TAMS 0x00000000cb600000, 0x00000000cb600000| Untracked 
| 183|0x00000000cb700000, 0x00000000cb700000, 0x00000000cb800000|  0%| F|  |TAMS 0x00000000cb700000, 0x00000000cb700000| Untracked 
| 184|0x00000000cb800000, 0x00000000cb800000, 0x00000000cb900000|  0%| F|  |TAMS 0x00000000cb800000, 0x00000000cb800000| Untracked 
| 185|0x00000000cb900000, 0x00000000cb900000, 0x00000000cba00000|  0%| F|  |TAMS 0x00000000cb900000, 0x00000000cb900000| Untracked 
| 186|0x00000000cba00000, 0x00000000cba00000, 0x00000000cbb00000|  0%| F|  |TAMS 0x00000000cba00000, 0x00000000cba00000| Untracked 
| 187|0x00000000cbb00000, 0x00000000cbb00000, 0x00000000cbc00000|  0%| F|  |TAMS 0x00000000cbb00000, 0x00000000cbb00000| Untracked 
| 188|0x00000000cbc00000, 0x00000000cbc00000, 0x00000000cbd00000|  0%| F|  |TAMS 0x00000000cbc00000, 0x00000000cbc00000| Untracked 
| 189|0x00000000cbd00000, 0x00000000cbd00000, 0x00000000cbe00000|  0%| F|  |TAMS 0x00000000cbd00000, 0x00000000cbd00000| Untracked 
| 190|0x00000000cbe00000, 0x00000000cbe00000, 0x00000000cbf00000|  0%| F|  |TAMS 0x00000000cbe00000, 0x00000000cbe00000| Untracked 
| 191|0x00000000cbf00000, 0x00000000cbf00000, 0x00000000cc000000|  0%| F|  |TAMS 0x00000000cbf00000, 0x00000000cbf00000| Untracked 
| 192|0x00000000cc000000, 0x00000000cc000000, 0x00000000cc100000|  0%| F|  |TAMS 0x00000000cc000000, 0x00000000cc000000| Untracked 
| 193|0x00000000cc100000, 0x00000000cc100000, 0x00000000cc200000|  0%| F|  |TAMS 0x00000000cc100000, 0x00000000cc100000| Untracked 
| 194|0x00000000cc200000, 0x00000000cc200000, 0x00000000cc300000|  0%| F|  |TAMS 0x00000000cc200000, 0x00000000cc200000| Untracked 
| 195|0x00000000cc300000, 0x00000000cc300000, 0x00000000cc400000|  0%| F|  |TAMS 0x00000000cc300000, 0x00000000cc300000| Untracked 
| 196|0x00000000cc400000, 0x00000000cc400000, 0x00000000cc500000|  0%| F|  |TAMS 0x00000000cc400000, 0x00000000cc400000| Untracked 
| 197|0x00000000cc500000, 0x00000000cc500000, 0x00000000cc600000|  0%| F|  |TAMS 0x00000000cc500000, 0x00000000cc500000| Untracked 
| 198|0x00000000cc600000, 0x00000000cc600000, 0x00000000cc700000|  0%| F|  |TAMS 0x00000000cc600000, 0x00000000cc600000| Untracked 
| 199|0x00000000cc700000, 0x00000000cc700000, 0x00000000cc800000|  0%| F|  |TAMS 0x00000000cc700000, 0x00000000cc700000| Untracked 
| 200|0x00000000cc800000, 0x00000000cc800000, 0x00000000cc900000|  0%| F|  |TAMS 0x00000000cc800000, 0x00000000cc800000| Untracked 
| 201|0x00000000cc900000, 0x00000000cc900000, 0x00000000cca00000|  0%| F|  |TAMS 0x00000000cc900000, 0x00000000cc900000| Untracked 
| 202|0x00000000cca00000, 0x00000000cca00000, 0x00000000ccb00000|  0%| F|  |TAMS 0x00000000cca00000, 0x00000000cca00000| Untracked 
| 203|0x00000000ccb00000, 0x00000000ccb00000, 0x00000000ccc00000|  0%| F|  |TAMS 0x00000000ccb00000, 0x00000000ccb00000| Untracked 
| 204|0x00000000ccc00000, 0x00000000ccc00000, 0x00000000ccd00000|  0%| F|  |TAMS 0x00000000ccc00000, 0x00000000ccc00000| Untracked 
| 205|0x00000000ccd00000, 0x00000000ccd00000, 0x00000000cce00000|  0%| F|  |TAMS 0x00000000ccd00000, 0x00000000ccd00000| Untracked 
| 206|0x00000000cce00000, 0x00000000cce00000, 0x00000000ccf00000|  0%| F|  |TAMS 0x00000000cce00000, 0x00000000cce00000| Untracked 
| 207|0x00000000ccf00000, 0x00000000ccf00000, 0x00000000cd000000|  0%| F|  |TAMS 0x00000000ccf00000, 0x00000000ccf00000| Untracked 
| 208|0x00000000cd000000, 0x00000000cd000000, 0x00000000cd100000|  0%| F|  |TAMS 0x00000000cd000000, 0x00000000cd000000| Untracked 
| 209|0x00000000cd100000, 0x00000000cd100000, 0x00000000cd200000|  0%| F|  |TAMS 0x00000000cd100000, 0x00000000cd100000| Untracked 
| 210|0x00000000cd200000, 0x00000000cd200000, 0x00000000cd300000|  0%| F|  |TAMS 0x00000000cd200000, 0x00000000cd200000| Untracked 
| 211|0x00000000cd300000, 0x00000000cd300000, 0x00000000cd400000|  0%| F|  |TAMS 0x00000000cd300000, 0x00000000cd300000| Untracked 
| 212|0x00000000cd400000, 0x00000000cd400000, 0x00000000cd500000|  0%| F|  |TAMS 0x00000000cd400000, 0x00000000cd400000| Untracked 
| 213|0x00000000cd500000, 0x00000000cd500000, 0x00000000cd600000|  0%| F|  |TAMS 0x00000000cd500000, 0x00000000cd500000| Untracked 
| 214|0x00000000cd600000, 0x00000000cd600000, 0x00000000cd700000|  0%| F|  |TAMS 0x00000000cd600000, 0x00000000cd600000| Untracked 
| 215|0x00000000cd700000, 0x00000000cd700000, 0x00000000cd800000|  0%| F|  |TAMS 0x00000000cd700000, 0x00000000cd700000| Untracked 
| 216|0x00000000cd800000, 0x00000000cd800000, 0x00000000cd900000|  0%| F|  |TAMS 0x00000000cd800000, 0x00000000cd800000| Untracked 
| 217|0x00000000cd900000, 0x00000000cd900000, 0x00000000cda00000|  0%| F|  |TAMS 0x00000000cd900000, 0x00000000cd900000| Untracked 
| 218|0x00000000cda00000, 0x00000000cda00000, 0x00000000cdb00000|  0%| F|  |TAMS 0x00000000cda00000, 0x00000000cda00000| Untracked 
| 219|0x00000000cdb00000, 0x00000000cdb00000, 0x00000000cdc00000|  0%| F|  |TAMS 0x00000000cdb00000, 0x00000000cdb00000| Untracked 
| 220|0x00000000cdc00000, 0x00000000cdc00000, 0x00000000cdd00000|  0%| F|  |TAMS 0x00000000cdc00000, 0x00000000cdc00000| Untracked 
| 221|0x00000000cdd00000, 0x00000000cde00000, 0x00000000cde00000|100%| O|  |TAMS 0x00000000cde00000, 0x00000000cdd00000| Untracked 
| 222|0x00000000cde00000, 0x00000000cde00000, 0x00000000cdf00000|  0%| F|  |TAMS 0x00000000cde00000, 0x00000000cde00000| Untracked 
| 223|0x00000000cdf00000, 0x00000000ce000000, 0x00000000ce000000|100%| O|  |TAMS 0x00000000ce000000, 0x00000000cdf00000| Untracked 
| 224|0x00000000ce000000, 0x00000000ce000000, 0x00000000ce100000|  0%| F|  |TAMS 0x00000000ce000000, 0x00000000ce000000| Untracked 
| 225|0x00000000ce100000, 0x00000000ce100000, 0x00000000ce200000|  0%| F|  |TAMS 0x00000000ce100000, 0x00000000ce100000| Untracked 
| 226|0x00000000ce200000, 0x00000000ce300000, 0x00000000ce300000|100%| O|  |TAMS 0x00000000ce300000, 0x00000000ce200000| Untracked 
| 227|0x00000000ce300000, 0x00000000ce300000, 0x00000000ce400000|  0%| F|  |TAMS 0x00000000ce300000, 0x00000000ce300000| Untracked 
| 228|0x00000000ce400000, 0x00000000ce400000, 0x00000000ce500000|  0%| F|  |TAMS 0x00000000ce400000, 0x00000000ce400000| Untracked 
| 229|0x00000000ce500000, 0x00000000ce500000, 0x00000000ce600000|  0%| F|  |TAMS 0x00000000ce500000, 0x00000000ce500000| Untracked 
| 230|0x00000000ce600000, 0x00000000ce700000, 0x00000000ce700000|100%| O|  |TAMS 0x00000000ce700000, 0x00000000ce600000| Untracked 
| 231|0x00000000ce700000, 0x00000000ce700000, 0x00000000ce800000|  0%| F|  |TAMS 0x00000000ce700000, 0x00000000ce700000| Untracked 
| 232|0x00000000ce800000, 0x00000000ce800000, 0x00000000ce900000|  0%| F|  |TAMS 0x00000000ce800000, 0x00000000ce800000| Untracked 
| 233|0x00000000ce900000, 0x00000000cea00000, 0x00000000cea00000|100%| O|  |TAMS 0x00000000cea00000, 0x00000000ce900000| Untracked 
| 234|0x00000000cea00000, 0x00000000ceb00000, 0x00000000ceb00000|100%| O|  |TAMS 0x00000000ceb00000, 0x00000000cea00000| Untracked 
| 235|0x00000000ceb00000, 0x00000000ceb00000, 0x00000000cec00000|  0%| F|  |TAMS 0x00000000ceb00000, 0x00000000ceb00000| Untracked 
| 236|0x00000000cec00000, 0x00000000cec00000, 0x00000000ced00000|  0%| F|  |TAMS 0x00000000cec00000, 0x00000000cec00000| Untracked 
| 237|0x00000000ced00000, 0x00000000ced00000, 0x00000000cee00000|  0%| F|  |TAMS 0x00000000ced00000, 0x00000000ced00000| Untracked 
| 238|0x00000000cee00000, 0x00000000cef00000, 0x00000000cef00000|100%| O|  |TAMS 0x00000000cef00000, 0x00000000cee00000| Untracked 
| 239|0x00000000cef00000, 0x00000000cef00000, 0x00000000cf000000|  0%| F|  |TAMS 0x00000000cef00000, 0x00000000cef00000| Untracked 
| 240|0x00000000cf000000, 0x00000000cf000000, 0x00000000cf100000|  0%| F|  |TAMS 0x00000000cf000000, 0x00000000cf000000| Untracked 
| 241|0x00000000cf100000, 0x00000000cf100000, 0x00000000cf200000|  0%| F|  |TAMS 0x00000000cf100000, 0x00000000cf100000| Untracked 
| 242|0x00000000cf200000, 0x00000000cf200000, 0x00000000cf300000|  0%| F|  |TAMS 0x00000000cf200000, 0x00000000cf200000| Untracked 
| 243|0x00000000cf300000, 0x00000000cf300000, 0x00000000cf400000|  0%| F|  |TAMS 0x00000000cf300000, 0x00000000cf300000| Untracked 
| 244|0x00000000cf400000, 0x00000000cf400000, 0x00000000cf500000|  0%| F|  |TAMS 0x00000000cf400000, 0x00000000cf400000| Untracked 
| 245|0x00000000cf500000, 0x00000000cf500000, 0x00000000cf600000|  0%| F|  |TAMS 0x00000000cf500000, 0x00000000cf500000| Untracked 
| 246|0x00000000cf600000, 0x00000000cf600000, 0x00000000cf700000|  0%| F|  |TAMS 0x00000000cf600000, 0x00000000cf600000| Untracked 
| 247|0x00000000cf700000, 0x00000000cf700000, 0x00000000cf800000|  0%| F|  |TAMS 0x00000000cf700000, 0x00000000cf700000| Untracked 
| 248|0x00000000cf800000, 0x00000000cf800000, 0x00000000cf900000|  0%| F|  |TAMS 0x00000000cf800000, 0x00000000cf800000| Untracked 
| 249|0x00000000cf900000, 0x00000000cf900000, 0x00000000cfa00000|  0%| F|  |TAMS 0x00000000cf900000, 0x00000000cf900000| Untracked 
| 250|0x00000000cfa00000, 0x00000000cfa00000, 0x00000000cfb00000|  0%| F|  |TAMS 0x00000000cfa00000, 0x00000000cfa00000| Untracked 
| 251|0x00000000cfb00000, 0x00000000cfb00000, 0x00000000cfc00000|  0%| F|  |TAMS 0x00000000cfb00000, 0x00000000cfb00000| Untracked 
| 252|0x00000000cfc00000, 0x00000000cfc00000, 0x00000000cfd00000|  0%| F|  |TAMS 0x00000000cfc00000, 0x00000000cfc00000| Untracked 
| 253|0x00000000cfd00000, 0x00000000cfd00000, 0x00000000cfe00000|  0%| F|  |TAMS 0x00000000cfd00000, 0x00000000cfd00000| Untracked 
| 254|0x00000000cfe00000, 0x00000000cfe00000, 0x00000000cff00000|  0%| F|  |TAMS 0x00000000cfe00000, 0x00000000cfe00000| Untracked 
| 255|0x00000000cff00000, 0x00000000cff00000, 0x00000000d0000000|  0%| F|  |TAMS 0x00000000cff00000, 0x00000000cff00000| Untracked 
| 256|0x00000000d0000000, 0x00000000d0000000, 0x00000000d0100000|  0%| F|  |TAMS 0x00000000d0000000, 0x00000000d0000000| Untracked 
| 257|0x00000000d0100000, 0x00000000d0100000, 0x00000000d0200000|  0%| F|  |TAMS 0x00000000d0100000, 0x00000000d0100000| Untracked 
| 258|0x00000000d0200000, 0x00000000d0200000, 0x00000000d0300000|  0%| F|  |TAMS 0x00000000d0200000, 0x00000000d0200000| Untracked 
| 259|0x00000000d0300000, 0x00000000d0300000, 0x00000000d0400000|  0%| F|  |TAMS 0x00000000d0300000, 0x00000000d0300000| Untracked 
| 260|0x00000000d0400000, 0x00000000d0400000, 0x00000000d0500000|  0%| F|  |TAMS 0x00000000d0400000, 0x00000000d0400000| Untracked 
| 261|0x00000000d0500000, 0x00000000d0500000, 0x00000000d0600000|  0%| F|  |TAMS 0x00000000d0500000, 0x00000000d0500000| Untracked 
| 262|0x00000000d0600000, 0x00000000d0600000, 0x00000000d0700000|  0%| F|  |TAMS 0x00000000d0600000, 0x00000000d0600000| Untracked 
| 263|0x00000000d0700000, 0x00000000d0700000, 0x00000000d0800000|  0%| F|  |TAMS 0x00000000d0700000, 0x00000000d0700000| Untracked 
| 264|0x00000000d0800000, 0x00000000d0800000, 0x00000000d0900000|  0%| F|  |TAMS 0x00000000d0800000, 0x00000000d0800000| Untracked 
| 265|0x00000000d0900000, 0x00000000d0900000, 0x00000000d0a00000|  0%| F|  |TAMS 0x00000000d0900000, 0x00000000d0900000| Untracked 
| 266|0x00000000d0a00000, 0x00000000d0a00000, 0x00000000d0b00000|  0%| F|  |TAMS 0x00000000d0a00000, 0x00000000d0a00000| Untracked 
| 267|0x00000000d0b00000, 0x00000000d0b00000, 0x00000000d0c00000|  0%| F|  |TAMS 0x00000000d0b00000, 0x00000000d0b00000| Untracked 
| 268|0x00000000d0c00000, 0x00000000d0c00000, 0x00000000d0d00000|  0%| F|  |TAMS 0x00000000d0c00000, 0x00000000d0c00000| Untracked 
| 269|0x00000000d0d00000, 0x00000000d0d00000, 0x00000000d0e00000|  0%| F|  |TAMS 0x00000000d0d00000, 0x00000000d0d00000| Untracked 
| 270|0x00000000d0e00000, 0x00000000d0e00000, 0x00000000d0f00000|  0%| F|  |TAMS 0x00000000d0e00000, 0x00000000d0e00000| Untracked 
| 271|0x00000000d0f00000, 0x00000000d0f00000, 0x00000000d1000000|  0%| F|  |TAMS 0x00000000d0f00000, 0x00000000d0f00000| Untracked 
| 272|0x00000000d1000000, 0x00000000d1000000, 0x00000000d1100000|  0%| F|  |TAMS 0x00000000d1000000, 0x00000000d1000000| Untracked 
| 273|0x00000000d1100000, 0x00000000d1198450, 0x00000000d1200000| 59%| E|  |TAMS 0x00000000d1100000, 0x00000000d1100000| Complete 

Card table byte_map: [0x0000021d66c40000,0x0000021d66e40000] _byte_map_base: 0x0000021d66640000

Marking Bits (Prev, Next): (CMBitMap*) 0x0000021d60ac7270, (CMBitMap*) 0x0000021d60ac7230
 Prev Bits: [0x0000021d68040000, 0x0000021d69040000)
 Next Bits: [0x0000021d67040000, 0x0000021d68040000)

Polling page: 0x0000021d60240000

Metaspace:

Usage:
  Non-class:     63.29 MB used.
      Class:     10.04 MB used.
       Both:     73.33 MB used.

Virtual space:
  Non-class space:       64.00 MB reserved,      63.56 MB (>99%) committed,  1 nodes.
      Class space:        1.00 GB reserved,      10.31 MB (  1%) committed,  1 nodes.
             Both:        1.06 GB reserved,      73.88 MB (  7%) committed. 

Chunk freelists:
   Non-Class:  67.00 KB
       Class:  5.70 MB
        Both:  5.77 MB

MaxMetaspaceSize: unlimited
CompressedClassSpaceSize: 1.00 GB
Initial GC threshold: 21.00 MB
Current GC threshold: 123.12 MB
CDS: off
MetaspaceReclaimPolicy: balanced
 - commit_granule_bytes: 65536.
 - commit_granule_words: 8192.
 - virtual_space_node_default_size: 8388608.
 - enlarge_chunks_in_place: 1.
 - new_chunks_are_fully_committed: 0.
 - uncommit_free_chunks: 1.
 - use_allocation_guard: 0.
 - handle_deallocations: 1.


Internal statistics:

num_allocs_failed_limit: 6.
num_arena_births: 796.
num_arena_deaths: 284.
num_vsnodes_births: 2.
num_vsnodes_deaths: 0.
num_space_committed: 1182.
num_space_uncommitted: 0.
num_chunks_returned_to_freelist: 355.
num_chunks_taken_from_freelist: 3333.
num_chunk_merges: 115.
num_chunk_splits: 2285.
num_chunks_enlarged: 1751.
num_inconsistent_stats: 0.

CodeCache: size=49152Kb used=21627Kb max_used=22190Kb free=27524Kb
 bounds [0x0000021d63700000, 0x0000021d64d10000, 0x0000021d66700000]
 total_blobs=12534 nmethods=11839 adapters=621
 compilation: enabled
              stopped_count=0, restarted_count=0
 full_count=0

Compilation events (20 events):
Event: 9139.690 Thread 0x0000021d70035a60 12049       1       org.eclipse.jdt.core.dom.TypeBinding::getAnnotations (129 bytes)
Event: 9139.690 Thread 0x0000021d75e73a70 12050       1       java.util.stream.Stream::of (13 bytes)
Event: 9139.690 Thread 0x0000021d70035a60 nmethod 12049 0x0000021d63ba1990 code [0x0000021d63ba1bc0, 0x0000021d63ba20d8]
Event: 9139.690 Thread 0x0000021d70035a60 12051       1       java.util.stream.Streams$StreamBuilderImpl::<init> (16 bytes)
Event: 9139.690 Thread 0x0000021d70035a60 nmethod 12051 0x0000021d63ba1690 code [0x0000021d63ba1820, 0x0000021d63ba1938]
Event: 9139.690 Thread 0x0000021d70035a60 12052       1       java.util.stream.Streams$AbstractStreamBuilderImpl::<init> (5 bytes)
Event: 9139.690 Thread 0x0000021d70035a60 nmethod 12052 0x0000021d63ba1390 code [0x0000021d63ba1520, 0x0000021d63ba15d8]
Event: 9139.690 Thread 0x0000021d70035a60 12053       1       java.util.stream.Streams$AbstractStreamBuilderImpl::estimateSize (9 bytes)
Event: 9139.690 Thread 0x0000021d75e73a70 nmethod 12050 0x0000021d63ba0e90 code [0x0000021d63ba1040, 0x0000021d63ba1278]
Event: 9139.690 Thread 0x0000021d75e73a70 12054   !   1       org.springframework.ide.vscode.boot.java.annotations.AnnotationHierarchies::findTransitiveSupers (66 bytes)
Event: 9139.690 Thread 0x0000021d70035a60 nmethod 12053 0x0000021d63ba0b90 code [0x0000021d63ba0d20, 0x0000021d63ba0df8]
Event: 9139.690 Thread 0x0000021d70035a60 12055       1       java.util.Collections$2::estimateSize (5 bytes)
Event: 9139.690 Thread 0x0000021d70035a60 nmethod 12055 0x0000021d63ba0890 code [0x0000021d63ba0a20, 0x0000021d63ba0af8]
Event: 9139.690 Thread 0x0000021d70035a60 12056       1       org.eclipse.jdt.core.dom.BodyDeclaration::getJavadoc (5 bytes)
Event: 9139.690 Thread 0x0000021d70035a60 nmethod 12056 0x0000021d63ba0590 code [0x0000021d63ba0720, 0x0000021d63ba07f8]
Event: 9139.691 Thread 0x0000021d75e73a70 nmethod 12054 0x0000021d63b9f390 code [0x0000021d63b9f600, 0x0000021d63b9fe78]
Event: 9139.691 Thread 0x0000021d75e73a70 12057       1       java.util.stream.StreamSpliterators$WrappingSpliterator$$Lambda$915/0x00000001006cb020::accept (11 bytes)
Event: 9139.691 Thread 0x0000021d75e73a70 nmethod 12057 0x0000021d63b9f090 code [0x0000021d63b9f220, 0x0000021d63b9f308]
Event: 9139.691 Thread 0x0000021d75e73a70 12058       1       org.eclipse.jdt.core.dom.AST::apiLevel (5 bytes)
Event: 9139.691 Thread 0x0000021d75e73a70 nmethod 12058 0x0000021d63b9ed90 code [0x0000021d63b9ef20, 0x0000021d63b9eff8]

GC Heap History (20 events):
Event: 10537.359 GC heap before
{Heap before GC invocations=756 (full 669):
 garbage-first heap   total 280576K, used 85622K [0x00000000c0000000, 0x0000000100000000)
  region size 1024K, 1 young (1024K), 0 survivors (0K)
 Metaspace       used 75091K, committed 75648K, reserved 1114112K
  class space    used 10281K, committed 10560K, reserved 1048576K
}
Event: 10537.393 GC heap after
{Heap after GC invocations=757 (full 670):
 garbage-first heap   total 280576K, used 85622K [0x00000000c0000000, 0x0000000100000000)
  region size 1024K, 0 young (0K), 0 survivors (0K)
 Metaspace       used 75091K, committed 75648K, reserved 1114112K
  class space    used 10281K, committed 10560K, reserved 1048576K
}
Event: 10547.569 GC heap before
{Heap before GC invocations=757 (full 670):
 garbage-first heap   total 280576K, used 85622K [0x00000000c0000000, 0x0000000100000000)
  region size 1024K, 1 young (1024K), 0 survivors (0K)
 Metaspace       used 75091K, committed 75648K, reserved 1114112K
  class space    used 10281K, committed 10560K, reserved 1048576K
}
Event: 10547.613 GC heap after
{Heap after GC invocations=758 (full 671):
 garbage-first heap   total 280576K, used 85622K [0x00000000c0000000, 0x0000000100000000)
  region size 1024K, 0 young (0K), 0 survivors (0K)
 Metaspace       used 75091K, committed 75648K, reserved 1114112K
  class space    used 10281K, committed 10560K, reserved 1048576K
}
Event: 10557.718 GC heap before
{Heap before GC invocations=758 (full 671):
 garbage-first heap   total 280576K, used 85622K [0x00000000c0000000, 0x0000000100000000)
  region size 1024K, 1 young (1024K), 0 survivors (0K)
 Metaspace       used 75091K, committed 75648K, reserved 1114112K
  class space    used 10281K, committed 10560K, reserved 1048576K
}
Event: 10557.758 GC heap after
{Heap after GC invocations=759 (full 672):
 garbage-first heap   total 280576K, used 85622K [0x00000000c0000000, 0x0000000100000000)
  region size 1024K, 0 young (0K), 0 survivors (0K)
 Metaspace       used 75091K, committed 75648K, reserved 1114112K
  class space    used 10281K, committed 10560K, reserved 1048576K
}
Event: 10567.857 GC heap before
{Heap before GC invocations=759 (full 672):
 garbage-first heap   total 280576K, used 85622K [0x00000000c0000000, 0x0000000100000000)
  region size 1024K, 1 young (1024K), 0 survivors (0K)
 Metaspace       used 75091K, committed 75648K, reserved 1114112K
  class space    used 10281K, committed 10560K, reserved 1048576K
}
Event: 10567.892 GC heap after
{Heap after GC invocations=760 (full 673):
 garbage-first heap   total 280576K, used 85622K [0x00000000c0000000, 0x0000000100000000)
  region size 1024K, 0 young (0K), 0 survivors (0K)
 Metaspace       used 75091K, committed 75648K, reserved 1114112K
  class space    used 10281K, committed 10560K, reserved 1048576K
}
Event: 10577.990 GC heap before
{Heap before GC invocations=760 (full 673):
 garbage-first heap   total 280576K, used 85622K [0x00000000c0000000, 0x0000000100000000)
  region size 1024K, 1 young (1024K), 0 survivors (0K)
 Metaspace       used 75091K, committed 75648K, reserved 1114112K
  class space    used 10281K, committed 10560K, reserved 1048576K
}
Event: 10578.026 GC heap after
{Heap after GC invocations=761 (full 674):
 garbage-first heap   total 280576K, used 85622K [0x00000000c0000000, 0x0000000100000000)
  region size 1024K, 0 young (0K), 0 survivors (0K)
 Metaspace       used 75091K, committed 75648K, reserved 1114112K
  class space    used 10281K, committed 10560K, reserved 1048576K
}
Event: 10588.121 GC heap before
{Heap before GC invocations=761 (full 674):
 garbage-first heap   total 280576K, used 85622K [0x00000000c0000000, 0x0000000100000000)
  region size 1024K, 1 young (1024K), 0 survivors (0K)
 Metaspace       used 75091K, committed 75648K, reserved 1114112K
  class space    used 10281K, committed 10560K, reserved 1048576K
}
Event: 10588.170 GC heap after
{Heap after GC invocations=762 (full 675):
 garbage-first heap   total 280576K, used 85622K [0x00000000c0000000, 0x0000000100000000)
  region size 1024K, 0 young (0K), 0 survivors (0K)
 Metaspace       used 75091K, committed 75648K, reserved 1114112K
  class space    used 10281K, committed 10560K, reserved 1048576K
}
Event: 10598.280 GC heap before
{Heap before GC invocations=762 (full 675):
 garbage-first heap   total 280576K, used 85622K [0x00000000c0000000, 0x0000000100000000)
  region size 1024K, 1 young (1024K), 0 survivors (0K)
 Metaspace       used 75091K, committed 75648K, reserved 1114112K
  class space    used 10281K, committed 10560K, reserved 1048576K
}
Event: 10598.318 GC heap after
{Heap after GC invocations=763 (full 676):
 garbage-first heap   total 280576K, used 85622K [0x00000000c0000000, 0x0000000100000000)
  region size 1024K, 0 young (0K), 0 survivors (0K)
 Metaspace       used 75091K, committed 75648K, reserved 1114112K
  class space    used 10281K, committed 10560K, reserved 1048576K
}
Event: 10608.443 GC heap before
{Heap before GC invocations=763 (full 676):
 garbage-first heap   total 280576K, used 85622K [0x00000000c0000000, 0x0000000100000000)
  region size 1024K, 1 young (1024K), 0 survivors (0K)
 Metaspace       used 75091K, committed 75648K, reserved 1114112K
  class space    used 10281K, committed 10560K, reserved 1048576K
}
Event: 10608.482 GC heap after
{Heap after GC invocations=764 (full 677):
 garbage-first heap   total 280576K, used 85622K [0x00000000c0000000, 0x0000000100000000)
  region size 1024K, 0 young (0K), 0 survivors (0K)
 Metaspace       used 75091K, committed 75648K, reserved 1114112K
  class space    used 10281K, committed 10560K, reserved 1048576K
}
Event: 10618.639 GC heap before
{Heap before GC invocations=764 (full 677):
 garbage-first heap   total 280576K, used 85622K [0x00000000c0000000, 0x0000000100000000)
  region size 1024K, 1 young (1024K), 0 survivors (0K)
 Metaspace       used 75091K, committed 75648K, reserved 1114112K
  class space    used 10281K, committed 10560K, reserved 1048576K
}
Event: 10618.681 GC heap after
{Heap after GC invocations=765 (full 678):
 garbage-first heap   total 280576K, used 85622K [0x00000000c0000000, 0x0000000100000000)
  region size 1024K, 0 young (0K), 0 survivors (0K)
 Metaspace       used 75091K, committed 75648K, reserved 1114112K
  class space    used 10281K, committed 10560K, reserved 1048576K
}
Event: 10628.798 GC heap before
{Heap before GC invocations=765 (full 678):
 garbage-first heap   total 280576K, used 85622K [0x00000000c0000000, 0x0000000100000000)
  region size 1024K, 1 young (1024K), 0 survivors (0K)
 Metaspace       used 75091K, committed 75648K, reserved 1114112K
  class space    used 10281K, committed 10560K, reserved 1048576K
}
Event: 10628.840 GC heap after
{Heap after GC invocations=766 (full 679):
 garbage-first heap   total 280576K, used 85622K [0x00000000c0000000, 0x0000000100000000)
  region size 1024K, 0 young (0K), 0 survivors (0K)
 Metaspace       used 75091K, committed 75648K, reserved 1114112K
  class space    used 10281K, committed 10560K, reserved 1048576K
}

Dll operation events (10 events):
Event: 0.009 Loaded shared library c:\Users\Waruna\.vscode-insiders\extensions\redhat.java-1.22.2023072906-win32-x64\jre\17.0.7-win32-x86_64\bin\java.dll
Event: 0.286 Loaded shared library C:\Users\Waruna\.vscode-insiders\extensions\redhat.java-1.22.2023072906-win32-x64\jre\17.0.7-win32-x86_64\bin\net.dll
Event: 0.288 Loaded shared library C:\Users\Waruna\.vscode-insiders\extensions\redhat.java-1.22.2023072906-win32-x64\jre\17.0.7-win32-x86_64\bin\nio.dll
Event: 0.651 Loaded shared library C:\Users\Waruna\.vscode-insiders\extensions\redhat.java-1.22.2023072906-win32-x64\jre\17.0.7-win32-x86_64\bin\zip.dll
Event: 4.575 Loaded shared library C:\Users\Waruna\.vscode-insiders\extensions\redhat.java-1.22.2023072906-win32-x64\jre\17.0.7-win32-x86_64\bin\jimage.dll
Event: 9.493 Loaded shared library C:\Users\Waruna\.vscode-insiders\extensions\redhat.java-1.22.2023072906-win32-x64\jre\17.0.7-win32-x86_64\bin\management.dll
Event: 9.497 Loaded shared library C:\Users\Waruna\.vscode-insiders\extensions\redhat.java-1.22.2023072906-win32-x64\jre\17.0.7-win32-x86_64\bin\management_ext.dll
Event: 12.288 Loaded shared library C:\Users\Waruna\.vscode-insiders\extensions\redhat.java-1.22.2023072906-win32-x64\jre\17.0.7-win32-x86_64\bin\sunmscapi.dll
Event: 20.214 Loaded shared library c:\Users\Waruna\.vscode-insiders\extensions\redhat.java-1.22.2023072906-win32-x64\jre\17.0.7-win32-x86_64\bin\verify.dll
Event: 22.823 Loaded shared library C:\Users\Waruna\AppData\Local\Temp\snappy-1.1.10-65927bac-ddf7-4b4e-93b7-67c83437ae84-snappyjava.dll

Deoptimization events (20 events):
Event: 24.287 Thread 0x0000021d72af93e0 DEOPT PACKING pc=0x0000021d64a538fc sp=0x0000008ed70fc950
Event: 24.287 Thread 0x0000021d72af93e0 DEOPT UNPACKING pc=0x0000021d63757143 sp=0x0000008ed70fbee8 mode 0
Event: 24.295 Thread 0x0000021d72af93e0 DEOPT PACKING pc=0x0000021d64a3736c sp=0x0000008ed70fdcc0
Event: 24.295 Thread 0x0000021d72af93e0 DEOPT UNPACKING pc=0x0000021d63757143 sp=0x0000008ed70fd210 mode 0
Event: 24.295 Thread 0x0000021d72af93e0 DEOPT PACKING pc=0x0000021d64a3736c sp=0x0000008ed70fdf60
Event: 24.295 Thread 0x0000021d72af93e0 DEOPT UNPACKING pc=0x0000021d63757143 sp=0x0000008ed70fd4b0 mode 0
Event: 24.295 Thread 0x0000021d72af93e0 DEOPT PACKING pc=0x0000021d64a3736c sp=0x0000008ed70fe170
Event: 24.295 Thread 0x0000021d72af93e0 DEOPT UNPACKING pc=0x0000021d63757143 sp=0x0000008ed70fd6c0 mode 0
Event: 24.295 Thread 0x0000021d72af93e0 DEOPT PACKING pc=0x0000021d64a3736c sp=0x0000008ed70fe4a0
Event: 24.295 Thread 0x0000021d72af93e0 DEOPT UNPACKING pc=0x0000021d63757143 sp=0x0000008ed70fd9f0 mode 0
Event: 24.295 Thread 0x0000021d72af93e0 DEOPT PACKING pc=0x0000021d64a3736c sp=0x0000008ed70fe780
Event: 24.295 Thread 0x0000021d72af93e0 DEOPT UNPACKING pc=0x0000021d63757143 sp=0x0000008ed70fdcd0 mode 0
Event: 24.317 Thread 0x0000021d72af93e0 DEOPT PACKING pc=0x0000021d64b04bf4 sp=0x0000008ed70fce70
Event: 24.317 Thread 0x0000021d72af93e0 DEOPT UNPACKING pc=0x0000021d63757143 sp=0x0000008ed70fc4b8 mode 1
Event: 9133.848 Thread 0x0000021d717a9180 DEOPT PACKING pc=0x0000021d63d7a0d4 sp=0x0000008ed64fefe0
Event: 9133.851 Thread 0x0000021d717a9180 DEOPT UNPACKING pc=0x0000021d63757143 sp=0x0000008ed64fe488 mode 0
Event: 9135.128 Thread 0x0000021d72af98b0 DEOPT PACKING pc=0x0000021d6381cd4f sp=0x0000008ed3ffd910
Event: 9135.128 Thread 0x0000021d72af98b0 DEOPT UNPACKING pc=0x0000021d63757143 sp=0x0000008ed3ffce00 mode 3
Event: 9139.677 Thread 0x0000021d71a12c10 DEOPT PACKING pc=0x0000021d64beb3d4 sp=0x0000008ed6ffe380
Event: 9139.677 Thread 0x0000021d71a12c10 DEOPT UNPACKING pc=0x0000021d63757143 sp=0x0000008ed6ffd7c0 mode 0

Classes unloaded (20 events):
Event: 251.998 Thread 0x0000021d6bd3ba80 Unloading class 0x000000010008a800 'java/lang/invoke/LambdaForm$MH+0x000000010008a800'
Event: 251.998 Thread 0x0000021d6bd3ba80 Unloading class 0x000000010008a400 'java/lang/invoke/LambdaForm$MH+0x000000010008a400'
Event: 251.998 Thread 0x0000021d6bd3ba80 Unloading class 0x0000000100088400 'java/lang/invoke/LambdaForm$MH+0x0000000100088400'
Event: 9330.512 Thread 0x0000021d6bd3ba80 Unloading class 0x00000001004f9800 'java/lang/invoke/LambdaForm$MH+0x00000001004f9800'
Event: 9330.513 Thread 0x0000021d6bd3ba80 Unloading class 0x0000000100518000 'java/lang/invoke/LambdaForm$MH+0x0000000100518000'
Event: 9330.513 Thread 0x0000021d6bd3ba80 Unloading class 0x0000000100540000 'java/lang/invoke/LambdaForm$MH+0x0000000100540000'
Event: 9330.513 Thread 0x0000021d6bd3ba80 Unloading class 0x0000000100092000 'java/lang/invoke/LambdaForm$MH+0x0000000100092000'
Event: 9330.513 Thread 0x0000021d6bd3ba80 Unloading class 0x00000001003a8c00 'java/lang/invoke/LambdaForm$MH+0x00000001003a8c00'
Event: 9330.513 Thread 0x0000021d6bd3ba80 Unloading class 0x00000001005b8400 'java/lang/invoke/LambdaForm$MH+0x00000001005b8400'
Event: 9330.513 Thread 0x0000021d6bd3ba80 Unloading class 0x00000001005c8400 'java/lang/invoke/LambdaForm$MH+0x00000001005c8400'
Event: 9330.513 Thread 0x0000021d6bd3ba80 Unloading class 0x0000000100900000 'java/lang/invoke/LambdaForm$MH+0x0000000100900000'
Event: 9330.513 Thread 0x0000021d6bd3ba80 Unloading class 0x0000000100908000 'java/lang/invoke/LambdaForm$MH+0x0000000100908000'
Event: 9330.513 Thread 0x0000021d6bd3ba80 Unloading class 0x0000000100088400 'java/lang/invoke/LambdaForm$MH+0x0000000100088400'
Event: 9330.513 Thread 0x0000021d6bd3ba80 Unloading class 0x000000010008a400 'java/lang/invoke/LambdaForm$MH+0x000000010008a400'
Event: 9330.513 Thread 0x0000021d6bd3ba80 Unloading class 0x0000000100428400 'java/lang/invoke/LambdaForm$MH+0x0000000100428400'
Event: 9330.513 Thread 0x0000021d6bd3ba80 Unloading class 0x0000000100530000 'java/lang/invoke/LambdaForm$MH+0x0000000100530000'
Event: 9330.513 Thread 0x0000021d6bd3ba80 Unloading class 0x000000010054d400 'java/lang/invoke/LambdaForm$MH+0x000000010054d400'
Event: 9330.513 Thread 0x0000021d6bd3ba80 Unloading class 0x000000010054d800 'java/lang/invoke/LambdaForm$MH+0x000000010054d800'
Event: 9330.513 Thread 0x0000021d6bd3ba80 Unloading class 0x0000000100550800 'java/lang/invoke/LambdaForm$MH+0x0000000100550800'
Event: 9330.513 Thread 0x0000021d6bd3ba80 Unloading class 0x0000000100551000 'java/lang/invoke/LambdaForm$MH+0x0000000100551000'

Classes redefined (0 events):
No events

Internal exceptions (20 events):
Event: 9139.597 Thread 0x0000021d72af93e0 Exception <a 'sun/nio/fs/WindowsException'{0x00000000ce437320}> (0x00000000ce437320) 
thrown [s\src\hotspot\share\prims\jni.cpp, line 516]
Event: 9139.597 Thread 0x0000021d72af93e0 Exception <a 'sun/nio/fs/WindowsException'{0x00000000ce4376d8}> (0x00000000ce4376d8) 
thrown [s\src\hotspot\share\prims\jni.cpp, line 516]
Event: 9139.598 Thread 0x0000021d72af93e0 Exception <a 'sun/nio/fs/WindowsException'{0x00000000ce438bc0}> (0x00000000ce438bc0) 
thrown [s\src\hotspot\share\prims\jni.cpp, line 516]
Event: 9139.598 Thread 0x0000021d72af93e0 Exception <a 'sun/nio/fs/WindowsException'{0x00000000ce438f98}> (0x00000000ce438f98) 
thrown [s\src\hotspot\share\prims\jni.cpp, line 516]
Event: 9139.606 Thread 0x0000021d72af93e0 Exception <a 'sun/nio/fs/WindowsException'{0x00000000ce46f888}> (0x00000000ce46f888) 
thrown [s\src\hotspot\share\prims\jni.cpp, line 516]
Event: 9139.606 Thread 0x0000021d72af93e0 Exception <a 'sun/nio/fs/WindowsException'{0x00000000ce46fc38}> (0x00000000ce46fc38) 
thrown [s\src\hotspot\share\prims\jni.cpp, line 516]
Event: 9139.606 Thread 0x0000021d72af93e0 Exception <a 'sun/nio/fs/WindowsException'{0x00000000ce471120}> (0x00000000ce471120) 
thrown [s\src\hotspot\share\prims\jni.cpp, line 516]
Event: 9139.606 Thread 0x0000021d72af93e0 Exception <a 'sun/nio/fs/WindowsException'{0x00000000ce4714e0}> (0x00000000ce4714e0) 
thrown [s\src\hotspot\share\prims\jni.cpp, line 516]
Event: 9139.626 Thread 0x0000021d72af93e0 Exception <a 'sun/nio/fs/WindowsException'{0x00000000ce344670}> (0x00000000ce344670) 
thrown [s\src\hotspot\share\prims\jni.cpp, line 516]
Event: 9139.626 Thread 0x0000021d72af93e0 Exception <a 'sun/nio/fs/WindowsException'{0x00000000ce344a00}> (0x00000000ce344a00) 
thrown [s\src\hotspot\share\prims\jni.cpp, line 516]
Event: 9139.626 Thread 0x0000021d72af93e0 Exception <a 'sun/nio/fs/WindowsException'{0x00000000ce345ee0}> (0x00000000ce345ee0) 
thrown [s\src\hotspot\share\prims\jni.cpp, line 516]
Event: 9139.626 Thread 0x0000021d72af93e0 Exception <a 'sun/nio/fs/WindowsException'{0x00000000ce346290}> (0x00000000ce346290) 
thrown [s\src\hotspot\share\prims\jni.cpp, line 516]
Event: 9139.627 Thread 0x0000021d72af93e0 Exception <a 'sun/nio/fs/WindowsException'{0x00000000ce34ffa8}> (0x00000000ce34ffa8) 
thrown [s\src\hotspot\share\prims\jni.cpp, line 516]
Event: 9139.627 Thread 0x0000021d72af93e0 Exception <a 'sun/nio/fs/WindowsException'{0x00000000ce350318}> (0x00000000ce350318) 
thrown [s\src\hotspot\share\prims\jni.cpp, line 516]
Event: 9139.627 Thread 0x0000021d72af93e0 Exception <a 'sun/nio/fs/WindowsException'{0x00000000ce3517c8}> (0x00000000ce3517c8) 
thrown [s\src\hotspot\share\prims\jni.cpp, line 516]
Event: 9139.627 Thread 0x0000021d72af93e0 Exception <a 'sun/nio/fs/WindowsException'{0x00000000ce351b58}> (0x00000000ce351b58) 
thrown [s\src\hotspot\share\prims\jni.cpp, line 516]
Event: 9139.631 Thread 0x0000021d72af93e0 Exception <a 'sun/nio/fs/WindowsException'{0x00000000ce3bade8}> (0x00000000ce3bade8) 
thrown [s\src\hotspot\share\prims\jni.cpp, line 516]
Event: 9139.631 Thread 0x0000021d72af93e0 Exception <a 'sun/nio/fs/WindowsException'{0x00000000ce3bb1d8}> (0x00000000ce3bb1d8) 
thrown [s\src\hotspot\share\prims\jni.cpp, line 516]
Event: 9139.631 Thread 0x0000021d72af93e0 Exception <a 'sun/nio/fs/WindowsException'{0x00000000ce3bc718}> (0x00000000ce3bc718) 
thrown [s\src\hotspot\share\prims\jni.cpp, line 516]
Event: 9139.631 Thread 0x0000021d72af93e0 Exception <a 'sun/nio/fs/WindowsException'{0x00000000ce3bcb28}> (0x00000000ce3bcb28) 
thrown [s\src\hotspot\share\prims\jni.cpp, line 516]

VM Operations (20 events):
Event: 10537.393 Executing VM operation: G1CollectFull done
Event: 10547.569 Executing VM operation: G1CollectFull
Event: 10547.613 Executing VM operation: G1CollectFull done
Event: 10557.718 Executing VM operation: G1CollectFull
Event: 10557.759 Executing VM operation: G1CollectFull done
Event: 10567.857 Executing VM operation: G1CollectFull
Event: 10567.892 Executing VM operation: G1CollectFull done
Event: 10577.990 Executing VM operation: G1CollectFull
Event: 10578.026 Executing VM operation: G1CollectFull done
Event: 10588.121 Executing VM operation: G1CollectFull
Event: 10588.170 Executing VM operation: G1CollectFull done
Event: 10598.279 Executing VM operation: G1CollectFull
Event: 10598.318 Executing VM operation: G1CollectFull done
Event: 10608.443 Executing VM operation: G1CollectFull
Event: 10608.482 Executing VM operation: G1CollectFull done
Event: 10618.639 Executing VM operation: G1CollectFull
Event: 10618.681 Executing VM operation: G1CollectFull done
Event: 10628.798 Executing VM operation: G1CollectFull
Event: 10628.840 Executing VM operation: G1CollectFull done
Event: 10639.100 Executing VM operation: G1CollectFull

Events (20 events):
Event: 9134.406 loading class java/util/stream/ReferencePipeline$4
Event: 9134.412 loading class java/util/stream/ReferencePipeline$4 done
Event: 9134.412 loading class java/util/stream/Nodes$IntFixedNodeBuilder
Event: 9134.414 loading class java/util/stream/Node$Builder$OfInt
Event: 9134.415 loading class java/util/stream/Node$Builder$OfInt done
Event: 9134.415 loading class java/util/stream/Nodes$IntArrayNode
Event: 9134.417 loading class java/util/stream/Nodes$IntArrayNode done
Event: 9134.417 loading class java/util/stream/Nodes$IntFixedNodeBuilder done
Event: 9134.418 loading class java/util/stream/ReferencePipeline$4$1
Event: 9134.419 loading class java/util/stream/ReferencePipeline$4$1 done
Event: 9135.096 Thread 0x0000021d75e73a70 Thread added: 0x0000021d75e73a70
Event: 9139.326 Thread 0x0000021d75e73a70 Thread exited: 0x0000021d75e73a70
Event: 9139.690 Thread 0x0000021d75e73a70 Thread added: 0x0000021d75e73a70
Event: 9144.693 Thread 0x0000021d75e73a70 Thread exited: 0x0000021d75e73a70
Event: 9194.966 Thread 0x0000021d70a9d870 Thread exited: 0x0000021d70a9d870
Event: 9197.962 Thread 0x0000021d72af98b0 Thread exited: 0x0000021d72af98b0
Event: 9199.681 Thread 0x0000021d72af93e0 Thread exited: 0x0000021d72af93e0
Event: 9199.697 Thread 0x0000021d75e14a20 Thread exited: 0x0000021d75e14a20
Event: 9199.697 Thread 0x0000021d72549e20 Thread exited: 0x0000021d72549e20
Event: 9259.692 Thread 0x0000021d72af80a0 Thread exited: 0x0000021d72af80a0


Dynamic libraries:
0x00007ff73ae80000 - 0x00007ff73ae8e000 	c:\Users\Waruna\.vscode-insiders\extensions\redhat.java-1.22.2023072906-win32-x64\jre\17.0.7-win32-x86_64\bin\java.exe
0x00007ffe67270000 - 0x00007ffe67484000 	C:\Windows\SYSTEM32\ntdll.dll
0x00007ffe65830000 - 0x00007ffe658f4000 	C:\Windows\System32\KERNEL32.DLL
0x00007ffe64890000 - 0x00007ffe64c34000 	C:\Windows\System32\KERNELBASE.dll
0x00007ffe64da0000 - 0x00007ffe64eb1000 	C:\Windows\System32\ucrtbase.dll
0x00007ffe0ad70000 - 0x00007ffe0ad89000 	c:\Users\Waruna\.vscode-insiders\extensions\redhat.java-1.22.2023072906-win32-x64\jre\17.0.7-win32-x86_64\bin\VCRUNTIME140.dll
0x00007ffe0e1e0000 - 0x00007ffe0e1f7000 	c:\Users\Waruna\.vscode-insiders\extensions\redhat.java-1.22.2023072906-win32-x64\jre\17.0.7-win32-x86_64\bin\jli.dll
0x00007ffe65bc0000 - 0x00007ffe65d6a000 	C:\Windows\System32\USER32.dll
0x00007ffe4ad40000 - 0x00007ffe4afcf000 	C:\Windows\WinSxS\amd64_microsoft.windows.common-controls_6595b64144ccf1df_6.0.22621.2070_none_2713e6537381f706\COMCTL32.dll
0x00007ffe64cb0000 - 0x00007ffe64cd6000 	C:\Windows\System32\win32u.dll
0x00007ffe65a30000 - 0x00007ffe65ad7000 	C:\Windows\System32\msvcrt.dll
0x00007ffe668d0000 - 0x00007ffe668f9000 	C:\Windows\System32\GDI32.dll
0x00007ffe646f0000 - 0x00007ffe64809000 	C:\Windows\System32\gdi32full.dll
0x00007ffe64650000 - 0x00007ffe646ea000 	C:\Windows\System32\msvcp_win.dll
0x00007ffe65b80000 - 0x00007ffe65bb1000 	C:\Windows\System32\IMM32.DLL
0x00007ffe41570000 - 0x00007ffe4157c000 	c:\Users\Waruna\.vscode-insiders\extensions\redhat.java-1.22.2023072906-win32-x64\jre\17.0.7-win32-x86_64\bin\vcruntime140_1.dll
0x00007ffe0acd0000 - 0x00007ffe0ad61000 	c:\Users\Waruna\.vscode-insiders\extensions\redhat.java-1.22.2023072906-win32-x64\jre\17.0.7-win32-x86_64\bin\msvcp140.dll
0x00007ffe0a080000 - 0x00007ffe0acc8000 	c:\Users\Waruna\.vscode-insiders\extensions\redhat.java-1.22.2023072906-win32-x64\jre\17.0.7-win32-x86_64\bin\server\jvm.dll
0x00007ffe66820000 - 0x00007ffe668d0000 	C:\Windows\System32\ADVAPI32.dll
0x00007ffe65030000 - 0x00007ffe650d6000 	C:\Windows\System32\sechost.dll
0x00007ffe65610000 - 0x00007ffe65727000 	C:\Windows\System32\RPCRT4.dll
0x00007ffe17e10000 - 0x00007ffe17e19000 	C:\Windows\SYSTEM32\WSOCK32.dll
0x00007ffe52040000 - 0x00007ffe52074000 	C:\Windows\SYSTEM32\WINMM.dll
0x00007ffe5ec10000 - 0x00007ffe5ec1a000 	C:\Windows\SYSTEM32\VERSION.dll
0x00007ffe65f30000 - 0x00007ffe65fa1000 	C:\Windows\System32\WS2_32.dll
0x00007ffe636f0000 - 0x00007ffe63708000 	C:\Windows\SYSTEM32\kernel.appcore.dll
0x00007ffe13680000 - 0x00007ffe1368a000 	c:\Users\Waruna\.vscode-insiders\extensions\redhat.java-1.22.2023072906-win32-x64\jre\17.0.7-win32-x86_64\bin\jimage.dll
0x00007ffe51180000 - 0x00007ffe513ae000 	C:\Windows\SYSTEM32\DBGHELP.DLL
0x00007ffe650e0000 - 0x00007ffe6546a000 	C:\Windows\System32\combase.dll
0x00007ffe65750000 - 0x00007ffe65827000 	C:\Windows\System32\OLEAUT32.dll
0x00007ffe50aa0000 - 0x00007ffe50ad2000 	C:\Windows\SYSTEM32\dbgcore.DLL
0x00007ffe64810000 - 0x00007ffe6488a000 	C:\Windows\System32\bcryptPrimitives.dll
0x00007ffe0a050000 - 0x00007ffe0a075000 	c:\Users\Waruna\.vscode-insiders\extensions\redhat.java-1.22.2023072906-win32-x64\jre\17.0.7-win32-x86_64\bin\java.dll
0x00007ffe0a030000 - 0x00007ffe0a048000 	c:\Users\Waruna\.vscode-insiders\extensions\redhat.java-1.22.2023072906-win32-x64\jre\17.0.7-win32-x86_64\bin\zip.dll
0x00007ffe65fb0000 - 0x00007ffe667c6000 	C:\Windows\System32\SHELL32.dll
0x00007ffe625e0000 - 0x00007ffe62eca000 	C:\Windows\SYSTEM32\windows.storage.dll
0x00007ffe624a0000 - 0x00007ffe625de000 	C:\Windows\SYSTEM32\wintypes.dll
0x00007ffe67130000 - 0x00007ffe67223000 	C:\Windows\System32\SHCORE.dll
0x00007ffe66970000 - 0x00007ffe669ce000 	C:\Windows\System32\shlwapi.dll
0x00007ffe64580000 - 0x00007ffe645a6000 	C:\Windows\SYSTEM32\profapi.dll
0x00007ffe09fc0000 - 0x00007ffe09fd9000 	C:\Users\Waruna\.vscode-insiders\extensions\redhat.java-1.22.2023072906-win32-x64\jre\17.0.7-win32-x86_64\bin\net.dll
0x00007ffe5eab0000 - 0x00007ffe5ebe7000 	C:\Windows\SYSTEM32\WINHTTP.dll
0x00007ffe63bb0000 - 0x00007ffe63c19000 	C:\Windows\system32\mswsock.dll
0x00007ffe09fa0000 - 0x00007ffe09fb5000 	C:\Users\Waruna\.vscode-insiders\extensions\redhat.java-1.22.2023072906-win32-x64\jre\17.0.7-win32-x86_64\bin\nio.dll
0x00007ffe63ea0000 - 0x00007ffe63ebb000 	C:\Windows\SYSTEM32\CRYPTSP.dll
0x00007ffe636b0000 - 0x00007ffe636e5000 	C:\Windows\system32\rsaenh.dll
0x00007ffe63c50000 - 0x00007ffe63c7c000 	C:\Windows\SYSTEM32\USERENV.dll
0x00007ffe64010000 - 0x00007ffe64038000 	C:\Windows\SYSTEM32\bcrypt.dll
0x00007ffe63db0000 - 0x00007ffe63dbc000 	C:\Windows\SYSTEM32\CRYPTBASE.dll
0x00007ffe631a0000 - 0x00007ffe631cd000 	C:\Windows\SYSTEM32\IPHLPAPI.DLL
0x00007ffe65ae0000 - 0x00007ffe65ae9000 	C:\Windows\System32\NSI.dll
0x00007ffe5ec20000 - 0x00007ffe5ec39000 	C:\Windows\SYSTEM32\dhcpcsvc6.DLL
0x00007ffe5e950000 - 0x00007ffe5e96f000 	C:\Windows\SYSTEM32\dhcpcsvc.DLL
0x00007ffe63210000 - 0x00007ffe63303000 	C:\Windows\SYSTEM32\DNSAPI.dll
0x00007ffe09950000 - 0x00007ffe09959000 	C:\Users\Waruna\.vscode-insiders\extensions\redhat.java-1.22.2023072906-win32-x64\jre\17.0.7-win32-x86_64\bin\management.dll
0x00007ffe09940000 - 0x00007ffe0994b000 	C:\Users\Waruna\.vscode-insiders\extensions\redhat.java-1.22.2023072906-win32-x64\jre\17.0.7-win32-x86_64\bin\management_ext.dll
0x00007ffe67120000 - 0x00007ffe67128000 	C:\Windows\System32\PSAPI.DLL
0x00007ffe34f70000 - 0x00007ffe34f7e000 	C:\Users\Waruna\.vscode-insiders\extensions\redhat.java-1.22.2023072906-win32-x64\jre\17.0.7-win32-x86_64\bin\sunmscapi.dll
0x00007ffe64ec0000 - 0x00007ffe65027000 	C:\Windows\System32\CRYPT32.dll
0x00007ffe63fc0000 - 0x00007ffe63fee000 	C:\Windows\SYSTEM32\ncrypt.dll
0x00007ffe63f40000 - 0x00007ffe63f77000 	C:\Windows\SYSTEM32\NTASN1.dll
0x00007ffe5d0f0000 - 0x00007ffe5d0fa000 	C:\Windows\System32\rasadhlp.dll
0x00007ffe5e6c0000 - 0x00007ffe5e744000 	C:\Windows\System32\fwpuclnt.dll
0x00007ffe09f60000 - 0x00007ffe09f70000 	c:\Users\Waruna\.vscode-insiders\extensions\redhat.java-1.22.2023072906-win32-x64\jre\17.0.7-win32-x86_64\bin\verify.dll
0x0000000070fc0000 - 0x000000007108d000 	C:\Users\Waruna\AppData\Local\Temp\snappy-1.1.10-65927bac-ddf7-4b4e-93b7-67c83437ae84-snappyjava.dll

dbghelp: loaded successfully - version: 4.0.5 - missing functions: none
symbol engine: initialized successfully - sym options: 0x614 - pdb path: .;c:\Users\Waruna\.vscode-insiders\extensions\redhat.java-1.22.2023072906-win32-x64\jre\17.0.7-win32-x86_64\bin;C:\Windows\SYSTEM32;C:\Windows\WinSxS\amd64_microsoft.windows.common-controls_6595b64144ccf1df_6.0.22621.2070_none_2713e6537381f706;c:\Users\Waruna\.vscode-insiders\extensions\redhat.java-1.22.2023072906-win32-x64\jre\17.0.7-win32-x86_64\bin\server;C:\Users\Waruna\AppData\Local\Temp

VM Arguments:
jvm_args: -XX:+HeapDumpOnOutOfMemoryError -Xmx1024m -Dsts.lsp.client=vscode -Dsts.log.file=/dev/null -XX:TieredStopAtLevel=1 -Xlog:jni+resolve=off -Dspring.config.location=file:c:\Users\Waruna\.vscode-insiders\extensions\vmware.vscode-spring-boot-1.48.2023072904\language-server\BOOT-INF\classes\application.properties 
java_command: org.springframework.ide.vscode.boot.app.BootLanguageServerBootApp
java_class_path (initial): c:\Users\Waruna\.vscode-insiders\extensions\vmware.vscode-spring-boot-1.48.2023072904\language-server\BOOT-INF\classes;c:\Users\Waruna\.vscode-insiders\extensions\vmware.vscode-spring-boot-1.48.2023072904\language-server\BOOT-INF\lib\annotations-24.0.1.jar;c:\Users\Waruna\.vscode-insiders\extensions\vmware.vscode-spring-boot-1.48.2023072904\language-server\BOOT-INF\lib\antlr-runtime-3.5.3.jar;c:\Users\Waruna\.vscode-insiders\extensions\vmware.vscode-spring-boot-1.48.2023072904\language-server\BOOT-INF\lib\antlr4-4.11.1.jar;c:\Users\Waruna\.vscode-insiders\extensions\vmware.vscode-spring-boot-1.48.2023072904\language-server\BOOT-INF\lib\antlr4-runtime-4.11.1.jar;c:\Users\Waruna\.vscode-insiders\extensions\vmware.vscode-spring-boot-1.48.2023072904\language-server\BOOT-INF\lib\archunit-1.0.1.jar;c:\Users\Waruna\.vscode-insiders\extensions\vmware.vscode-spring-boot-1.48.2023072904\language-server\BOOT-INF\lib\asm-9.5.jar;c:\Users\Waruna\.vscode-insiders\extensions\vmware.vscode-spring-boot-1.48.2023072904\language-server\BOOT-INF\lib\asm-analysis-9.5.jar;c:\Users\Waruna\.vscode-insiders\extensions\vmware.vscode-spring-boot-1.48.2023072904\language-server\BOOT-INF\lib\asm-tree-9.5.jar;c:\Users\Waruna\.vscode-insiders\extensions\vmware.vscode-spring-boot-1.48.2023072904\language-server\BOOT-INF\lib\asm-util-9.5.jar;c:\Users\Waruna\.vscode-insiders\extensions\vmware.vscode-spring-boot-1.48.2023072904\language-server\BOOT-INF\lib\bosh-language-server-1.48.0-SNAPSHOT.jar;c:\Users\Waruna\.vscode-insiders\extensions\vmware.vscode-spring-boot-1.48.2023072904\language-server\BOOT-INF\lib\caffeine-3.1.6.jar;c:\Users\Waruna\.vscode-insiders\extensions\vmware.vscode-spring-boot-1.48.2023072904\language-server\BOOT-INF\lib\checker-qual-3.12.0.jar;c:\Users\Waruna\.vscode-insiders\extensions\vmware.vscode-spring-boot-1.48.2023072904\language-server\BOOT-INF\lib\classgraph-4.8.149.jar;c:\Users\Waruna\.vscode-insiders\extensions\vmware.vscode-spring-boot-1.4
Launcher Type: SUN_STANDARD

[Global flags]
     intx CICompilerCount                          = 4                                         {product} {ergonomic}
     uint ConcGCThreads                            = 3                                         {product} {ergonomic}
     uint G1ConcRefinementThreads                  = 10                                        {product} {ergonomic}
   size_t G1HeapRegionSize                         = 1048576                                   {product} {ergonomic}
    uintx GCDrainStackTargetSize                   = 64                                        {product} {ergonomic}
     bool HeapDumpOnOutOfMemoryError               = true                                   {manageable} {command line}
   size_t InitialHeapSize                          = 132120576                                 {product} {ergonomic}
   size_t MarkStackSize                            = 4194304                                   {product} {ergonomic}
   size_t MaxHeapSize                              = 1073741824                                {product} {command line}
   size_t MaxNewSize                               = 643825664                                 {product} {ergonomic}
   size_t MinHeapDeltaBytes                        = 1048576                                   {product} {ergonomic}
   size_t MinHeapSize                              = 8388608                                   {product} {ergonomic}
    uintx NonProfiledCodeHeapSize                  = 0                                      {pd product} {ergonomic}
     bool ProfileInterpreter                       = false                                  {pd product} {command line}
    uintx ProfiledCodeHeapSize                     = 0                                      {pd product} {ergonomic}
   size_t SoftMaxHeapSize                          = 1073741824                             {manageable} {ergonomic}
     intx TieredStopAtLevel                        = 1                                         {product} {command line}
     bool UseCompressedClassPointers               = true                           {product lp64_product} {ergonomic}
     bool UseCompressedOops                        = true                           {product lp64_product} {ergonomic}
     bool UseG1GC                                  = true                                      {product} {ergonomic}
     bool UseLargePagesIndividualAllocation        = false                                  {pd product} {ergonomic}

Logging:
Log output configuration:
 #0: stdout all=warning,jni+resolve=off uptime,level,tags
 #1: stderr all=off uptime,level,tags

Environment Variables:
JAVA_HOME=H:\jdk-11.0.16.1
PATH=C:\Program Files\Common Files\Oracle\Java\javapath;C:\Program Files (x86)\VMware\VMware Player\bin\;C:\Python311\Scripts\;C:\Python311\;C:\Windows\system32;C:\Windows;C:\Windows\System32\Wbem;C:\Windows\System32\WindowsPowerShell\v1.0\;C:\Windows\System32\OpenSSH\;C:\Program Files\dotnet\;C:\Program Files\Java\jdk-17.0.1\bin;C:\Program Files\nodejs\;C:\ProgramData\chocolatey\bin;C:\Program Files (x86)\NVIDIA Corporation\PhysX\Common;H:\Git\cmd;H:\Scripts\;H:\;C:\Users\Waruna\AppData\Local\Microsoft\WindowsApps;C:\Users\Waruna\AppData\Local\GitHubDesktop\bin;C:\Users\Waruna\AppData\Roaming\npm;H:\gradle-7.3.1\bin;C:\Program Files\JetBrains\IntelliJ IDEA 2023.1.1\bin;;C:\Users\Waruna\AppData\Local\Programs\Microsoft VS Code Insiders\bin
USERNAME=Waruna
OS=Windows_NT
PROCESSOR_IDENTIFIER=Intel64 Family 6 Model 165 Stepping 2, GenuineIntel
TMP=C:\Users\Waruna\AppData\Local\Temp
TEMP=C:\Users\Waruna\AppData\Local\Temp



---------------  S Y S T E M  ---------------

OS:
 Windows 11 , 64 bit Build 22621 (10.0.22621.2070)
OS uptime: 0 days 2:58 hours
Hyper-V role detected

CPU: total 12 (initial active 12) (6 cores per cpu, 2 threads per core) family 6 model 165 stepping 2 microcode 0xe2, cx8, cmov, fxsr, ht, mmx, 3dnowpref, sse, sse2, sse3, ssse3, sse4.1, sse4.2, popcnt, lzcnt, tsc, tscinvbit, avx, avx2, aes, erms, clmul, bmi1, bmi2, adx, fma, vzeroupper, clflush, clflushopt, hv

Memory: 4k page, system-wide physical 8013M (566M free)
TotalPageFile size 18013M (AvailPageFile size 34M)
current process WorkingSet (physical memory assigned to process): 142M, peak: 1255M
current process commit charge ("private bytes"): 509M, peak: 1239M

vm_info: OpenJDK 64-Bit Server VM (17.0.7+7) for windows-amd64 JRE (17.0.7+7), built on Apr 18 2023 22:10:42 by "temurin" with MS VC++ 16.7 (VS2019)

END.
