#
# There is insufficient memory for the Java Runtime Environment to continue.
# Native memory allocation (malloc) failed to allocate 2097152 bytes for AllocateHeap
# Possible reasons:
#   The system is out of physical RAM or swap space
#   The process is running with CompressedOops enabled, and the Java Heap may be blocking the growth of the native heap
# Possible solutions:
#   Reduce memory load on the system
#   Increase physical memory or swap space
#   Check if swap backing store is full
#   Decrease Java heap size (-Xmx/-Xms)
#   Decrease number of Java threads
#   Decrease Java thread stack sizes (-Xss)
#   Set larger code cache with -XX:ReservedCodeCacheSize=
#   JVM is running with Unscaled Compressed Oops mode in which the Java heap is
#     placed in the first 4GB address space. The Java Heap base address is the
#     maximum limit for the native heap growth. Please use -XX:HeapBaseMinAddress
#     to set the Java Heap base and to place the Java Heap above 4GB virtual address.
# This output file may be truncated or incomplete.
#
#  Out of Memory Error (allocation.cpp:44), pid=8692, tid=9352
#
# JRE version: OpenJDK Runtime Environment Temurin-17.0.7+7 (17.0.7+7) (build 17.0.7+7)
# Java VM: OpenJDK 64-Bit Server VM Temurin-17.0.7+7 (17.0.7+7, mixed mode, emulated-client, tiered, compressed oops, compressed class ptrs, g1 gc, windows-amd64)
# No core dump will be written. Minidumps are not enabled by default on client versions of Windows
#

---------------  S U M M A R Y ------------

Command Line: -XX:+HeapDumpOnOutOfMemoryError -Xmx1024m -Dsts.lsp.client=vscode -Dsts.log.file=/dev/null -XX:TieredStopAtLevel=1 -Xlog:jni+resolve=off -Dspring.config.location=file:c:\Users\Waruna\.vscode-insiders\extensions\vmware.vscode-spring-boot-1.48.2023070104\language-server\BOOT-INF\classes\application.properties org.springframework.ide.vscode.boot.app.BootLanguageServerBootApp

Host: Intel(R) Core(TM) i5-10500H CPU @ 2.50GHz, 12 cores, 7G,  Windows 11 , 64 bit Build 22621 (10.0.22621.1928)
Time: Mon Jul 10 22:18:24 2023 Sri Lanka Standard Time elapsed time: 21814.840643 seconds (0d 6h 3m 34s)

---------------  T H R E A D  ---------------

Current thread (0x0000023749be5f00):  VMThread "VM Thread" [stack: 0x0000006d8d200000,0x0000006d8d300000] [id=9352]

Stack: [0x0000006d8d200000,0x0000006d8d300000]
Native frames: (J=compiled Java code, j=interpreted, Vv=VM code, C=native code)
V  [jvm.dll+0x67754a]
V  [jvm.dll+0x834304]
V  [jvm.dll+0x835aae]
V  [jvm.dll+0x836113]
V  [jvm.dll+0x24696f]
V  [jvm.dll+0xa681f]
V  [jvm.dll+0x2f7481]
V  [jvm.dll+0x2f30f0]
V  [jvm.dll+0x2db6c7]
V  [jvm.dll+0x31e777]
V  [jvm.dll+0x83a5bb]
V  [jvm.dll+0x83b2f4]
V  [jvm.dll+0x83b80c]
V  [jvm.dll+0x83bbe4]
V  [jvm.dll+0x83bcb0]
V  [jvm.dll+0x7e4e7a]
V  [jvm.dll+0x676395]
C  [ucrtbase.dll+0x29363]
C  [KERNEL32.DLL+0x126ad]
C  [ntdll.dll+0x5aa68]

VM_Operation (0x0000006d8eefef10): G1CollectFull, mode: safepoint, requested by thread 0x000002374f72a0c0


---------------  P R O C E S S  ---------------

Threads class SMR info:
_java_thread_list=0x0000023753d439c0, length=32, elements={
0x0000023749c027a0, 0x0000023749c03150, 0x000002374e01c690, 0x000002374e01f050,
0x000002374e01fa00, 0x000002374e0223c0, 0x000002374e022d70, 0x000002374e023760,
0x000002374e216140, 0x000002374e23fb30, 0x000002374f700470, 0x000002374f729980,
0x000002374f72a0c0, 0x000002374f72ddc0, 0x000002373c83e1d0, 0x000002374f75fdf0,
0x000002374f7afa40, 0x000002374f80b980, 0x000002374f9c9cc0, 0x000002374f9cb000,
0x000002374f9c9320, 0x000002374f98f1c0, 0x000002374f98bcd0, 0x000002374f98f690,
0x000002374f98c1a0, 0x000002374f98de80, 0x000002374f98ae60, 0x000002374f9cb4d0,
0x000002374f9c6ca0, 0x000002374f9c7640, 0x000002374f9cc810, 0x000002374f9ca190
}

Java Threads: ( => current thread )
  0x0000023749c027a0 JavaThread "Reference Handler" daemon [_thread_blocked, id=16824, stack(0x0000006d8d300000,0x0000006d8d400000)]
  0x0000023749c03150 JavaThread "Finalizer" daemon [_thread_blocked, id=4672, stack(0x0000006d8d400000,0x0000006d8d500000)]
  0x000002374e01c690 JavaThread "Signal Dispatcher" daemon [_thread_blocked, id=8156, stack(0x0000006d8d500000,0x0000006d8d600000)]
  0x000002374e01f050 JavaThread "Attach Listener" daemon [_thread_blocked, id=21100, stack(0x0000006d8d600000,0x0000006d8d700000)]
  0x000002374e01fa00 JavaThread "Service Thread" daemon [_thread_blocked, id=15752, stack(0x0000006d8d700000,0x0000006d8d800000)]
  0x000002374e0223c0 JavaThread "Monitor Deflation Thread" daemon [_thread_blocked, id=7616, stack(0x0000006d8d800000,0x0000006d8d900000)]
  0x000002374e022d70 JavaThread "C1 CompilerThread0" daemon [_thread_blocked, id=10288, stack(0x0000006d8d900000,0x0000006d8da00000)]
  0x000002374e023760 JavaThread "Sweeper thread" daemon [_thread_blocked, id=21256, stack(0x0000006d8da00000,0x0000006d8db00000)]
  0x000002374e216140 JavaThread "Notification Thread" daemon [_thread_blocked, id=20704, stack(0x0000006d8dc00000,0x0000006d8dd00000)]
  0x000002374e23fb30 JavaThread "Common-Cleaner" daemon [_thread_blocked, id=18536, stack(0x0000006d8de00000,0x0000006d8df00000)]
  0x000002374f700470 JavaThread "boundedElastic-evictor-1" daemon [_thread_blocked, id=14396, stack(0x0000006d8e600000,0x0000006d8e700000)]
  0x000002374f729980 JavaThread "boundedElastic-evictor-2" daemon [_thread_blocked, id=1156, stack(0x0000006d8ed00000,0x0000006d8ee00000)]
  0x000002374f72a0c0 JavaThread "pool-11-thread-1" [_thread_blocked, id=20780, stack(0x0000006d8ee00000,0x0000006d8ef00000)]
  0x000002374f72ddc0 JavaThread "LanguageServerApp-lifecycle" [_thread_blocked, id=11052, stack(0x0000006d8ef00000,0x0000006d8f000000)]
  0x000002373c83e1d0 JavaThread "DestroyJavaVM" [_thread_blocked, id=10900, stack(0x0000006d8cc00000,0x0000006d8cd00000)]
  0x000002374f75fdf0 JavaThread "pool-12-thread-1" [_thread_in_native, id=8860, stack(0x0000006d8f000000,0x0000006d8f100000)]
  0x000002374f7afa40 JavaThread "Simple-Language-Server main thread" daemon [_thread_blocked, id=8016, stack(0x0000006d8f100000,0x0000006d8f200000)]
  0x000002374f80b980 JavaThread "pool-7-thread-1" [_thread_blocked, id=14936, stack(0x0000006d8f200000,0x0000006d8f300000)]
  0x000002374f9c9cc0 JavaThread "parallel-1" daemon [_thread_blocked, id=18412, stack(0x0000006d90700000,0x0000006d90800000)]
  0x000002374f9cb000 JavaThread "pool-5-thread-1" [_thread_blocked, id=9496, stack(0x0000006d90c00000,0x0000006d90d00000)]
  0x000002374f9c9320 JavaThread "parallel-2" daemon [_thread_blocked, id=17712, stack(0x0000006d90d00000,0x0000006d90e00000)]
  0x000002374f98f1c0 JavaThread "parallel-3" daemon [_thread_blocked, id=9976, stack(0x0000006d8f400000,0x0000006d8f500000)]
  0x000002374f98bcd0 JavaThread "parallel-4" daemon [_thread_blocked, id=9348, stack(0x0000006d8f500000,0x0000006d8f600000)]
  0x000002374f98f690 JavaThread "parallel-5" daemon [_thread_blocked, id=12428, stack(0x0000006d8f600000,0x0000006d8f700000)]
  0x000002374f98c1a0 JavaThread "Reconciler-1" daemon [_thread_blocked, id=21324, stack(0x0000006d8f700000,0x0000006d8f800000)]
  0x000002374f98de80 JavaThread "parallel-6" daemon [_thread_blocked, id=10528, stack(0x0000006d8cb00000,0x0000006d8cc00000)]
  0x000002374f98ae60 JavaThread "parallel-7" daemon [_thread_blocked, id=2092, stack(0x0000006d8f900000,0x0000006d8fa00000)]
  0x000002374f9cb4d0 JavaThread "parallel-8" daemon [_thread_blocked, id=1988, stack(0x0000006d8fa00000,0x0000006d8fb00000)]
  0x000002374f9c6ca0 JavaThread "parallel-9" daemon [_thread_blocked, id=14448, stack(0x0000006d8ca00000,0x0000006d8cb00000)]
  0x000002374f9c7640 JavaThread "parallel-10" daemon [_thread_blocked, id=1188, stack(0x0000006d8f300000,0x0000006d8f400000)]
  0x000002374f9cc810 JavaThread "parallel-11" daemon [_thread_blocked, id=1960, stack(0x0000006d8f800000,0x0000006d8f900000)]
  0x000002374f9ca190 JavaThread "parallel-12" daemon [_thread_blocked, id=19240, stack(0x0000006d8fe00000,0x0000006d8ff00000)]

Other Threads:
=>0x0000023749be5f00 VMThread "VM Thread" [stack: 0x0000006d8d200000,0x0000006d8d300000] [id=9352]
  0x000002373ea28650 WatcherThread [stack: 0x0000006d8dd00000,0x0000006d8de00000] [id=7496]
  0x000002373ea180a0 GCTaskThread "GC Thread#0" [stack: 0x0000006d8cd00000,0x0000006d8ce00000] [id=6392]
  0x000002374e1c7030 GCTaskThread "GC Thread#1" [stack: 0x0000006d8df00000,0x0000006d8e000000] [id=11232]
  0x000002374ebee2e0 GCTaskThread "GC Thread#2" [stack: 0x0000006d8e000000,0x0000006d8e100000] [id=1136]
  0x000002374e0c6c80 GCTaskThread "GC Thread#3" [stack: 0x0000006d8e100000,0x0000006d8e200000] [id=5828]
  0x000002374ee93de0 GCTaskThread "GC Thread#4" [stack: 0x0000006d8e200000,0x0000006d8e300000] [id=20628]
  0x000002374ee950a0 GCTaskThread "GC Thread#5" [stack: 0x0000006d8e300000,0x0000006d8e400000] [id=20408]
  0x000002374ee95560 GCTaskThread "GC Thread#6" [stack: 0x0000006d8e400000,0x0000006d8e500000] [id=10844]
  0x000002374ee95810 GCTaskThread "GC Thread#7" [stack: 0x0000006d8e500000,0x0000006d8e600000] [id=8536]
  0x000002374f1108e0 GCTaskThread "GC Thread#8" [stack: 0x0000006d8e900000,0x0000006d8ea00000] [id=7388]
  0x000002374f110b90 GCTaskThread "GC Thread#9" [stack: 0x0000006d8ea00000,0x0000006d8eb00000] [id=6260]
  0x000002373ea21040 ConcurrentGCThread "G1 Main Marker" [stack: 0x0000006d8ce00000,0x0000006d8cf00000] [id=14832]
  0x000002373ea220f0 ConcurrentGCThread "G1 Conc#0" [stack: 0x0000006d8cf00000,0x0000006d8d000000] [id=8544]
  0x000002374f0a9510 ConcurrentGCThread "G1 Conc#1" [stack: 0x0000006d8eb00000,0x0000006d8ec00000] [id=6992]
  0x000002374f0a8600 ConcurrentGCThread "G1 Conc#2" [stack: 0x0000006d8ec00000,0x0000006d8ed00000] [id=21356]
  0x000002373ea7ea10 ConcurrentGCThread "G1 Refine#0" [stack: 0x0000006d8d000000,0x0000006d8d100000] [id=9488]
  0x0000023750d9ea90 ConcurrentGCThread "G1 Refine#1" [stack: 0x0000006d91200000,0x0000006d91300000] [id=17720]
  0x0000023750d9ed70 ConcurrentGCThread "G1 Refine#2" [stack: 0x0000006d91300000,0x0000006d91400000] [id=15600]
  0x0000023750d9dc30 ConcurrentGCThread "G1 Refine#3" [stack: 0x0000006d91400000,0x0000006d91500000] [id=6760]
  0x0000023750d9df10 ConcurrentGCThread "G1 Refine#4" [stack: 0x0000006d91500000,0x0000006d91600000] [id=20924]
  0x0000023750d9e4d0 ConcurrentGCThread "G1 Refine#5" [stack: 0x0000006d91600000,0x0000006d91700000] [id=19716]
  0x0000023750d9d950 ConcurrentGCThread "G1 Refine#6" [stack: 0x0000006d91700000,0x0000006d91800000] [id=15072]
  0x0000023750d9e1f0 ConcurrentGCThread "G1 Refine#7" [stack: 0x0000006d91800000,0x0000006d91900000] [id=7152]
  0x0000023750d9e7b0 ConcurrentGCThread "G1 Refine#8" [stack: 0x0000006d91900000,0x0000006d91a00000] [id=20204]
  0x0000023749a5a4f0 ConcurrentGCThread "G1 Service" [stack: 0x0000006d8d100000,0x0000006d8d200000] [id=4028]

Threads with active compile tasks:

VM state: at safepoint (normal execution)

VM Mutex/Monitor currently owned by a thread:  ([mutex/lock_event])
[0x000002373c789560] Threads_lock - owner thread: 0x0000023749be5f00
[0x000002373e9d6940] Heap_lock - owner thread: 0x000002374f72a0c0

Heap address: 0x00000000c0000000, size: 1024 MB, Compressed Oops mode: 32-bit

CDS archive(s) not mapped
Compressed class space mapped at: 0x0000000100000000-0x0000000140000000, reserved size: 1073741824
Narrow klass base: 0x0000000000000000, Narrow klass shift: 3, Narrow klass range: 0x140000000

GC Precious Log:
 CPUs: 12 total, 12 available
 Memory: 8013M
 Large Page Support: Disabled
 NUMA Support: Disabled
 Compressed Oops: Enabled (32-bit)
 Heap Region Size: 1M
 Heap Min Capacity: 8M
 Heap Initial Capacity: 126M
 Heap Max Capacity: 1G
 Pre-touch: Disabled
 Parallel Workers: 10
 Concurrent Workers: 3
 Concurrent Refinement Workers: 10
 Periodic GC: Disabled

Heap:
 garbage-first heap   total 293888K, used 87228K [0x00000000c0000000, 0x0000000100000000)
  region size 1024K, 1 young (1024K), 0 survivors (0K)
 Metaspace       used 76947K, committed 77568K, reserved 1179648K
  class space    used 10606K, committed 10880K, reserved 1048576K

Heap Regions: E=young(eden), S=young(survivor), O=old, HS=humongous(starts), HC=humongous(continues), CS=collection set, F=free, OA=open archive, CA=closed archive, TAMS=top-at-mark-start (previous, next)
|   0|0x00000000c0000000, 0x00000000c0100000, 0x00000000c0100000|100%| O|  |TAMS 0x00000000c0100000, 0x00000000c0000000| Untracked 
|   1|0x00000000c0100000, 0x00000000c01fff98, 0x00000000c0200000| 99%| O|  |TAMS 0x00000000c01fff98, 0x00000000c0100000| Untracked 
|   2|0x00000000c0200000, 0x00000000c0300000, 0x00000000c0300000|100%| O|  |TAMS 0x00000000c0300000, 0x00000000c0200000| Untracked 
|   3|0x00000000c0300000, 0x00000000c03fffd8, 0x00000000c0400000| 99%| O|  |TAMS 0x00000000c03fffd8, 0x00000000c0300000| Untracked 
|   4|0x00000000c0400000, 0x00000000c04fffd8, 0x00000000c0500000| 99%| O|  |TAMS 0x00000000c04fffd8, 0x00000000c0400000| Untracked 
|   5|0x00000000c0500000, 0x00000000c05fffe8, 0x00000000c0600000| 99%| O|  |TAMS 0x00000000c05fffe8, 0x00000000c0500000| Untracked 
|   6|0x00000000c0600000, 0x00000000c06ffff0, 0x00000000c0700000| 99%| O|  |TAMS 0x00000000c06ffff0, 0x00000000c0600000| Untracked 
|   7|0x00000000c0700000, 0x00000000c0800000, 0x00000000c0800000|100%| O|  |TAMS 0x00000000c0800000, 0x00000000c0700000| Untracked 
|   8|0x00000000c0800000, 0x00000000c08ffff0, 0x00000000c0900000| 99%| O|  |TAMS 0x00000000c08ffff0, 0x00000000c0800000| Untracked 
|   9|0x00000000c0900000, 0x00000000c09fffe8, 0x00000000c0a00000| 99%| O|  |TAMS 0x00000000c09fffe8, 0x00000000c0900000| Untracked 
|  10|0x00000000c0a00000, 0x00000000c0afffa8, 0x00000000c0b00000| 99%| O|  |TAMS 0x00000000c0afffa8, 0x00000000c0a00000| Untracked 
|  11|0x00000000c0b00000, 0x00000000c0bffff0, 0x00000000c0c00000| 99%| O|  |TAMS 0x00000000c0bffff0, 0x00000000c0b00000| Untracked 
|  12|0x00000000c0c00000, 0x00000000c0cfdac0, 0x00000000c0d00000| 99%| O|  |TAMS 0x00000000c0cfdac0, 0x00000000c0c00000| Untracked 
|  13|0x00000000c0d00000, 0x00000000c0dffff8, 0x00000000c0e00000| 99%| O|  |TAMS 0x00000000c0dffff8, 0x00000000c0d00000| Untracked 
|  14|0x00000000c0e00000, 0x00000000c0efffd8, 0x00000000c0f00000| 99%| O|  |TAMS 0x00000000c0efffd8, 0x00000000c0e00000| Untracked 
|  15|0x00000000c0f00000, 0x00000000c1000000, 0x00000000c1000000|100%| O|  |TAMS 0x00000000c1000000, 0x00000000c0f00000| Untracked 
|  16|0x00000000c1000000, 0x00000000c10fffe0, 0x00000000c1100000| 99%| O|  |TAMS 0x00000000c10fffe0, 0x00000000c1000000| Untracked 
|  17|0x00000000c1100000, 0x00000000c11fffe8, 0x00000000c1200000| 99%| O|  |TAMS 0x00000000c11fffe8, 0x00000000c1100000| Untracked 
|  18|0x00000000c1200000, 0x00000000c12fabc0, 0x00000000c1300000| 97%| O|  |TAMS 0x00000000c12fabc0, 0x00000000c1200000| Untracked 
|  19|0x00000000c1300000, 0x00000000c13ffff0, 0x00000000c1400000| 99%| O|  |TAMS 0x00000000c13ffff0, 0x00000000c1300000| Untracked 
|  20|0x00000000c1400000, 0x00000000c14fffd0, 0x00000000c1500000| 99%| O|  |TAMS 0x00000000c14fffd0, 0x00000000c1400000| Untracked 
|  21|0x00000000c1500000, 0x00000000c15fffe8, 0x00000000c1600000| 99%| O|  |TAMS 0x00000000c15fffe8, 0x00000000c1500000| Untracked 
|  22|0x00000000c1600000, 0x00000000c16fffd8, 0x00000000c1700000| 99%| O|  |TAMS 0x00000000c16fffd8, 0x00000000c1600000| Untracked 
|  23|0x00000000c1700000, 0x00000000c17fffb0, 0x00000000c1800000| 99%| O|  |TAMS 0x00000000c17fffb0, 0x00000000c1700000| Untracked 
|  24|0x00000000c1800000, 0x00000000c18ffe70, 0x00000000c1900000| 99%| O|  |TAMS 0x00000000c18ffe70, 0x00000000c1800000| Untracked 
|  25|0x00000000c1900000, 0x00000000c19ffe40, 0x00000000c1a00000| 99%| O|  |TAMS 0x00000000c19ffe40, 0x00000000c1900000| Untracked 
|  26|0x00000000c1a00000, 0x00000000c1b00000, 0x00000000c1b00000|100%| O|  |TAMS 0x00000000c1b00000, 0x00000000c1a00000| Untracked 
|  27|0x00000000c1b00000, 0x00000000c1bffff0, 0x00000000c1c00000| 99%| O|  |TAMS 0x00000000c1bffff0, 0x00000000c1b00000| Untracked 
|  28|0x00000000c1c00000, 0x00000000c1cffff0, 0x00000000c1d00000| 99%| O|  |TAMS 0x00000000c1cffff0, 0x00000000c1c00000| Untracked 
|  29|0x00000000c1d00000, 0x00000000c1dfffb8, 0x00000000c1e00000| 99%| O|  |TAMS 0x00000000c1dfffb8, 0x00000000c1d00000| Untracked 
|  30|0x00000000c1e00000, 0x00000000c1effff0, 0x00000000c1f00000| 99%| O|  |TAMS 0x00000000c1effff0, 0x00000000c1e00000| Untracked 
|  31|0x00000000c1f00000, 0x00000000c1ff3460, 0x00000000c2000000| 95%| O|  |TAMS 0x00000000c1ff3460, 0x00000000c1f00000| Untracked 
|  32|0x00000000c2000000, 0x00000000c2100000, 0x00000000c2100000|100%| O|  |TAMS 0x00000000c2100000, 0x00000000c2000000| Untracked 
|  33|0x00000000c2100000, 0x00000000c2200000, 0x00000000c2200000|100%| O|  |TAMS 0x00000000c2200000, 0x00000000c2100000| Untracked 
|  34|0x00000000c2200000, 0x00000000c22ffff0, 0x00000000c2300000| 99%| O|  |TAMS 0x00000000c22ffff0, 0x00000000c2200000| Untracked 
|  35|0x00000000c2300000, 0x00000000c23fffb0, 0x00000000c2400000| 99%| O|  |TAMS 0x00000000c23fffb0, 0x00000000c2300000| Untracked 
|  36|0x00000000c2400000, 0x00000000c24fffc8, 0x00000000c2500000| 99%| O|  |TAMS 0x00000000c24fffc8, 0x00000000c2400000| Untracked 
|  37|0x00000000c2500000, 0x00000000c25fffd8, 0x00000000c2600000| 99%| O|  |TAMS 0x00000000c25fffd8, 0x00000000c2500000| Untracked 
|  38|0x00000000c2600000, 0x00000000c26fffd0, 0x00000000c2700000| 99%| O|  |TAMS 0x00000000c26fffd0, 0x00000000c2600000| Untracked 
|  39|0x00000000c2700000, 0x00000000c2800000, 0x00000000c2800000|100%|HS|  |TAMS 0x00000000c2800000, 0x00000000c2700000| Untracked 
|  40|0x00000000c2800000, 0x00000000c2900000, 0x00000000c2900000|100%|HC|  |TAMS 0x00000000c2900000, 0x00000000c2800000| Untracked 
|  41|0x00000000c2900000, 0x00000000c2a00000, 0x00000000c2a00000|100%|HS|  |TAMS 0x00000000c2a00000, 0x00000000c2900000| Untracked 
|  42|0x00000000c2a00000, 0x00000000c2afffe0, 0x00000000c2b00000| 99%| O|  |TAMS 0x00000000c2afffe0, 0x00000000c2a00000| Untracked 
|  43|0x00000000c2b00000, 0x00000000c2bfffe8, 0x00000000c2c00000| 99%| O|  |TAMS 0x00000000c2bfffe8, 0x00000000c2b00000| Untracked 
|  44|0x00000000c2c00000, 0x00000000c2cfe9c0, 0x00000000c2d00000| 99%| O|  |TAMS 0x00000000c2cfe9c0, 0x00000000c2c00000| Untracked 
|  45|0x00000000c2d00000, 0x00000000c2dfffd8, 0x00000000c2e00000| 99%| O|  |TAMS 0x00000000c2dfffd8, 0x00000000c2d00000| Untracked 
|  46|0x00000000c2e00000, 0x00000000c2effff8, 0x00000000c2f00000| 99%| O|  |TAMS 0x00000000c2effff8, 0x00000000c2e00000| Untracked 
|  47|0x00000000c2f00000, 0x00000000c2ffbda8, 0x00000000c3000000| 98%| O|  |TAMS 0x00000000c2ffbda8, 0x00000000c2f00000| Untracked 
|  48|0x00000000c3000000, 0x00000000c30fffe8, 0x00000000c3100000| 99%| O|  |TAMS 0x00000000c30fffe8, 0x00000000c3000000| Untracked 
|  49|0x00000000c3100000, 0x00000000c31ffff0, 0x00000000c3200000| 99%| O|  |TAMS 0x00000000c31ffff0, 0x00000000c3100000| Untracked 
|  50|0x00000000c3200000, 0x00000000c32fffb0, 0x00000000c3300000| 99%| O|  |TAMS 0x00000000c32fffb0, 0x00000000c3200000| Untracked 
|  51|0x00000000c3300000, 0x00000000c33ffff8, 0x00000000c3400000| 99%| O|  |TAMS 0x00000000c33ffff8, 0x00000000c3300000| Untracked 
|  52|0x00000000c3400000, 0x00000000c34ffff0, 0x00000000c3500000| 99%| O|  |TAMS 0x00000000c34ffff0, 0x00000000c3400000| Untracked 
|  53|0x00000000c3500000, 0x00000000c35f0e50, 0x00000000c3600000| 94%| O|  |TAMS 0x00000000c3500000, 0x00000000c3500000| Untracked 
|  54|0x00000000c3600000, 0x00000000c36fffd8, 0x00000000c3700000| 99%| O|  |TAMS 0x00000000c36fffd8, 0x00000000c3600000| Untracked 
|  55|0x00000000c3700000, 0x00000000c37ffff0, 0x00000000c3800000| 99%| O|  |TAMS 0x00000000c37ffff0, 0x00000000c3700000| Untracked 
|  56|0x00000000c3800000, 0x00000000c38d9768, 0x00000000c3900000| 84%| O|  |TAMS 0x00000000c3800000, 0x00000000c3800000| Untracked 
|  57|0x00000000c3900000, 0x00000000c39fffe8, 0x00000000c3a00000| 99%| O|  |TAMS 0x00000000c39fffe8, 0x00000000c3900000| Untracked 
|  58|0x00000000c3a00000, 0x00000000c3afffd0, 0x00000000c3b00000| 99%| O|  |TAMS 0x00000000c3afffd0, 0x00000000c3a00000| Untracked 
|  59|0x00000000c3b00000, 0x00000000c3bfffe0, 0x00000000c3c00000| 99%| O|  |TAMS 0x00000000c3bfffe0, 0x00000000c3b00000| Untracked 
|  60|0x00000000c3c00000, 0x00000000c3cff170, 0x00000000c3d00000| 99%| O|  |TAMS 0x00000000c3cff170, 0x00000000c3c00000| Untracked 
|  61|0x00000000c3d00000, 0x00000000c3dfaf68, 0x00000000c3e00000| 98%| O|  |TAMS 0x00000000c3dfaf68, 0x00000000c3d00000| Untracked 
|  62|0x00000000c3e00000, 0x00000000c3e91c18, 0x00000000c3f00000| 56%| O|  |TAMS 0x00000000c3e00000, 0x00000000c3e00000| Untracked 
|  63|0x00000000c3f00000, 0x00000000c3ff6e68, 0x00000000c4000000| 96%| O|  |TAMS 0x00000000c3ff6e68, 0x00000000c3f00000| Untracked 
|  64|0x00000000c4000000, 0x00000000c4000498, 0x00000000c4100000|  0%| O|  |TAMS 0x00000000c4000000, 0x00000000c4000000| Untracked 
|  65|0x00000000c4100000, 0x00000000c4200000, 0x00000000c4200000|100%| O|  |TAMS 0x00000000c4200000, 0x00000000c4100000| Untracked 
|  66|0x00000000c4200000, 0x00000000c42ffff0, 0x00000000c4300000| 99%| O|  |TAMS 0x00000000c42ffff0, 0x00000000c4200000| Untracked 
|  67|0x00000000c4300000, 0x00000000c43ffff8, 0x00000000c4400000| 99%| O|  |TAMS 0x00000000c43ffff8, 0x00000000c4300000| Untracked 
|  68|0x00000000c4400000, 0x00000000c44fffe0, 0x00000000c4500000| 99%| O|  |TAMS 0x00000000c44fffe0, 0x00000000c4400000| Untracked 
|  69|0x00000000c4500000, 0x00000000c4500000, 0x00000000c4600000|  0%| F|  |TAMS 0x00000000c4500000, 0x00000000c4500000| Untracked 
|  70|0x00000000c4600000, 0x00000000c4700000, 0x00000000c4700000|100%| O|  |TAMS 0x00000000c4700000, 0x00000000c4600000| Untracked 
|  71|0x00000000c4700000, 0x00000000c47ffb48, 0x00000000c4800000| 99%| O|  |TAMS 0x00000000c47ffb48, 0x00000000c4700000| Untracked 
|  72|0x00000000c4800000, 0x00000000c48fffe8, 0x00000000c4900000| 99%| O|  |TAMS 0x00000000c48fffe8, 0x00000000c4800000| Untracked 
|  73|0x00000000c4900000, 0x00000000c4900000, 0x00000000c4a00000|  0%| F|  |TAMS 0x00000000c4900000, 0x00000000c4900000| Untracked 
|  74|0x00000000c4a00000, 0x00000000c4afc9e0, 0x00000000c4b00000| 98%| O|  |TAMS 0x00000000c4afc9e0, 0x00000000c4a00000| Untracked 
|  75|0x00000000c4b00000, 0x00000000c4bffff8, 0x00000000c4c00000| 99%| O|  |TAMS 0x00000000c4bffff8, 0x00000000c4b00000| Untracked 
|  76|0x00000000c4c00000, 0x00000000c4cfffe0, 0x00000000c4d00000| 99%| O|  |TAMS 0x00000000c4cfffe0, 0x00000000c4c00000| Untracked 
|  77|0x00000000c4d00000, 0x00000000c4d00000, 0x00000000c4e00000|  0%| F|  |TAMS 0x00000000c4d00000, 0x00000000c4d00000| Untracked 
|  78|0x00000000c4e00000, 0x00000000c4e00000, 0x00000000c4f00000|  0%| F|  |TAMS 0x00000000c4e00000, 0x00000000c4e00000| Untracked 
|  79|0x00000000c4f00000, 0x00000000c4ffff88, 0x00000000c5000000| 99%| O|  |TAMS 0x00000000c4ffff88, 0x00000000c4f00000| Untracked 
|  80|0x00000000c5000000, 0x00000000c5000000, 0x00000000c5100000|  0%| F|  |TAMS 0x00000000c5000000, 0x00000000c5000000| Untracked 
|  81|0x00000000c5100000, 0x00000000c5100000, 0x00000000c5200000|  0%| F|  |TAMS 0x00000000c5100000, 0x00000000c5100000| Untracked 
|  82|0x00000000c5200000, 0x00000000c5200000, 0x00000000c5300000|  0%| F|  |TAMS 0x00000000c5200000, 0x00000000c5200000| Untracked 
|  83|0x00000000c5300000, 0x00000000c53ffff0, 0x00000000c5400000| 99%| O|  |TAMS 0x00000000c53ffff0, 0x00000000c5300000| Untracked 
|  84|0x00000000c5400000, 0x00000000c5400000, 0x00000000c5500000|  0%| F|  |TAMS 0x00000000c5400000, 0x00000000c5400000| Untracked 
|  85|0x00000000c5500000, 0x00000000c5500000, 0x00000000c5600000|  0%| F|  |TAMS 0x00000000c5500000, 0x00000000c5500000| Untracked 
|  86|0x00000000c5600000, 0x00000000c5600000, 0x00000000c5700000|  0%| F|  |TAMS 0x00000000c5600000, 0x00000000c5600000| Untracked 
|  87|0x00000000c5700000, 0x00000000c5700000, 0x00000000c5800000|  0%| F|  |TAMS 0x00000000c5700000, 0x00000000c5700000| Untracked 
|  88|0x00000000c5800000, 0x00000000c5800000, 0x00000000c5900000|  0%| F|  |TAMS 0x00000000c5800000, 0x00000000c5800000| Untracked 
|  89|0x00000000c5900000, 0x00000000c5900000, 0x00000000c5a00000|  0%| F|  |TAMS 0x00000000c5900000, 0x00000000c5900000| Untracked 
|  90|0x00000000c5a00000, 0x00000000c5a00000, 0x00000000c5b00000|  0%| F|  |TAMS 0x00000000c5a00000, 0x00000000c5a00000| Untracked 
|  91|0x00000000c5b00000, 0x00000000c5b00000, 0x00000000c5c00000|  0%| F|  |TAMS 0x00000000c5b00000, 0x00000000c5b00000| Untracked 
|  92|0x00000000c5c00000, 0x00000000c5c00000, 0x00000000c5d00000|  0%| F|  |TAMS 0x00000000c5c00000, 0x00000000c5c00000| Untracked 
|  93|0x00000000c5d00000, 0x00000000c5d00000, 0x00000000c5e00000|  0%| F|  |TAMS 0x00000000c5d00000, 0x00000000c5d00000| Untracked 
|  94|0x00000000c5e00000, 0x00000000c5e00000, 0x00000000c5f00000|  0%| F|  |TAMS 0x00000000c5e00000, 0x00000000c5e00000| Untracked 
|  95|0x00000000c5f00000, 0x00000000c5f00000, 0x00000000c6000000|  0%| F|  |TAMS 0x00000000c5f00000, 0x00000000c5f00000| Untracked 
|  96|0x00000000c6000000, 0x00000000c6000000, 0x00000000c6100000|  0%| F|  |TAMS 0x00000000c6000000, 0x00000000c6000000| Untracked 
|  97|0x00000000c6100000, 0x00000000c6100000, 0x00000000c6200000|  0%| F|  |TAMS 0x00000000c6100000, 0x00000000c6100000| Untracked 
|  98|0x00000000c6200000, 0x00000000c6200000, 0x00000000c6300000|  0%| F|  |TAMS 0x00000000c6200000, 0x00000000c6200000| Untracked 
|  99|0x00000000c6300000, 0x00000000c6300000, 0x00000000c6400000|  0%| F|  |TAMS 0x00000000c6300000, 0x00000000c6300000| Untracked 
| 100|0x00000000c6400000, 0x00000000c6400000, 0x00000000c6500000|  0%| F|  |TAMS 0x00000000c6400000, 0x00000000c6400000| Untracked 
| 101|0x00000000c6500000, 0x00000000c6500000, 0x00000000c6600000|  0%| F|  |TAMS 0x00000000c6500000, 0x00000000c6500000| Untracked 
| 102|0x00000000c6600000, 0x00000000c6600000, 0x00000000c6700000|  0%| F|  |TAMS 0x00000000c6600000, 0x00000000c6600000| Untracked 
| 103|0x00000000c6700000, 0x00000000c6700000, 0x00000000c6800000|  0%| F|  |TAMS 0x00000000c6700000, 0x00000000c6700000| Untracked 
| 104|0x00000000c6800000, 0x00000000c6800000, 0x00000000c6900000|  0%| F|  |TAMS 0x00000000c6800000, 0x00000000c6800000| Untracked 
| 105|0x00000000c6900000, 0x00000000c6900000, 0x00000000c6a00000|  0%| F|  |TAMS 0x00000000c6900000, 0x00000000c6900000| Untracked 
| 106|0x00000000c6a00000, 0x00000000c6a00000, 0x00000000c6b00000|  0%| F|  |TAMS 0x00000000c6a00000, 0x00000000c6a00000| Untracked 
| 107|0x00000000c6b00000, 0x00000000c6b00000, 0x00000000c6c00000|  0%| F|  |TAMS 0x00000000c6b00000, 0x00000000c6b00000| Untracked 
| 108|0x00000000c6c00000, 0x00000000c6c00000, 0x00000000c6d00000|  0%| F|  |TAMS 0x00000000c6c00000, 0x00000000c6c00000| Untracked 
| 109|0x00000000c6d00000, 0x00000000c6d00000, 0x00000000c6e00000|  0%| F|  |TAMS 0x00000000c6d00000, 0x00000000c6d00000| Untracked 
| 110|0x00000000c6e00000, 0x00000000c6effff8, 0x00000000c6f00000| 99%| O|  |TAMS 0x00000000c6effff8, 0x00000000c6e00000| Untracked 
| 111|0x00000000c6f00000, 0x00000000c6fffff8, 0x00000000c7000000| 99%| O|  |TAMS 0x00000000c6fffff8, 0x00000000c6f00000| Untracked 
| 112|0x00000000c7000000, 0x00000000c7000000, 0x00000000c7100000|  0%| F|  |TAMS 0x00000000c7000000, 0x00000000c7000000| Untracked 
| 113|0x00000000c7100000, 0x00000000c7100000, 0x00000000c7200000|  0%| F|  |TAMS 0x00000000c7100000, 0x00000000c7100000| Untracked 
| 114|0x00000000c7200000, 0x00000000c7200000, 0x00000000c7300000|  0%| F|  |TAMS 0x00000000c7200000, 0x00000000c7200000| Untracked 
| 115|0x00000000c7300000, 0x00000000c7300000, 0x00000000c7400000|  0%| F|  |TAMS 0x00000000c7300000, 0x00000000c7300000| Untracked 
| 116|0x00000000c7400000, 0x00000000c7400000, 0x00000000c7500000|  0%| F|  |TAMS 0x00000000c7400000, 0x00000000c7400000| Untracked 
| 117|0x00000000c7500000, 0x00000000c7500000, 0x00000000c7600000|  0%| F|  |TAMS 0x00000000c7500000, 0x00000000c7500000| Untracked 
| 118|0x00000000c7600000, 0x00000000c76fffd8, 0x00000000c7700000| 99%| O|  |TAMS 0x00000000c76fffd8, 0x00000000c7600000| Untracked 
| 119|0x00000000c7700000, 0x00000000c7700000, 0x00000000c7800000|  0%| F|  |TAMS 0x00000000c7700000, 0x00000000c7700000| Untracked 
| 120|0x00000000c7800000, 0x00000000c7800000, 0x00000000c7900000|  0%| F|  |TAMS 0x00000000c7800000, 0x00000000c7800000| Untracked 
| 121|0x00000000c7900000, 0x00000000c7900000, 0x00000000c7a00000|  0%| F|  |TAMS 0x00000000c7900000, 0x00000000c7900000| Untracked 
| 122|0x00000000c7a00000, 0x00000000c7a00000, 0x00000000c7b00000|  0%| F|  |TAMS 0x00000000c7a00000, 0x00000000c7a00000| Untracked 
| 123|0x00000000c7b00000, 0x00000000c7b00000, 0x00000000c7c00000|  0%| F|  |TAMS 0x00000000c7b00000, 0x00000000c7b00000| Untracked 
| 124|0x00000000c7c00000, 0x00000000c7c00000, 0x00000000c7d00000|  0%| F|  |TAMS 0x00000000c7c00000, 0x00000000c7c00000| Untracked 
| 125|0x00000000c7d00000, 0x00000000c7d00000, 0x00000000c7e00000|  0%| F|  |TAMS 0x00000000c7d00000, 0x00000000c7d00000| Untracked 
| 126|0x00000000c7e00000, 0x00000000c7e00000, 0x00000000c7f00000|  0%| F|  |TAMS 0x00000000c7e00000, 0x00000000c7e00000| Untracked 
| 127|0x00000000c7f00000, 0x00000000c7f00000, 0x00000000c8000000|  0%| F|  |TAMS 0x00000000c7f00000, 0x00000000c7f00000| Untracked 
| 128|0x00000000c8000000, 0x00000000c8000000, 0x00000000c8100000|  0%| F|  |TAMS 0x00000000c8000000, 0x00000000c8000000| Untracked 
| 129|0x00000000c8100000, 0x00000000c8100000, 0x00000000c8200000|  0%| F|  |TAMS 0x00000000c8100000, 0x00000000c8100000| Untracked 
| 130|0x00000000c8200000, 0x00000000c8200000, 0x00000000c8300000|  0%| F|  |TAMS 0x00000000c8200000, 0x00000000c8200000| Untracked 
| 131|0x00000000c8300000, 0x00000000c8300000, 0x00000000c8400000|  0%| F|  |TAMS 0x00000000c8300000, 0x00000000c8300000| Untracked 
| 132|0x00000000c8400000, 0x00000000c8400000, 0x00000000c8500000|  0%| F|  |TAMS 0x00000000c8400000, 0x00000000c8400000| Untracked 
| 133|0x00000000c8500000, 0x00000000c8500000, 0x00000000c8600000|  0%| F|  |TAMS 0x00000000c8500000, 0x00000000c8500000| Untracked 
| 134|0x00000000c8600000, 0x00000000c8600000, 0x00000000c8700000|  0%| F|  |TAMS 0x00000000c8600000, 0x00000000c8600000| Untracked 
| 135|0x00000000c8700000, 0x00000000c8700000, 0x00000000c8800000|  0%| F|  |TAMS 0x00000000c8700000, 0x00000000c8700000| Untracked 
| 136|0x00000000c8800000, 0x00000000c8800000, 0x00000000c8900000|  0%| F|  |TAMS 0x00000000c8800000, 0x00000000c8800000| Untracked 
| 137|0x00000000c8900000, 0x00000000c8900000, 0x00000000c8a00000|  0%| F|  |TAMS 0x00000000c8900000, 0x00000000c8900000| Untracked 
| 138|0x00000000c8a00000, 0x00000000c8a00000, 0x00000000c8b00000|  0%| F|  |TAMS 0x00000000c8a00000, 0x00000000c8a00000| Untracked 
| 139|0x00000000c8b00000, 0x00000000c8b00000, 0x00000000c8c00000|  0%| F|  |TAMS 0x00000000c8b00000, 0x00000000c8b00000| Untracked 
| 140|0x00000000c8c00000, 0x00000000c8c00000, 0x00000000c8d00000|  0%| F|  |TAMS 0x00000000c8c00000, 0x00000000c8c00000| Untracked 
| 141|0x00000000c8d00000, 0x00000000c8d00000, 0x00000000c8e00000|  0%| F|  |TAMS 0x00000000c8d00000, 0x00000000c8d00000| Untracked 
| 142|0x00000000c8e00000, 0x00000000c8e00000, 0x00000000c8f00000|  0%| F|  |TAMS 0x00000000c8e00000, 0x00000000c8e00000| Untracked 
| 143|0x00000000c8f00000, 0x00000000c8f00000, 0x00000000c9000000|  0%| F|  |TAMS 0x00000000c8f00000, 0x00000000c8f00000| Untracked 
| 144|0x00000000c9000000, 0x00000000c9000000, 0x00000000c9100000|  0%| F|  |TAMS 0x00000000c9000000, 0x00000000c9000000| Untracked 
| 145|0x00000000c9100000, 0x00000000c9100000, 0x00000000c9200000|  0%| F|  |TAMS 0x00000000c9100000, 0x00000000c9100000| Untracked 
| 146|0x00000000c9200000, 0x00000000c9200000, 0x00000000c9300000|  0%| F|  |TAMS 0x00000000c9200000, 0x00000000c9200000| Untracked 
| 147|0x00000000c9300000, 0x00000000c9300000, 0x00000000c9400000|  0%| F|  |TAMS 0x00000000c9300000, 0x00000000c9300000| Untracked 
| 148|0x00000000c9400000, 0x00000000c9400000, 0x00000000c9500000|  0%| F|  |TAMS 0x00000000c9400000, 0x00000000c9400000| Untracked 
| 149|0x00000000c9500000, 0x00000000c9500000, 0x00000000c9600000|  0%| F|  |TAMS 0x00000000c9500000, 0x00000000c9500000| Untracked 
| 150|0x00000000c9600000, 0x00000000c9600000, 0x00000000c9700000|  0%| F|  |TAMS 0x00000000c9600000, 0x00000000c9600000| Untracked 
| 151|0x00000000c9700000, 0x00000000c9700000, 0x00000000c9800000|  0%| F|  |TAMS 0x00000000c9700000, 0x00000000c9700000| Untracked 
| 152|0x00000000c9800000, 0x00000000c9800000, 0x00000000c9900000|  0%| F|  |TAMS 0x00000000c9800000, 0x00000000c9800000| Untracked 
| 153|0x00000000c9900000, 0x00000000c9900000, 0x00000000c9a00000|  0%| F|  |TAMS 0x00000000c9900000, 0x00000000c9900000| Untracked 
| 154|0x00000000c9a00000, 0x00000000c9a00000, 0x00000000c9b00000|  0%| F|  |TAMS 0x00000000c9a00000, 0x00000000c9a00000| Untracked 
| 155|0x00000000c9b00000, 0x00000000c9b00000, 0x00000000c9c00000|  0%| F|  |TAMS 0x00000000c9b00000, 0x00000000c9b00000| Untracked 
| 156|0x00000000c9c00000, 0x00000000c9c00000, 0x00000000c9d00000|  0%| F|  |TAMS 0x00000000c9c00000, 0x00000000c9c00000| Untracked 
| 157|0x00000000c9d00000, 0x00000000c9d00000, 0x00000000c9e00000|  0%| F|  |TAMS 0x00000000c9d00000, 0x00000000c9d00000| Untracked 
| 158|0x00000000c9e00000, 0x00000000c9e00000, 0x00000000c9f00000|  0%| F|  |TAMS 0x00000000c9e00000, 0x00000000c9e00000| Untracked 
| 159|0x00000000c9f00000, 0x00000000c9f00000, 0x00000000ca000000|  0%| F|  |TAMS 0x00000000c9f00000, 0x00000000c9f00000| Untracked 
| 160|0x00000000ca000000, 0x00000000ca000000, 0x00000000ca100000|  0%| F|  |TAMS 0x00000000ca000000, 0x00000000ca000000| Untracked 
| 161|0x00000000ca100000, 0x00000000ca100000, 0x00000000ca200000|  0%| F|  |TAMS 0x00000000ca100000, 0x00000000ca100000| Untracked 
| 162|0x00000000ca200000, 0x00000000ca200000, 0x00000000ca300000|  0%| F|  |TAMS 0x00000000ca200000, 0x00000000ca200000| Untracked 
| 163|0x00000000ca300000, 0x00000000ca300000, 0x00000000ca400000|  0%| F|  |TAMS 0x00000000ca300000, 0x00000000ca300000| Untracked 
| 164|0x00000000ca400000, 0x00000000ca500000, 0x00000000ca500000|100%|HS|  |TAMS 0x00000000ca500000, 0x00000000ca400000| Untracked 
| 165|0x00000000ca500000, 0x00000000ca500000, 0x00000000ca600000|  0%| F|  |TAMS 0x00000000ca500000, 0x00000000ca500000| Untracked 
| 166|0x00000000ca600000, 0x00000000ca600000, 0x00000000ca700000|  0%| F|  |TAMS 0x00000000ca600000, 0x00000000ca600000| Untracked 
| 167|0x00000000ca700000, 0x00000000ca700000, 0x00000000ca800000|  0%| F|  |TAMS 0x00000000ca700000, 0x00000000ca700000| Untracked 
| 168|0x00000000ca800000, 0x00000000ca800000, 0x00000000ca900000|  0%| F|  |TAMS 0x00000000ca800000, 0x00000000ca800000| Untracked 
| 169|0x00000000ca900000, 0x00000000ca900000, 0x00000000caa00000|  0%| F|  |TAMS 0x00000000ca900000, 0x00000000ca900000| Untracked 
| 170|0x00000000caa00000, 0x00000000cab00000, 0x00000000cab00000|100%| O|  |TAMS 0x00000000cab00000, 0x00000000caa00000| Untracked 
| 171|0x00000000cab00000, 0x00000000cab00000, 0x00000000cac00000|  0%| F|  |TAMS 0x00000000cab00000, 0x00000000cab00000| Untracked 
| 172|0x00000000cac00000, 0x00000000cac00000, 0x00000000cad00000|  0%| F|  |TAMS 0x00000000cac00000, 0x00000000cac00000| Untracked 
| 173|0x00000000cad00000, 0x00000000cad00000, 0x00000000cae00000|  0%| F|  |TAMS 0x00000000cad00000, 0x00000000cad00000| Untracked 
| 174|0x00000000cae00000, 0x00000000caf00000, 0x00000000caf00000|100%| O|  |TAMS 0x00000000caf00000, 0x00000000cae00000| Untracked 
| 175|0x00000000caf00000, 0x00000000caf00000, 0x00000000cb000000|  0%| F|  |TAMS 0x00000000caf00000, 0x00000000caf00000| Untracked 
| 176|0x00000000cb000000, 0x00000000cb000000, 0x00000000cb100000|  0%| F|  |TAMS 0x00000000cb000000, 0x00000000cb000000| Untracked 
| 177|0x00000000cb100000, 0x00000000cb100000, 0x00000000cb200000|  0%| F|  |TAMS 0x00000000cb100000, 0x00000000cb100000| Untracked 
| 178|0x00000000cb200000, 0x00000000cb200000, 0x00000000cb300000|  0%| F|  |TAMS 0x00000000cb200000, 0x00000000cb200000| Untracked 
| 179|0x00000000cb300000, 0x00000000cb300000, 0x00000000cb400000|  0%| F|  |TAMS 0x00000000cb300000, 0x00000000cb300000| Untracked 
| 180|0x00000000cb400000, 0x00000000cb400000, 0x00000000cb500000|  0%| F|  |TAMS 0x00000000cb400000, 0x00000000cb400000| Untracked 
| 181|0x00000000cb500000, 0x00000000cb500000, 0x00000000cb600000|  0%| F|  |TAMS 0x00000000cb500000, 0x00000000cb500000| Untracked 
| 182|0x00000000cb600000, 0x00000000cb600000, 0x00000000cb700000|  0%| F|  |TAMS 0x00000000cb600000, 0x00000000cb600000| Untracked 
| 183|0x00000000cb700000, 0x00000000cb700000, 0x00000000cb800000|  0%| F|  |TAMS 0x00000000cb700000, 0x00000000cb700000| Untracked 
| 184|0x00000000cb800000, 0x00000000cb800000, 0x00000000cb900000|  0%| F|  |TAMS 0x00000000cb800000, 0x00000000cb800000| Untracked 
| 185|0x00000000cb900000, 0x00000000cb900000, 0x00000000cba00000|  0%| F|  |TAMS 0x00000000cb900000, 0x00000000cb900000| Untracked 
| 186|0x00000000cba00000, 0x00000000cba00000, 0x00000000cbb00000|  0%| F|  |TAMS 0x00000000cba00000, 0x00000000cba00000| Untracked 
| 187|0x00000000cbb00000, 0x00000000cbb00000, 0x00000000cbc00000|  0%| F|  |TAMS 0x00000000cbb00000, 0x00000000cbb00000| Untracked 
| 188|0x00000000cbc00000, 0x00000000cbc00000, 0x00000000cbd00000|  0%| F|  |TAMS 0x00000000cbc00000, 0x00000000cbc00000| Untracked 
| 189|0x00000000cbd00000, 0x00000000cbd00000, 0x00000000cbe00000|  0%| F|  |TAMS 0x00000000cbd00000, 0x00000000cbd00000| Untracked 
| 190|0x00000000cbe00000, 0x00000000cbe00000, 0x00000000cbf00000|  0%| F|  |TAMS 0x00000000cbe00000, 0x00000000cbe00000| Untracked 
| 191|0x00000000cbf00000, 0x00000000cbf00000, 0x00000000cc000000|  0%| F|  |TAMS 0x00000000cbf00000, 0x00000000cbf00000| Untracked 
| 192|0x00000000cc000000, 0x00000000cc000000, 0x00000000cc100000|  0%| F|  |TAMS 0x00000000cc000000, 0x00000000cc000000| Untracked 
| 193|0x00000000cc100000, 0x00000000cc100000, 0x00000000cc200000|  0%| F|  |TAMS 0x00000000cc100000, 0x00000000cc100000| Untracked 
| 194|0x00000000cc200000, 0x00000000cc200000, 0x00000000cc300000|  0%| F|  |TAMS 0x00000000cc200000, 0x00000000cc200000| Untracked 
| 195|0x00000000cc300000, 0x00000000cc300000, 0x00000000cc400000|  0%| F|  |TAMS 0x00000000cc300000, 0x00000000cc300000| Untracked 
| 196|0x00000000cc400000, 0x00000000cc400000, 0x00000000cc500000|  0%| F|  |TAMS 0x00000000cc400000, 0x00000000cc400000| Untracked 
| 197|0x00000000cc500000, 0x00000000cc500000, 0x00000000cc600000|  0%| F|  |TAMS 0x00000000cc500000, 0x00000000cc500000| Untracked 
| 198|0x00000000cc600000, 0x00000000cc600000, 0x00000000cc700000|  0%| F|  |TAMS 0x00000000cc600000, 0x00000000cc600000| Untracked 
| 199|0x00000000cc700000, 0x00000000cc700000, 0x00000000cc800000|  0%| F|  |TAMS 0x00000000cc700000, 0x00000000cc700000| Untracked 
| 200|0x00000000cc800000, 0x00000000cc800000, 0x00000000cc900000|  0%| F|  |TAMS 0x00000000cc800000, 0x00000000cc800000| Untracked 
| 201|0x00000000cc900000, 0x00000000cc900000, 0x00000000cca00000|  0%| F|  |TAMS 0x00000000cc900000, 0x00000000cc900000| Untracked 
| 202|0x00000000cca00000, 0x00000000cca00000, 0x00000000ccb00000|  0%| F|  |TAMS 0x00000000cca00000, 0x00000000cca00000| Untracked 
| 203|0x00000000ccb00000, 0x00000000ccb00000, 0x00000000ccc00000|  0%| F|  |TAMS 0x00000000ccb00000, 0x00000000ccb00000| Untracked 
| 204|0x00000000ccc00000, 0x00000000ccc00000, 0x00000000ccd00000|  0%| F|  |TAMS 0x00000000ccc00000, 0x00000000ccc00000| Untracked 
| 205|0x00000000ccd00000, 0x00000000ccd00000, 0x00000000cce00000|  0%| F|  |TAMS 0x00000000ccd00000, 0x00000000ccd00000| Untracked 
| 206|0x00000000cce00000, 0x00000000cce00000, 0x00000000ccf00000|  0%| F|  |TAMS 0x00000000cce00000, 0x00000000cce00000| Untracked 
| 207|0x00000000ccf00000, 0x00000000ccf00000, 0x00000000cd000000|  0%| F|  |TAMS 0x00000000ccf00000, 0x00000000ccf00000| Untracked 
| 208|0x00000000cd000000, 0x00000000cd000000, 0x00000000cd100000|  0%| F|  |TAMS 0x00000000cd000000, 0x00000000cd000000| Untracked 
| 209|0x00000000cd100000, 0x00000000cd100000, 0x00000000cd200000|  0%| F|  |TAMS 0x00000000cd100000, 0x00000000cd100000| Untracked 
| 210|0x00000000cd200000, 0x00000000cd200000, 0x00000000cd300000|  0%| F|  |TAMS 0x00000000cd200000, 0x00000000cd200000| Untracked 
| 211|0x00000000cd300000, 0x00000000cd300000, 0x00000000cd400000|  0%| F|  |TAMS 0x00000000cd300000, 0x00000000cd300000| Untracked 
| 212|0x00000000cd400000, 0x00000000cd400000, 0x00000000cd500000|  0%| F|  |TAMS 0x00000000cd400000, 0x00000000cd400000| Untracked 
| 213|0x00000000cd500000, 0x00000000cd500000, 0x00000000cd600000|  0%| F|  |TAMS 0x00000000cd500000, 0x00000000cd500000| Untracked 
| 214|0x00000000cd600000, 0x00000000cd600000, 0x00000000cd700000|  0%| F|  |TAMS 0x00000000cd600000, 0x00000000cd600000| Untracked 
| 215|0x00000000cd700000, 0x00000000cd700000, 0x00000000cd800000|  0%| F|  |TAMS 0x00000000cd700000, 0x00000000cd700000| Untracked 
| 216|0x00000000cd800000, 0x00000000cd800000, 0x00000000cd900000|  0%| F|  |TAMS 0x00000000cd800000, 0x00000000cd800000| Untracked 
| 217|0x00000000cd900000, 0x00000000cda00000, 0x00000000cda00000|100%| O|  |TAMS 0x00000000cda00000, 0x00000000cd900000| Untracked 
| 218|0x00000000cda00000, 0x00000000cda00000, 0x00000000cdb00000|  0%| F|  |TAMS 0x00000000cda00000, 0x00000000cda00000| Untracked 
| 219|0x00000000cdb00000, 0x00000000cdc00000, 0x00000000cdc00000|100%| O|  |TAMS 0x00000000cdc00000, 0x00000000cdb00000| Untracked 
| 220|0x00000000cdc00000, 0x00000000cdc00000, 0x00000000cdd00000|  0%| F|  |TAMS 0x00000000cdc00000, 0x00000000cdc00000| Untracked 
| 221|0x00000000cdd00000, 0x00000000cdd00000, 0x00000000cde00000|  0%| F|  |TAMS 0x00000000cdd00000, 0x00000000cdd00000| Untracked 
| 222|0x00000000cde00000, 0x00000000cde00000, 0x00000000cdf00000|  0%| F|  |TAMS 0x00000000cde00000, 0x00000000cde00000| Untracked 
| 223|0x00000000cdf00000, 0x00000000cdf00000, 0x00000000ce000000|  0%| F|  |TAMS 0x00000000cdf00000, 0x00000000cdf00000| Untracked 
| 224|0x00000000ce000000, 0x00000000ce000000, 0x00000000ce100000|  0%| F|  |TAMS 0x00000000ce000000, 0x00000000ce000000| Untracked 
| 225|0x00000000ce100000, 0x00000000ce100000, 0x00000000ce200000|  0%| F|  |TAMS 0x00000000ce100000, 0x00000000ce100000| Untracked 
| 226|0x00000000ce200000, 0x00000000ce200000, 0x00000000ce300000|  0%| F|  |TAMS 0x00000000ce200000, 0x00000000ce200000| Untracked 
| 227|0x00000000ce300000, 0x00000000ce300000, 0x00000000ce400000|  0%| F|  |TAMS 0x00000000ce300000, 0x00000000ce300000| Untracked 
| 228|0x00000000ce400000, 0x00000000ce400000, 0x00000000ce500000|  0%| F|  |TAMS 0x00000000ce400000, 0x00000000ce400000| Untracked 
| 229|0x00000000ce500000, 0x00000000ce500000, 0x00000000ce600000|  0%| F|  |TAMS 0x00000000ce500000, 0x00000000ce500000| Untracked 
| 230|0x00000000ce600000, 0x00000000ce600000, 0x00000000ce700000|  0%| F|  |TAMS 0x00000000ce600000, 0x00000000ce600000| Untracked 
| 231|0x00000000ce700000, 0x00000000ce700000, 0x00000000ce800000|  0%| F|  |TAMS 0x00000000ce700000, 0x00000000ce700000| Untracked 
| 232|0x00000000ce800000, 0x00000000ce800000, 0x00000000ce900000|  0%| F|  |TAMS 0x00000000ce800000, 0x00000000ce800000| Untracked 
| 233|0x00000000ce900000, 0x00000000ce900000, 0x00000000cea00000|  0%| F|  |TAMS 0x00000000ce900000, 0x00000000ce900000| Untracked 
| 234|0x00000000cea00000, 0x00000000cea00000, 0x00000000ceb00000|  0%| F|  |TAMS 0x00000000cea00000, 0x00000000cea00000| Untracked 
| 235|0x00000000ceb00000, 0x00000000ceb00000, 0x00000000cec00000|  0%| F|  |TAMS 0x00000000ceb00000, 0x00000000ceb00000| Untracked 
| 236|0x00000000cec00000, 0x00000000cec00000, 0x00000000ced00000|  0%| F|  |TAMS 0x00000000cec00000, 0x00000000cec00000| Untracked 
| 237|0x00000000ced00000, 0x00000000cee00000, 0x00000000cee00000|100%| O|  |TAMS 0x00000000cee00000, 0x00000000ced00000| Untracked 
| 238|0x00000000cee00000, 0x00000000cef00000, 0x00000000cef00000|100%| O|  |TAMS 0x00000000cef00000, 0x00000000cee00000| Untracked 
| 239|0x00000000cef00000, 0x00000000cef00000, 0x00000000cf000000|  0%| F|  |TAMS 0x00000000cef00000, 0x00000000cef00000| Untracked 
| 240|0x00000000cf000000, 0x00000000cf000000, 0x00000000cf100000|  0%| F|  |TAMS 0x00000000cf000000, 0x00000000cf000000| Untracked 
| 241|0x00000000cf100000, 0x00000000cf100000, 0x00000000cf200000|  0%| F|  |TAMS 0x00000000cf100000, 0x00000000cf100000| Untracked 
| 242|0x00000000cf200000, 0x00000000cf200000, 0x00000000cf300000|  0%| F|  |TAMS 0x00000000cf200000, 0x00000000cf200000| Untracked 
| 243|0x00000000cf300000, 0x00000000cf300000, 0x00000000cf400000|  0%| F|  |TAMS 0x00000000cf300000, 0x00000000cf300000| Untracked 
| 244|0x00000000cf400000, 0x00000000cf400000, 0x00000000cf500000|  0%| F|  |TAMS 0x00000000cf400000, 0x00000000cf400000| Untracked 
| 245|0x00000000cf500000, 0x00000000cf500000, 0x00000000cf600000|  0%| F|  |TAMS 0x00000000cf500000, 0x00000000cf500000| Untracked 
| 246|0x00000000cf600000, 0x00000000cf600000, 0x00000000cf700000|  0%| F|  |TAMS 0x00000000cf600000, 0x00000000cf600000| Untracked 
| 247|0x00000000cf700000, 0x00000000cf700000, 0x00000000cf800000|  0%| F|  |TAMS 0x00000000cf700000, 0x00000000cf700000| Untracked 
| 248|0x00000000cf800000, 0x00000000cf800000, 0x00000000cf900000|  0%| F|  |TAMS 0x00000000cf800000, 0x00000000cf800000| Untracked 
| 249|0x00000000cf900000, 0x00000000cf900000, 0x00000000cfa00000|  0%| F|  |TAMS 0x00000000cf900000, 0x00000000cf900000| Untracked 
| 250|0x00000000cfa00000, 0x00000000cfa00000, 0x00000000cfb00000|  0%| F|  |TAMS 0x00000000cfa00000, 0x00000000cfa00000| Untracked 
| 251|0x00000000cfb00000, 0x00000000cfb00000, 0x00000000cfc00000|  0%| F|  |TAMS 0x00000000cfb00000, 0x00000000cfb00000| Untracked 
| 252|0x00000000cfc00000, 0x00000000cfc00000, 0x00000000cfd00000|  0%| F|  |TAMS 0x00000000cfc00000, 0x00000000cfc00000| Untracked 
| 253|0x00000000cfd00000, 0x00000000cfd00000, 0x00000000cfe00000|  0%| F|  |TAMS 0x00000000cfd00000, 0x00000000cfd00000| Untracked 
| 254|0x00000000cfe00000, 0x00000000cfe00000, 0x00000000cff00000|  0%| F|  |TAMS 0x00000000cfe00000, 0x00000000cfe00000| Untracked 
| 255|0x00000000cff00000, 0x00000000cff00000, 0x00000000d0000000|  0%| F|  |TAMS 0x00000000cff00000, 0x00000000cff00000| Untracked 
| 256|0x00000000d0000000, 0x00000000d0000000, 0x00000000d0100000|  0%| F|  |TAMS 0x00000000d0000000, 0x00000000d0000000| Untracked 
| 257|0x00000000d0100000, 0x00000000d0100000, 0x00000000d0200000|  0%| F|  |TAMS 0x00000000d0100000, 0x00000000d0100000| Untracked 
| 258|0x00000000d0200000, 0x00000000d0200000, 0x00000000d0300000|  0%| F|  |TAMS 0x00000000d0200000, 0x00000000d0200000| Untracked 
| 259|0x00000000d0300000, 0x00000000d0300000, 0x00000000d0400000|  0%| F|  |TAMS 0x00000000d0300000, 0x00000000d0300000| Untracked 
| 260|0x00000000d0400000, 0x00000000d0400000, 0x00000000d0500000|  0%| F|  |TAMS 0x00000000d0400000, 0x00000000d0400000| Untracked 
| 261|0x00000000d0500000, 0x00000000d0500000, 0x00000000d0600000|  0%| F|  |TAMS 0x00000000d0500000, 0x00000000d0500000| Untracked 
| 262|0x00000000d0600000, 0x00000000d0600000, 0x00000000d0700000|  0%| F|  |TAMS 0x00000000d0600000, 0x00000000d0600000| Untracked 
| 263|0x00000000d0700000, 0x00000000d0700000, 0x00000000d0800000|  0%| F|  |TAMS 0x00000000d0700000, 0x00000000d0700000| Untracked 
| 264|0x00000000d0800000, 0x00000000d0800000, 0x00000000d0900000|  0%| F|  |TAMS 0x00000000d0800000, 0x00000000d0800000| Untracked 
| 265|0x00000000d0900000, 0x00000000d0900000, 0x00000000d0a00000|  0%| F|  |TAMS 0x00000000d0900000, 0x00000000d0900000| Untracked 
| 266|0x00000000d0a00000, 0x00000000d0a00000, 0x00000000d0b00000|  0%| F|  |TAMS 0x00000000d0a00000, 0x00000000d0a00000| Untracked 
| 267|0x00000000d0b00000, 0x00000000d0b00000, 0x00000000d0c00000|  0%| F|  |TAMS 0x00000000d0b00000, 0x00000000d0b00000| Untracked 
| 268|0x00000000d0c00000, 0x00000000d0c00000, 0x00000000d0d00000|  0%| F|  |TAMS 0x00000000d0c00000, 0x00000000d0c00000| Untracked 
| 269|0x00000000d0d00000, 0x00000000d0d00000, 0x00000000d0e00000|  0%| F|  |TAMS 0x00000000d0d00000, 0x00000000d0d00000| Untracked 
| 270|0x00000000d0e00000, 0x00000000d0e00000, 0x00000000d0f00000|  0%| F|  |TAMS 0x00000000d0e00000, 0x00000000d0e00000| Untracked 
| 271|0x00000000d0f00000, 0x00000000d0f00000, 0x00000000d1000000|  0%| F|  |TAMS 0x00000000d0f00000, 0x00000000d0f00000| Untracked 
| 272|0x00000000d1000000, 0x00000000d1000000, 0x00000000d1100000|  0%| F|  |TAMS 0x00000000d1000000, 0x00000000d1000000| Untracked 
| 273|0x00000000d1100000, 0x00000000d1100000, 0x00000000d1200000|  0%| F|  |TAMS 0x00000000d1100000, 0x00000000d1100000| Untracked 
| 274|0x00000000d1200000, 0x00000000d1200000, 0x00000000d1300000|  0%| F|  |TAMS 0x00000000d1200000, 0x00000000d1200000| Untracked 
| 275|0x00000000d1300000, 0x00000000d1300000, 0x00000000d1400000|  0%| F|  |TAMS 0x00000000d1300000, 0x00000000d1300000| Untracked 
| 276|0x00000000d1400000, 0x00000000d1400000, 0x00000000d1500000|  0%| F|  |TAMS 0x00000000d1400000, 0x00000000d1400000| Untracked 
| 277|0x00000000d1500000, 0x00000000d1500000, 0x00000000d1600000|  0%| F|  |TAMS 0x00000000d1500000, 0x00000000d1500000| Untracked 
| 278|0x00000000d1600000, 0x00000000d1600000, 0x00000000d1700000|  0%| F|  |TAMS 0x00000000d1600000, 0x00000000d1600000| Untracked 
| 279|0x00000000d1700000, 0x00000000d1700000, 0x00000000d1800000|  0%| F|  |TAMS 0x00000000d1700000, 0x00000000d1700000| Untracked 
| 280|0x00000000d1800000, 0x00000000d1800000, 0x00000000d1900000|  0%| F|  |TAMS 0x00000000d1800000, 0x00000000d1800000| Untracked 
| 281|0x00000000d1900000, 0x00000000d1900000, 0x00000000d1a00000|  0%| F|  |TAMS 0x00000000d1900000, 0x00000000d1900000| Untracked 
| 282|0x00000000d1a00000, 0x00000000d1a00000, 0x00000000d1b00000|  0%| F|  |TAMS 0x00000000d1a00000, 0x00000000d1a00000| Untracked 
| 283|0x00000000d1b00000, 0x00000000d1b00000, 0x00000000d1c00000|  0%| F|  |TAMS 0x00000000d1b00000, 0x00000000d1b00000| Untracked 
| 284|0x00000000d1c00000, 0x00000000d1c00000, 0x00000000d1d00000|  0%| F|  |TAMS 0x00000000d1c00000, 0x00000000d1c00000| Untracked 
| 285|0x00000000d1d00000, 0x00000000d1d00000, 0x00000000d1e00000|  0%| F|  |TAMS 0x00000000d1d00000, 0x00000000d1d00000| Untracked 
| 286|0x00000000d1e00000, 0x00000000d1e060d0, 0x00000000d1f00000|  2%| E|  |TAMS 0x00000000d1e00000, 0x00000000d1e00000| Complete 

Card table byte_map: [0x0000023744b70000,0x0000023744d70000] _byte_map_base: 0x0000023744570000

Marking Bits (Prev, Next): (CMBitMap*) 0x000002373ea185f0, (CMBitMap*) 0x000002373ea185b0
 Prev Bits: [0x0000023745f70000, 0x0000023746f70000)
 Next Bits: [0x0000023744f70000, 0x0000023745f70000)

Polling page: 0x000002373c910000

Metaspace:

Usage:
  Non-class:     64.79 MB used.
      Class:     10.36 MB used.
       Both:     75.14 MB used.

Virtual space:
  Non-class space:      128.00 MB reserved,      65.12 MB ( 51%) committed,  2 nodes.
      Class space:        1.00 GB reserved,      10.62 MB (  1%) committed,  1 nodes.
             Both:        1.12 GB reserved,      75.75 MB (  7%) committed. 

Chunk freelists:
   Non-Class:  14.28 MB
       Class:  5.34 MB
        Both:  19.62 MB

MaxMetaspaceSize: unlimited
CompressedClassSpaceSize: 1.00 GB
Initial GC threshold: 21.00 MB
Current GC threshold: 126.25 MB
CDS: off
MetaspaceReclaimPolicy: balanced
 - commit_granule_bytes: 65536.
 - commit_granule_words: 8192.
 - virtual_space_node_default_size: 8388608.
 - enlarge_chunks_in_place: 1.
 - new_chunks_are_fully_committed: 0.
 - uncommit_free_chunks: 1.
 - use_allocation_guard: 0.
 - handle_deallocations: 1.


Internal statistics:

num_allocs_failed_limit: 6.
num_arena_births: 956.
num_arena_deaths: 326.
num_vsnodes_births: 3.
num_vsnodes_deaths: 0.
num_space_committed: 1212.
num_space_uncommitted: 0.
num_chunks_returned_to_freelist: 415.
num_chunks_taken_from_freelist: 3687.
num_chunk_merges: 130.
num_chunk_splits: 2457.
num_chunks_enlarged: 1809.
num_inconsistent_stats: 0.

CodeCache: size=49152Kb used=30312Kb max_used=30794Kb free=18840Kb
 bounds [0x0000023741640000, 0x0000023743460000, 0x0000023744640000]
 total_blobs=16831 nmethods=16135 adapters=621
 compilation: enabled
              stopped_count=0, restarted_count=0
 full_count=0

Compilation events (20 events):
Event: 12698.376 Thread 0x000002374e022d70 16325   !   1       java.util.concurrent.ForkJoinTask::doExec (37 bytes)
Event: 12698.376 Thread 0x000002374e022d70 nmethod 16325 0x0000023743440a90 code [0x0000023743440c60, 0x0000023743440e38]
Event: 12698.460 Thread 0x000002374e022d70 16326       1       java.util.concurrent.ForkJoinPool$WorkQueue::nextLocalTask (115 bytes)
Event: 12698.461 Thread 0x000002374e022d70 nmethod 16326 0x0000023743440390 code [0x0000023743440560, 0x0000023743440868]
Event: 12698.461 Thread 0x000002374e022d70 16327       1       java.util.concurrent.ForkJoinPool$WorkQueue::tryPoll (74 bytes)
Event: 12698.463 Thread 0x000002374e022d70 nmethod 16327 0x000002374343f310 code [0x000002374343f580, 0x000002374343fe28]
Event: 12698.474 Thread 0x000002374e022d70 16328       1       org.eclipse.jdt.internal.compiler.codegen.CodeStream::aload_1 (97 bytes)
Event: 12698.474 Thread 0x000002374e022d70 nmethod 16328 0x000002374343ee90 code [0x000002374343f040, 0x000002374343f1d8]
Event: 12698.474 Thread 0x000002374e022d70 16329       1       org.springframework.ide.vscode.boot.java.utils.CUResolver$$Lambda$811/0x00000001005821d8::get (4 bytes)
Event: 12698.474 Thread 0x000002374e022d70 nmethod 16329 0x000002374343e910 code [0x000002374343eae0, 0x000002374343ecc8]
Event: 12698.474 Thread 0x000002374e022d70 16331       1       org.eclipse.jdt.core.dom.ASTNode::getFlags (9 bytes)
Event: 12698.474 Thread 0x000002374e022d70 nmethod 16331 0x000002374343e610 code [0x000002374343e7a0, 0x000002374343e878]
Event: 12698.474 Thread 0x000002374e022d70 16330   !   1       org.springframework.ide.vscode.boot.java.utils.CUResolver::lambda$static$0 (20 bytes)
Event: 12698.474 Thread 0x000002374e022d70 nmethod 16330 0x000002374343e110 code [0x000002374343e2e0, 0x000002374343e488]
Event: 12698.900 Thread 0x000002374e022d70 16332       1       org.openrewrite.java.tree.J$MemberReference::withMethodType (57 bytes)
Event: 12698.900 Thread 0x000002374e022d70 nmethod 16332 0x000002374343dd10 code [0x000002374343dea0, 0x000002374343e068]
Event: 12698.900 Thread 0x000002374e022d70 16333       1       org.openrewrite.java.tree.J$MemberReference::withVariableType (57 bytes)
Event: 12698.901 Thread 0x000002374e022d70 nmethod 16333 0x000002374343d910 code [0x000002374343daa0, 0x000002374343dc68]
Event: 17723.110 Thread 0x000002374e022d70 16334       1       java.lang.Module::getName (5 bytes)
Event: 17723.112 Thread 0x000002374e022d70 nmethod 16334 0x000002374343d610 code [0x000002374343d7a0, 0x000002374343d878]

GC Heap History (20 events):
Event: 21713.148 GC heap before
{Heap before GC invocations=2474 (full 2040):
 garbage-first heap   total 293888K, used 87228K [0x00000000c0000000, 0x0000000100000000)
  region size 1024K, 1 young (1024K), 0 survivors (0K)
 Metaspace       used 76947K, committed 77568K, reserved 1179648K
  class space    used 10606K, committed 10880K, reserved 1048576K
}
Event: 21713.187 GC heap after
{Heap after GC invocations=2475 (full 2041):
 garbage-first heap   total 293888K, used 87228K [0x00000000c0000000, 0x0000000100000000)
  region size 1024K, 0 young (0K), 0 survivors (0K)
 Metaspace       used 76947K, committed 77568K, reserved 1179648K
  class space    used 10606K, committed 10880K, reserved 1048576K
}
Event: 21723.273 GC heap before
{Heap before GC invocations=2475 (full 2041):
 garbage-first heap   total 293888K, used 87228K [0x00000000c0000000, 0x0000000100000000)
  region size 1024K, 1 young (1024K), 0 survivors (0K)
 Metaspace       used 76947K, committed 77568K, reserved 1179648K
  class space    used 10606K, committed 10880K, reserved 1048576K
}
Event: 21723.311 GC heap after
{Heap after GC invocations=2476 (full 2042):
 garbage-first heap   total 293888K, used 87228K [0x00000000c0000000, 0x0000000100000000)
  region size 1024K, 0 young (0K), 0 survivors (0K)
 Metaspace       used 76947K, committed 77568K, reserved 1179648K
  class space    used 10606K, committed 10880K, reserved 1048576K
}
Event: 21733.399 GC heap before
{Heap before GC invocations=2476 (full 2042):
 garbage-first heap   total 293888K, used 87228K [0x00000000c0000000, 0x0000000100000000)
  region size 1024K, 1 young (1024K), 0 survivors (0K)
 Metaspace       used 76947K, committed 77568K, reserved 1179648K
  class space    used 10606K, committed 10880K, reserved 1048576K
}
Event: 21733.437 GC heap after
{Heap after GC invocations=2477 (full 2043):
 garbage-first heap   total 293888K, used 87228K [0x00000000c0000000, 0x0000000100000000)
  region size 1024K, 0 young (0K), 0 survivors (0K)
 Metaspace       used 76947K, committed 77568K, reserved 1179648K
  class space    used 10606K, committed 10880K, reserved 1048576K
}
Event: 21743.526 GC heap before
{Heap before GC invocations=2477 (full 2043):
 garbage-first heap   total 293888K, used 87228K [0x00000000c0000000, 0x0000000100000000)
  region size 1024K, 1 young (1024K), 0 survivors (0K)
 Metaspace       used 76947K, committed 77568K, reserved 1179648K
  class space    used 10606K, committed 10880K, reserved 1048576K
}
Event: 21743.568 GC heap after
{Heap after GC invocations=2478 (full 2044):
 garbage-first heap   total 293888K, used 87228K [0x00000000c0000000, 0x0000000100000000)
  region size 1024K, 0 young (0K), 0 survivors (0K)
 Metaspace       used 76947K, committed 77568K, reserved 1179648K
  class space    used 10606K, committed 10880K, reserved 1048576K
}
Event: 21753.647 GC heap before
{Heap before GC invocations=2478 (full 2044):
 garbage-first heap   total 293888K, used 87228K [0x00000000c0000000, 0x0000000100000000)
  region size 1024K, 1 young (1024K), 0 survivors (0K)
 Metaspace       used 76947K, committed 77568K, reserved 1179648K
  class space    used 10606K, committed 10880K, reserved 1048576K
}
Event: 21753.688 GC heap after
{Heap after GC invocations=2479 (full 2045):
 garbage-first heap   total 293888K, used 87228K [0x00000000c0000000, 0x0000000100000000)
  region size 1024K, 0 young (0K), 0 survivors (0K)
 Metaspace       used 76947K, committed 77568K, reserved 1179648K
  class space    used 10606K, committed 10880K, reserved 1048576K
}
Event: 21763.775 GC heap before
{Heap before GC invocations=2479 (full 2045):
 garbage-first heap   total 293888K, used 87228K [0x00000000c0000000, 0x0000000100000000)
  region size 1024K, 1 young (1024K), 0 survivors (0K)
 Metaspace       used 76947K, committed 77568K, reserved 1179648K
  class space    used 10606K, committed 10880K, reserved 1048576K
}
Event: 21763.815 GC heap after
{Heap after GC invocations=2480 (full 2046):
 garbage-first heap   total 293888K, used 87228K [0x00000000c0000000, 0x0000000100000000)
  region size 1024K, 0 young (0K), 0 survivors (0K)
 Metaspace       used 76947K, committed 77568K, reserved 1179648K
  class space    used 10606K, committed 10880K, reserved 1048576K
}
Event: 21773.899 GC heap before
{Heap before GC invocations=2480 (full 2046):
 garbage-first heap   total 293888K, used 87228K [0x00000000c0000000, 0x0000000100000000)
  region size 1024K, 1 young (1024K), 0 survivors (0K)
 Metaspace       used 76947K, committed 77568K, reserved 1179648K
  class space    used 10606K, committed 10880K, reserved 1048576K
}
Event: 21773.937 GC heap after
{Heap after GC invocations=2481 (full 2047):
 garbage-first heap   total 293888K, used 87228K [0x00000000c0000000, 0x0000000100000000)
  region size 1024K, 0 young (0K), 0 survivors (0K)
 Metaspace       used 76947K, committed 77568K, reserved 1179648K
  class space    used 10606K, committed 10880K, reserved 1048576K
}
Event: 21784.023 GC heap before
{Heap before GC invocations=2481 (full 2047):
 garbage-first heap   total 293888K, used 87228K [0x00000000c0000000, 0x0000000100000000)
  region size 1024K, 1 young (1024K), 0 survivors (0K)
 Metaspace       used 76947K, committed 77568K, reserved 1179648K
  class space    used 10606K, committed 10880K, reserved 1048576K
}
Event: 21784.064 GC heap after
{Heap after GC invocations=2482 (full 2048):
 garbage-first heap   total 293888K, used 87228K [0x00000000c0000000, 0x0000000100000000)
  region size 1024K, 0 young (0K), 0 survivors (0K)
 Metaspace       used 76947K, committed 77568K, reserved 1179648K
  class space    used 10606K, committed 10880K, reserved 1048576K
}
Event: 21794.149 GC heap before
{Heap before GC invocations=2482 (full 2048):
 garbage-first heap   total 293888K, used 87228K [0x00000000c0000000, 0x0000000100000000)
  region size 1024K, 1 young (1024K), 0 survivors (0K)
 Metaspace       used 76947K, committed 77568K, reserved 1179648K
  class space    used 10606K, committed 10880K, reserved 1048576K
}
Event: 21794.187 GC heap after
{Heap after GC invocations=2483 (full 2049):
 garbage-first heap   total 293888K, used 87228K [0x00000000c0000000, 0x0000000100000000)
  region size 1024K, 0 young (0K), 0 survivors (0K)
 Metaspace       used 76947K, committed 77568K, reserved 1179648K
  class space    used 10606K, committed 10880K, reserved 1048576K
}
Event: 21804.339 GC heap before
{Heap before GC invocations=2483 (full 2049):
 garbage-first heap   total 293888K, used 87228K [0x00000000c0000000, 0x0000000100000000)
  region size 1024K, 1 young (1024K), 0 survivors (0K)
 Metaspace       used 76947K, committed 77568K, reserved 1179648K
  class space    used 10606K, committed 10880K, reserved 1048576K
}
Event: 21804.404 GC heap after
{Heap after GC invocations=2484 (full 2050):
 garbage-first heap   total 293888K, used 87228K [0x00000000c0000000, 0x0000000100000000)
  region size 1024K, 0 young (0K), 0 survivors (0K)
 Metaspace       used 76947K, committed 77568K, reserved 1179648K
  class space    used 10606K, committed 10880K, reserved 1048576K
}

Dll operation events (10 events):
Event: 0.014 Loaded shared library c:\Users\Waruna\.vscode-insiders\extensions\redhat.java-1.21.2023063004-win32-x64\jre\17.0.7-win32-x86_64\bin\java.dll
Event: 0.293 Loaded shared library C:\Users\Waruna\.vscode-insiders\extensions\redhat.java-1.21.2023063004-win32-x64\jre\17.0.7-win32-x86_64\bin\net.dll
Event: 0.297 Loaded shared library C:\Users\Waruna\.vscode-insiders\extensions\redhat.java-1.21.2023063004-win32-x64\jre\17.0.7-win32-x86_64\bin\nio.dll
Event: 0.782 Loaded shared library C:\Users\Waruna\.vscode-insiders\extensions\redhat.java-1.21.2023063004-win32-x64\jre\17.0.7-win32-x86_64\bin\zip.dll
Event: 4.942 Loaded shared library C:\Users\Waruna\.vscode-insiders\extensions\redhat.java-1.21.2023063004-win32-x64\jre\17.0.7-win32-x86_64\bin\jimage.dll
Event: 8.699 Loaded shared library C:\Users\Waruna\.vscode-insiders\extensions\redhat.java-1.21.2023063004-win32-x64\jre\17.0.7-win32-x86_64\bin\management.dll
Event: 8.702 Loaded shared library C:\Users\Waruna\.vscode-insiders\extensions\redhat.java-1.21.2023063004-win32-x64\jre\17.0.7-win32-x86_64\bin\management_ext.dll
Event: 10.142 Loaded shared library C:\Users\Waruna\.vscode-insiders\extensions\redhat.java-1.21.2023063004-win32-x64\jre\17.0.7-win32-x86_64\bin\sunmscapi.dll
Event: 16.865 Loaded shared library c:\Users\Waruna\.vscode-insiders\extensions\redhat.java-1.21.2023063004-win32-x64\jre\17.0.7-win32-x86_64\bin\verify.dll
Event: 19.808 Loaded shared library C:\Users\Waruna\AppData\Local\Temp\snappy-1.1.10-7a04c06f-b2a9-4126-866b-f603e1b95e08-snappyjava.dll

Deoptimization events (20 events):
Event: 4281.951 Thread 0x000002374f98c1a0 DEOPT PACKING pc=0x0000023741843a3d sp=0x0000006d8f7fda90
Event: 4281.951 Thread 0x000002374f98c1a0 DEOPT UNPACKING pc=0x0000023741697143 sp=0x0000006d8f7fcff8 mode 3
Event: 12224.061 Thread 0x000002374f9cb000 DEOPT PACKING pc=0x0000023741b0748c sp=0x0000006d90cfe5d0
Event: 12224.062 Thread 0x000002374f9cb000 DEOPT UNPACKING pc=0x0000023741697143 sp=0x0000006d90cfdb38 mode 0
Event: 12224.062 Thread 0x000002374f9cb000 DEOPT PACKING pc=0x0000023742b5604c sp=0x0000006d90cfe700
Event: 12224.062 Thread 0x000002374f9cb000 DEOPT UNPACKING pc=0x0000023741697143 sp=0x0000006d90cfdbe0 mode 0
Event: 12224.062 Thread 0x000002374f9cb000 DEOPT PACKING pc=0x0000023741b0748c sp=0x0000006d90cfe830
Event: 12224.062 Thread 0x000002374f9cb000 DEOPT UNPACKING pc=0x0000023741697143 sp=0x0000006d90cfdd98 mode 0
Event: 12224.062 Thread 0x000002374f9cb000 DEOPT PACKING pc=0x0000023742b5604c sp=0x0000006d90cfe960
Event: 12224.062 Thread 0x000002374f9cb000 DEOPT UNPACKING pc=0x0000023741697143 sp=0x0000006d90cfde40 mode 0
Event: 12224.068 Thread 0x000002374f9cb000 DEOPT PACKING pc=0x0000023741b0748c sp=0x0000006d90cfec30
Event: 12224.068 Thread 0x000002374f9cb000 DEOPT UNPACKING pc=0x0000023741697143 sp=0x0000006d90cfe198 mode 0
Event: 12224.068 Thread 0x000002374f9cb000 DEOPT PACKING pc=0x0000023742b5604c sp=0x0000006d90cfed60
Event: 12224.068 Thread 0x000002374f9cb000 DEOPT UNPACKING pc=0x0000023741697143 sp=0x0000006d90cfe240 mode 0
Event: 12230.269 Thread 0x000002374f98c1a0 DEOPT PACKING pc=0x0000023742b86020 sp=0x0000006d8f7fda40
Event: 12230.269 Thread 0x000002374f98c1a0 DEOPT UNPACKING pc=0x0000023741697143 sp=0x0000006d8f7fcec0 mode 3
Event: 12237.628 Thread 0x000002374f9cb9a0 DEOPT PACKING pc=0x0000023742bce8a4 sp=0x0000006d8dbfdc60
Event: 12237.628 Thread 0x000002374f9cb9a0 DEOPT UNPACKING pc=0x0000023741697143 sp=0x0000006d8dbfd1b0 mode 0
Event: 12298.771 Thread 0x000002374f9c97f0 DEOPT PACKING pc=0x0000023742f516f5 sp=0x0000006d8fcfe880
Event: 12298.771 Thread 0x000002374f9c97f0 DEOPT UNPACKING pc=0x0000023741697143 sp=0x0000006d8fcfdda0 mode 3

Classes unloaded (20 events):
Event: 12510.306 Thread 0x0000023749be5f00 Unloading class 0x0000000100a95400 'java/lang/invoke/LambdaForm$MH+0x0000000100a95400'
Event: 12510.306 Thread 0x0000023749be5f00 Unloading class 0x0000000100a95000 'java/lang/invoke/LambdaForm$MH+0x0000000100a95000'
Event: 12510.306 Thread 0x0000023749be5f00 Unloading class 0x0000000100a94c00 'java/lang/invoke/LambdaForm$MH+0x0000000100a94c00'
Event: 12510.306 Thread 0x0000023749be5f00 Unloading class 0x0000000100a94800 'java/lang/invoke/LambdaForm$MH+0x0000000100a94800'
Event: 12510.306 Thread 0x0000023749be5f00 Unloading class 0x0000000100a94400 'java/lang/invoke/LambdaForm$MH+0x0000000100a94400'
Event: 12510.306 Thread 0x0000023749be5f00 Unloading class 0x0000000100a94000 'java/lang/invoke/LambdaForm$MH+0x0000000100a94000'
Event: 12510.306 Thread 0x0000023749be5f00 Unloading class 0x0000000100a8b400 'java/lang/invoke/LambdaForm$MH+0x0000000100a8b400'
Event: 12913.554 Thread 0x0000023749be5f00 Unloading class 0x0000000100a8c000 'jdk/internal/reflect/GeneratedMethodAccessor67'
Event: 12913.554 Thread 0x0000023749be5f00 Unloading class 0x0000000100aa6800 'jdk/internal/reflect/GeneratedConstructorAccessor79'
Event: 12913.554 Thread 0x0000023749be5f00 Unloading class 0x0000000100aa6400 'jdk/internal/reflect/GeneratedConstructorAccessor78'
Event: 12923.687 Thread 0x0000023749be5f00 Unloading class 0x0000000100a8bc00 'jdk/internal/reflect/GeneratedConstructorAccessor84'
Event: 12923.687 Thread 0x0000023749be5f00 Unloading class 0x0000000100a8b800 'jdk/internal/reflect/GeneratedMethodAccessor70'
Event: 12923.687 Thread 0x0000023749be5f00 Unloading class 0x0000000100aa3000 'jdk/internal/reflect/GeneratedMethodAccessor59'
Event: 12923.687 Thread 0x0000023749be5f00 Unloading class 0x0000000100aa2c00 'jdk/internal/reflect/GeneratedConstructorAccessor69'
Event: 12923.687 Thread 0x0000023749be5f00 Unloading class 0x0000000100aa2800 'jdk/internal/reflect/GeneratedMethodAccessor58'
Event: 12923.687 Thread 0x0000023749be5f00 Unloading class 0x0000000100aa2400 'jdk/internal/reflect/GeneratedMethodAccessor57'
Event: 12923.687 Thread 0x0000023749be5f00 Unloading class 0x0000000100aa2000 'jdk/internal/reflect/GeneratedConstructorAccessor68'
Event: 12923.687 Thread 0x0000023749be5f00 Unloading class 0x0000000100aa1c00 'jdk/internal/reflect/GeneratedMethodAccessor56'
Event: 12923.687 Thread 0x0000023749be5f00 Unloading class 0x0000000100aa1800 'jdk/internal/reflect/GeneratedMethodAccessor55'
Event: 12923.687 Thread 0x0000023749be5f00 Unloading class 0x0000000100a8b000 'jdk/internal/reflect/GeneratedMethodAccessor49'

Classes redefined (0 events):
No events

Internal exceptions (20 events):
Event: 12699.030 Thread 0x00000237546fff10 Exception <a 'sun/nio/fs/WindowsException'{0x00000000e3114a60}> (0x00000000e3114a60) 
thrown [s\src\hotspot\share\prims\jni.cpp, line 516]
Event: 12699.030 Thread 0x00000237546fff10 Exception <a 'sun/nio/fs/WindowsException'{0x00000000e3114e50}> (0x00000000e3114e50) 
thrown [s\src\hotspot\share\prims\jni.cpp, line 516]
Event: 12699.031 Thread 0x00000237546fff10 Exception <a 'sun/nio/fs/WindowsException'{0x00000000e3145770}> (0x00000000e3145770) 
thrown [s\src\hotspot\share\prims\jni.cpp, line 516]
Event: 12699.031 Thread 0x00000237546fff10 Exception <a 'sun/nio/fs/WindowsException'{0x00000000e3145b30}> (0x00000000e3145b30) 
thrown [s\src\hotspot\share\prims\jni.cpp, line 516]
Event: 12699.031 Thread 0x00000237546fff10 Exception <a 'sun/nio/fs/WindowsException'{0x00000000e3146ae8}> (0x00000000e3146ae8) 
thrown [s\src\hotspot\share\prims\jni.cpp, line 516]
Event: 12699.031 Thread 0x00000237546fff10 Exception <a 'sun/nio/fs/WindowsException'{0x00000000e3146ec8}> (0x00000000e3146ec8) 
thrown [s\src\hotspot\share\prims\jni.cpp, line 516]
Event: 12699.032 Thread 0x00000237546fff10 Exception <a 'sun/nio/fs/WindowsException'{0x00000000e3168278}> (0x00000000e3168278) 
thrown [s\src\hotspot\share\prims\jni.cpp, line 516]
Event: 12699.032 Thread 0x00000237546fff10 Exception <a 'sun/nio/fs/WindowsException'{0x00000000e3168630}> (0x00000000e3168630) 
thrown [s\src\hotspot\share\prims\jni.cpp, line 516]
Event: 12699.032 Thread 0x00000237546fff10 Exception <a 'sun/nio/fs/WindowsException'{0x00000000e31695c8}> (0x00000000e31695c8) 
thrown [s\src\hotspot\share\prims\jni.cpp, line 516]
Event: 12699.032 Thread 0x00000237546fff10 Exception <a 'sun/nio/fs/WindowsException'{0x00000000e31699a0}> (0x00000000e31699a0) 
thrown [s\src\hotspot\share\prims\jni.cpp, line 516]
Event: 12699.033 Thread 0x00000237546fff10 Exception <a 'sun/nio/fs/WindowsException'{0x00000000e31a0568}> (0x00000000e31a0568) 
thrown [s\src\hotspot\share\prims\jni.cpp, line 516]
Event: 12699.033 Thread 0x00000237546fff10 Exception <a 'sun/nio/fs/WindowsException'{0x00000000e31a0948}> (0x00000000e31a0948) 
thrown [s\src\hotspot\share\prims\jni.cpp, line 516]
Event: 12699.033 Thread 0x00000237546fff10 Exception <a 'sun/nio/fs/WindowsException'{0x00000000e31a1e60}> (0x00000000e31a1e60) 
thrown [s\src\hotspot\share\prims\jni.cpp, line 516]
Event: 12699.033 Thread 0x00000237546fff10 Exception <a 'sun/nio/fs/WindowsException'{0x00000000e31a2250}> (0x00000000e31a2250) 
thrown [s\src\hotspot\share\prims\jni.cpp, line 516]
Event: 12699.034 Thread 0x00000237546fff10 Exception <a 'sun/nio/fs/WindowsException'{0x00000000e31ca938}> (0x00000000e31ca938) 
thrown [s\src\hotspot\share\prims\jni.cpp, line 516]
Event: 12699.034 Thread 0x00000237546fff10 Exception <a 'sun/nio/fs/WindowsException'{0x00000000e31cad08}> (0x00000000e31cad08) 
thrown [s\src\hotspot\share\prims\jni.cpp, line 516]
Event: 12699.034 Thread 0x00000237546fff10 Exception <a 'sun/nio/fs/WindowsException'{0x00000000e31cc298}> (0x00000000e31cc298) 
thrown [s\src\hotspot\share\prims\jni.cpp, line 516]
Event: 12699.034 Thread 0x00000237546fff10 Exception <a 'sun/nio/fs/WindowsException'{0x00000000e31cc688}> (0x00000000e31cc688) 
thrown [s\src\hotspot\share\prims\jni.cpp, line 516]
Event: 15839.533 Thread 0x000002374f72a0c0 Exception <a 'java/io/IOException'{0x00000000d1e00630}: CreateProcess error=1450, Insufficient system resources exist to complete the requested service> (0x00000000d1e00630) 
thrown [s\src\hotspot\share\prims\jni.cpp, line 535]
Event: 17723.110 Thread 0x000002374f72a0c0 Exception <a 'java/io/IOException'{0x00000000d1e00628}: CreateProcess error=1455, The paging file is too small for this operation to complete> (0x00000000d1e00628) 
thrown [s\src\hotspot\share\prims\jni.cpp, line 535]

VM Operations (20 events):
Event: 21713.187 Executing VM operation: G1CollectFull done
Event: 21723.273 Executing VM operation: G1CollectFull
Event: 21723.312 Executing VM operation: G1CollectFull done
Event: 21733.399 Executing VM operation: G1CollectFull
Event: 21733.438 Executing VM operation: G1CollectFull done
Event: 21743.526 Executing VM operation: G1CollectFull
Event: 21743.569 Executing VM operation: G1CollectFull done
Event: 21753.647 Executing VM operation: G1CollectFull
Event: 21753.688 Executing VM operation: G1CollectFull done
Event: 21763.775 Executing VM operation: G1CollectFull
Event: 21763.815 Executing VM operation: G1CollectFull done
Event: 21773.899 Executing VM operation: G1CollectFull
Event: 21773.937 Executing VM operation: G1CollectFull done
Event: 21784.023 Executing VM operation: G1CollectFull
Event: 21784.064 Executing VM operation: G1CollectFull done
Event: 21794.149 Executing VM operation: G1CollectFull
Event: 21794.187 Executing VM operation: G1CollectFull done
Event: 21804.338 Executing VM operation: G1CollectFull
Event: 21804.404 Executing VM operation: G1CollectFull done
Event: 21814.485 Executing VM operation: G1CollectFull

Events (20 events):
Event: 12697.952 Thread 0x000002375477c540 Thread exited: 0x000002375477c540
Event: 12697.952 Thread 0x0000023754149ab0 Thread exited: 0x0000023754149ab0
Event: 12697.952 Thread 0x000002375477a390 Thread exited: 0x000002375477a390
Event: 12697.952 Thread 0x000002374e0d0280 Thread exited: 0x000002374e0d0280
Event: 12697.952 Thread 0x000002375477ca10 Thread exited: 0x000002375477ca10
Event: 12697.952 Thread 0x000002374e0d0c20 Thread exited: 0x000002374e0d0c20
Event: 12697.952 Thread 0x000002374e0d0750 Thread exited: 0x000002374e0d0750
Event: 12697.952 Thread 0x00000237547799f0 Thread exited: 0x00000237547799f0
Event: 12697.952 Thread 0x000002374e0cfdb0 Thread exited: 0x000002374e0cfdb0
Event: 12697.952 Thread 0x000002375414c600 Thread exited: 0x000002375414c600
Event: 12697.952 Thread 0x0000023754691200 Thread exited: 0x0000023754691200
Event: 12718.664 Thread 0x00000237546fff10 Thread exited: 0x00000237546fff10
Event: 12726.311 Thread 0x000002374e0cf410 Thread exited: 0x000002374e0cf410
Event: 12726.311 Thread 0x0000023754839800 Thread exited: 0x0000023754839800
Event: 12751.822 Thread 0x0000023754430330 Thread exited: 0x0000023754430330
Event: 12807.974 Thread 0x00000237546ffa40 Thread exited: 0x00000237546ffa40
Event: 12808.351 Thread 0x00000237546fc890 Thread exited: 0x00000237546fc890
Event: 12867.979 Thread 0x000002375442c4a0 Thread exited: 0x000002375442c4a0
Event: 12927.988 Thread 0x000002374f9ccce0 Thread exited: 0x000002374f9ccce0
Event: 12987.999 Thread 0x000002374f9cb9a0 Thread exited: 0x000002374f9cb9a0


Dynamic libraries:
0x00007ff62cbe0000 - 0x00007ff62cbee000 	c:\Users\Waruna\.vscode-insiders\extensions\redhat.java-1.21.2023063004-win32-x64\jre\17.0.7-win32-x86_64\bin\java.exe
0x00007ffb73270000 - 0x00007ffb73484000 	C:\Windows\SYSTEM32\ntdll.dll
0x00007ffb71630000 - 0x00007ffb716f2000 	C:\Windows\System32\KERNEL32.DLL
0x00007ffb707c0000 - 0x00007ffb70b63000 	C:\Windows\System32\KERNELBASE.dll
0x00007ffb6da30000 - 0x00007ffb6dac7000 	C:\Windows\SYSTEM32\apphelp.dll
0x00007ffb70d50000 - 0x00007ffb70e61000 	C:\Windows\System32\ucrtbase.dll
0x00007ffb6b020000 - 0x00007ffb6b037000 	c:\Users\Waruna\.vscode-insiders\extensions\redhat.java-1.21.2023063004-win32-x64\jre\17.0.7-win32-x86_64\bin\jli.dll
0x00007ffb713c0000 - 0x00007ffb7156a000 	C:\Windows\System32\USER32.dll
0x00007ffb70670000 - 0x00007ffb70696000 	C:\Windows\System32\win32u.dll
0x00007ffb71e00000 - 0x00007ffb71e29000 	C:\Windows\System32\GDI32.dll
0x00007ffb70f30000 - 0x00007ffb71049000 	C:\Windows\System32\gdi32full.dll
0x00007ffb706a0000 - 0x00007ffb7073a000 	C:\Windows\System32\msvcp_win.dll
0x00007ffb60210000 - 0x00007ffb60229000 	c:\Users\Waruna\.vscode-insiders\extensions\redhat.java-1.21.2023063004-win32-x64\jre\17.0.7-win32-x86_64\bin\VCRUNTIME140.dll
0x00007ffb60790000 - 0x00007ffb60a1e000 	C:\Windows\WinSxS\amd64_microsoft.windows.common-controls_6595b64144ccf1df_6.0.22621.1635_none_270f70857386168e\COMCTL32.dll
0x00007ffb72a30000 - 0x00007ffb72ad7000 	C:\Windows\System32\msvcrt.dll
0x00007ffb729d0000 - 0x00007ffb72a01000 	C:\Windows\System32\IMM32.DLL
0x00007ffb6cff0000 - 0x00007ffb6cffc000 	c:\Users\Waruna\.vscode-insiders\extensions\redhat.java-1.21.2023063004-win32-x64\jre\17.0.7-win32-x86_64\bin\vcruntime140_1.dll
0x00007ffb4a530000 - 0x00007ffb4a5c1000 	c:\Users\Waruna\.vscode-insiders\extensions\redhat.java-1.21.2023063004-win32-x64\jre\17.0.7-win32-x86_64\bin\msvcp140.dll
0x00007ffb09490000 - 0x00007ffb0a0d8000 	c:\Users\Waruna\.vscode-insiders\extensions\redhat.java-1.21.2023063004-win32-x64\jre\17.0.7-win32-x86_64\bin\server\jvm.dll
0x00007ffb71310000 - 0x00007ffb713be000 	C:\Windows\System32\ADVAPI32.dll
0x00007ffb71570000 - 0x00007ffb71614000 	C:\Windows\System32\sechost.dll
0x00007ffb728b0000 - 0x00007ffb729c7000 	C:\Windows\System32\RPCRT4.dll
0x00007ffb697e0000 - 0x00007ffb697e9000 	C:\Windows\SYSTEM32\WSOCK32.dll
0x00007ffb72ae0000 - 0x00007ffb72b51000 	C:\Windows\System32\WS2_32.dll
0x00007ffb5c430000 - 0x00007ffb5c464000 	C:\Windows\SYSTEM32\WINMM.dll
0x00007ffb6bb10000 - 0x00007ffb6bb1a000 	C:\Windows\SYSTEM32\VERSION.dll
0x00007ffb6f710000 - 0x00007ffb6f728000 	C:\Windows\SYSTEM32\kernel.appcore.dll
0x00007ffb69fd0000 - 0x00007ffb69fda000 	c:\Users\Waruna\.vscode-insiders\extensions\redhat.java-1.21.2023063004-win32-x64\jre\17.0.7-win32-x86_64\bin\jimage.dll
0x00007ffb6a640000 - 0x00007ffb6a86e000 	C:\Windows\SYSTEM32\DBGHELP.DLL
0x00007ffb718c0000 - 0x00007ffb71c49000 	C:\Windows\System32\combase.dll
0x00007ffb72760000 - 0x00007ffb72837000 	C:\Windows\System32\OLEAUT32.dll
0x00007ffb6a490000 - 0x00007ffb6a4c2000 	C:\Windows\SYSTEM32\dbgcore.DLL
0x00007ffb70740000 - 0x00007ffb707ba000 	C:\Windows\System32\bcryptPrimitives.dll
0x00007ffb51000000 - 0x00007ffb51025000 	c:\Users\Waruna\.vscode-insiders\extensions\redhat.java-1.21.2023063004-win32-x64\jre\17.0.7-win32-x86_64\bin\java.dll
0x00007ffb594b0000 - 0x00007ffb594c8000 	c:\Users\Waruna\.vscode-insiders\extensions\redhat.java-1.21.2023063004-win32-x64\jre\17.0.7-win32-x86_64\bin\zip.dll
0x00007ffb71eb0000 - 0x00007ffb726a9000 	C:\Windows\System32\SHELL32.dll
0x00007ffb6e620000 - 0x00007ffb6eeee000 	C:\Windows\SYSTEM32\windows.storage.dll
0x00007ffb6e4e0000 - 0x00007ffb6e61e000 	C:\Windows\SYSTEM32\wintypes.dll
0x00007ffb711a0000 - 0x00007ffb71291000 	C:\Windows\System32\SHCORE.dll
0x00007ffb712b0000 - 0x00007ffb7130e000 	C:\Windows\System32\shlwapi.dll
0x00007ffb705a0000 - 0x00007ffb705c6000 	C:\Windows\SYSTEM32\profapi.dll
0x00007ffb54ed0000 - 0x00007ffb54ee9000 	C:\Users\Waruna\.vscode-insiders\extensions\redhat.java-1.21.2023063004-win32-x64\jre\17.0.7-win32-x86_64\bin\net.dll
0x00007ffb6b890000 - 0x00007ffb6b9c7000 	C:\Windows\SYSTEM32\WINHTTP.dll
0x00007ffb6fbe0000 - 0x00007ffb6fc49000 	C:\Windows\system32\mswsock.dll
0x00007ffb50fe0000 - 0x00007ffb50ff5000 	C:\Users\Waruna\.vscode-insiders\extensions\redhat.java-1.21.2023063004-win32-x64\jre\17.0.7-win32-x86_64\bin\nio.dll
0x00007ffb6fe60000 - 0x00007ffb6fe7b000 	C:\Windows\SYSTEM32\CRYPTSP.dll
0x00007ffb6f6d0000 - 0x00007ffb6f705000 	C:\Windows\system32\rsaenh.dll
0x00007ffb6fcb0000 - 0x00007ffb6fcdc000 	C:\Windows\SYSTEM32\USERENV.dll
0x00007ffb70040000 - 0x00007ffb70068000 	C:\Windows\SYSTEM32\bcrypt.dll
0x00007ffb6fe80000 - 0x00007ffb6fe8c000 	C:\Windows\SYSTEM32\CRYPTBASE.dll
0x00007ffb6f1c0000 - 0x00007ffb6f1ed000 	C:\Windows\SYSTEM32\IPHLPAPI.DLL
0x00007ffb718b0000 - 0x00007ffb718b9000 	C:\Windows\System32\NSI.dll
0x00007ffb6bb20000 - 0x00007ffb6bb39000 	C:\Windows\SYSTEM32\dhcpcsvc6.DLL
0x00007ffb6b750000 - 0x00007ffb6b76f000 	C:\Windows\SYSTEM32\dhcpcsvc.DLL
0x00007ffb6f230000 - 0x00007ffb6f323000 	C:\Windows\SYSTEM32\DNSAPI.dll
0x00007ffb64bf0000 - 0x00007ffb64bf9000 	C:\Users\Waruna\.vscode-insiders\extensions\redhat.java-1.21.2023063004-win32-x64\jre\17.0.7-win32-x86_64\bin\management.dll
0x00007ffb60e20000 - 0x00007ffb60e2b000 	C:\Users\Waruna\.vscode-insiders\extensions\redhat.java-1.21.2023063004-win32-x64\jre\17.0.7-win32-x86_64\bin\management_ext.dll
0x00007ffb71700000 - 0x00007ffb71708000 	C:\Windows\System32\PSAPI.DLL
0x00007ffb69590000 - 0x00007ffb6959e000 	C:\Users\Waruna\.vscode-insiders\extensions\redhat.java-1.21.2023063004-win32-x64\jre\17.0.7-win32-x86_64\bin\sunmscapi.dll
0x00007ffb70be0000 - 0x00007ffb70d47000 	C:\Windows\System32\CRYPT32.dll
0x00007ffb70010000 - 0x00007ffb7003e000 	C:\Windows\SYSTEM32\ncrypt.dll
0x00007ffb6ffd0000 - 0x00007ffb70007000 	C:\Windows\SYSTEM32\NTASN1.dll
0x00007ffb6aca0000 - 0x00007ffb6acaa000 	C:\Windows\System32\rasadhlp.dll
0x00007ffb6b320000 - 0x00007ffb6b3a4000 	C:\Windows\System32\fwpuclnt.dll
0x00007ffb695e0000 - 0x00007ffb695f0000 	c:\Users\Waruna\.vscode-insiders\extensions\redhat.java-1.21.2023063004-win32-x64\jre\17.0.7-win32-x86_64\bin\verify.dll
0x0000000070fc0000 - 0x000000007108d000 	C:\Users\Waruna\AppData\Local\Temp\snappy-1.1.10-7a04c06f-b2a9-4126-866b-f603e1b95e08-snappyjava.dll

dbghelp: loaded successfully - version: 4.0.5 - missing functions: none
symbol engine: initialized successfully - sym options: 0x614 - pdb path: .;c:\Users\Waruna\.vscode-insiders\extensions\redhat.java-1.21.2023063004-win32-x64\jre\17.0.7-win32-x86_64\bin;C:\Windows\SYSTEM32;C:\Windows\WinSxS\amd64_microsoft.windows.common-controls_6595b64144ccf1df_6.0.22621.1635_none_270f70857386168e;c:\Users\Waruna\.vscode-insiders\extensions\redhat.java-1.21.2023063004-win32-x64\jre\17.0.7-win32-x86_64\bin\server;C:\Users\Waruna\AppData\Local\Temp

VM Arguments:
jvm_args: -XX:+HeapDumpOnOutOfMemoryError -Xmx1024m -Dsts.lsp.client=vscode -Dsts.log.file=/dev/null -XX:TieredStopAtLevel=1 -Xlog:jni+resolve=off -Dspring.config.location=file:c:\Users\Waruna\.vscode-insiders\extensions\vmware.vscode-spring-boot-1.48.2023070104\language-server\BOOT-INF\classes\application.properties 
java_command: org.springframework.ide.vscode.boot.app.BootLanguageServerBootApp
java_class_path (initial): c:\Users\Waruna\.vscode-insiders\extensions\vmware.vscode-spring-boot-1.48.2023070104\language-server\BOOT-INF\classes;c:\Users\Waruna\.vscode-insiders\extensions\vmware.vscode-spring-boot-1.48.2023070104\language-server\BOOT-INF\lib\annotations-24.0.1.jar;c:\Users\Waruna\.vscode-insiders\extensions\vmware.vscode-spring-boot-1.48.2023070104\language-server\BOOT-INF\lib\antlr-runtime-3.5.3.jar;c:\Users\Waruna\.vscode-insiders\extensions\vmware.vscode-spring-boot-1.48.2023070104\language-server\BOOT-INF\lib\antlr4-4.11.1.jar;c:\Users\Waruna\.vscode-insiders\extensions\vmware.vscode-spring-boot-1.48.2023070104\language-server\BOOT-INF\lib\antlr4-runtime-4.11.1.jar;c:\Users\Waruna\.vscode-insiders\extensions\vmware.vscode-spring-boot-1.48.2023070104\language-server\BOOT-INF\lib\asm-9.5.jar;c:\Users\Waruna\.vscode-insiders\extensions\vmware.vscode-spring-boot-1.48.2023070104\language-server\BOOT-INF\lib\asm-analysis-9.5.jar;c:\Users\Waruna\.vscode-insiders\extensions\vmware.vscode-spring-boot-1.48.2023070104\language-server\BOOT-INF\lib\asm-tree-9.5.jar;c:\Users\Waruna\.vscode-insiders\extensions\vmware.vscode-spring-boot-1.48.2023070104\language-server\BOOT-INF\lib\asm-util-9.5.jar;c:\Users\Waruna\.vscode-insiders\extensions\vmware.vscode-spring-boot-1.48.2023070104\language-server\BOOT-INF\lib\caffeine-3.1.6.jar;c:\Users\Waruna\.vscode-insiders\extensions\vmware.vscode-spring-boot-1.48.2023070104\language-server\BOOT-INF\lib\checker-qual-3.12.0.jar;c:\Users\Waruna\.vscode-insiders\extensions\vmware.vscode-spring-boot-1.48.2023070104\language-server\BOOT-INF\lib\classgraph-4.8.149.jar;c:\Users\Waruna\.vscode-insiders\extensions\vmware.vscode-spring-boot-1.48.2023070104\language-server\BOOT-INF\lib\commons-codec-1.15.jar;c:\Users\Waruna\.vscode-insiders\extensions\vmware.vscode-spring-boot-1.48.2023070104\language-server\BOOT-INF\lib\commons-compress-1.23.0.jar;c:\Users\Waruna\.vscode-insiders\extensions\vmware.vscode-spring-boot-1.48.2023070
Launcher Type: SUN_STANDARD

[Global flags]
     intx CICompilerCount                          = 4                                         {product} {ergonomic}
     uint ConcGCThreads                            = 3                                         {product} {ergonomic}
     uint G1ConcRefinementThreads                  = 10                                        {product} {ergonomic}
   size_t G1HeapRegionSize                         = 1048576                                   {product} {ergonomic}
    uintx GCDrainStackTargetSize                   = 64                                        {product} {ergonomic}
     bool HeapDumpOnOutOfMemoryError               = true                                   {manageable} {command line}
   size_t InitialHeapSize                          = 132120576                                 {product} {ergonomic}
   size_t MarkStackSize                            = 4194304                                   {product} {ergonomic}
   size_t MaxHeapSize                              = 1073741824                                {product} {command line}
   size_t MaxNewSize                               = 643825664                                 {product} {ergonomic}
   size_t MinHeapDeltaBytes                        = 1048576                                   {product} {ergonomic}
   size_t MinHeapSize                              = 8388608                                   {product} {ergonomic}
    uintx NonProfiledCodeHeapSize                  = 0                                      {pd product} {ergonomic}
     bool ProfileInterpreter                       = false                                  {pd product} {command line}
    uintx ProfiledCodeHeapSize                     = 0                                      {pd product} {ergonomic}
   size_t SoftMaxHeapSize                          = 1073741824                             {manageable} {ergonomic}
     intx TieredStopAtLevel                        = 1                                         {product} {command line}
     bool UseCompressedClassPointers               = true                           {product lp64_product} {ergonomic}
     bool UseCompressedOops                        = true                           {product lp64_product} {ergonomic}
     bool UseG1GC                                  = true                                      {product} {ergonomic}
     bool UseLargePagesIndividualAllocation        = false                                  {pd product} {ergonomic}

Logging:
Log output configuration:
 #0: stdout all=warning,jni+resolve=off uptime,level,tags
 #1: stderr all=off uptime,level,tags

Environment Variables:
JAVA_HOME=H:\jdk-11.0.16.1
PATH=C:\Program Files\Common Files\Oracle\Java\javapath;C:\Program Files (x86)\VMware\VMware Player\bin\;C:\Python311\Scripts\;C:\Python311\;C:\Windows\system32;C:\Windows;C:\Windows\System32\Wbem;C:\Windows\System32\WindowsPowerShell\v1.0\;C:\Windows\System32\OpenSSH\;C:\Program Files\dotnet\;C:\Program Files\Java\jdk-17.0.1\bin;C:\Program Files\nodejs\;C:\ProgramData\chocolatey\bin;C:\Program Files (x86)\NVIDIA Corporation\PhysX\Common;H:\Git\cmd;H:\Scripts\;H:\;C:\Users\Waruna\AppData\Local\Microsoft\WindowsApps;C:\Users\Waruna\AppData\Local\GitHubDesktop\bin;C:\Users\Waruna\AppData\Roaming\npm;H:\gradle-7.3.1\bin;C:\Program Files\JetBrains\IntelliJ IDEA 2023.1.1\bin;;C:\Users\Waruna\AppData\Local\Programs\Microsoft VS Code Insiders\bin
USERNAME=Waruna
OS=Windows_NT
PROCESSOR_IDENTIFIER=Intel64 Family 6 Model 165 Stepping 2, GenuineIntel
TMP=C:\Users\Waruna\AppData\Local\Temp
TEMP=C:\Users\Waruna\AppData\Local\Temp



---------------  S Y S T E M  ---------------

OS:
 Windows 11 , 64 bit Build 22621 (10.0.22621.1928)
OS uptime: 10 days 11:27 hours
Hyper-V role detected

CPU: total 12 (initial active 12) (6 cores per cpu, 2 threads per core) family 6 model 165 stepping 2 microcode 0xe2, cx8, cmov, fxsr, ht, mmx, 3dnowpref, sse, sse2, sse3, ssse3, sse4.1, sse4.2, popcnt, lzcnt, tsc, tscinvbit, avx, avx2, aes, erms, clmul, bmi1, bmi2, adx, fma, vzeroupper, clflush, clflushopt, hv

Memory: 4k page, system-wide physical 8013M (1227M free)
TotalPageFile size 18013M (AvailPageFile size 9M)
current process WorkingSet (physical memory assigned to process): 162M, peak: 1343M
current process commit charge ("private bytes"): 542M, peak: 1325M

vm_info: OpenJDK 64-Bit Server VM (17.0.7+7) for windows-amd64 JRE (17.0.7+7), built on Apr 18 2023 22:10:42 by "temurin" with MS VC++ 16.7 (VS2019)

END.
