#
# There is insufficient memory for the Java Runtime Environment to continue.
# Native memory allocation (malloc) failed to allocate 2097152 bytes for AllocateHeap
# Possible reasons:
#   The system is out of physical RAM or swap space
#   The process is running with CompressedOops enabled, and the Java Heap may be blocking the growth of the native heap
# Possible solutions:
#   Reduce memory load on the system
#   Increase physical memory or swap space
#   Check if swap backing store is full
#   Decrease Java heap size (-Xmx/-Xms)
#   Decrease number of Java threads
#   Decrease Java thread stack sizes (-Xss)
#   Set larger code cache with -XX:ReservedCodeCacheSize=
#   JVM is running with Unscaled Compressed Oops mode in which the Java heap is
#     placed in the first 4GB address space. The Java Heap base address is the
#     maximum limit for the native heap growth. Please use -XX:HeapBaseMinAddress
#     to set the Java Heap base and to place the Java Heap above 4GB virtual address.
# This output file may be truncated or incomplete.
#
#  Out of Memory Error (allocation.cpp:44), pid=31080, tid=6796
#
# JRE version: OpenJDK Runtime Environment Temurin-17.0.7+7 (17.0.7+7) (build 17.0.7+7)
# Java VM: OpenJDK 64-Bit Server VM Temurin-17.0.7+7 (17.0.7+7, mixed mode, emulated-client, tiered, compressed oops, compressed class ptrs, g1 gc, windows-amd64)
# No core dump will be written. Minidumps are not enabled by default on client versions of Windows
#

---------------  S U M M A R Y ------------

Command Line: -XX:+HeapDumpOnOutOfMemoryError -Xmx1024m -Dsts.lsp.client=vscode -Dsts.log.file=/dev/null -XX:TieredStopAtLevel=1 -Xlog:jni+resolve=off -Dspring.config.location=file:c:\Users\Waruna\.vscode-insiders\extensions\vmware.vscode-spring-boot-1.48.2023072204\language-server\BOOT-INF\classes\application.properties org.springframework.ide.vscode.boot.app.BootLanguageServerBootApp

Host: Intel(R) Core(TM) i5-10500H CPU @ 2.50GHz, 12 cores, 7G,  Windows 11 , 64 bit Build 22621 (10.0.22621.1928)
Time: Mon Jul 24 16:20:10 2023 Sri Lanka Standard Time elapsed time: 9792.456515 seconds (0d 2h 43m 12s)

---------------  T H R E A D  ---------------

Current thread (0x000001b5ba439970):  VMThread "VM Thread" [stack: 0x00000013e4800000,0x00000013e4900000] [id=6796]

Stack: [0x00000013e4800000,0x00000013e4900000]
Native frames: (J=compiled Java code, j=interpreted, Vv=VM code, C=native code)
V  [jvm.dll+0x67754a]
V  [jvm.dll+0x834304]
V  [jvm.dll+0x835aae]
V  [jvm.dll+0x836113]
V  [jvm.dll+0x24696f]
V  [jvm.dll+0xa681f]
V  [jvm.dll+0x2f7481]
V  [jvm.dll+0x2f30f0]
V  [jvm.dll+0x2db6c7]
V  [jvm.dll+0x31e777]
V  [jvm.dll+0x83a5bb]
V  [jvm.dll+0x83b2f4]
V  [jvm.dll+0x83b80c]
V  [jvm.dll+0x83bbe4]
V  [jvm.dll+0x83bcb0]
V  [jvm.dll+0x7e4e7a]
V  [jvm.dll+0x676395]
C  [ucrtbase.dll+0x29363]
C  [KERNEL32.DLL+0x126ad]
C  [ntdll.dll+0x5aa68]

VM_Operation (0x00000013e64febb0): G1CollectFull, mode: safepoint, requested by thread 0x000001b5c02bb440


---------------  P R O C E S S  ---------------

Threads class SMR info:
_java_thread_list=0x000001b5c04fcf70, length=54, elements={
0x000001b5ba44e370, 0x000001b5ba450d30, 0x000001b5ba4745c0, 0x000001b5ba474e80,
0x000001b5ba475740, 0x000001b5ba4760f0, 0x000001b5ba478520, 0x000001b5ba591b00,
0x000001b5ba796110, 0x000001b5ba7987a0, 0x000001b5bf5ed140, 0x000001b5bf5eda20,
0x000001b5c02bb440, 0x000001b5bf554100, 0x000001b5af228990, 0x000001b5ba6be6f0,
0x000001b5c0381350, 0x000001b5c0390660, 0x000001b5c058e1b0, 0x000001b5c058f020,
0x000001b5c0588170, 0x000001b5c44f2210, 0x000001b5c44f2bb0, 0x000001b5c44f1870,
0x000001b5c4928940, 0x000001b5c4eede30, 0x000001b5c4eed490, 0x000001b5c496e890,
0x000001b5c496d080, 0x000001b5c49a38a0, 0x000001b5c0d64540, 0x000001b5c480f550,
0x000001b5c06893a0, 0x000001b5c0688ed0, 0x000001b5c0689870, 0x000001b5c0d64a10,
0x000001b5c480f080, 0x000001b5c480fef0, 0x000001b5c4eed960, 0x000001b5c4938e20,
0x000001b5c4e73c60, 0x000001b5c4b2e1a0, 0x000001b5c0688060, 0x000001b5c178eaf0,
0x000001b5c178efc0, 0x000001b5c5073080, 0x000001b5c178f960, 0x000001b5c48c3ec0,
0x000001b5c480fa20, 0x000001b5c0d67a30, 0x000001b5c48c3050, 0x000001b5c47063c0,
0x000001b5c4827470, 0x000001b5cd0343c0
}

Java Threads: ( => current thread )
  0x000001b5ba44e370 JavaThread "Reference Handler" daemon [_thread_blocked, id=2796, stack(0x00000013e4900000,0x00000013e4a00000)]
  0x000001b5ba450d30 JavaThread "Finalizer" daemon [_thread_blocked, id=19356, stack(0x00000013e4a00000,0x00000013e4b00000)]
  0x000001b5ba4745c0 JavaThread "Signal Dispatcher" daemon [_thread_blocked, id=28000, stack(0x00000013e4b00000,0x00000013e4c00000)]
  0x000001b5ba474e80 JavaThread "Attach Listener" daemon [_thread_blocked, id=10780, stack(0x00000013e4c00000,0x00000013e4d00000)]
  0x000001b5ba475740 JavaThread "Service Thread" daemon [_thread_blocked, id=13132, stack(0x00000013e4d00000,0x00000013e4e00000)]
  0x000001b5ba4760f0 JavaThread "Monitor Deflation Thread" daemon [_thread_blocked, id=5760, stack(0x00000013e4e00000,0x00000013e4f00000)]
  0x000001b5ba478520 JavaThread "C1 CompilerThread0" daemon [_thread_blocked, id=13276, stack(0x00000013e4f00000,0x00000013e5000000)]
  0x000001b5ba591b00 JavaThread "Sweeper thread" daemon [_thread_blocked, id=4356, stack(0x00000013e5000000,0x00000013e5100000)]
  0x000001b5ba796110 JavaThread "Notification Thread" daemon [_thread_blocked, id=10388, stack(0x00000013e5100000,0x00000013e5200000)]
  0x000001b5ba7987a0 JavaThread "Common-Cleaner" daemon [_thread_blocked, id=19476, stack(0x00000013e5300000,0x00000013e5400000)]
  0x000001b5bf5ed140 JavaThread "boundedElastic-evictor-1" daemon [_thread_blocked, id=12196, stack(0x00000013e5c00000,0x00000013e5d00000)]
  0x000001b5bf5eda20 JavaThread "boundedElastic-evictor-2" daemon [_thread_blocked, id=28452, stack(0x00000013e6300000,0x00000013e6400000)]
  0x000001b5c02bb440 JavaThread "pool-11-thread-1" [_thread_blocked, id=31464, stack(0x00000013e6400000,0x00000013e6500000)]
  0x000001b5bf554100 JavaThread "LanguageServerApp-lifecycle" [_thread_blocked, id=27548, stack(0x00000013e6500000,0x00000013e6600000)]
  0x000001b5af228990 JavaThread "DestroyJavaVM" [_thread_blocked, id=4864, stack(0x00000013e4200000,0x00000013e4300000)]
  0x000001b5ba6be6f0 JavaThread "pool-12-thread-1" [_thread_in_native, id=31232, stack(0x00000013e6600000,0x00000013e6700000)]
  0x000001b5c0381350 JavaThread "Simple-Language-Server main thread" daemon [_thread_blocked, id=3800, stack(0x00000013e6700000,0x00000013e6800000)]
  0x000001b5c0390660 JavaThread "pool-7-thread-1" [_thread_blocked, id=27348, stack(0x00000013e6900000,0x00000013e6a00000)]
  0x000001b5c058e1b0 JavaThread "parallel-1" daemon [_thread_blocked, id=8496, stack(0x00000013e7e00000,0x00000013e7f00000)]
  0x000001b5c058f020 JavaThread "pool-5-thread-1" [_thread_blocked, id=7072, stack(0x00000013e8400000,0x00000013e8500000)]
  0x000001b5c0588170 JavaThread "parallel-2" daemon [_thread_blocked, id=17960, stack(0x00000013e8500000,0x00000013e8600000)]
  0x000001b5c44f2210 JavaThread "parallel-3" daemon [_thread_blocked, id=23492, stack(0x00000013e6b00000,0x00000013e6c00000)]
  0x000001b5c44f2bb0 JavaThread "parallel-4" daemon [_thread_blocked, id=15628, stack(0x00000013e6c00000,0x00000013e6d00000)]
  0x000001b5c44f1870 JavaThread "Reconciler-1" daemon [_thread_blocked, id=14424, stack(0x00000013e6d00000,0x00000013e6e00000)]
  0x000001b5c4928940 JavaThread "parallel-5" daemon [_thread_blocked, id=13368, stack(0x00000013e4100000,0x00000013e4200000)]
  0x000001b5c4eede30 JavaThread "parallel-6" daemon [_thread_blocked, id=15952, stack(0x00000013e3f00000,0x00000013e4000000)]
  0x000001b5c4eed490 JavaThread "parallel-7" daemon [_thread_blocked, id=27096, stack(0x00000013e4000000,0x00000013e4100000)]
  0x000001b5c496e890 JavaThread "parallel-8" daemon [_thread_blocked, id=2244, stack(0x00000013e6800000,0x00000013e6900000)]
  0x000001b5c496d080 JavaThread "parallel-9" daemon [_thread_blocked, id=12700, stack(0x00000013e6a00000,0x00000013e6b00000)]
  0x000001b5c49a38a0 JavaThread "parallel-10" daemon [_thread_blocked, id=6860, stack(0x00000013e6f00000,0x00000013e7000000)]
  0x000001b5c0d64540 JavaThread "parallel-11" daemon [_thread_blocked, id=7124, stack(0x00000013e7000000,0x00000013e7100000)]
  0x000001b5c480f550 JavaThread "parallel-12" daemon [_thread_blocked, id=27240, stack(0x00000013e7300000,0x00000013e7400000)]
  0x000001b5c06893a0 JavaThread "pool-8-thread-1" [_thread_blocked, id=30124, stack(0x00000013e7200000,0x00000013e7300000)]
  0x000001b5c0688ed0 JavaThread "pool-8-thread-2" [_thread_blocked, id=21056, stack(0x00000013e7600000,0x00000013e7700000)]
  0x000001b5c0689870 JavaThread "pool-8-thread-3" [_thread_blocked, id=26144, stack(0x00000013e7700000,0x00000013e7800000)]
  0x000001b5c0d64a10 JavaThread "pool-6-thread-1" [_thread_blocked, id=13972, stack(0x00000013e7800000,0x00000013e7900000)]
  0x000001b5c480f080 JavaThread "RMI Scheduler(0)" daemon [_thread_blocked, id=13252, stack(0x00000013e7b00000,0x00000013e7c00000)]
  0x000001b5c480fef0 JavaThread "pool-6-thread-2" [_thread_blocked, id=9284, stack(0x00000013e8000000,0x00000013e8100000)]
  0x000001b5c4eed960 JavaThread "pool-6-thread-3" [_thread_blocked, id=5592, stack(0x00000013e8100000,0x00000013e8200000)]
  0x000001b5c4938e20 JavaThread "pool-6-thread-4" [_thread_blocked, id=31940, stack(0x00000013e7100000,0x00000013e7200000)]
  0x000001b5c4e73c60 JavaThread "pool-6-thread-5" [_thread_blocked, id=17208, stack(0x00000013e8200000,0x00000013e8300000)]
  0x000001b5c4b2e1a0 JavaThread "pool-6-thread-6" [_thread_blocked, id=19872, stack(0x00000013e8700000,0x00000013e8800000)]
  0x000001b5c0688060 JavaThread "pool-6-thread-7" [_thread_blocked, id=29752, stack(0x00000013e6e00000,0x00000013e6f00000)]
  0x000001b5c178eaf0 JavaThread "pool-8-thread-4" [_thread_blocked, id=25984, stack(0x00000013e7400000,0x00000013e7500000)]
  0x000001b5c178efc0 JavaThread "pool-6-thread-8" [_thread_blocked, id=20188, stack(0x00000013e7500000,0x00000013e7600000)]
  0x000001b5c5073080 JavaThread "pool-6-thread-9" [_thread_blocked, id=31804, stack(0x00000013e8c00000,0x00000013e8d00000)]
  0x000001b5c178f960 JavaThread "pool-6-thread-10" [_thread_blocked, id=17372, stack(0x00000013e8d00000,0x00000013e8e00000)]
  0x000001b5c48c3ec0 JavaThread "pool-8-thread-5" [_thread_blocked, id=31644, stack(0x00000013e7a00000,0x00000013e7b00000)]
  0x000001b5c480fa20 JavaThread "pool-8-thread-6" [_thread_blocked, id=18444, stack(0x00000013e5d00000,0x00000013e5e00000)]
  0x000001b5c0d67a30 JavaThread "pool-8-thread-7" [_thread_blocked, id=24432, stack(0x00000013ea700000,0x00000013ea800000)]
  0x000001b5c48c3050 JavaThread "pool-8-thread-8" [_thread_blocked, id=9236, stack(0x00000013e7900000,0x00000013e7a00000)]
  0x000001b5c47063c0 JavaThread "pool-8-thread-9" [_thread_blocked, id=26092, stack(0x00000013e8e00000,0x00000013e8f00000)]
  0x000001b5c4827470 JavaThread "pool-8-thread-10" [_thread_blocked, id=31564, stack(0x00000013ea500000,0x00000013ea600000)]
  0x000001b5cd0343c0 JavaThread "ForkJoinPool.commonPool-worker-40" daemon [_thread_blocked, id=27668, stack(0x00000013e7f00000,0x00000013e8000000)]

Other Threads:
=>0x000001b5ba439970 VMThread "VM Thread" [stack: 0x00000013e4800000,0x00000013e4900000] [id=6796]
  0x000001b5af279d80 WatcherThread [stack: 0x00000013e5200000,0x00000013e5300000] [id=17120]
  0x000001b5af264cc0 GCTaskThread "GC Thread#0" [stack: 0x00000013e4300000,0x00000013e4400000] [id=16504]
  0x000001b5bf7f90f0 GCTaskThread "GC Thread#1" [stack: 0x00000013e5500000,0x00000013e5600000] [id=22956]
  0x000001b5bf7f93a0 GCTaskThread "GC Thread#2" [stack: 0x00000013e5600000,0x00000013e5700000] [id=30964]
  0x000001b5bf7cb040 GCTaskThread "GC Thread#3" [stack: 0x00000013e5700000,0x00000013e5800000] [id=22316]
  0x000001b5bfa69ef0 GCTaskThread "GC Thread#4" [stack: 0x00000013e5800000,0x00000013e5900000] [id=19408]
  0x000001b5bfa6a1a0 GCTaskThread "GC Thread#5" [stack: 0x00000013e5900000,0x00000013e5a00000] [id=7688]
  0x000001b5bfa6a450 GCTaskThread "GC Thread#6" [stack: 0x00000013e5a00000,0x00000013e5b00000] [id=18220]
  0x000001b5bfa6a700 GCTaskThread "GC Thread#7" [stack: 0x00000013e5b00000,0x00000013e5c00000] [id=9936]
  0x000001b5bfcba0d0 GCTaskThread "GC Thread#8" [stack: 0x00000013e5f00000,0x00000013e6000000] [id=29124]
  0x000001b5bfc93f40 GCTaskThread "GC Thread#9" [stack: 0x00000013e6000000,0x00000013e6100000] [id=7340]
  0x000001b5af26dd60 ConcurrentGCThread "G1 Main Marker" [stack: 0x00000013e4400000,0x00000013e4500000] [id=26068]
  0x000001b5af26f620 ConcurrentGCThread "G1 Conc#0" [stack: 0x00000013e4500000,0x00000013e4600000] [id=24468]
  0x000001b5bfc91070 ConcurrentGCThread "G1 Conc#1" [stack: 0x00000013e6100000,0x00000013e6200000] [id=16416]
  0x000001b5bfa9d1c0 ConcurrentGCThread "G1 Conc#2" [stack: 0x00000013e6200000,0x00000013e6300000] [id=12728]
  0x000001b5af2de5f0 ConcurrentGCThread "G1 Refine#0" [stack: 0x00000013e4600000,0x00000013e4700000] [id=3588]
  0x000001b5c06c1c90 ConcurrentGCThread "G1 Refine#1" [stack: 0x00000013e8300000,0x00000013e8400000] [id=22284]
  0x000001b5c06c0e30 ConcurrentGCThread "G1 Refine#2" [stack: 0x00000013e8800000,0x00000013e8900000] [id=16228]
  0x000001b5c06c13f0 ConcurrentGCThread "G1 Refine#3" [stack: 0x00000013e8900000,0x00000013e8a00000] [id=9280]
  0x000001b5c06c2250 ConcurrentGCThread "G1 Refine#4" [stack: 0x00000013e8a00000,0x00000013e8b00000] [id=26024]
  0x000001b5c06c16d0 ConcurrentGCThread "G1 Refine#5" [stack: 0x00000013e8b00000,0x00000013e8c00000] [id=29600]
  0x000001b5c06c0b50 ConcurrentGCThread "G1 Refine#6" [stack: 0x00000013e7c00000,0x00000013e7d00000] [id=28944]
  0x000001b5c16b4000 ConcurrentGCThread "G1 Refine#7" [stack: 0x00000013e7d00000,0x00000013e7e00000] [id=25716]
  0x000001b5c16b5cc0 ConcurrentGCThread "G1 Refine#8" [stack: 0x00000013e8f00000,0x00000013e9000000] [id=29572]
  0x000001b5c16b2340 ConcurrentGCThread "G1 Refine#9" [stack: 0x00000013e9000000,0x00000013e9100000] [id=30568]
  0x000001b5ba2a60d0 ConcurrentGCThread "G1 Service" [stack: 0x00000013e4700000,0x00000013e4800000] [id=3636]

Threads with active compile tasks:

VM state: at safepoint (normal execution)

VM Mutex/Monitor currently owned by a thread:  ([mutex/lock_event])
[0x000001b5af224650] Threads_lock - owner thread: 0x000001b5ba439970
[0x000001b5af2232a0] Heap_lock - owner thread: 0x000001b5c02bb440

Heap address: 0x00000000c0000000, size: 1024 MB, Compressed Oops mode: 32-bit

CDS archive(s) not mapped
Compressed class space mapped at: 0x0000000100000000-0x0000000140000000, reserved size: 1073741824
Narrow klass base: 0x0000000000000000, Narrow klass shift: 3, Narrow klass range: 0x140000000

GC Precious Log:
 CPUs: 12 total, 12 available
 Memory: 8013M
 Large Page Support: Disabled
 NUMA Support: Disabled
 Compressed Oops: Enabled (32-bit)
 Heap Region Size: 1M
 Heap Min Capacity: 8M
 Heap Initial Capacity: 126M
 Heap Max Capacity: 1G
 Pre-touch: Disabled
 Parallel Workers: 10
 Concurrent Workers: 3
 Concurrent Refinement Workers: 10
 Periodic GC: Disabled

Heap:
 garbage-first heap   total 301056K, used 88980K [0x00000000c0000000, 0x0000000100000000)
  region size 1024K, 1 young (1024K), 0 survivors (0K)
 Metaspace       used 78146K, committed 78848K, reserved 1179648K
  class space    used 10777K, committed 11072K, reserved 1048576K

Heap Regions: E=young(eden), S=young(survivor), O=old, HS=humongous(starts), HC=humongous(continues), CS=collection set, F=free, OA=open archive, CA=closed archive, TAMS=top-at-mark-start (previous, next)
|   0|0x00000000c0000000, 0x00000000c0100000, 0x00000000c0100000|100%| O|  |TAMS 0x00000000c0100000, 0x00000000c0000000| Untracked 
|   1|0x00000000c0100000, 0x00000000c0200000, 0x00000000c0200000|100%| O|  |TAMS 0x00000000c0200000, 0x00000000c0100000| Untracked 
|   2|0x00000000c0200000, 0x00000000c0300000, 0x00000000c0300000|100%| O|  |TAMS 0x00000000c0300000, 0x00000000c0200000| Untracked 
|   3|0x00000000c0300000, 0x00000000c03ffff8, 0x00000000c0400000| 99%| O|  |TAMS 0x00000000c03ffff8, 0x00000000c0300000| Untracked 
|   4|0x00000000c0400000, 0x00000000c0500000, 0x00000000c0500000|100%| O|  |TAMS 0x00000000c0500000, 0x00000000c0400000| Untracked 
|   5|0x00000000c0500000, 0x00000000c05fffd0, 0x00000000c0600000| 99%| O|  |TAMS 0x00000000c05fffd0, 0x00000000c0500000| Untracked 
|   6|0x00000000c0600000, 0x00000000c06fffb8, 0x00000000c0700000| 99%| O|  |TAMS 0x00000000c06fffb8, 0x00000000c0600000| Untracked 
|   7|0x00000000c0700000, 0x00000000c0800000, 0x00000000c0800000|100%| O|  |TAMS 0x00000000c0800000, 0x00000000c0700000| Untracked 
|   8|0x00000000c0800000, 0x00000000c08fffc0, 0x00000000c0900000| 99%| O|  |TAMS 0x00000000c08fffc0, 0x00000000c0800000| Untracked 
|   9|0x00000000c0900000, 0x00000000c0a00000, 0x00000000c0a00000|100%| O|  |TAMS 0x00000000c0a00000, 0x00000000c0900000| Untracked 
|  10|0x00000000c0a00000, 0x00000000c0afffe0, 0x00000000c0b00000| 99%| O|  |TAMS 0x00000000c0afffe0, 0x00000000c0a00000| Untracked 
|  11|0x00000000c0b00000, 0x00000000c0bfffc8, 0x00000000c0c00000| 99%| O|  |TAMS 0x00000000c0bfffc8, 0x00000000c0b00000| Untracked 
|  12|0x00000000c0c00000, 0x00000000c0cffff0, 0x00000000c0d00000| 99%| O|  |TAMS 0x00000000c0cffff0, 0x00000000c0c00000| Untracked 
|  13|0x00000000c0d00000, 0x00000000c0dfffe0, 0x00000000c0e00000| 99%| O|  |TAMS 0x00000000c0dfffe0, 0x00000000c0d00000| Untracked 
|  14|0x00000000c0e00000, 0x00000000c0f00000, 0x00000000c0f00000|100%| O|  |TAMS 0x00000000c0f00000, 0x00000000c0e00000| Untracked 
|  15|0x00000000c0f00000, 0x00000000c0ffffc0, 0x00000000c1000000| 99%| O|  |TAMS 0x00000000c0ffffc0, 0x00000000c0f00000| Untracked 
|  16|0x00000000c1000000, 0x00000000c10ffff8, 0x00000000c1100000| 99%| O|  |TAMS 0x00000000c10ffff8, 0x00000000c1000000| Untracked 
|  17|0x00000000c1100000, 0x00000000c11ffd78, 0x00000000c1200000| 99%| O|  |TAMS 0x00000000c11ffd78, 0x00000000c1100000| Untracked 
|  18|0x00000000c1200000, 0x00000000c12ffff8, 0x00000000c1300000| 99%| O|  |TAMS 0x00000000c12ffff8, 0x00000000c1200000| Untracked 
|  19|0x00000000c1300000, 0x00000000c13fce90, 0x00000000c1400000| 98%| O|  |TAMS 0x00000000c13fce90, 0x00000000c1300000| Untracked 
|  20|0x00000000c1400000, 0x00000000c14ffff8, 0x00000000c1500000| 99%| O|  |TAMS 0x00000000c14ffff8, 0x00000000c1400000| Untracked 
|  21|0x00000000c1500000, 0x00000000c15fffd0, 0x00000000c1600000| 99%| O|  |TAMS 0x00000000c15fffd0, 0x00000000c1500000| Untracked 
|  22|0x00000000c1600000, 0x00000000c16ffff0, 0x00000000c1700000| 99%| O|  |TAMS 0x00000000c16ffff0, 0x00000000c1600000| Untracked 
|  23|0x00000000c1700000, 0x00000000c17fffd0, 0x00000000c1800000| 99%| O|  |TAMS 0x00000000c17fffd0, 0x00000000c1700000| Untracked 
|  24|0x00000000c1800000, 0x00000000c18fffe8, 0x00000000c1900000| 99%| O|  |TAMS 0x00000000c18fffe8, 0x00000000c1800000| Untracked 
|  25|0x00000000c1900000, 0x00000000c1a00000, 0x00000000c1a00000|100%| O|  |TAMS 0x00000000c1a00000, 0x00000000c1900000| Untracked 
|  26|0x00000000c1a00000, 0x00000000c1b00000, 0x00000000c1b00000|100%| O|  |TAMS 0x00000000c1b00000, 0x00000000c1a00000| Untracked 
|  27|0x00000000c1b00000, 0x00000000c1bffff0, 0x00000000c1c00000| 99%| O|  |TAMS 0x00000000c1bffff0, 0x00000000c1b00000| Untracked 
|  28|0x00000000c1c00000, 0x00000000c1d00000, 0x00000000c1d00000|100%| O|  |TAMS 0x00000000c1d00000, 0x00000000c1c00000| Untracked 
|  29|0x00000000c1d00000, 0x00000000c1dffff0, 0x00000000c1e00000| 99%| O|  |TAMS 0x00000000c1dffff0, 0x00000000c1d00000| Untracked 
|  30|0x00000000c1e00000, 0x00000000c1effff8, 0x00000000c1f00000| 99%| O|  |TAMS 0x00000000c1effff8, 0x00000000c1e00000| Untracked 
|  31|0x00000000c1f00000, 0x00000000c1ffef40, 0x00000000c2000000| 99%| O|  |TAMS 0x00000000c1ffef40, 0x00000000c1f00000| Untracked 
|  32|0x00000000c2000000, 0x00000000c20fffd8, 0x00000000c2100000| 99%| O|  |TAMS 0x00000000c20fffd8, 0x00000000c2000000| Untracked 
|  33|0x00000000c2100000, 0x00000000c21ffff0, 0x00000000c2200000| 99%| O|  |TAMS 0x00000000c21ffff0, 0x00000000c2100000| Untracked 
|  34|0x00000000c2200000, 0x00000000c22ffff8, 0x00000000c2300000| 99%| O|  |TAMS 0x00000000c22ffff8, 0x00000000c2200000| Untracked 
|  35|0x00000000c2300000, 0x00000000c23ffff0, 0x00000000c2400000| 99%| O|  |TAMS 0x00000000c23ffff0, 0x00000000c2300000| Untracked 
|  36|0x00000000c2400000, 0x00000000c24ffff0, 0x00000000c2500000| 99%| O|  |TAMS 0x00000000c24ffff0, 0x00000000c2400000| Untracked 
|  37|0x00000000c2500000, 0x00000000c25ffff8, 0x00000000c2600000| 99%| O|  |TAMS 0x00000000c25ffff8, 0x00000000c2500000| Untracked 
|  38|0x00000000c2600000, 0x00000000c26fffe8, 0x00000000c2700000| 99%| O|  |TAMS 0x00000000c26fffe8, 0x00000000c2600000| Untracked 
|  39|0x00000000c2700000, 0x00000000c27ffff8, 0x00000000c2800000| 99%| O|  |TAMS 0x00000000c27ffff8, 0x00000000c2700000| Untracked 
|  40|0x00000000c2800000, 0x00000000c28ffff0, 0x00000000c2900000| 99%| O|  |TAMS 0x00000000c28ffff0, 0x00000000c2800000| Untracked 
|  41|0x00000000c2900000, 0x00000000c29fffe0, 0x00000000c2a00000| 99%| O|  |TAMS 0x00000000c29fffe0, 0x00000000c2900000| Untracked 
|  42|0x00000000c2a00000, 0x00000000c2affff8, 0x00000000c2b00000| 99%| O|  |TAMS 0x00000000c2affff8, 0x00000000c2a00000| Untracked 
|  43|0x00000000c2b00000, 0x00000000c2c00000, 0x00000000c2c00000|100%| O|  |TAMS 0x00000000c2c00000, 0x00000000c2b00000| Untracked 
|  44|0x00000000c2c00000, 0x00000000c2cfffe8, 0x00000000c2d00000| 99%| O|  |TAMS 0x00000000c2cfffe8, 0x00000000c2c00000| Untracked 
|  45|0x00000000c2d00000, 0x00000000c2dfe258, 0x00000000c2e00000| 99%| O|  |TAMS 0x00000000c2dfe258, 0x00000000c2d00000| Untracked 
|  46|0x00000000c2e00000, 0x00000000c2efea70, 0x00000000c2f00000| 99%| O|  |TAMS 0x00000000c2efea70, 0x00000000c2e00000| Untracked 
|  47|0x00000000c2f00000, 0x00000000c2fffff0, 0x00000000c3000000| 99%| O|  |TAMS 0x00000000c2fffff0, 0x00000000c2f00000| Untracked 
|  48|0x00000000c3000000, 0x00000000c30fff88, 0x00000000c3100000| 99%| O|  |TAMS 0x00000000c30fff88, 0x00000000c3000000| Untracked 
|  49|0x00000000c3100000, 0x00000000c31f3d60, 0x00000000c3200000| 95%| O|  |TAMS 0x00000000c31f3d60, 0x00000000c3100000| Untracked 
|  50|0x00000000c3200000, 0x00000000c3300000, 0x00000000c3300000|100%| O|  |TAMS 0x00000000c3300000, 0x00000000c3200000| Untracked 
|  51|0x00000000c3300000, 0x00000000c33ffff0, 0x00000000c3400000| 99%| O|  |TAMS 0x00000000c33ffff0, 0x00000000c3300000| Untracked 
|  52|0x00000000c3400000, 0x00000000c34fa400, 0x00000000c3500000| 97%| O|  |TAMS 0x00000000c34fa400, 0x00000000c3400000| Untracked 
|  53|0x00000000c3500000, 0x00000000c35ffff0, 0x00000000c3600000| 99%| O|  |TAMS 0x00000000c35ffff0, 0x00000000c3500000| Untracked 
|  54|0x00000000c3600000, 0x00000000c36f6540, 0x00000000c3700000| 96%| O|  |TAMS 0x00000000c36f6540, 0x00000000c3600000| Untracked 
|  55|0x00000000c3700000, 0x00000000c37fffd8, 0x00000000c3800000| 99%| O|  |TAMS 0x00000000c37fffd8, 0x00000000c3700000| Untracked 
|  56|0x00000000c3800000, 0x00000000c38fffc8, 0x00000000c3900000| 99%| O|  |TAMS 0x00000000c38fffc8, 0x00000000c3800000| Untracked 
|  57|0x00000000c3900000, 0x00000000c39fffe0, 0x00000000c3a00000| 99%| O|  |TAMS 0x00000000c39fffe0, 0x00000000c3900000| Untracked 
|  58|0x00000000c3a00000, 0x00000000c3affff8, 0x00000000c3b00000| 99%| O|  |TAMS 0x00000000c3affff8, 0x00000000c3a00000| Untracked 
|  59|0x00000000c3b00000, 0x00000000c3bffce0, 0x00000000c3c00000| 99%| O|  |TAMS 0x00000000c3bffce0, 0x00000000c3b00000| Untracked 
|  60|0x00000000c3c00000, 0x00000000c3cfffc8, 0x00000000c3d00000| 99%| O|  |TAMS 0x00000000c3cfffc8, 0x00000000c3c00000| Untracked 
|  61|0x00000000c3d00000, 0x00000000c3dfffc0, 0x00000000c3e00000| 99%| O|  |TAMS 0x00000000c3dfffc0, 0x00000000c3d00000| Untracked 
|  62|0x00000000c3e00000, 0x00000000c3effff0, 0x00000000c3f00000| 99%| O|  |TAMS 0x00000000c3effff0, 0x00000000c3e00000| Untracked 
|  63|0x00000000c3f00000, 0x00000000c3fffff0, 0x00000000c4000000| 99%| O|  |TAMS 0x00000000c3fffff0, 0x00000000c3f00000| Untracked 
|  64|0x00000000c4000000, 0x00000000c40fffd0, 0x00000000c4100000| 99%| O|  |TAMS 0x00000000c40fffd0, 0x00000000c4000000| Untracked 
|  65|0x00000000c4100000, 0x00000000c4200000, 0x00000000c4200000|100%| O|  |TAMS 0x00000000c4200000, 0x00000000c4100000| Untracked 
|  66|0x00000000c4200000, 0x00000000c42fffe8, 0x00000000c4300000| 99%| O|  |TAMS 0x00000000c42fffe8, 0x00000000c4200000| Untracked 
|  67|0x00000000c4300000, 0x00000000c43fffc0, 0x00000000c4400000| 99%| O|  |TAMS 0x00000000c43fffc0, 0x00000000c4300000| Untracked 
|  68|0x00000000c4400000, 0x00000000c44fcbc8, 0x00000000c4500000| 98%| O|  |TAMS 0x00000000c44fcbc8, 0x00000000c4400000| Untracked 
|  69|0x00000000c4500000, 0x00000000c45ffff0, 0x00000000c4600000| 99%| O|  |TAMS 0x00000000c45ffff0, 0x00000000c4500000| Untracked 
|  70|0x00000000c4600000, 0x00000000c46ffff8, 0x00000000c4700000| 99%| O|  |TAMS 0x00000000c46ffff8, 0x00000000c4600000| Untracked 
|  71|0x00000000c4700000, 0x00000000c47fa8a8, 0x00000000c4800000| 97%| O|  |TAMS 0x00000000c47fa8a8, 0x00000000c4700000| Untracked 
|  72|0x00000000c4800000, 0x00000000c48b5808, 0x00000000c4900000| 70%| O|  |TAMS 0x00000000c4800000, 0x00000000c4800000| Untracked 
|  73|0x00000000c4900000, 0x00000000c49eab00, 0x00000000c4a00000| 91%| O|  |TAMS 0x00000000c4900000, 0x00000000c4900000| Untracked 
|  74|0x00000000c4a00000, 0x00000000c4affff0, 0x00000000c4b00000| 99%| O|  |TAMS 0x00000000c4affff0, 0x00000000c4a00000| Untracked 
|  75|0x00000000c4b00000, 0x00000000c4bc76e8, 0x00000000c4c00000| 77%| O|  |TAMS 0x00000000c4b00000, 0x00000000c4b00000| Untracked 
|  76|0x00000000c4c00000, 0x00000000c4c30ad0, 0x00000000c4d00000| 19%| O|  |TAMS 0x00000000c4c00000, 0x00000000c4c00000| Untracked 
|  77|0x00000000c4d00000, 0x00000000c4d834f0, 0x00000000c4e00000| 51%| O|  |TAMS 0x00000000c4d00000, 0x00000000c4d00000| Untracked 
|  78|0x00000000c4e00000, 0x00000000c4e00000, 0x00000000c4f00000|  0%| F|  |TAMS 0x00000000c4e00000, 0x00000000c4e00000| Untracked 
|  79|0x00000000c4f00000, 0x00000000c4f00000, 0x00000000c5000000|  0%| F|  |TAMS 0x00000000c4f00000, 0x00000000c4f00000| Untracked 
|  80|0x00000000c5000000, 0x00000000c5000000, 0x00000000c5100000|  0%| F|  |TAMS 0x00000000c5000000, 0x00000000c5000000| Untracked 
|  81|0x00000000c5100000, 0x00000000c5100000, 0x00000000c5200000|  0%| F|  |TAMS 0x00000000c5100000, 0x00000000c5100000| Untracked 
|  82|0x00000000c5200000, 0x00000000c5200000, 0x00000000c5300000|  0%| F|  |TAMS 0x00000000c5200000, 0x00000000c5200000| Untracked 
|  83|0x00000000c5300000, 0x00000000c53ffff8, 0x00000000c5400000| 99%| O|  |TAMS 0x00000000c53ffff8, 0x00000000c5300000| Untracked 
|  84|0x00000000c5400000, 0x00000000c54f5fc0, 0x00000000c5500000| 96%| O|  |TAMS 0x00000000c54f5fc0, 0x00000000c5400000| Untracked 
|  85|0x00000000c5500000, 0x00000000c5500000, 0x00000000c5600000|  0%| F|  |TAMS 0x00000000c5500000, 0x00000000c5500000| Untracked 
|  86|0x00000000c5600000, 0x00000000c5600000, 0x00000000c5700000|  0%| F|  |TAMS 0x00000000c5600000, 0x00000000c5600000| Untracked 
|  87|0x00000000c5700000, 0x00000000c5700000, 0x00000000c5800000|  0%| F|  |TAMS 0x00000000c5700000, 0x00000000c5700000| Untracked 
|  88|0x00000000c5800000, 0x00000000c5800000, 0x00000000c5900000|  0%| F|  |TAMS 0x00000000c5800000, 0x00000000c5800000| Untracked 
|  89|0x00000000c5900000, 0x00000000c5900000, 0x00000000c5a00000|  0%| F|  |TAMS 0x00000000c5900000, 0x00000000c5900000| Untracked 
|  90|0x00000000c5a00000, 0x00000000c5a00000, 0x00000000c5b00000|  0%| F|  |TAMS 0x00000000c5a00000, 0x00000000c5a00000| Untracked 
|  91|0x00000000c5b00000, 0x00000000c5b00000, 0x00000000c5c00000|  0%| F|  |TAMS 0x00000000c5b00000, 0x00000000c5b00000| Untracked 
|  92|0x00000000c5c00000, 0x00000000c5c00000, 0x00000000c5d00000|  0%| F|  |TAMS 0x00000000c5c00000, 0x00000000c5c00000| Untracked 
|  93|0x00000000c5d00000, 0x00000000c5d00000, 0x00000000c5e00000|  0%| F|  |TAMS 0x00000000c5d00000, 0x00000000c5d00000| Untracked 
|  94|0x00000000c5e00000, 0x00000000c5e00000, 0x00000000c5f00000|  0%| F|  |TAMS 0x00000000c5e00000, 0x00000000c5e00000| Untracked 
|  95|0x00000000c5f00000, 0x00000000c5f00000, 0x00000000c6000000|  0%| F|  |TAMS 0x00000000c5f00000, 0x00000000c5f00000| Untracked 
|  96|0x00000000c6000000, 0x00000000c6000000, 0x00000000c6100000|  0%| F|  |TAMS 0x00000000c6000000, 0x00000000c6000000| Untracked 
|  97|0x00000000c6100000, 0x00000000c6100000, 0x00000000c6200000|  0%| F|  |TAMS 0x00000000c6100000, 0x00000000c6100000| Untracked 
|  98|0x00000000c6200000, 0x00000000c62fffc0, 0x00000000c6300000| 99%| O|  |TAMS 0x00000000c62fffc0, 0x00000000c6200000| Untracked 
|  99|0x00000000c6300000, 0x00000000c6300000, 0x00000000c6400000|  0%| F|  |TAMS 0x00000000c6300000, 0x00000000c6300000| Untracked 
| 100|0x00000000c6400000, 0x00000000c6400000, 0x00000000c6500000|  0%| F|  |TAMS 0x00000000c6400000, 0x00000000c6400000| Untracked 
| 101|0x00000000c6500000, 0x00000000c6500000, 0x00000000c6600000|  0%| F|  |TAMS 0x00000000c6500000, 0x00000000c6500000| Untracked 
| 102|0x00000000c6600000, 0x00000000c6600000, 0x00000000c6700000|  0%| F|  |TAMS 0x00000000c6600000, 0x00000000c6600000| Untracked 
| 103|0x00000000c6700000, 0x00000000c6700000, 0x00000000c6800000|  0%| F|  |TAMS 0x00000000c6700000, 0x00000000c6700000| Untracked 
| 104|0x00000000c6800000, 0x00000000c6900000, 0x00000000c6900000|100%|HS|  |TAMS 0x00000000c6900000, 0x00000000c6800000| Untracked 
| 105|0x00000000c6900000, 0x00000000c6900000, 0x00000000c6a00000|  0%| F|  |TAMS 0x00000000c6900000, 0x00000000c6900000| Untracked 
| 106|0x00000000c6a00000, 0x00000000c6a00000, 0x00000000c6b00000|  0%| F|  |TAMS 0x00000000c6a00000, 0x00000000c6a00000| Untracked 
| 107|0x00000000c6b00000, 0x00000000c6b00000, 0x00000000c6c00000|  0%| F|  |TAMS 0x00000000c6b00000, 0x00000000c6b00000| Untracked 
| 108|0x00000000c6c00000, 0x00000000c6c00000, 0x00000000c6d00000|  0%| F|  |TAMS 0x00000000c6c00000, 0x00000000c6c00000| Untracked 
| 109|0x00000000c6d00000, 0x00000000c6d00000, 0x00000000c6e00000|  0%| F|  |TAMS 0x00000000c6d00000, 0x00000000c6d00000| Untracked 
| 110|0x00000000c6e00000, 0x00000000c6e00000, 0x00000000c6f00000|  0%| F|  |TAMS 0x00000000c6e00000, 0x00000000c6e00000| Untracked 
| 111|0x00000000c6f00000, 0x00000000c6f00000, 0x00000000c7000000|  0%| F|  |TAMS 0x00000000c6f00000, 0x00000000c6f00000| Untracked 
| 112|0x00000000c7000000, 0x00000000c7000000, 0x00000000c7100000|  0%| F|  |TAMS 0x00000000c7000000, 0x00000000c7000000| Untracked 
| 113|0x00000000c7100000, 0x00000000c7100000, 0x00000000c7200000|  0%| F|  |TAMS 0x00000000c7100000, 0x00000000c7100000| Untracked 
| 114|0x00000000c7200000, 0x00000000c7300000, 0x00000000c7300000|100%|HS|  |TAMS 0x00000000c7300000, 0x00000000c7200000| Untracked 
| 115|0x00000000c7300000, 0x00000000c7300000, 0x00000000c7400000|  0%| F|  |TAMS 0x00000000c7300000, 0x00000000c7300000| Untracked 
| 116|0x00000000c7400000, 0x00000000c7400000, 0x00000000c7500000|  0%| F|  |TAMS 0x00000000c7400000, 0x00000000c7400000| Untracked 
| 117|0x00000000c7500000, 0x00000000c7500000, 0x00000000c7600000|  0%| F|  |TAMS 0x00000000c7500000, 0x00000000c7500000| Untracked 
| 118|0x00000000c7600000, 0x00000000c7600000, 0x00000000c7700000|  0%| F|  |TAMS 0x00000000c7600000, 0x00000000c7600000| Untracked 
| 119|0x00000000c7700000, 0x00000000c7700000, 0x00000000c7800000|  0%| F|  |TAMS 0x00000000c7700000, 0x00000000c7700000| Untracked 
| 120|0x00000000c7800000, 0x00000000c7800000, 0x00000000c7900000|  0%| F|  |TAMS 0x00000000c7800000, 0x00000000c7800000| Untracked 
| 121|0x00000000c7900000, 0x00000000c7a00000, 0x00000000c7a00000|100%|HS|  |TAMS 0x00000000c7a00000, 0x00000000c7900000| Untracked 
| 122|0x00000000c7a00000, 0x00000000c7b00000, 0x00000000c7b00000|100%|HC|  |TAMS 0x00000000c7b00000, 0x00000000c7a00000| Untracked 
| 123|0x00000000c7b00000, 0x00000000c7b00000, 0x00000000c7c00000|  0%| F|  |TAMS 0x00000000c7b00000, 0x00000000c7b00000| Untracked 
| 124|0x00000000c7c00000, 0x00000000c7c00000, 0x00000000c7d00000|  0%| F|  |TAMS 0x00000000c7c00000, 0x00000000c7c00000| Untracked 
| 125|0x00000000c7d00000, 0x00000000c7d00000, 0x00000000c7e00000|  0%| F|  |TAMS 0x00000000c7d00000, 0x00000000c7d00000| Untracked 
| 126|0x00000000c7e00000, 0x00000000c7e00000, 0x00000000c7f00000|  0%| F|  |TAMS 0x00000000c7e00000, 0x00000000c7e00000| Untracked 
| 127|0x00000000c7f00000, 0x00000000c7f00000, 0x00000000c8000000|  0%| F|  |TAMS 0x00000000c7f00000, 0x00000000c7f00000| Untracked 
| 128|0x00000000c8000000, 0x00000000c8000000, 0x00000000c8100000|  0%| F|  |TAMS 0x00000000c8000000, 0x00000000c8000000| Untracked 
| 129|0x00000000c8100000, 0x00000000c8100000, 0x00000000c8200000|  0%| F|  |TAMS 0x00000000c8100000, 0x00000000c8100000| Untracked 
| 130|0x00000000c8200000, 0x00000000c8200000, 0x00000000c8300000|  0%| F|  |TAMS 0x00000000c8200000, 0x00000000c8200000| Untracked 
| 131|0x00000000c8300000, 0x00000000c8300000, 0x00000000c8400000|  0%| F|  |TAMS 0x00000000c8300000, 0x00000000c8300000| Untracked 
| 132|0x00000000c8400000, 0x00000000c8400000, 0x00000000c8500000|  0%| F|  |TAMS 0x00000000c8400000, 0x00000000c8400000| Untracked 
| 133|0x00000000c8500000, 0x00000000c8500000, 0x00000000c8600000|  0%| F|  |TAMS 0x00000000c8500000, 0x00000000c8500000| Untracked 
| 134|0x00000000c8600000, 0x00000000c8600000, 0x00000000c8700000|  0%| F|  |TAMS 0x00000000c8600000, 0x00000000c8600000| Untracked 
| 135|0x00000000c8700000, 0x00000000c8700000, 0x00000000c8800000|  0%| F|  |TAMS 0x00000000c8700000, 0x00000000c8700000| Untracked 
| 136|0x00000000c8800000, 0x00000000c8800000, 0x00000000c8900000|  0%| F|  |TAMS 0x00000000c8800000, 0x00000000c8800000| Untracked 
| 137|0x00000000c8900000, 0x00000000c8a00000, 0x00000000c8a00000|100%| O|  |TAMS 0x00000000c8a00000, 0x00000000c8900000| Untracked 
| 138|0x00000000c8a00000, 0x00000000c8a00000, 0x00000000c8b00000|  0%| F|  |TAMS 0x00000000c8a00000, 0x00000000c8a00000| Untracked 
| 139|0x00000000c8b00000, 0x00000000c8b00000, 0x00000000c8c00000|  0%| F|  |TAMS 0x00000000c8b00000, 0x00000000c8b00000| Untracked 
| 140|0x00000000c8c00000, 0x00000000c8c00000, 0x00000000c8d00000|  0%| F|  |TAMS 0x00000000c8c00000, 0x00000000c8c00000| Untracked 
| 141|0x00000000c8d00000, 0x00000000c8e00000, 0x00000000c8e00000|100%| O|  |TAMS 0x00000000c8e00000, 0x00000000c8d00000| Untracked 
| 142|0x00000000c8e00000, 0x00000000c8e00000, 0x00000000c8f00000|  0%| F|  |TAMS 0x00000000c8e00000, 0x00000000c8e00000| Untracked 
| 143|0x00000000c8f00000, 0x00000000c8f00000, 0x00000000c9000000|  0%| F|  |TAMS 0x00000000c8f00000, 0x00000000c8f00000| Untracked 
| 144|0x00000000c9000000, 0x00000000c9000000, 0x00000000c9100000|  0%| F|  |TAMS 0x00000000c9000000, 0x00000000c9000000| Untracked 
| 145|0x00000000c9100000, 0x00000000c9100000, 0x00000000c9200000|  0%| F|  |TAMS 0x00000000c9100000, 0x00000000c9100000| Untracked 
| 146|0x00000000c9200000, 0x00000000c9200000, 0x00000000c9300000|  0%| F|  |TAMS 0x00000000c9200000, 0x00000000c9200000| Untracked 
| 147|0x00000000c9300000, 0x00000000c9300000, 0x00000000c9400000|  0%| F|  |TAMS 0x00000000c9300000, 0x00000000c9300000| Untracked 
| 148|0x00000000c9400000, 0x00000000c9400000, 0x00000000c9500000|  0%| F|  |TAMS 0x00000000c9400000, 0x00000000c9400000| Untracked 
| 149|0x00000000c9500000, 0x00000000c9500000, 0x00000000c9600000|  0%| F|  |TAMS 0x00000000c9500000, 0x00000000c9500000| Untracked 
| 150|0x00000000c9600000, 0x00000000c9600000, 0x00000000c9700000|  0%| F|  |TAMS 0x00000000c9600000, 0x00000000c9600000| Untracked 
| 151|0x00000000c9700000, 0x00000000c9700000, 0x00000000c9800000|  0%| F|  |TAMS 0x00000000c9700000, 0x00000000c9700000| Untracked 
| 152|0x00000000c9800000, 0x00000000c9800000, 0x00000000c9900000|  0%| F|  |TAMS 0x00000000c9800000, 0x00000000c9800000| Untracked 
| 153|0x00000000c9900000, 0x00000000c9900000, 0x00000000c9a00000|  0%| F|  |TAMS 0x00000000c9900000, 0x00000000c9900000| Untracked 
| 154|0x00000000c9a00000, 0x00000000c9a00000, 0x00000000c9b00000|  0%| F|  |TAMS 0x00000000c9a00000, 0x00000000c9a00000| Untracked 
| 155|0x00000000c9b00000, 0x00000000c9b00000, 0x00000000c9c00000|  0%| F|  |TAMS 0x00000000c9b00000, 0x00000000c9b00000| Untracked 
| 156|0x00000000c9c00000, 0x00000000c9c00000, 0x00000000c9d00000|  0%| F|  |TAMS 0x00000000c9c00000, 0x00000000c9c00000| Untracked 
| 157|0x00000000c9d00000, 0x00000000c9d00000, 0x00000000c9e00000|  0%| F|  |TAMS 0x00000000c9d00000, 0x00000000c9d00000| Untracked 
| 158|0x00000000c9e00000, 0x00000000c9e00000, 0x00000000c9f00000|  0%| F|  |TAMS 0x00000000c9e00000, 0x00000000c9e00000| Untracked 
| 159|0x00000000c9f00000, 0x00000000c9f00000, 0x00000000ca000000|  0%| F|  |TAMS 0x00000000c9f00000, 0x00000000c9f00000| Untracked 
| 160|0x00000000ca000000, 0x00000000ca000000, 0x00000000ca100000|  0%| F|  |TAMS 0x00000000ca000000, 0x00000000ca000000| Untracked 
| 161|0x00000000ca100000, 0x00000000ca100000, 0x00000000ca200000|  0%| F|  |TAMS 0x00000000ca100000, 0x00000000ca100000| Untracked 
| 162|0x00000000ca200000, 0x00000000ca200000, 0x00000000ca300000|  0%| F|  |TAMS 0x00000000ca200000, 0x00000000ca200000| Untracked 
| 163|0x00000000ca300000, 0x00000000ca300000, 0x00000000ca400000|  0%| F|  |TAMS 0x00000000ca300000, 0x00000000ca300000| Untracked 
| 164|0x00000000ca400000, 0x00000000ca400000, 0x00000000ca500000|  0%| F|  |TAMS 0x00000000ca400000, 0x00000000ca400000| Untracked 
| 165|0x00000000ca500000, 0x00000000ca500000, 0x00000000ca600000|  0%| F|  |TAMS 0x00000000ca500000, 0x00000000ca500000| Untracked 
| 166|0x00000000ca600000, 0x00000000ca600000, 0x00000000ca700000|  0%| F|  |TAMS 0x00000000ca600000, 0x00000000ca600000| Untracked 
| 167|0x00000000ca700000, 0x00000000ca700000, 0x00000000ca800000|  0%| F|  |TAMS 0x00000000ca700000, 0x00000000ca700000| Untracked 
| 168|0x00000000ca800000, 0x00000000ca800000, 0x00000000ca900000|  0%| F|  |TAMS 0x00000000ca800000, 0x00000000ca800000| Untracked 
| 169|0x00000000ca900000, 0x00000000ca900000, 0x00000000caa00000|  0%| F|  |TAMS 0x00000000ca900000, 0x00000000ca900000| Untracked 
| 170|0x00000000caa00000, 0x00000000caa00000, 0x00000000cab00000|  0%| F|  |TAMS 0x00000000caa00000, 0x00000000caa00000| Untracked 
| 171|0x00000000cab00000, 0x00000000cab00000, 0x00000000cac00000|  0%| F|  |TAMS 0x00000000cab00000, 0x00000000cab00000| Untracked 
| 172|0x00000000cac00000, 0x00000000cac00000, 0x00000000cad00000|  0%| F|  |TAMS 0x00000000cac00000, 0x00000000cac00000| Untracked 
| 173|0x00000000cad00000, 0x00000000cad00000, 0x00000000cae00000|  0%| F|  |TAMS 0x00000000cad00000, 0x00000000cad00000| Untracked 
| 174|0x00000000cae00000, 0x00000000cae00000, 0x00000000caf00000|  0%| F|  |TAMS 0x00000000cae00000, 0x00000000cae00000| Untracked 
| 175|0x00000000caf00000, 0x00000000caf00000, 0x00000000cb000000|  0%| F|  |TAMS 0x00000000caf00000, 0x00000000caf00000| Untracked 
| 176|0x00000000cb000000, 0x00000000cb000000, 0x00000000cb100000|  0%| F|  |TAMS 0x00000000cb000000, 0x00000000cb000000| Untracked 
| 177|0x00000000cb100000, 0x00000000cb100000, 0x00000000cb200000|  0%| F|  |TAMS 0x00000000cb100000, 0x00000000cb100000| Untracked 
| 178|0x00000000cb200000, 0x00000000cb200000, 0x00000000cb300000|  0%| F|  |TAMS 0x00000000cb200000, 0x00000000cb200000| Untracked 
| 179|0x00000000cb300000, 0x00000000cb300000, 0x00000000cb400000|  0%| F|  |TAMS 0x00000000cb300000, 0x00000000cb300000| Untracked 
| 180|0x00000000cb400000, 0x00000000cb400000, 0x00000000cb500000|  0%| F|  |TAMS 0x00000000cb400000, 0x00000000cb400000| Untracked 
| 181|0x00000000cb500000, 0x00000000cb500000, 0x00000000cb600000|  0%| F|  |TAMS 0x00000000cb500000, 0x00000000cb500000| Untracked 
| 182|0x00000000cb600000, 0x00000000cb600000, 0x00000000cb700000|  0%| F|  |TAMS 0x00000000cb600000, 0x00000000cb600000| Untracked 
| 183|0x00000000cb700000, 0x00000000cb700000, 0x00000000cb800000|  0%| F|  |TAMS 0x00000000cb700000, 0x00000000cb700000| Untracked 
| 184|0x00000000cb800000, 0x00000000cb800000, 0x00000000cb900000|  0%| F|  |TAMS 0x00000000cb800000, 0x00000000cb800000| Untracked 
| 185|0x00000000cb900000, 0x00000000cb900000, 0x00000000cba00000|  0%| F|  |TAMS 0x00000000cb900000, 0x00000000cb900000| Untracked 
| 186|0x00000000cba00000, 0x00000000cba00000, 0x00000000cbb00000|  0%| F|  |TAMS 0x00000000cba00000, 0x00000000cba00000| Untracked 
| 187|0x00000000cbb00000, 0x00000000cbb00000, 0x00000000cbc00000|  0%| F|  |TAMS 0x00000000cbb00000, 0x00000000cbb00000| Untracked 
| 188|0x00000000cbc00000, 0x00000000cbc00000, 0x00000000cbd00000|  0%| F|  |TAMS 0x00000000cbc00000, 0x00000000cbc00000| Untracked 
| 189|0x00000000cbd00000, 0x00000000cbd00000, 0x00000000cbe00000|  0%| F|  |TAMS 0x00000000cbd00000, 0x00000000cbd00000| Untracked 
| 190|0x00000000cbe00000, 0x00000000cbe00000, 0x00000000cbf00000|  0%| F|  |TAMS 0x00000000cbe00000, 0x00000000cbe00000| Untracked 
| 191|0x00000000cbf00000, 0x00000000cbf00000, 0x00000000cc000000|  0%| F|  |TAMS 0x00000000cbf00000, 0x00000000cbf00000| Untracked 
| 192|0x00000000cc000000, 0x00000000cc000000, 0x00000000cc100000|  0%| F|  |TAMS 0x00000000cc000000, 0x00000000cc000000| Untracked 
| 193|0x00000000cc100000, 0x00000000cc100000, 0x00000000cc200000|  0%| F|  |TAMS 0x00000000cc100000, 0x00000000cc100000| Untracked 
| 194|0x00000000cc200000, 0x00000000cc200000, 0x00000000cc300000|  0%| F|  |TAMS 0x00000000cc200000, 0x00000000cc200000| Untracked 
| 195|0x00000000cc300000, 0x00000000cc300000, 0x00000000cc400000|  0%| F|  |TAMS 0x00000000cc300000, 0x00000000cc300000| Untracked 
| 196|0x00000000cc400000, 0x00000000cc400000, 0x00000000cc500000|  0%| F|  |TAMS 0x00000000cc400000, 0x00000000cc400000| Untracked 
| 197|0x00000000cc500000, 0x00000000cc500000, 0x00000000cc600000|  0%| F|  |TAMS 0x00000000cc500000, 0x00000000cc500000| Untracked 
| 198|0x00000000cc600000, 0x00000000cc600000, 0x00000000cc700000|  0%| F|  |TAMS 0x00000000cc600000, 0x00000000cc600000| Untracked 
| 199|0x00000000cc700000, 0x00000000cc700000, 0x00000000cc800000|  0%| F|  |TAMS 0x00000000cc700000, 0x00000000cc700000| Untracked 
| 200|0x00000000cc800000, 0x00000000cc800000, 0x00000000cc900000|  0%| F|  |TAMS 0x00000000cc800000, 0x00000000cc800000| Untracked 
| 201|0x00000000cc900000, 0x00000000cc900000, 0x00000000cca00000|  0%| F|  |TAMS 0x00000000cc900000, 0x00000000cc900000| Untracked 
| 202|0x00000000cca00000, 0x00000000cca00000, 0x00000000ccb00000|  0%| F|  |TAMS 0x00000000cca00000, 0x00000000cca00000| Untracked 
| 203|0x00000000ccb00000, 0x00000000ccb00000, 0x00000000ccc00000|  0%| F|  |TAMS 0x00000000ccb00000, 0x00000000ccb00000| Untracked 
| 204|0x00000000ccc00000, 0x00000000ccc00000, 0x00000000ccd00000|  0%| F|  |TAMS 0x00000000ccc00000, 0x00000000ccc00000| Untracked 
| 205|0x00000000ccd00000, 0x00000000ccd00000, 0x00000000cce00000|  0%| F|  |TAMS 0x00000000ccd00000, 0x00000000ccd00000| Untracked 
| 206|0x00000000cce00000, 0x00000000cce00000, 0x00000000ccf00000|  0%| F|  |TAMS 0x00000000cce00000, 0x00000000cce00000| Untracked 
| 207|0x00000000ccf00000, 0x00000000ccf00000, 0x00000000cd000000|  0%| F|  |TAMS 0x00000000ccf00000, 0x00000000ccf00000| Untracked 
| 208|0x00000000cd000000, 0x00000000cd000000, 0x00000000cd100000|  0%| F|  |TAMS 0x00000000cd000000, 0x00000000cd000000| Untracked 
| 209|0x00000000cd100000, 0x00000000cd100000, 0x00000000cd200000|  0%| F|  |TAMS 0x00000000cd100000, 0x00000000cd100000| Untracked 
| 210|0x00000000cd200000, 0x00000000cd200000, 0x00000000cd300000|  0%| F|  |TAMS 0x00000000cd200000, 0x00000000cd200000| Untracked 
| 211|0x00000000cd300000, 0x00000000cd300000, 0x00000000cd400000|  0%| F|  |TAMS 0x00000000cd300000, 0x00000000cd300000| Untracked 
| 212|0x00000000cd400000, 0x00000000cd400000, 0x00000000cd500000|  0%| F|  |TAMS 0x00000000cd400000, 0x00000000cd400000| Untracked 
| 213|0x00000000cd500000, 0x00000000cd500000, 0x00000000cd600000|  0%| F|  |TAMS 0x00000000cd500000, 0x00000000cd500000| Untracked 
| 214|0x00000000cd600000, 0x00000000cd600000, 0x00000000cd700000|  0%| F|  |TAMS 0x00000000cd600000, 0x00000000cd600000| Untracked 
| 215|0x00000000cd700000, 0x00000000cd700000, 0x00000000cd800000|  0%| F|  |TAMS 0x00000000cd700000, 0x00000000cd700000| Untracked 
| 216|0x00000000cd800000, 0x00000000cd800000, 0x00000000cd900000|  0%| F|  |TAMS 0x00000000cd800000, 0x00000000cd800000| Untracked 
| 217|0x00000000cd900000, 0x00000000cd900000, 0x00000000cda00000|  0%| F|  |TAMS 0x00000000cd900000, 0x00000000cd900000| Untracked 
| 218|0x00000000cda00000, 0x00000000cda00000, 0x00000000cdb00000|  0%| F|  |TAMS 0x00000000cda00000, 0x00000000cda00000| Untracked 
| 219|0x00000000cdb00000, 0x00000000cdb00000, 0x00000000cdc00000|  0%| F|  |TAMS 0x00000000cdb00000, 0x00000000cdb00000| Untracked 
| 220|0x00000000cdc00000, 0x00000000cdc00000, 0x00000000cdd00000|  0%| F|  |TAMS 0x00000000cdc00000, 0x00000000cdc00000| Untracked 
| 221|0x00000000cdd00000, 0x00000000cdd00000, 0x00000000cde00000|  0%| F|  |TAMS 0x00000000cdd00000, 0x00000000cdd00000| Untracked 
| 222|0x00000000cde00000, 0x00000000cde00000, 0x00000000cdf00000|  0%| F|  |TAMS 0x00000000cde00000, 0x00000000cde00000| Untracked 
| 223|0x00000000cdf00000, 0x00000000cdf00000, 0x00000000ce000000|  0%| F|  |TAMS 0x00000000cdf00000, 0x00000000cdf00000| Untracked 
| 224|0x00000000ce000000, 0x00000000ce000000, 0x00000000ce100000|  0%| F|  |TAMS 0x00000000ce000000, 0x00000000ce000000| Untracked 
| 225|0x00000000ce100000, 0x00000000ce100000, 0x00000000ce200000|  0%| F|  |TAMS 0x00000000ce100000, 0x00000000ce100000| Untracked 
| 226|0x00000000ce200000, 0x00000000ce200000, 0x00000000ce300000|  0%| F|  |TAMS 0x00000000ce200000, 0x00000000ce200000| Untracked 
| 227|0x00000000ce300000, 0x00000000ce300000, 0x00000000ce400000|  0%| F|  |TAMS 0x00000000ce300000, 0x00000000ce300000| Untracked 
| 228|0x00000000ce400000, 0x00000000ce400000, 0x00000000ce500000|  0%| F|  |TAMS 0x00000000ce400000, 0x00000000ce400000| Untracked 
| 229|0x00000000ce500000, 0x00000000ce500000, 0x00000000ce600000|  0%| F|  |TAMS 0x00000000ce500000, 0x00000000ce500000| Untracked 
| 230|0x00000000ce600000, 0x00000000ce600000, 0x00000000ce700000|  0%| F|  |TAMS 0x00000000ce600000, 0x00000000ce600000| Untracked 
| 231|0x00000000ce700000, 0x00000000ce700000, 0x00000000ce800000|  0%| F|  |TAMS 0x00000000ce700000, 0x00000000ce700000| Untracked 
| 232|0x00000000ce800000, 0x00000000ce800000, 0x00000000ce900000|  0%| F|  |TAMS 0x00000000ce800000, 0x00000000ce800000| Untracked 
| 233|0x00000000ce900000, 0x00000000ce900000, 0x00000000cea00000|  0%| F|  |TAMS 0x00000000ce900000, 0x00000000ce900000| Untracked 
| 234|0x00000000cea00000, 0x00000000cea00000, 0x00000000ceb00000|  0%| F|  |TAMS 0x00000000cea00000, 0x00000000cea00000| Untracked 
| 235|0x00000000ceb00000, 0x00000000ceb00000, 0x00000000cec00000|  0%| F|  |TAMS 0x00000000ceb00000, 0x00000000ceb00000| Untracked 
| 236|0x00000000cec00000, 0x00000000cec00000, 0x00000000ced00000|  0%| F|  |TAMS 0x00000000cec00000, 0x00000000cec00000| Untracked 
| 237|0x00000000ced00000, 0x00000000ced00000, 0x00000000cee00000|  0%| F|  |TAMS 0x00000000ced00000, 0x00000000ced00000| Untracked 
| 238|0x00000000cee00000, 0x00000000cee00000, 0x00000000cef00000|  0%| F|  |TAMS 0x00000000cee00000, 0x00000000cee00000| Untracked 
| 239|0x00000000cef00000, 0x00000000cef00000, 0x00000000cf000000|  0%| F|  |TAMS 0x00000000cef00000, 0x00000000cef00000| Untracked 
| 240|0x00000000cf000000, 0x00000000cf000000, 0x00000000cf100000|  0%| F|  |TAMS 0x00000000cf000000, 0x00000000cf000000| Untracked 
| 241|0x00000000cf100000, 0x00000000cf100000, 0x00000000cf200000|  0%| F|  |TAMS 0x00000000cf100000, 0x00000000cf100000| Untracked 
| 242|0x00000000cf200000, 0x00000000cf200000, 0x00000000cf300000|  0%| F|  |TAMS 0x00000000cf200000, 0x00000000cf200000| Untracked 
| 243|0x00000000cf300000, 0x00000000cf300000, 0x00000000cf400000|  0%| F|  |TAMS 0x00000000cf300000, 0x00000000cf300000| Untracked 
| 244|0x00000000cf400000, 0x00000000cf400000, 0x00000000cf500000|  0%| F|  |TAMS 0x00000000cf400000, 0x00000000cf400000| Untracked 
| 245|0x00000000cf500000, 0x00000000cf500000, 0x00000000cf600000|  0%| F|  |TAMS 0x00000000cf500000, 0x00000000cf500000| Untracked 
| 246|0x00000000cf600000, 0x00000000cf600000, 0x00000000cf700000|  0%| F|  |TAMS 0x00000000cf600000, 0x00000000cf600000| Untracked 
| 247|0x00000000cf700000, 0x00000000cf700000, 0x00000000cf800000|  0%| F|  |TAMS 0x00000000cf700000, 0x00000000cf700000| Untracked 
| 248|0x00000000cf800000, 0x00000000cf800000, 0x00000000cf900000|  0%| F|  |TAMS 0x00000000cf800000, 0x00000000cf800000| Untracked 
| 249|0x00000000cf900000, 0x00000000cf900000, 0x00000000cfa00000|  0%| F|  |TAMS 0x00000000cf900000, 0x00000000cf900000| Untracked 
| 250|0x00000000cfa00000, 0x00000000cfa00000, 0x00000000cfb00000|  0%| F|  |TAMS 0x00000000cfa00000, 0x00000000cfa00000| Untracked 
| 251|0x00000000cfb00000, 0x00000000cfb00000, 0x00000000cfc00000|  0%| F|  |TAMS 0x00000000cfb00000, 0x00000000cfb00000| Untracked 
| 252|0x00000000cfc00000, 0x00000000cfc00000, 0x00000000cfd00000|  0%| F|  |TAMS 0x00000000cfc00000, 0x00000000cfc00000| Untracked 
| 253|0x00000000cfd00000, 0x00000000cfd00000, 0x00000000cfe00000|  0%| F|  |TAMS 0x00000000cfd00000, 0x00000000cfd00000| Untracked 
| 254|0x00000000cfe00000, 0x00000000cfe00000, 0x00000000cff00000|  0%| F|  |TAMS 0x00000000cfe00000, 0x00000000cfe00000| Untracked 
| 255|0x00000000cff00000, 0x00000000cff00000, 0x00000000d0000000|  0%| F|  |TAMS 0x00000000cff00000, 0x00000000cff00000| Untracked 
| 256|0x00000000d0000000, 0x00000000d0000000, 0x00000000d0100000|  0%| F|  |TAMS 0x00000000d0000000, 0x00000000d0000000| Untracked 
| 257|0x00000000d0100000, 0x00000000d0100000, 0x00000000d0200000|  0%| F|  |TAMS 0x00000000d0100000, 0x00000000d0100000| Untracked 
| 258|0x00000000d0200000, 0x00000000d0200000, 0x00000000d0300000|  0%| F|  |TAMS 0x00000000d0200000, 0x00000000d0200000| Untracked 
| 259|0x00000000d0300000, 0x00000000d0300000, 0x00000000d0400000|  0%| F|  |TAMS 0x00000000d0300000, 0x00000000d0300000| Untracked 
| 260|0x00000000d0400000, 0x00000000d0400000, 0x00000000d0500000|  0%| F|  |TAMS 0x00000000d0400000, 0x00000000d0400000| Untracked 
| 261|0x00000000d0500000, 0x00000000d0500000, 0x00000000d0600000|  0%| F|  |TAMS 0x00000000d0500000, 0x00000000d0500000| Untracked 
| 262|0x00000000d0600000, 0x00000000d0600000, 0x00000000d0700000|  0%| F|  |TAMS 0x00000000d0600000, 0x00000000d0600000| Untracked 
| 263|0x00000000d0700000, 0x00000000d0700000, 0x00000000d0800000|  0%| F|  |TAMS 0x00000000d0700000, 0x00000000d0700000| Untracked 
| 264|0x00000000d0800000, 0x00000000d0800000, 0x00000000d0900000|  0%| F|  |TAMS 0x00000000d0800000, 0x00000000d0800000| Untracked 
| 265|0x00000000d0900000, 0x00000000d0900000, 0x00000000d0a00000|  0%| F|  |TAMS 0x00000000d0900000, 0x00000000d0900000| Untracked 
| 266|0x00000000d0a00000, 0x00000000d0a00000, 0x00000000d0b00000|  0%| F|  |TAMS 0x00000000d0a00000, 0x00000000d0a00000| Untracked 
| 267|0x00000000d0b00000, 0x00000000d0b00000, 0x00000000d0c00000|  0%| F|  |TAMS 0x00000000d0b00000, 0x00000000d0b00000| Untracked 
| 268|0x00000000d0c00000, 0x00000000d0c00000, 0x00000000d0d00000|  0%| F|  |TAMS 0x00000000d0c00000, 0x00000000d0c00000| Untracked 
| 269|0x00000000d0d00000, 0x00000000d0d00000, 0x00000000d0e00000|  0%| F|  |TAMS 0x00000000d0d00000, 0x00000000d0d00000| Untracked 
| 270|0x00000000d0e00000, 0x00000000d0e00000, 0x00000000d0f00000|  0%| F|  |TAMS 0x00000000d0e00000, 0x00000000d0e00000| Untracked 
| 271|0x00000000d0f00000, 0x00000000d0f00000, 0x00000000d1000000|  0%| F|  |TAMS 0x00000000d0f00000, 0x00000000d0f00000| Untracked 
| 272|0x00000000d1000000, 0x00000000d1000000, 0x00000000d1100000|  0%| F|  |TAMS 0x00000000d1000000, 0x00000000d1000000| Untracked 
| 273|0x00000000d1100000, 0x00000000d1100000, 0x00000000d1200000|  0%| F|  |TAMS 0x00000000d1100000, 0x00000000d1100000| Untracked 
| 274|0x00000000d1200000, 0x00000000d1200000, 0x00000000d1300000|  0%| F|  |TAMS 0x00000000d1200000, 0x00000000d1200000| Untracked 
| 275|0x00000000d1300000, 0x00000000d1300000, 0x00000000d1400000|  0%| F|  |TAMS 0x00000000d1300000, 0x00000000d1300000| Untracked 
| 276|0x00000000d1400000, 0x00000000d1400000, 0x00000000d1500000|  0%| F|  |TAMS 0x00000000d1400000, 0x00000000d1400000| Untracked 
| 277|0x00000000d1500000, 0x00000000d1500000, 0x00000000d1600000|  0%| F|  |TAMS 0x00000000d1500000, 0x00000000d1500000| Untracked 
| 278|0x00000000d1600000, 0x00000000d1600000, 0x00000000d1700000|  0%| F|  |TAMS 0x00000000d1600000, 0x00000000d1600000| Untracked 
| 279|0x00000000d1700000, 0x00000000d1700000, 0x00000000d1800000|  0%| F|  |TAMS 0x00000000d1700000, 0x00000000d1700000| Untracked 
| 280|0x00000000d1800000, 0x00000000d1800000, 0x00000000d1900000|  0%| F|  |TAMS 0x00000000d1800000, 0x00000000d1800000| Untracked 
| 281|0x00000000d1900000, 0x00000000d1900000, 0x00000000d1a00000|  0%| F|  |TAMS 0x00000000d1900000, 0x00000000d1900000| Untracked 
| 282|0x00000000d1a00000, 0x00000000d1a00000, 0x00000000d1b00000|  0%| F|  |TAMS 0x00000000d1a00000, 0x00000000d1a00000| Untracked 
| 283|0x00000000d1b00000, 0x00000000d1b00000, 0x00000000d1c00000|  0%| F|  |TAMS 0x00000000d1b00000, 0x00000000d1b00000| Untracked 
| 284|0x00000000d1c00000, 0x00000000d1c00000, 0x00000000d1d00000|  0%| F|  |TAMS 0x00000000d1c00000, 0x00000000d1c00000| Untracked 
| 285|0x00000000d1d00000, 0x00000000d1d00000, 0x00000000d1e00000|  0%| F|  |TAMS 0x00000000d1d00000, 0x00000000d1d00000| Untracked 
| 286|0x00000000d1e00000, 0x00000000d1e00000, 0x00000000d1f00000|  0%| F|  |TAMS 0x00000000d1e00000, 0x00000000d1e00000| Untracked 
| 287|0x00000000d1f00000, 0x00000000d1f00000, 0x00000000d2000000|  0%| F|  |TAMS 0x00000000d1f00000, 0x00000000d1f00000| Untracked 
| 288|0x00000000d2000000, 0x00000000d2000000, 0x00000000d2100000|  0%| F|  |TAMS 0x00000000d2000000, 0x00000000d2000000| Untracked 
| 289|0x00000000d2100000, 0x00000000d2100000, 0x00000000d2200000|  0%| F|  |TAMS 0x00000000d2100000, 0x00000000d2100000| Untracked 
| 290|0x00000000d2200000, 0x00000000d2200000, 0x00000000d2300000|  0%| F|  |TAMS 0x00000000d2200000, 0x00000000d2200000| Untracked 
| 343|0x00000000d5700000, 0x00000000d57060d0, 0x00000000d5800000|  2%| E|  |TAMS 0x00000000d5700000, 0x00000000d5700000| Complete 
| 345|0x00000000d5900000, 0x00000000d5a00000, 0x00000000d5a00000|100%| O|  |TAMS 0x00000000d5a00000, 0x00000000d5900000| Untracked 
| 351|0x00000000d5f00000, 0x00000000d6000000, 0x00000000d6000000|100%| O|  |TAMS 0x00000000d6000000, 0x00000000d5f00000| Untracked 

Card table byte_map: [0x000001b5b53d0000,0x000001b5b55d0000] _byte_map_base: 0x000001b5b4dd0000

Marking Bits (Prev, Next): (CMBitMap*) 0x000001b5af265310, (CMBitMap*) 0x000001b5af2652d0
 Prev Bits: [0x000001b5b67d0000, 0x000001b5b77d0000)
 Next Bits: [0x000001b5b57d0000, 0x000001b5b67d0000)

Polling page: 0x000001b5ad150000

Metaspace:

Usage:
  Non-class:     65.79 MB used.
      Class:     10.52 MB used.
       Both:     76.32 MB used.

Virtual space:
  Non-class space:      128.00 MB reserved,      66.19 MB ( 52%) committed,  2 nodes.
      Class space:        1.00 GB reserved,      10.81 MB (  1%) committed,  1 nodes.
             Both:        1.12 GB reserved,      77.00 MB (  7%) committed. 

Chunk freelists:
   Non-Class:  13.56 MB
       Class:  5.07 MB
        Both:  18.63 MB

MaxMetaspaceSize: unlimited
CompressedClassSpaceSize: 1.00 GB
Initial GC threshold: 21.00 MB
Current GC threshold: 128.38 MB
CDS: off
MetaspaceReclaimPolicy: balanced
 - commit_granule_bytes: 65536.
 - commit_granule_words: 8192.
 - virtual_space_node_default_size: 8388608.
 - enlarge_chunks_in_place: 1.
 - new_chunks_are_fully_committed: 0.
 - uncommit_free_chunks: 1.
 - use_allocation_guard: 0.
 - handle_deallocations: 1.


Internal statistics:

num_allocs_failed_limit: 6.
num_arena_births: 1718.
num_arena_deaths: 1036.
num_vsnodes_births: 3.
num_vsnodes_deaths: 0.
num_space_committed: 1237.
num_space_uncommitted: 5.
num_chunks_returned_to_freelist: 1453.
num_chunks_taken_from_freelist: 4787.
num_chunk_merges: 547.
num_chunk_splits: 2903.
num_chunks_enlarged: 1886.
num_inconsistent_stats: 0.

CodeCache: size=49152Kb used=37185Kb max_used=38801Kb free=11966Kb
 bounds [0x000001b5b1ea0000, 0x000001b5b44a0000, 0x000001b5b4ea0000]
 total_blobs=19973 nmethods=19269 adapters=629
 compilation: enabled
              stopped_count=0, restarted_count=0
 full_count=0

Compilation events (20 events):
Event: 9094.252 Thread 0x000001b5ba478520 19440       1       com.sun.tools.javac.comp.Resolve$6$$Lambda$1671/0x0000000100a5e080::apply (20 bytes)
Event: 9094.252 Thread 0x000001b5ba478520 nmethod 19440 0x000001b5b4278e90 code [0x000001b5b4279040, 0x000001b5b42791a8]
Event: 9094.944 Thread 0x000001b5ba478520 19442       1       org.eclipse.jdt.core.dom.ASTVisitor::endVisit (1 bytes)
Event: 9094.944 Thread 0x000001b5ba478520 nmethod 19442 0x000001b5b4278b90 code [0x000001b5b4278d20, 0x000001b5b4278dd8]
Event: 9104.325 Thread 0x000001b5ba478520 19443   !   1       java.util.concurrent.CompletableFuture::uniAcceptNow (104 bytes)
Event: 9104.358 Thread 0x000001b5ba478520 nmethod 19443 0x000001b5b4278010 code [0x000001b5b4278220, 0x000001b5b4278918]
Event: 9107.323 Thread 0x000001b5ba478520 19444       1       java.lang.StringLatin1::lastIndexOfNonWhitespace (51 bytes)
Event: 9107.325 Thread 0x000001b5ba478520 nmethod 19444 0x000001b5b4277c10 code [0x000001b5b4277da0, 0x000001b5b4277ed8]
Event: 9459.743 Thread 0x000001b5ba478520 19445       1       org.eclipse.jdt.internal.compiler.ASTVisitor::visit (2 bytes)
Event: 9459.760 Thread 0x000001b5ba478520 nmethod 19445 0x000001b5b4277910 code [0x000001b5b4277aa0, 0x000001b5b4277b78]
Event: 9478.712 Thread 0x000001b5ba478520 19446       1       org.eclipse.lsp4j.jsonrpc.json.adapters.EitherTypeAdapter::read (6 bytes)
Event: 9478.726 Thread 0x000001b5ba478520 nmethod 19446 0x000001b5b4277510 code [0x000001b5b42776c0, 0x000001b5b4277828]
Event: 9478.726 Thread 0x000001b5ba478520 19447       1       org.eclipse.lsp4j.jsonrpc.json.adapters.EitherTypeAdapter::read (25 bytes)
Event: 9478.726 Thread 0x000001b5ba478520 nmethod 19447 0x000001b5b4277110 code [0x000001b5b42772c0, 0x000001b5b4277448]
Event: 9478.726 Thread 0x000001b5ba478520 19448       1       org.eclipse.lsp4j.jsonrpc.json.adapters.EitherTypeAdapter::create (331 bytes)
Event: 9478.763 Thread 0x000001b5ba478520 nmethod 19448 0x000001b5b4274110 code [0x000001b5b4274680, 0x000001b5b4276198]
Event: 9547.118 Thread 0x000001b5ba478520 19450       1       java.util.concurrent.SynchronousQueue$TransferStack$SNode::isCancelled (14 bytes)
Event: 9547.119 Thread 0x000001b5ba478520 nmethod 19450 0x000001b5b4273e10 code [0x000001b5b4273fa0, 0x000001b5b4274078]
Event: 9599.341 Thread 0x000001b5ba478520 19451       1       org.eclipse.jdt.internal.compiler.ClassFile::resizeContents (36 bytes)
Event: 9599.343 Thread 0x000001b5ba478520 nmethod 19451 0x000001b5b4273910 code [0x000001b5b4273ac0, 0x000001b5b4273d08]

GC Heap History (20 events):
Event: 9487.004 GC heap before
{Heap before GC invocations=2805 (full 554):
 garbage-first heap   total 301056K, used 227061K [0x00000000c0000000, 0x0000000100000000)
  region size 1024K, 135 young (138240K), 0 survivors (0K)
 Metaspace       used 78146K, committed 78848K, reserved 1179648K
  class space    used 10777K, committed 11072K, reserved 1048576K
}
Event: 9487.033 GC heap after
{Heap after GC invocations=2806 (full 554):
 garbage-first heap   total 301056K, used 102946K [0x00000000c0000000, 0x0000000100000000)
  region size 1024K, 14 young (14336K), 14 survivors (14336K)
 Metaspace       used 78146K, committed 78848K, reserved 1179648K
  class space    used 10777K, committed 11072K, reserved 1048576K
}
Event: 9619.358 GC heap before
{Heap before GC invocations=2806 (full 554):
 garbage-first heap   total 301056K, used 231970K [0x00000000c0000000, 0x0000000100000000)
  region size 1024K, 140 young (143360K), 14 survivors (14336K)
 Metaspace       used 78146K, committed 78848K, reserved 1179648K
  class space    used 10777K, committed 11072K, reserved 1048576K
}
Event: 9619.377 GC heap after
{Heap after GC invocations=2807 (full 554):
 garbage-first heap   total 301056K, used 105438K [0x00000000c0000000, 0x0000000100000000)
  region size 1024K, 13 young (13312K), 13 survivors (13312K)
 Metaspace       used 78146K, committed 78848K, reserved 1179648K
  class space    used 10777K, committed 11072K, reserved 1048576K
}
Event: 9680.877 GC heap before
{Heap before GC invocations=2807 (full 554):
 garbage-first heap   total 301056K, used 157662K [0x00000000c0000000, 0x0000000100000000)
  region size 1024K, 65 young (66560K), 13 survivors (13312K)
 Metaspace       used 78146K, committed 78848K, reserved 1179648K
  class space    used 10777K, committed 11072K, reserved 1048576K
}
Event: 9681.006 GC heap after
{Heap after GC invocations=2808 (full 555):
 garbage-first heap   total 301056K, used 89559K [0x00000000c0000000, 0x0000000100000000)
  region size 1024K, 0 young (0K), 0 survivors (0K)
 Metaspace       used 78146K, committed 78848K, reserved 1179648K
  class space    used 10777K, committed 11072K, reserved 1048576K
}
Event: 9691.126 GC heap before
{Heap before GC invocations=2808 (full 555):
 garbage-first heap   total 301056K, used 89559K [0x00000000c0000000, 0x0000000100000000)
  region size 1024K, 1 young (1024K), 0 survivors (0K)
 Metaspace       used 78146K, committed 78848K, reserved 1179648K
  class space    used 10777K, committed 11072K, reserved 1048576K
}
Event: 9691.188 GC heap after
{Heap after GC invocations=2809 (full 556):
 garbage-first heap   total 301056K, used 89559K [0x00000000c0000000, 0x0000000100000000)
  region size 1024K, 0 young (0K), 0 survivors (0K)
 Metaspace       used 78146K, committed 78848K, reserved 1179648K
  class space    used 10777K, committed 11072K, reserved 1048576K
}
Event: 9731.383 GC heap before
{Heap before GC invocations=2809 (full 556):
 garbage-first heap   total 301056K, used 91607K [0x00000000c0000000, 0x0000000100000000)
  region size 1024K, 3 young (3072K), 0 survivors (0K)
 Metaspace       used 78146K, committed 78848K, reserved 1179648K
  class space    used 10777K, committed 11072K, reserved 1048576K
}
Event: 9731.437 GC heap after
{Heap after GC invocations=2810 (full 557):
 garbage-first heap   total 301056K, used 88980K [0x00000000c0000000, 0x0000000100000000)
  region size 1024K, 0 young (0K), 0 survivors (0K)
 Metaspace       used 78146K, committed 78848K, reserved 1179648K
  class space    used 10777K, committed 11072K, reserved 1048576K
}
Event: 9741.536 GC heap before
{Heap before GC invocations=2810 (full 557):
 garbage-first heap   total 301056K, used 88980K [0x00000000c0000000, 0x0000000100000000)
  region size 1024K, 1 young (1024K), 0 survivors (0K)
 Metaspace       used 78146K, committed 78848K, reserved 1179648K
  class space    used 10777K, committed 11072K, reserved 1048576K
}
Event: 9741.586 GC heap after
{Heap after GC invocations=2811 (full 558):
 garbage-first heap   total 301056K, used 88980K [0x00000000c0000000, 0x0000000100000000)
  region size 1024K, 0 young (0K), 0 survivors (0K)
 Metaspace       used 78146K, committed 78848K, reserved 1179648K
  class space    used 10777K, committed 11072K, reserved 1048576K
}
Event: 9751.782 GC heap before
{Heap before GC invocations=2811 (full 558):
 garbage-first heap   total 301056K, used 88980K [0x00000000c0000000, 0x0000000100000000)
  region size 1024K, 1 young (1024K), 0 survivors (0K)
 Metaspace       used 78146K, committed 78848K, reserved 1179648K
  class space    used 10777K, committed 11072K, reserved 1048576K
}
Event: 9751.839 GC heap after
{Heap after GC invocations=2812 (full 559):
 garbage-first heap   total 301056K, used 88980K [0x00000000c0000000, 0x0000000100000000)
  region size 1024K, 0 young (0K), 0 survivors (0K)
 Metaspace       used 78146K, committed 78848K, reserved 1179648K
  class space    used 10777K, committed 11072K, reserved 1048576K
}
Event: 9761.959 GC heap before
{Heap before GC invocations=2812 (full 559):
 garbage-first heap   total 301056K, used 88980K [0x00000000c0000000, 0x0000000100000000)
  region size 1024K, 1 young (1024K), 0 survivors (0K)
 Metaspace       used 78146K, committed 78848K, reserved 1179648K
  class space    used 10777K, committed 11072K, reserved 1048576K
}
Event: 9762.006 GC heap after
{Heap after GC invocations=2813 (full 560):
 garbage-first heap   total 301056K, used 88980K [0x00000000c0000000, 0x0000000100000000)
  region size 1024K, 0 young (0K), 0 survivors (0K)
 Metaspace       used 78146K, committed 78848K, reserved 1179648K
  class space    used 10777K, committed 11072K, reserved 1048576K
}
Event: 9772.109 GC heap before
{Heap before GC invocations=2813 (full 560):
 garbage-first heap   total 301056K, used 88980K [0x00000000c0000000, 0x0000000100000000)
  region size 1024K, 1 young (1024K), 0 survivors (0K)
 Metaspace       used 78146K, committed 78848K, reserved 1179648K
  class space    used 10777K, committed 11072K, reserved 1048576K
}
Event: 9772.158 GC heap after
{Heap after GC invocations=2814 (full 561):
 garbage-first heap   total 301056K, used 88980K [0x00000000c0000000, 0x0000000100000000)
  region size 1024K, 0 young (0K), 0 survivors (0K)
 Metaspace       used 78146K, committed 78848K, reserved 1179648K
  class space    used 10777K, committed 11072K, reserved 1048576K
}
Event: 9782.271 GC heap before
{Heap before GC invocations=2814 (full 561):
 garbage-first heap   total 301056K, used 88980K [0x00000000c0000000, 0x0000000100000000)
  region size 1024K, 1 young (1024K), 0 survivors (0K)
 Metaspace       used 78146K, committed 78848K, reserved 1179648K
  class space    used 10777K, committed 11072K, reserved 1048576K
}
Event: 9782.318 GC heap after
{Heap after GC invocations=2815 (full 562):
 garbage-first heap   total 301056K, used 88980K [0x00000000c0000000, 0x0000000100000000)
  region size 1024K, 0 young (0K), 0 survivors (0K)
 Metaspace       used 78146K, committed 78848K, reserved 1179648K
  class space    used 10777K, committed 11072K, reserved 1048576K
}

Dll operation events (12 events):
Event: 0.008 Loaded shared library c:\Users\Waruna\.vscode-insiders\extensions\redhat.java-1.21.2023072104-win32-x64\jre\17.0.7-win32-x86_64\bin\java.dll
Event: 0.366 Loaded shared library C:\Users\Waruna\.vscode-insiders\extensions\redhat.java-1.21.2023072104-win32-x64\jre\17.0.7-win32-x86_64\bin\net.dll
Event: 0.369 Loaded shared library C:\Users\Waruna\.vscode-insiders\extensions\redhat.java-1.21.2023072104-win32-x64\jre\17.0.7-win32-x86_64\bin\nio.dll
Event: 0.391 Loaded shared library C:\Users\Waruna\.vscode-insiders\extensions\redhat.java-1.21.2023072104-win32-x64\jre\17.0.7-win32-x86_64\bin\zip.dll
Event: 0.975 Loaded shared library C:\Users\Waruna\.vscode-insiders\extensions\redhat.java-1.21.2023072104-win32-x64\jre\17.0.7-win32-x86_64\bin\jimage.dll
Event: 6.551 Loaded shared library C:\Users\Waruna\.vscode-insiders\extensions\redhat.java-1.21.2023072104-win32-x64\jre\17.0.7-win32-x86_64\bin\management.dll
Event: 6.553 Loaded shared library C:\Users\Waruna\.vscode-insiders\extensions\redhat.java-1.21.2023072104-win32-x64\jre\17.0.7-win32-x86_64\bin\management_ext.dll
Event: 8.596 Loaded shared library C:\Users\Waruna\.vscode-insiders\extensions\redhat.java-1.21.2023072104-win32-x64\jre\17.0.7-win32-x86_64\bin\sunmscapi.dll
Event: 26.086 Loaded shared library c:\Users\Waruna\.vscode-insiders\extensions\redhat.java-1.21.2023072104-win32-x64\jre\17.0.7-win32-x86_64\bin\verify.dll
Event: 29.984 Loaded shared library C:\Users\Waruna\AppData\Local\Temp\snappy-1.1.10-1fea2202-e74c-45e1-9388-502fc12f3f35-snappyjava.dll
Event: 4297.701 Loaded shared library C:\Users\Waruna\.vscode-insiders\extensions\redhat.java-1.21.2023072104-win32-x64\jre\17.0.7-win32-x86_64\bin\attach.dll
Event: 4298.225 Loaded shared library C:\Users\Waruna\.vscode-insiders\extensions\redhat.java-1.21.2023072104-win32-x64\jre\17.0.7-win32-x86_64\bin\rmi.dll

Deoptimization events (20 events):
Event: 6112.995 Thread 0x000001b5c48c1840 DEOPT PACKING pc=0x000001b5b2a603cc sp=0x00000013e54fe6a0
Event: 6112.996 Thread 0x000001b5c48c1840 DEOPT UNPACKING pc=0x000001b5b1ef7143 sp=0x00000013e54fdbc8 mode 0
Event: 6113.017 Thread 0x000001b5c48c1840 DEOPT PACKING pc=0x000001b5b2b03c24 sp=0x00000013e54fe8a0
Event: 6113.017 Thread 0x000001b5c48c1840 DEOPT UNPACKING pc=0x000001b5b1ef7143 sp=0x00000013e54fdde8 mode 0
Event: 6461.160 Thread 0x000001b5c4706d60 DEOPT PACKING pc=0x000001b5b3ee748f sp=0x00000013e5efe5a0
Event: 6461.160 Thread 0x000001b5c4706d60 DEOPT UNPACKING pc=0x000001b5b1ef7143 sp=0x00000013e5efdaf0 mode 3
Event: 6660.705 Thread 0x000001b5c4826600 DEOPT PACKING pc=0x000001b5b402f151 sp=0x00000013e93fe650
Event: 6660.705 Thread 0x000001b5c4826600 DEOPT UNPACKING pc=0x000001b5b1ef7143 sp=0x00000013e93fdb38 mode 3
Event: 6685.184 Thread 0x000001b5c4f88680 DEOPT PACKING pc=0x000001b5b401b21d sp=0x00000013ea9fe5b0
Event: 6685.184 Thread 0x000001b5c4f88680 DEOPT UNPACKING pc=0x000001b5b1ef7143 sp=0x00000013ea9fdae0 mode 3
Event: 7083.248 Thread 0x000001b5c4829150 DEOPT PACKING pc=0x000001b5b3befa6a sp=0x00000013e54fe7d0
Event: 7083.248 Thread 0x000001b5c4829150 DEOPT UNPACKING pc=0x000001b5b1ef7143 sp=0x00000013e54fdd18 mode 3
Event: 7113.594 Thread 0x000001b5c4ca8e00 DEOPT PACKING pc=0x000001b5b3f6ee55 sp=0x00000013e92fc690
Event: 7113.594 Thread 0x000001b5c4ca8e00 DEOPT UNPACKING pc=0x000001b5b1ef7143 sp=0x00000013e92fbb38 mode 3
Event: 7421.939 Thread 0x000001b5c0d666f0 DEOPT PACKING pc=0x000001b5b40b0a2b sp=0x00000013ebcfe2a0
Event: 7421.939 Thread 0x000001b5c0d666f0 DEOPT UNPACKING pc=0x000001b5b1ef7143 sp=0x00000013ebcfd7a0 mode 3
Event: 7424.317 Thread 0x000001b5c0d666f0 DEOPT PACKING pc=0x000001b5b2ba2b2e sp=0x00000013ebcfe230
Event: 7424.317 Thread 0x000001b5c0d666f0 DEOPT UNPACKING pc=0x000001b5b1ef7143 sp=0x00000013ebcfd7c0 mode 0
Event: 9109.714 Thread 0x000001b5c5070a00 DEOPT PACKING pc=0x000001b5b4277e50 sp=0x00000013e54fc7e0
Event: 9109.714 Thread 0x000001b5c5070a00 DEOPT UNPACKING pc=0x000001b5b1ef7143 sp=0x00000013e54fbc98 mode 3

Classes unloaded (20 events):
Event: 8982.728 Thread 0x000001b5ba439970 Unloading class 0x0000000100aaa800 'jdk/internal/reflect/GeneratedSerializationConstructorAccessor198'
Event: 8982.728 Thread 0x000001b5ba439970 Unloading class 0x0000000100aaa400 'jdk/internal/reflect/GeneratedSerializationConstructorAccessor197'
Event: 8982.728 Thread 0x000001b5ba439970 Unloading class 0x0000000100aaa000 'jdk/internal/reflect/GeneratedSerializationConstructorAccessor196'
Event: 8982.728 Thread 0x000001b5ba439970 Unloading class 0x0000000100a83400 'jdk/internal/reflect/GeneratedSerializationConstructorAccessor195'
Event: 8982.728 Thread 0x000001b5ba439970 Unloading class 0x0000000100a83000 'jdk/internal/reflect/GeneratedSerializationConstructorAccessor194'
Event: 8982.728 Thread 0x000001b5ba439970 Unloading class 0x0000000100a77400 'jdk/internal/reflect/GeneratedConstructorAccessor114'
Event: 8982.728 Thread 0x000001b5ba439970 Unloading class 0x0000000100a77000 'jdk/internal/reflect/GeneratedMethodAccessor128'
Event: 8982.728 Thread 0x000001b5ba439970 Unloading class 0x0000000100a8f400 'jdk/internal/reflect/GeneratedMethodAccessor126'
Event: 8982.728 Thread 0x000001b5ba439970 Unloading class 0x0000000100a75000 'jdk/internal/reflect/GeneratedConstructorAccessor110'
Event: 8982.728 Thread 0x000001b5ba439970 Unloading class 0x0000000100a76800 'jdk/internal/reflect/GeneratedMethodAccessor125'
Event: 8982.728 Thread 0x000001b5ba439970 Unloading class 0x0000000100a68800 'jdk/internal/reflect/GeneratedConstructorAccessor109'
Event: 8982.728 Thread 0x000001b5ba439970 Unloading class 0x0000000100a69000 'jdk/internal/reflect/GeneratedMethodAccessor124'
Event: 8982.728 Thread 0x000001b5ba439970 Unloading class 0x0000000100092000 'jdk/internal/reflect/GeneratedMethodAccessor123'
Event: 8982.728 Thread 0x000001b5ba439970 Unloading class 0x0000000100a92000 'jdk/internal/reflect/GeneratedMethodAccessor122'
Event: 8982.728 Thread 0x000001b5ba439970 Unloading class 0x0000000100aab800 'jdk/internal/reflect/GeneratedMethodAccessor121'
Event: 8982.728 Thread 0x000001b5ba439970 Unloading class 0x0000000100a92400 'jdk/internal/reflect/GeneratedSerializationConstructorAccessor193'
Event: 8982.728 Thread 0x000001b5ba439970 Unloading class 0x0000000100aa1000 'jdk/internal/reflect/GeneratedSerializationConstructorAccessor192'
Event: 8982.728 Thread 0x000001b5ba439970 Unloading class 0x0000000100abd000 'jdk/internal/reflect/GeneratedSerializationConstructorAccessor191'
Event: 9090.799 Thread 0x000001b5ba439970 Unloading class 0x0000000100abdc00 'jdk/internal/reflect/GeneratedConstructorAccessor113'
Event: 9338.353 Thread 0x000001b5ba439970 Unloading class 0x0000000100a8f400 'jdk/internal/reflect/GeneratedMethodAccessor135'

Classes redefined (0 events):
No events

Internal exceptions (20 events):
Event: 9109.942 Thread 0x000001b5c5070a00 Exception <a 'sun/nio/fs/WindowsException'{0x00000000f2c0bac8}> (0x00000000f2c0bac8) 
thrown [s\src\hotspot\share\prims\jni.cpp, line 516]
Event: 9109.942 Thread 0x000001b5c5070a00 Exception <a 'sun/nio/fs/WindowsException'{0x00000000f2c0be98}> (0x00000000f2c0be98) 
thrown [s\src\hotspot\share\prims\jni.cpp, line 516]
Event: 9109.942 Thread 0x000001b5c5070a00 Exception <a 'sun/nio/fs/WindowsException'{0x00000000f2c0d3a8}> (0x00000000f2c0d3a8) 
thrown [s\src\hotspot\share\prims\jni.cpp, line 516]
Event: 9109.942 Thread 0x000001b5c5070a00 Exception <a 'sun/nio/fs/WindowsException'{0x00000000f2c0d798}> (0x00000000f2c0d798) 
thrown [s\src\hotspot\share\prims\jni.cpp, line 516]
Event: 9471.447 Thread 0x000001b5c48282e0 Exception <a 'sun/nio/fs/WindowsException'{0x00000000d20e9620}> (0x00000000d20e9620) 
thrown [s\src\hotspot\share\prims\jni.cpp, line 516]
Event: 9471.448 Thread 0x000001b5c48282e0 Exception <a 'sun/nio/fs/WindowsException'{0x00000000d20eab58}> (0x00000000d20eab58) 
thrown [s\src\hotspot\share\prims\jni.cpp, line 516]
Event: 9476.733 Thread 0x000001b5c48282e0 Exception <a 'sun/nio/fs/WindowsException'{0x00000000cf054b20}> (0x00000000cf054b20) 
thrown [s\src\hotspot\share\prims\jni.cpp, line 516]
Event: 9476.733 Thread 0x000001b5c48282e0 Exception <a 'sun/nio/fs/WindowsException'{0x00000000cf056058}> (0x00000000cf056058) 
thrown [s\src\hotspot\share\prims\jni.cpp, line 516]
Event: 9478.454 Thread 0x000001b5c48282e0 Exception <a 'sun/nio/fs/WindowsException'{0x00000000cebe87f8}> (0x00000000cebe87f8) 
thrown [s\src\hotspot\share\prims\jni.cpp, line 516]
Event: 9478.454 Thread 0x000001b5c48282e0 Exception <a 'sun/nio/fs/WindowsException'{0x00000000cebe9d30}> (0x00000000cebe9d30) 
thrown [s\src\hotspot\share\prims\jni.cpp, line 516]
Event: 9486.586 Thread 0x000001b5cd0343c0 Exception <a 'sun/nio/fs/WindowsException'{0x00000000cbc9ca18}> (0x00000000cbc9ca18) 
thrown [s\src\hotspot\share\prims\jni.cpp, line 516]
Event: 9486.586 Thread 0x000001b5cd0343c0 Exception <a 'sun/nio/fs/WindowsException'{0x00000000cbc9df50}> (0x00000000cbc9df50) 
thrown [s\src\hotspot\share\prims\jni.cpp, line 516]
Event: 9538.631 Thread 0x000001b5c48282e0 Exception <a 'sun/nio/fs/WindowsException'{0x00000000d182bde0}> (0x00000000d182bde0) 
thrown [s\src\hotspot\share\prims\jni.cpp, line 516]
Event: 9538.631 Thread 0x000001b5c48282e0 Exception <a 'sun/nio/fs/WindowsException'{0x00000000d182d318}> (0x00000000d182d318) 
thrown [s\src\hotspot\share\prims\jni.cpp, line 516]
Event: 9540.628 Thread 0x000001b5c48282e0 Exception <a 'sun/nio/fs/WindowsException'{0x00000000ce1c6908}> (0x00000000ce1c6908) 
thrown [s\src\hotspot\share\prims\jni.cpp, line 516]
Event: 9540.628 Thread 0x000001b5c48282e0 Exception <a 'sun/nio/fs/WindowsException'{0x00000000ce1c7e40}> (0x00000000ce1c7e40) 
thrown [s\src\hotspot\share\prims\jni.cpp, line 516]
Event: 9619.194 Thread 0x000001b5c48282e0 Exception <a 'sun/nio/fs/WindowsException'{0x00000000cd121388}> (0x00000000cd121388) 
thrown [s\src\hotspot\share\prims\jni.cpp, line 516]
Event: 9619.194 Thread 0x000001b5c48282e0 Exception <a 'sun/nio/fs/WindowsException'{0x00000000cd1228c0}> (0x00000000cd1228c0) 
thrown [s\src\hotspot\share\prims\jni.cpp, line 516]
Event: 9630.921 Thread 0x000001b5c48282e0 Exception <a 'sun/nio/fs/WindowsException'{0x00000000d2051670}> (0x00000000d2051670) 
thrown [s\src\hotspot\share\prims\jni.cpp, line 516]
Event: 9630.921 Thread 0x000001b5c48282e0 Exception <a 'sun/nio/fs/WindowsException'{0x00000000d2052ba8}> (0x00000000d2052ba8) 
thrown [s\src\hotspot\share\prims\jni.cpp, line 516]

VM Operations (20 events):
Event: 9487.033 Executing VM operation: G1CollectForAllocation done
Event: 9619.358 Executing VM operation: G1CollectForAllocation
Event: 9619.377 Executing VM operation: G1CollectForAllocation done
Event: 9680.875 Executing VM operation: G1CollectFull
Event: 9681.007 Executing VM operation: G1CollectFull done
Event: 9691.126 Executing VM operation: G1CollectFull
Event: 9691.189 Executing VM operation: G1CollectFull done
Event: 9731.383 Executing VM operation: G1CollectFull
Event: 9731.437 Executing VM operation: G1CollectFull done
Event: 9741.536 Executing VM operation: G1CollectFull
Event: 9741.586 Executing VM operation: G1CollectFull done
Event: 9751.782 Executing VM operation: G1CollectFull
Event: 9751.839 Executing VM operation: G1CollectFull done
Event: 9761.958 Executing VM operation: G1CollectFull
Event: 9762.006 Executing VM operation: G1CollectFull done
Event: 9772.109 Executing VM operation: G1CollectFull
Event: 9772.158 Executing VM operation: G1CollectFull done
Event: 9782.270 Executing VM operation: G1CollectFull
Event: 9782.318 Executing VM operation: G1CollectFull done
Event: 9792.451 Executing VM operation: G1CollectFull

Events (20 events):
Event: 9108.526 Thread 0x000001b5c178f490 Thread exited: 0x000001b5c178f490
Event: 9108.526 Thread 0x000001b5c49a2f00 Thread exited: 0x000001b5c49a2f00
Event: 9108.526 Thread 0x000001b5c0d66220 Thread exited: 0x000001b5c0d66220
Event: 9108.526 Thread 0x000001b5c4d9fc30 Thread exited: 0x000001b5c4d9fc30
Event: 9108.526 Thread 0x000001b5c178fe30 Thread exited: 0x000001b5c178fe30
Event: 9108.526 Thread 0x000001b5c1790ca0 Thread exited: 0x000001b5c1790ca0
Event: 9108.526 Thread 0x000001b5c46f8100 Thread exited: 0x000001b5c46f8100
Event: 9108.526 Thread 0x000001b5c0d65880 Thread exited: 0x000001b5c0d65880
Event: 9108.526 Thread 0x000001b5c4da05d0 Thread exited: 0x000001b5c4da05d0
Event: 9126.456 Thread 0x000001b5c5070a00 Thread exited: 0x000001b5c5070a00
Event: 9168.495 Thread 0x000001b5c4ca8e00 Thread exited: 0x000001b5c4ca8e00
Event: 9459.593 Thread 0x000001b5c4828c80 Thread added: 0x000001b5c4828c80
Event: 9459.622 Thread 0x000001b5c48282e0 Thread added: 0x000001b5c48282e0
Event: 9471.817 Thread 0x000001b5cd0343c0 Thread added: 0x000001b5cd0343c0
Event: 9471.835 Thread 0x000001b5c50713a0 Thread added: 0x000001b5c50713a0
Event: 9471.916 Thread 0x000001b5cd034d60 Thread added: 0x000001b5cd034d60
Event: 9547.118 Thread 0x000001b5cd034d60 Thread exited: 0x000001b5cd034d60
Event: 9547.118 Thread 0x000001b5c4828c80 Thread exited: 0x000001b5c4828c80
Event: 9753.293 Thread 0x000001b5c48282e0 Thread exited: 0x000001b5c48282e0
Event: 9753.293 Thread 0x000001b5c50713a0 Thread exited: 0x000001b5c50713a0


Dynamic libraries:
0x00007ff614cb0000 - 0x00007ff614cbe000 	c:\Users\Waruna\.vscode-insiders\extensions\redhat.java-1.21.2023072104-win32-x64\jre\17.0.7-win32-x86_64\bin\java.exe
0x00007ff956630000 - 0x00007ff956844000 	C:\Windows\SYSTEM32\ntdll.dll
0x00007ff9553d0000 - 0x00007ff955492000 	C:\Windows\System32\KERNEL32.DLL
0x00007ff953b40000 - 0x00007ff953ee3000 	C:\Windows\System32\KERNELBASE.dll
0x00007ff954150000 - 0x00007ff954261000 	C:\Windows\System32\ucrtbase.dll
0x00007ff942140000 - 0x00007ff942159000 	c:\Users\Waruna\.vscode-insiders\extensions\redhat.java-1.21.2023072104-win32-x64\jre\17.0.7-win32-x86_64\bin\VCRUNTIME140.dll
0x00007ff9422a0000 - 0x00007ff9422b7000 	c:\Users\Waruna\.vscode-insiders\extensions\redhat.java-1.21.2023072104-win32-x64\jre\17.0.7-win32-x86_64\bin\jli.dll
0x00007ff9546b0000 - 0x00007ff95485a000 	C:\Windows\System32\USER32.dll
0x00007ff937740000 - 0x00007ff9379ce000 	C:\Windows\WinSxS\amd64_microsoft.windows.common-controls_6595b64144ccf1df_6.0.22621.1635_none_270f70857386168e\COMCTL32.dll
0x00007ff954270000 - 0x00007ff954296000 	C:\Windows\System32\win32u.dll
0x00007ff9556d0000 - 0x00007ff955777000 	C:\Windows\System32\msvcrt.dll
0x00007ff954d90000 - 0x00007ff954db9000 	C:\Windows\System32\GDI32.dll
0x00007ff953ef0000 - 0x00007ff954009000 	C:\Windows\System32\gdi32full.dll
0x00007ff953a30000 - 0x00007ff953aca000 	C:\Windows\System32\msvcp_win.dll
0x00007ff955690000 - 0x00007ff9556c1000 	C:\Windows\System32\IMM32.DLL
0x00007ff950670000 - 0x00007ff95067c000 	c:\Users\Waruna\.vscode-insiders\extensions\redhat.java-1.21.2023072104-win32-x64\jre\17.0.7-win32-x86_64\bin\vcruntime140_1.dll
0x00007ff9200d0000 - 0x00007ff920161000 	c:\Users\Waruna\.vscode-insiders\extensions\redhat.java-1.21.2023072104-win32-x64\jre\17.0.7-win32-x86_64\bin\msvcp140.dll
0x00007ff8e53b0000 - 0x00007ff8e5ff8000 	c:\Users\Waruna\.vscode-insiders\extensions\redhat.java-1.21.2023072104-win32-x64\jre\17.0.7-win32-x86_64\bin\server\jvm.dll
0x00007ff955d30000 - 0x00007ff955dde000 	C:\Windows\System32\ADVAPI32.dll
0x00007ff954bc0000 - 0x00007ff954c64000 	C:\Windows\System32\sechost.dll
0x00007ff954c70000 - 0x00007ff954d87000 	C:\Windows\System32\RPCRT4.dll
0x00007ff943590000 - 0x00007ff943599000 	C:\Windows\SYSTEM32\WSOCK32.dll
0x00007ff9558a0000 - 0x00007ff955911000 	C:\Windows\System32\WS2_32.dll
0x00007ff94c5b0000 - 0x00007ff94c5e4000 	C:\Windows\SYSTEM32\WINMM.dll
0x00007ff94b9a0000 - 0x00007ff94b9aa000 	C:\Windows\SYSTEM32\VERSION.dll
0x00007ff952ad0000 - 0x00007ff952ae8000 	C:\Windows\SYSTEM32\kernel.appcore.dll
0x00007ff94e080000 - 0x00007ff94e08a000 	c:\Users\Waruna\.vscode-insiders\extensions\redhat.java-1.21.2023072104-win32-x64\jre\17.0.7-win32-x86_64\bin\jimage.dll
0x00007ff941170000 - 0x00007ff94139e000 	C:\Windows\SYSTEM32\DBGHELP.DLL
0x00007ff9559a0000 - 0x00007ff955d29000 	C:\Windows\System32\combase.dll
0x00007ff9544b0000 - 0x00007ff954587000 	C:\Windows\System32\OLEAUT32.dll
0x00007ff93a520000 - 0x00007ff93a552000 	C:\Windows\SYSTEM32\dbgcore.DLL
0x00007ff954010000 - 0x00007ff95408a000 	C:\Windows\System32\bcryptPrimitives.dll
0x00007ff93d930000 - 0x00007ff93d955000 	c:\Users\Waruna\.vscode-insiders\extensions\redhat.java-1.21.2023072104-win32-x64\jre\17.0.7-win32-x86_64\bin\java.dll
0x00007ff941db0000 - 0x00007ff941dc8000 	c:\Users\Waruna\.vscode-insiders\extensions\redhat.java-1.21.2023072104-win32-x64\jre\17.0.7-win32-x86_64\bin\zip.dll
0x00007ff955de0000 - 0x00007ff9565d9000 	C:\Windows\System32\SHELL32.dll
0x00007ff9519e0000 - 0x00007ff9522ae000 	C:\Windows\SYSTEM32\windows.storage.dll
0x00007ff9518a0000 - 0x00007ff9519de000 	C:\Windows\SYSTEM32\wintypes.dll
0x00007ff955780000 - 0x00007ff955871000 	C:\Windows\System32\SHCORE.dll
0x00007ff954650000 - 0x00007ff9546ae000 	C:\Windows\System32\shlwapi.dll
0x00007ff953960000 - 0x00007ff953986000 	C:\Windows\SYSTEM32\profapi.dll
0x00007ff9410f0000 - 0x00007ff941109000 	C:\Users\Waruna\.vscode-insiders\extensions\redhat.java-1.21.2023072104-win32-x64\jre\17.0.7-win32-x86_64\bin\net.dll
0x00007ff94d080000 - 0x00007ff94d1b7000 	C:\Windows\SYSTEM32\WINHTTP.dll
0x00007ff952fa0000 - 0x00007ff953009000 	C:\Windows\system32\mswsock.dll
0x00007ff93c880000 - 0x00007ff93c895000 	C:\Users\Waruna\.vscode-insiders\extensions\redhat.java-1.21.2023072104-win32-x64\jre\17.0.7-win32-x86_64\bin\nio.dll
0x00007ff9531e0000 - 0x00007ff9531fb000 	C:\Windows\SYSTEM32\CRYPTSP.dll
0x00007ff952a90000 - 0x00007ff952ac5000 	C:\Windows\system32\rsaenh.dll
0x00007ff953060000 - 0x00007ff95308c000 	C:\Windows\SYSTEM32\USERENV.dll
0x00007ff953400000 - 0x00007ff953428000 	C:\Windows\SYSTEM32\bcrypt.dll
0x00007ff953200000 - 0x00007ff95320c000 	C:\Windows\SYSTEM32\CRYPTBASE.dll
0x00007ff952580000 - 0x00007ff9525ad000 	C:\Windows\SYSTEM32\IPHLPAPI.DLL
0x00007ff955890000 - 0x00007ff955899000 	C:\Windows\System32\NSI.dll
0x00007ff94cf50000 - 0x00007ff94cf69000 	C:\Windows\SYSTEM32\dhcpcsvc6.DLL
0x00007ff94cf30000 - 0x00007ff94cf4f000 	C:\Windows\SYSTEM32\dhcpcsvc.DLL
0x00007ff9525f0000 - 0x00007ff9526e3000 	C:\Windows\SYSTEM32\DNSAPI.dll
0x00007ff941fc0000 - 0x00007ff941fc9000 	C:\Users\Waruna\.vscode-insiders\extensions\redhat.java-1.21.2023072104-win32-x64\jre\17.0.7-win32-x86_64\bin\management.dll
0x00007ff941d10000 - 0x00007ff941d1b000 	C:\Users\Waruna\.vscode-insiders\extensions\redhat.java-1.21.2023072104-win32-x64\jre\17.0.7-win32-x86_64\bin\management_ext.dll
0x00007ff9565e0000 - 0x00007ff9565e8000 	C:\Windows\System32\PSAPI.DLL
0x00007ff939560000 - 0x00007ff93956e000 	C:\Users\Waruna\.vscode-insiders\extensions\redhat.java-1.21.2023072104-win32-x64\jre\17.0.7-win32-x86_64\bin\sunmscapi.dll
0x00007ff9542a0000 - 0x00007ff954407000 	C:\Windows\System32\CRYPT32.dll
0x00007ff9533d0000 - 0x00007ff9533fe000 	C:\Windows\SYSTEM32\ncrypt.dll
0x00007ff953390000 - 0x00007ff9533c7000 	C:\Windows\SYSTEM32\NTASN1.dll
0x00007ff94c180000 - 0x00007ff94c18a000 	C:\Windows\System32\rasadhlp.dll
0x00007ff94c020000 - 0x00007ff94c0a4000 	C:\Windows\System32\fwpuclnt.dll
0x00007ff9420d0000 - 0x00007ff9420e0000 	c:\Users\Waruna\.vscode-insiders\extensions\redhat.java-1.21.2023072104-win32-x64\jre\17.0.7-win32-x86_64\bin\verify.dll
0x0000000070fc0000 - 0x000000007108d000 	C:\Users\Waruna\AppData\Local\Temp\snappy-1.1.10-1fea2202-e74c-45e1-9388-502fc12f3f35-snappyjava.dll
0x00007ff941ff0000 - 0x00007ff941ff9000 	C:\Users\Waruna\.vscode-insiders\extensions\redhat.java-1.21.2023072104-win32-x64\jre\17.0.7-win32-x86_64\bin\attach.dll
0x00007ff92d470000 - 0x00007ff92d487000 	C:\Windows\system32\napinsp.dll
0x00007ff92d450000 - 0x00007ff92d46b000 	C:\Windows\system32\pnrpnsp.dll
0x00007ff92d430000 - 0x00007ff92d441000 	C:\Windows\System32\winrnr.dll
0x00007ff94c2c0000 - 0x00007ff94c2d5000 	C:\Windows\system32\wshbth.dll
0x00007ff92d400000 - 0x00007ff92d421000 	C:\Windows\system32\nlansp_c.dll
0x00007ff941fe0000 - 0x00007ff941fe7000 	C:\Users\Waruna\.vscode-insiders\extensions\redhat.java-1.21.2023072104-win32-x64\jre\17.0.7-win32-x86_64\bin\rmi.dll

dbghelp: loaded successfully - version: 4.0.5 - missing functions: none
symbol engine: initialized successfully - sym options: 0x614 - pdb path: .;c:\Users\Waruna\.vscode-insiders\extensions\redhat.java-1.21.2023072104-win32-x64\jre\17.0.7-win32-x86_64\bin;C:\Windows\SYSTEM32;C:\Windows\WinSxS\amd64_microsoft.windows.common-controls_6595b64144ccf1df_6.0.22621.1635_none_270f70857386168e;c:\Users\Waruna\.vscode-insiders\extensions\redhat.java-1.21.2023072104-win32-x64\jre\17.0.7-win32-x86_64\bin\server;C:\Users\Waruna\AppData\Local\Temp

VM Arguments:
jvm_args: -XX:+HeapDumpOnOutOfMemoryError -Xmx1024m -Dsts.lsp.client=vscode -Dsts.log.file=/dev/null -XX:TieredStopAtLevel=1 -Xlog:jni+resolve=off -Dspring.config.location=file:c:\Users\Waruna\.vscode-insiders\extensions\vmware.vscode-spring-boot-1.48.2023072204\language-server\BOOT-INF\classes\application.properties 
java_command: org.springframework.ide.vscode.boot.app.BootLanguageServerBootApp
java_class_path (initial): c:\Users\Waruna\.vscode-insiders\extensions\vmware.vscode-spring-boot-1.48.2023072204\language-server\BOOT-INF\classes;c:\Users\Waruna\.vscode-insiders\extensions\vmware.vscode-spring-boot-1.48.2023072204\language-server\BOOT-INF\lib\annotations-24.0.1.jar;c:\Users\Waruna\.vscode-insiders\extensions\vmware.vscode-spring-boot-1.48.2023072204\language-server\BOOT-INF\lib\antlr-runtime-3.5.3.jar;c:\Users\Waruna\.vscode-insiders\extensions\vmware.vscode-spring-boot-1.48.2023072204\language-server\BOOT-INF\lib\antlr4-4.11.1.jar;c:\Users\Waruna\.vscode-insiders\extensions\vmware.vscode-spring-boot-1.48.2023072204\language-server\BOOT-INF\lib\antlr4-runtime-4.11.1.jar;c:\Users\Waruna\.vscode-insiders\extensions\vmware.vscode-spring-boot-1.48.2023072204\language-server\BOOT-INF\lib\archunit-1.0.1.jar;c:\Users\Waruna\.vscode-insiders\extensions\vmware.vscode-spring-boot-1.48.2023072204\language-server\BOOT-INF\lib\asm-9.5.jar;c:\Users\Waruna\.vscode-insiders\extensions\vmware.vscode-spring-boot-1.48.2023072204\language-server\BOOT-INF\lib\asm-analysis-9.5.jar;c:\Users\Waruna\.vscode-insiders\extensions\vmware.vscode-spring-boot-1.48.2023072204\language-server\BOOT-INF\lib\asm-tree-9.5.jar;c:\Users\Waruna\.vscode-insiders\extensions\vmware.vscode-spring-boot-1.48.2023072204\language-server\BOOT-INF\lib\asm-util-9.5.jar;c:\Users\Waruna\.vscode-insiders\extensions\vmware.vscode-spring-boot-1.48.2023072204\language-server\BOOT-INF\lib\bosh-language-server-1.48.0-SNAPSHOT.jar;c:\Users\Waruna\.vscode-insiders\extensions\vmware.vscode-spring-boot-1.48.2023072204\language-server\BOOT-INF\lib\caffeine-3.1.6.jar;c:\Users\Waruna\.vscode-insiders\extensions\vmware.vscode-spring-boot-1.48.2023072204\language-server\BOOT-INF\lib\checker-qual-3.12.0.jar;c:\Users\Waruna\.vscode-insiders\extensions\vmware.vscode-spring-boot-1.48.2023072204\language-server\BOOT-INF\lib\classgraph-4.8.149.jar;c:\Users\Waruna\.vscode-insiders\extensions\vmware.vscode-spring-boot-1.4
Launcher Type: SUN_STANDARD

[Global flags]
     intx CICompilerCount                          = 4                                         {product} {ergonomic}
     uint ConcGCThreads                            = 3                                         {product} {ergonomic}
     uint G1ConcRefinementThreads                  = 10                                        {product} {ergonomic}
   size_t G1HeapRegionSize                         = 1048576                                   {product} {ergonomic}
    uintx GCDrainStackTargetSize                   = 64                                        {product} {ergonomic}
     bool HeapDumpOnOutOfMemoryError               = true                                   {manageable} {command line}
   size_t InitialHeapSize                          = 132120576                                 {product} {ergonomic}
   size_t MarkStackSize                            = 4194304                                   {product} {ergonomic}
   size_t MaxHeapSize                              = 1073741824                                {product} {command line}
   size_t MaxNewSize                               = 643825664                                 {product} {ergonomic}
   size_t MinHeapDeltaBytes                        = 1048576                                   {product} {ergonomic}
   size_t MinHeapSize                              = 8388608                                   {product} {ergonomic}
    uintx NonProfiledCodeHeapSize                  = 0                                      {pd product} {ergonomic}
     bool ProfileInterpreter                       = false                                  {pd product} {command line}
    uintx ProfiledCodeHeapSize                     = 0                                      {pd product} {ergonomic}
   size_t SoftMaxHeapSize                          = 1073741824                             {manageable} {ergonomic}
     intx TieredStopAtLevel                        = 1                                         {product} {command line}
     bool UseCompressedClassPointers               = true                           {product lp64_product} {ergonomic}
     bool UseCompressedOops                        = true                           {product lp64_product} {ergonomic}
     bool UseG1GC                                  = true                                      {product} {ergonomic}
     bool UseLargePagesIndividualAllocation        = false                                  {pd product} {ergonomic}

Logging:
Log output configuration:
 #0: stdout all=warning,jni+resolve=off uptime,level,tags
 #1: stderr all=off uptime,level,tags

Environment Variables:
JAVA_HOME=H:\jdk-11.0.16.1
PATH=C:\Program Files\Common Files\Oracle\Java\javapath;C:\Program Files (x86)\VMware\VMware Player\bin\;C:\Python311\Scripts\;C:\Python311\;C:\Windows\system32;C:\Windows;C:\Windows\System32\Wbem;C:\Windows\System32\WindowsPowerShell\v1.0\;C:\Windows\System32\OpenSSH\;C:\Program Files\dotnet\;C:\Program Files\Java\jdk-17.0.1\bin;C:\Program Files\nodejs\;C:\ProgramData\chocolatey\bin;C:\Program Files (x86)\NVIDIA Corporation\PhysX\Common;H:\Git\cmd;H:\Scripts\;H:\;C:\Users\Waruna\AppData\Local\Microsoft\WindowsApps;C:\Users\Waruna\AppData\Local\GitHubDesktop\bin;C:\Users\Waruna\AppData\Roaming\npm;H:\gradle-7.3.1\bin;C:\Program Files\JetBrains\IntelliJ IDEA 2023.1.1\bin;;C:\Users\Waruna\AppData\Local\Programs\Microsoft VS Code Insiders\bin
USERNAME=Waruna
OS=Windows_NT
PROCESSOR_IDENTIFIER=Intel64 Family 6 Model 165 Stepping 2, GenuineIntel
TMP=C:\Users\Waruna\AppData\Local\Temp
TEMP=C:\Users\Waruna\AppData\Local\Temp



---------------  S Y S T E M  ---------------

OS:
 Windows 11 , 64 bit Build 22621 (10.0.22621.1928)
OS uptime: 2 days 1:18 hours
Hyper-V role detected

CPU: total 12 (initial active 12) (6 cores per cpu, 2 threads per core) family 6 model 165 stepping 2 microcode 0xe2, cx8, cmov, fxsr, ht, mmx, 3dnowpref, sse, sse2, sse3, ssse3, sse4.1, sse4.2, popcnt, lzcnt, tsc, tscinvbit, avx, avx2, aes, erms, clmul, bmi1, bmi2, adx, fma, vzeroupper, clflush, clflushopt, hv

Memory: 4k page, system-wide physical 8013M (233M free)
TotalPageFile size 18013M (AvailPageFile size 7M)
current process WorkingSet (physical memory assigned to process): 232M, peak: 1364M
current process commit charge ("private bytes"): 574M, peak: 1351M

vm_info: OpenJDK 64-Bit Server VM (17.0.7+7) for windows-amd64 JRE (17.0.7+7), built on Apr 18 2023 22:10:42 by "temurin" with MS VC++ 16.7 (VS2019)

END.
