#
# There is insufficient memory for the Java Runtime Environment to continue.
# Native memory allocation (malloc) failed to allocate 1744352 bytes for Chunk::new
# Possible reasons:
#   The system is out of physical RAM or swap space
#   The process is running with CompressedOops enabled, and the Java Heap may be blocking the growth of the native heap
# Possible solutions:
#   Reduce memory load on the system
#   Increase physical memory or swap space
#   Check if swap backing store is full
#   Decrease Java heap size (-Xmx/-Xms)
#   Decrease number of Java threads
#   Decrease Java thread stack sizes (-Xss)
#   Set larger code cache with -XX:ReservedCodeCacheSize=
#   JVM is running with Unscaled Compressed Oops mode in which the Java heap is
#     placed in the first 4GB address space. The Java Heap base address is the
#     maximum limit for the native heap growth. Please use -XX:HeapBaseMinAddress
#     to set the Java Heap base and to place the Java Heap above 4GB virtual address.
# This output file may be truncated or incomplete.
#
#  Out of Memory Error (arena.cpp:189), pid=14244, tid=27084
#
# JRE version: Java(TM) SE Runtime Environment (17.0.7+8) (build 17.0.7+8-LTS-224)
# Java VM: Java HotSpot(TM) 64-Bit Server VM (17.0.7+8-LTS-224, mixed mode, sharing, tiered, compressed oops, compressed class ptrs, g1 gc, windows-amd64)
# No core dump will be written. Minidumps are not enabled by default on client versions of Windows
#

---------------  S U M M A R Y ------------

Command Line: -javaagent:C:\Program Files\JetBrains\IntelliJ IDEA 2023.1.1\lib\idea_rt.jar=4745:C:\Program Files\JetBrains\IntelliJ IDEA 2023.1.1\bin -Dfile.encoding=UTF-8 com.app.SecurityApplication

Host: Intel(R) Core(TM) i5-10500H CPU @ 2.50GHz, 12 cores, 7G,  Windows 11 , 64 bit Build 22621 (10.0.22621.1928)
Time: Mon Jul 24 16:08:44 2023 Sri Lanka Standard Time elapsed time: 4.511364 seconds (0d 0h 0m 4s)

---------------  T H R E A D  ---------------

Current thread (0x00000125114d2ab0):  JavaThread "C2 CompilerThread0" daemon [_thread_in_native, id=27084, stack(0x00000015fa100000,0x00000015fa200000)]


Current CompileTask:
C2:   4511 2250   !   4       jdk.internal.loader.BuiltinClassLoader::loadClassOrNull (143 bytes)

Stack: [0x00000015fa100000,0x00000015fa200000]
Native frames: (J=compiled Java code, j=interpreted, Vv=VM code, C=native code)
V  [jvm.dll+0x676a4a]
V  [jvm.dll+0x7d74f4]
V  [jvm.dll+0x7d8c9e]
V  [jvm.dll+0x7d9303]
V  [jvm.dll+0x2452c5]
V  [jvm.dll+0xaaa2b]
V  [jvm.dll+0xaafcc]
V  [jvm.dll+0x36141e]
V  [jvm.dll+0x32bba1]
V  [jvm.dll+0x32b03a]
V  [jvm.dll+0x217acf]
V  [jvm.dll+0x216f01]
V  [jvm.dll+0x1a35e0]
V  [jvm.dll+0x226a6e]
V  [jvm.dll+0x224e15]
V  [jvm.dll+0x78d05c]
V  [jvm.dll+0x78759a]
V  [jvm.dll+0x675875]
C  [ucrtbase.dll+0x29363]
C  [KERNEL32.DLL+0x126ad]
C  [ntdll.dll+0x5aa68]


---------------  P R O C E S S  ---------------

Threads class SMR info:
_java_thread_list=0x00000125146c86c0, length=14, elements={
0x0000012572fabce0, 0x00000125114bb3a0, 0x00000125114bbd50, 0x00000125114cf3c0,
0x00000125114d0c90, 0x00000125114d1550, 0x00000125114d1e10, 0x00000125114d2ab0,
0x00000125114d3460, 0x0000012512018050, 0x00000125120a2140, 0x0000012512423e00,
0x00000125124242d0, 0x0000012512d31ab0
}

Java Threads: ( => current thread )
  0x0000012572fabce0 JavaThread "main" [_thread_in_native, id=23564, stack(0x00000015f9400000,0x00000015f9500000)]
  0x00000125114bb3a0 JavaThread "Reference Handler" daemon [_thread_blocked, id=22888, stack(0x00000015f9b00000,0x00000015f9c00000)]
  0x00000125114bbd50 JavaThread "Finalizer" daemon [_thread_blocked, id=4116, stack(0x00000015f9c00000,0x00000015f9d00000)]
  0x00000125114cf3c0 JavaThread "Signal Dispatcher" daemon [_thread_blocked, id=23912, stack(0x00000015f9d00000,0x00000015f9e00000)]
  0x00000125114d0c90 JavaThread "Attach Listener" daemon [_thread_blocked, id=14980, stack(0x00000015f9e00000,0x00000015f9f00000)]
  0x00000125114d1550 JavaThread "Service Thread" daemon [_thread_blocked, id=25248, stack(0x00000015f9f00000,0x00000015fa000000)]
  0x00000125114d1e10 JavaThread "Monitor Deflation Thread" daemon [_thread_blocked, id=12992, stack(0x00000015fa000000,0x00000015fa100000)]
=>0x00000125114d2ab0 JavaThread "C2 CompilerThread0" daemon [_thread_in_native, id=27084, stack(0x00000015fa100000,0x00000015fa200000)]
  0x00000125114d3460 JavaThread "C1 CompilerThread0" daemon [_thread_blocked, id=9860, stack(0x00000015fa200000,0x00000015fa300000)]
  0x0000012512018050 JavaThread "Sweeper thread" daemon [_thread_blocked, id=24336, stack(0x00000015fa300000,0x00000015fa400000)]
  0x00000125120a2140 JavaThread "Common-Cleaner" daemon [_thread_blocked, id=14644, stack(0x00000015fa400000,0x00000015fa500000)]
  0x0000012512423e00 JavaThread "Monitor Ctrl-Break" daemon [_thread_in_native, id=25472, stack(0x00000015fa600000,0x00000015fa700000)]
  0x00000125124242d0 JavaThread "Notification Thread" daemon [_thread_blocked, id=32100, stack(0x00000015fa700000,0x00000015fa800000)]
  0x0000012512d31ab0 JavaThread "C2 CompilerThread1" daemon [_thread_in_native, id=5420, stack(0x00000015fae00000,0x00000015faf00000)]

Other Threads:
  0x00000125114b7270 VMThread "VM Thread" [stack: 0x00000015f9a00000,0x00000015f9b00000] [id=22576]
  0x000001257302e720 WatcherThread [stack: 0x00000015fa800000,0x00000015fa900000] [id=21124]
  0x0000012573007ed0 GCTaskThread "GC Thread#0" [stack: 0x00000015f9500000,0x00000015f9600000] [id=16748]
  0x0000012512b9ce80 GCTaskThread "GC Thread#1" [stack: 0x00000015fa500000,0x00000015fa600000] [id=2220]
  0x0000012512ba9970 GCTaskThread "GC Thread#2" [stack: 0x00000015fa900000,0x00000015faa00000] [id=23496]
  0x0000012512bf6cf0 GCTaskThread "GC Thread#3" [stack: 0x00000015faa00000,0x00000015fab00000] [id=26488]
  0x0000012512c27570 GCTaskThread "GC Thread#4" [stack: 0x00000015fab00000,0x00000015fac00000] [id=12528]
  0x0000012512c2b830 GCTaskThread "GC Thread#5" [stack: 0x00000015fac00000,0x00000015fad00000] [id=5608]
  0x0000012512d9b040 GCTaskThread "GC Thread#6" [stack: 0x00000015faf00000,0x00000015fb000000] [id=24664]
  0x0000012513132b80 GCTaskThread "GC Thread#7" [stack: 0x00000015fb000000,0x00000015fb100000] [id=24048]
  0x0000012512fc5ac0 GCTaskThread "GC Thread#8" [stack: 0x00000015fb100000,0x00000015fb200000] [id=26724]
  0x0000012512ff1470 GCTaskThread "GC Thread#9" [stack: 0x00000015fb200000,0x00000015fb300000] [id=17176]
  0x0000012573018790 ConcurrentGCThread "G1 Main Marker" [stack: 0x00000015f9600000,0x00000015f9700000] [id=5896]
  0x000001257301a0b0 ConcurrentGCThread "G1 Conc#0" [stack: 0x00000015f9700000,0x00000015f9800000] [id=8436]
  0x00000125113734e0 ConcurrentGCThread "G1 Refine#0" [stack: 0x00000015f9800000,0x00000015f9900000] [id=19852]
  0x0000012511374cb0 ConcurrentGCThread "G1 Service" [stack: 0x00000015f9900000,0x00000015f9a00000] [id=3376]

Threads with active compile tasks:
C2 CompilerThread0     4546 2250   !   4       jdk.internal.loader.BuiltinClassLoader::loadClassOrNull (143 bytes)
C2 CompilerThread1     4546 2395   !   4       java.net.URL::<init> (543 bytes)

VM state: not at safepoint (normal execution)

VM Mutex/Monitor currently owned by a thread: None

Heap address: 0x0000000082c00000, size: 2004 MB, Compressed Oops mode: 32-bit

CDS archive(s) mapped at: [0x0000000800000000-0x0000000800bd0000-0x0000000800bd0000), size 12386304, SharedBaseAddress: 0x0000000800000000, ArchiveRelocationMode: 0.
Compressed class space mapped at: 0x0000000800c00000-0x0000000840c00000, reserved size: 1073741824
Narrow klass base: 0x0000000800000000, Narrow klass shift: 0, Narrow klass range: 0x100000000

GC Precious Log:
 CPUs: 12 total, 12 available
 Memory: 8013M
 Large Page Support: Disabled
 NUMA Support: Disabled
 Compressed Oops: Enabled (32-bit)
 Heap Region Size: 1M
 Heap Min Capacity: 8M
 Heap Initial Capacity: 126M
 Heap Max Capacity: 2004M
 Pre-touch: Disabled
 Parallel Workers: 10
 Concurrent Workers: 3
 Concurrent Refinement Workers: 10
 Periodic GC: Disabled

Heap:
 garbage-first heap   total 129024K, used 48104K [0x0000000082c00000, 0x0000000100000000)
  region size 1024K, 42 young (43008K), 3 survivors (3072K)
 Metaspace       used 20081K, committed 20288K, reserved 1073152K
  class space    used 2576K, committed 2688K, reserved 1048576K

Heap Regions: E=young(eden), S=young(survivor), O=old, HS=humongous(starts), HC=humongous(continues), CS=collection set, F=free, OA=open archive, CA=closed archive, TAMS=top-at-mark-start (previous, next)
|   0|0x0000000082c00000, 0x0000000082d00000, 0x0000000082d00000|100%|HS|  |TAMS 0x0000000082c00000, 0x0000000082c00000| Complete 
|   1|0x0000000082d00000, 0x0000000082e00000, 0x0000000082e00000|100%| O|  |TAMS 0x0000000082d00000, 0x0000000082d00000| Untracked 
|   2|0x0000000082e00000, 0x0000000082f00000, 0x0000000082f00000|100%| O|  |TAMS 0x0000000082e00000, 0x0000000082e00000| Untracked 
|   3|0x0000000082f00000, 0x0000000083000000, 0x0000000083000000|100%| O|  |TAMS 0x0000000082f00000, 0x0000000082f00000| Untracked 
|   4|0x0000000083000000, 0x0000000083100000, 0x0000000083100000|100%| O|  |TAMS 0x0000000083000000, 0x0000000083000000| Untracked 
|   5|0x0000000083100000, 0x0000000083200000, 0x0000000083200000|100%| O|  |TAMS 0x0000000083100000, 0x0000000083100000| Untracked 
|   6|0x0000000083200000, 0x0000000083300000, 0x0000000083300000|100%| O|  |TAMS 0x0000000083200000, 0x0000000083200000| Untracked 
|   7|0x0000000083300000, 0x00000000833a2800, 0x0000000083400000| 63%| O|  |TAMS 0x0000000083300000, 0x0000000083300000| Untracked 
|   8|0x0000000083400000, 0x0000000083400000, 0x0000000083500000|  0%| F|  |TAMS 0x0000000083400000, 0x0000000083400000| Untracked 
|   9|0x0000000083500000, 0x0000000083500000, 0x0000000083600000|  0%| F|  |TAMS 0x0000000083500000, 0x0000000083500000| Untracked 
|  10|0x0000000083600000, 0x0000000083600000, 0x0000000083700000|  0%| F|  |TAMS 0x0000000083600000, 0x0000000083600000| Untracked 
|  11|0x0000000083700000, 0x0000000083700000, 0x0000000083800000|  0%| F|  |TAMS 0x0000000083700000, 0x0000000083700000| Untracked 
|  12|0x0000000083800000, 0x0000000083800000, 0x0000000083900000|  0%| F|  |TAMS 0x0000000083800000, 0x0000000083800000| Untracked 
|  13|0x0000000083900000, 0x0000000083900000, 0x0000000083a00000|  0%| F|  |TAMS 0x0000000083900000, 0x0000000083900000| Untracked 
|  14|0x0000000083a00000, 0x0000000083a00000, 0x0000000083b00000|  0%| F|  |TAMS 0x0000000083a00000, 0x0000000083a00000| Untracked 
|  15|0x0000000083b00000, 0x0000000083b00000, 0x0000000083c00000|  0%| F|  |TAMS 0x0000000083b00000, 0x0000000083b00000| Untracked 
|  16|0x0000000083c00000, 0x0000000083c00000, 0x0000000083d00000|  0%| F|  |TAMS 0x0000000083c00000, 0x0000000083c00000| Untracked 
|  17|0x0000000083d00000, 0x0000000083d00000, 0x0000000083e00000|  0%| F|  |TAMS 0x0000000083d00000, 0x0000000083d00000| Untracked 
|  18|0x0000000083e00000, 0x0000000083e00000, 0x0000000083f00000|  0%| F|  |TAMS 0x0000000083e00000, 0x0000000083e00000| Untracked 
|  19|0x0000000083f00000, 0x0000000083f00000, 0x0000000084000000|  0%| F|  |TAMS 0x0000000083f00000, 0x0000000083f00000| Untracked 
|  20|0x0000000084000000, 0x0000000084000000, 0x0000000084100000|  0%| F|  |TAMS 0x0000000084000000, 0x0000000084000000| Untracked 
|  21|0x0000000084100000, 0x0000000084100000, 0x0000000084200000|  0%| F|  |TAMS 0x0000000084100000, 0x0000000084100000| Untracked 
|  22|0x0000000084200000, 0x0000000084200000, 0x0000000084300000|  0%| F|  |TAMS 0x0000000084200000, 0x0000000084200000| Untracked 
|  23|0x0000000084300000, 0x0000000084300000, 0x0000000084400000|  0%| F|  |TAMS 0x0000000084300000, 0x0000000084300000| Untracked 
|  24|0x0000000084400000, 0x0000000084400000, 0x0000000084500000|  0%| F|  |TAMS 0x0000000084400000, 0x0000000084400000| Untracked 
|  25|0x0000000084500000, 0x0000000084500000, 0x0000000084600000|  0%| F|  |TAMS 0x0000000084500000, 0x0000000084500000| Untracked 
|  26|0x0000000084600000, 0x0000000084600000, 0x0000000084700000|  0%| F|  |TAMS 0x0000000084600000, 0x0000000084600000| Untracked 
|  27|0x0000000084700000, 0x0000000084700000, 0x0000000084800000|  0%| F|  |TAMS 0x0000000084700000, 0x0000000084700000| Untracked 
|  28|0x0000000084800000, 0x0000000084800000, 0x0000000084900000|  0%| F|  |TAMS 0x0000000084800000, 0x0000000084800000| Untracked 
|  29|0x0000000084900000, 0x0000000084900000, 0x0000000084a00000|  0%| F|  |TAMS 0x0000000084900000, 0x0000000084900000| Untracked 
|  30|0x0000000084a00000, 0x0000000084a00000, 0x0000000084b00000|  0%| F|  |TAMS 0x0000000084a00000, 0x0000000084a00000| Untracked 
|  31|0x0000000084b00000, 0x0000000084b00000, 0x0000000084c00000|  0%| F|  |TAMS 0x0000000084b00000, 0x0000000084b00000| Untracked 
|  32|0x0000000084c00000, 0x0000000084c00000, 0x0000000084d00000|  0%| F|  |TAMS 0x0000000084c00000, 0x0000000084c00000| Untracked 
|  33|0x0000000084d00000, 0x0000000084d00000, 0x0000000084e00000|  0%| F|  |TAMS 0x0000000084d00000, 0x0000000084d00000| Untracked 
|  34|0x0000000084e00000, 0x0000000084e00000, 0x0000000084f00000|  0%| F|  |TAMS 0x0000000084e00000, 0x0000000084e00000| Untracked 
|  35|0x0000000084f00000, 0x0000000084f00000, 0x0000000085000000|  0%| F|  |TAMS 0x0000000084f00000, 0x0000000084f00000| Untracked 
|  36|0x0000000085000000, 0x0000000085000000, 0x0000000085100000|  0%| F|  |TAMS 0x0000000085000000, 0x0000000085000000| Untracked 
|  37|0x0000000085100000, 0x0000000085100000, 0x0000000085200000|  0%| F|  |TAMS 0x0000000085100000, 0x0000000085100000| Untracked 
|  38|0x0000000085200000, 0x0000000085200000, 0x0000000085300000|  0%| F|  |TAMS 0x0000000085200000, 0x0000000085200000| Untracked 
|  39|0x0000000085300000, 0x0000000085300000, 0x0000000085400000|  0%| F|  |TAMS 0x0000000085300000, 0x0000000085300000| Untracked 
|  40|0x0000000085400000, 0x0000000085400000, 0x0000000085500000|  0%| F|  |TAMS 0x0000000085400000, 0x0000000085400000| Untracked 
|  41|0x0000000085500000, 0x0000000085500000, 0x0000000085600000|  0%| F|  |TAMS 0x0000000085500000, 0x0000000085500000| Untracked 
|  42|0x0000000085600000, 0x0000000085600000, 0x0000000085700000|  0%| F|  |TAMS 0x0000000085600000, 0x0000000085600000| Untracked 
|  43|0x0000000085700000, 0x0000000085700000, 0x0000000085800000|  0%| F|  |TAMS 0x0000000085700000, 0x0000000085700000| Untracked 
|  44|0x0000000085800000, 0x0000000085800000, 0x0000000085900000|  0%| F|  |TAMS 0x0000000085800000, 0x0000000085800000| Untracked 
|  45|0x0000000085900000, 0x0000000085900000, 0x0000000085a00000|  0%| F|  |TAMS 0x0000000085900000, 0x0000000085900000| Untracked 
|  46|0x0000000085a00000, 0x0000000085a00000, 0x0000000085b00000|  0%| F|  |TAMS 0x0000000085a00000, 0x0000000085a00000| Untracked 
|  47|0x0000000085b00000, 0x0000000085b00000, 0x0000000085c00000|  0%| F|  |TAMS 0x0000000085b00000, 0x0000000085b00000| Untracked 
|  48|0x0000000085c00000, 0x0000000085c00000, 0x0000000085d00000|  0%| F|  |TAMS 0x0000000085c00000, 0x0000000085c00000| Untracked 
|  49|0x0000000085d00000, 0x0000000085d00000, 0x0000000085e00000|  0%| F|  |TAMS 0x0000000085d00000, 0x0000000085d00000| Untracked 
|  50|0x0000000085e00000, 0x0000000085e00000, 0x0000000085f00000|  0%| F|  |TAMS 0x0000000085e00000, 0x0000000085e00000| Untracked 
|  51|0x0000000085f00000, 0x0000000085f00000, 0x0000000086000000|  0%| F|  |TAMS 0x0000000085f00000, 0x0000000085f00000| Untracked 
|  52|0x0000000086000000, 0x0000000086000000, 0x0000000086100000|  0%| F|  |TAMS 0x0000000086000000, 0x0000000086000000| Untracked 
|  53|0x0000000086100000, 0x0000000086100000, 0x0000000086200000|  0%| F|  |TAMS 0x0000000086100000, 0x0000000086100000| Untracked 
|  54|0x0000000086200000, 0x0000000086200000, 0x0000000086300000|  0%| F|  |TAMS 0x0000000086200000, 0x0000000086200000| Untracked 
|  55|0x0000000086300000, 0x0000000086300000, 0x0000000086400000|  0%| F|  |TAMS 0x0000000086300000, 0x0000000086300000| Untracked 
|  56|0x0000000086400000, 0x0000000086400000, 0x0000000086500000|  0%| F|  |TAMS 0x0000000086400000, 0x0000000086400000| Untracked 
|  57|0x0000000086500000, 0x0000000086500000, 0x0000000086600000|  0%| F|  |TAMS 0x0000000086500000, 0x0000000086500000| Untracked 
|  58|0x0000000086600000, 0x0000000086600000, 0x0000000086700000|  0%| F|  |TAMS 0x0000000086600000, 0x0000000086600000| Untracked 
|  59|0x0000000086700000, 0x0000000086700000, 0x0000000086800000|  0%| F|  |TAMS 0x0000000086700000, 0x0000000086700000| Untracked 
|  60|0x0000000086800000, 0x0000000086800000, 0x0000000086900000|  0%| F|  |TAMS 0x0000000086800000, 0x0000000086800000| Untracked 
|  61|0x0000000086900000, 0x0000000086900000, 0x0000000086a00000|  0%| F|  |TAMS 0x0000000086900000, 0x0000000086900000| Untracked 
|  62|0x0000000086a00000, 0x0000000086a00000, 0x0000000086b00000|  0%| F|  |TAMS 0x0000000086a00000, 0x0000000086a00000| Untracked 
|  63|0x0000000086b00000, 0x0000000086b00000, 0x0000000086c00000|  0%| F|  |TAMS 0x0000000086b00000, 0x0000000086b00000| Untracked 
|  64|0x0000000086c00000, 0x0000000086c00000, 0x0000000086d00000|  0%| F|  |TAMS 0x0000000086c00000, 0x0000000086c00000| Untracked 
|  65|0x0000000086d00000, 0x0000000086d00000, 0x0000000086e00000|  0%| F|  |TAMS 0x0000000086d00000, 0x0000000086d00000| Untracked 
|  66|0x0000000086e00000, 0x0000000086e00000, 0x0000000086f00000|  0%| F|  |TAMS 0x0000000086e00000, 0x0000000086e00000| Untracked 
|  67|0x0000000086f00000, 0x0000000086f00000, 0x0000000087000000|  0%| F|  |TAMS 0x0000000086f00000, 0x0000000086f00000| Untracked 
|  68|0x0000000087000000, 0x0000000087000000, 0x0000000087100000|  0%| F|  |TAMS 0x0000000087000000, 0x0000000087000000| Untracked 
|  69|0x0000000087100000, 0x0000000087100000, 0x0000000087200000|  0%| F|  |TAMS 0x0000000087100000, 0x0000000087100000| Untracked 
|  70|0x0000000087200000, 0x0000000087200000, 0x0000000087300000|  0%| F|  |TAMS 0x0000000087200000, 0x0000000087200000| Untracked 
|  71|0x0000000087300000, 0x0000000087300000, 0x0000000087400000|  0%| F|  |TAMS 0x0000000087300000, 0x0000000087300000| Untracked 
|  72|0x0000000087400000, 0x0000000087400000, 0x0000000087500000|  0%| F|  |TAMS 0x0000000087400000, 0x0000000087400000| Untracked 
|  73|0x0000000087500000, 0x0000000087500000, 0x0000000087600000|  0%| F|  |TAMS 0x0000000087500000, 0x0000000087500000| Untracked 
|  74|0x0000000087600000, 0x0000000087600000, 0x0000000087700000|  0%| F|  |TAMS 0x0000000087600000, 0x0000000087600000| Untracked 
|  75|0x0000000087700000, 0x0000000087700000, 0x0000000087800000|  0%| F|  |TAMS 0x0000000087700000, 0x0000000087700000| Untracked 
|  76|0x0000000087800000, 0x0000000087800000, 0x0000000087900000|  0%| F|  |TAMS 0x0000000087800000, 0x0000000087800000| Untracked 
|  77|0x0000000087900000, 0x0000000087900000, 0x0000000087a00000|  0%| F|  |TAMS 0x0000000087900000, 0x0000000087900000| Untracked 
|  78|0x0000000087a00000, 0x0000000087a00000, 0x0000000087b00000|  0%| F|  |TAMS 0x0000000087a00000, 0x0000000087a00000| Untracked 
|  79|0x0000000087b00000, 0x0000000087b00000, 0x0000000087c00000|  0%| F|  |TAMS 0x0000000087b00000, 0x0000000087b00000| Untracked 
|  80|0x0000000087c00000, 0x0000000087c00000, 0x0000000087d00000|  0%| F|  |TAMS 0x0000000087c00000, 0x0000000087c00000| Untracked 
|  81|0x0000000087d00000, 0x0000000087d00000, 0x0000000087e00000|  0%| F|  |TAMS 0x0000000087d00000, 0x0000000087d00000| Untracked 
|  82|0x0000000087e00000, 0x0000000087e00000, 0x0000000087f00000|  0%| F|  |TAMS 0x0000000087e00000, 0x0000000087e00000| Untracked 
|  83|0x0000000087f00000, 0x0000000087f81260, 0x0000000088000000| 50%| E|  |TAMS 0x0000000087f00000, 0x0000000087f00000| Complete 
|  84|0x0000000088000000, 0x0000000088100000, 0x0000000088100000|100%| E|CS|TAMS 0x0000000088000000, 0x0000000088000000| Complete 
|  85|0x0000000088100000, 0x0000000088200000, 0x0000000088200000|100%| E|CS|TAMS 0x0000000088100000, 0x0000000088100000| Complete 
|  86|0x0000000088200000, 0x0000000088300000, 0x0000000088300000|100%| E|CS|TAMS 0x0000000088200000, 0x0000000088200000| Complete 
|  87|0x0000000088300000, 0x0000000088400000, 0x0000000088400000|100%| E|CS|TAMS 0x0000000088300000, 0x0000000088300000| Complete 
|  88|0x0000000088400000, 0x0000000088500000, 0x0000000088500000|100%| E|CS|TAMS 0x0000000088400000, 0x0000000088400000| Complete 
|  89|0x0000000088500000, 0x0000000088600000, 0x0000000088600000|100%| E|CS|TAMS 0x0000000088500000, 0x0000000088500000| Complete 
|  90|0x0000000088600000, 0x0000000088700000, 0x0000000088700000|100%| E|CS|TAMS 0x0000000088600000, 0x0000000088600000| Complete 
|  91|0x0000000088700000, 0x0000000088800000, 0x0000000088800000|100%| E|CS|TAMS 0x0000000088700000, 0x0000000088700000| Complete 
|  92|0x0000000088800000, 0x0000000088857880, 0x0000000088900000| 34%| S|CS|TAMS 0x0000000088800000, 0x0000000088800000| Complete 
|  93|0x0000000088900000, 0x0000000088a00000, 0x0000000088a00000|100%| S|CS|TAMS 0x0000000088900000, 0x0000000088900000| Complete 
|  94|0x0000000088a00000, 0x0000000088b00000, 0x0000000088b00000|100%| S|CS|TAMS 0x0000000088a00000, 0x0000000088a00000| Complete 
|  95|0x0000000088b00000, 0x0000000088c00000, 0x0000000088c00000|100%| E|CS|TAMS 0x0000000088b00000, 0x0000000088b00000| Complete 
|  96|0x0000000088c00000, 0x0000000088d00000, 0x0000000088d00000|100%| E|CS|TAMS 0x0000000088c00000, 0x0000000088c00000| Complete 
|  97|0x0000000088d00000, 0x0000000088e00000, 0x0000000088e00000|100%| E|CS|TAMS 0x0000000088d00000, 0x0000000088d00000| Complete 
|  98|0x0000000088e00000, 0x0000000088f00000, 0x0000000088f00000|100%| E|CS|TAMS 0x0000000088e00000, 0x0000000088e00000| Complete 
|  99|0x0000000088f00000, 0x0000000089000000, 0x0000000089000000|100%| E|CS|TAMS 0x0000000088f00000, 0x0000000088f00000| Complete 
| 100|0x0000000089000000, 0x0000000089100000, 0x0000000089100000|100%| E|CS|TAMS 0x0000000089000000, 0x0000000089000000| Complete 
| 101|0x0000000089100000, 0x0000000089200000, 0x0000000089200000|100%| E|CS|TAMS 0x0000000089100000, 0x0000000089100000| Complete 
| 102|0x0000000089200000, 0x0000000089300000, 0x0000000089300000|100%| E|  |TAMS 0x0000000089200000, 0x0000000089200000| Complete 
| 103|0x0000000089300000, 0x0000000089400000, 0x0000000089400000|100%| E|CS|TAMS 0x0000000089300000, 0x0000000089300000| Complete 
| 104|0x0000000089400000, 0x0000000089500000, 0x0000000089500000|100%| E|CS|TAMS 0x0000000089400000, 0x0000000089400000| Complete 
| 105|0x0000000089500000, 0x0000000089600000, 0x0000000089600000|100%| E|CS|TAMS 0x0000000089500000, 0x0000000089500000| Complete 
| 106|0x0000000089600000, 0x0000000089700000, 0x0000000089700000|100%| E|CS|TAMS 0x0000000089600000, 0x0000000089600000| Complete 
| 107|0x0000000089700000, 0x0000000089800000, 0x0000000089800000|100%| E|CS|TAMS 0x0000000089700000, 0x0000000089700000| Complete 
| 108|0x0000000089800000, 0x0000000089900000, 0x0000000089900000|100%| E|CS|TAMS 0x0000000089800000, 0x0000000089800000| Complete 
| 109|0x0000000089900000, 0x0000000089a00000, 0x0000000089a00000|100%| E|CS|TAMS 0x0000000089900000, 0x0000000089900000| Complete 
| 110|0x0000000089a00000, 0x0000000089b00000, 0x0000000089b00000|100%| E|CS|TAMS 0x0000000089a00000, 0x0000000089a00000| Complete 
| 111|0x0000000089b00000, 0x0000000089c00000, 0x0000000089c00000|100%| E|CS|TAMS 0x0000000089b00000, 0x0000000089b00000| Complete 
| 112|0x0000000089c00000, 0x0000000089d00000, 0x0000000089d00000|100%| E|CS|TAMS 0x0000000089c00000, 0x0000000089c00000| Complete 
| 113|0x0000000089d00000, 0x0000000089e00000, 0x0000000089e00000|100%| E|CS|TAMS 0x0000000089d00000, 0x0000000089d00000| Complete 
| 114|0x0000000089e00000, 0x0000000089f00000, 0x0000000089f00000|100%| E|CS|TAMS 0x0000000089e00000, 0x0000000089e00000| Complete 
| 115|0x0000000089f00000, 0x000000008a000000, 0x000000008a000000|100%| E|CS|TAMS 0x0000000089f00000, 0x0000000089f00000| Complete 
| 116|0x000000008a000000, 0x000000008a100000, 0x000000008a100000|100%| E|CS|TAMS 0x000000008a000000, 0x000000008a000000| Complete 
| 117|0x000000008a100000, 0x000000008a200000, 0x000000008a200000|100%| E|CS|TAMS 0x000000008a100000, 0x000000008a100000| Complete 
| 118|0x000000008a200000, 0x000000008a300000, 0x000000008a300000|100%| E|CS|TAMS 0x000000008a200000, 0x000000008a200000| Complete 
| 119|0x000000008a300000, 0x000000008a400000, 0x000000008a400000|100%| E|CS|TAMS 0x000000008a300000, 0x000000008a300000| Complete 
| 120|0x000000008a400000, 0x000000008a500000, 0x000000008a500000|100%| E|CS|TAMS 0x000000008a400000, 0x000000008a400000| Complete 
| 121|0x000000008a500000, 0x000000008a600000, 0x000000008a600000|100%| E|CS|TAMS 0x000000008a500000, 0x000000008a500000| Complete 
| 122|0x000000008a600000, 0x000000008a700000, 0x000000008a700000|100%| E|CS|TAMS 0x000000008a600000, 0x000000008a600000| Complete 
| 123|0x000000008a700000, 0x000000008a800000, 0x000000008a800000|100%| E|CS|TAMS 0x000000008a700000, 0x000000008a700000| Complete 
| 124|0x000000008a800000, 0x000000008a900000, 0x000000008a900000|100%| E|CS|TAMS 0x000000008a800000, 0x000000008a800000| Complete 
| 125|0x000000008a900000, 0x000000008aa00000, 0x000000008aa00000|100%| E|CS|TAMS 0x000000008a900000, 0x000000008a900000| Complete 

Card table byte_map: [0x000001257b170000,0x000001257b560000] _byte_map_base: 0x000001257ad5a000

Marking Bits (Prev, Next): (CMBitMap*) 0x00000125730083e0, (CMBitMap*) 0x0000012573008420
 Prev Bits: [0x000001257b950000, 0x000001257d8a0000)
 Next Bits: [0x000001257d8a0000, 0x000001257f7f0000)

Polling page: 0x0000012570fa0000

Metaspace:

Usage:
  Non-class:     17.10 MB used.
      Class:      2.52 MB used.
       Both:     19.62 MB used.

Virtual space:
  Non-class space:       24.00 MB reserved,      17.19 MB ( 72%) committed,  3 nodes.
      Class space:        1.00 GB reserved,       2.62 MB ( <1%) committed,  1 nodes.
             Both:        1.02 GB reserved,      19.81 MB (  2%) committed. 

Chunk freelists:
   Non-Class:  2.27 MB
       Class:  1.38 MB
        Both:  3.64 MB

MaxMetaspaceSize: unlimited
CompressedClassSpaceSize: 1.00 GB
Initial GC threshold: 21.00 MB
Current GC threshold: 21.00 MB
CDS: on
MetaspaceReclaimPolicy: balanced
 - commit_granule_bytes: 65536.
 - commit_granule_words: 8192.
 - virtual_space_node_default_size: 1048576.
 - enlarge_chunks_in_place: 1.
 - new_chunks_are_fully_committed: 0.
 - uncommit_free_chunks: 1.
 - use_allocation_guard: 0.
 - handle_deallocations: 1.


Internal statistics:

num_allocs_failed_limit: 0.
num_arena_births: 184.
num_arena_deaths: 0.
num_vsnodes_births: 4.
num_vsnodes_deaths: 0.
num_space_committed: 317.
num_space_uncommitted: 0.
num_chunks_returned_to_freelist: 0.
num_chunks_taken_from_freelist: 869.
num_chunk_merges: 0.
num_chunk_splits: 608.
num_chunks_enlarged: 484.
num_purges: 0.
num_inconsistent_stats: 0.

CodeHeap 'non-profiled nmethods': size=120000Kb used=954Kb max_used=954Kb free=119045Kb
 bounds [0x0000012507ad0000, 0x0000012507d40000, 0x000001250f000000]
CodeHeap 'profiled nmethods': size=120000Kb used=5010Kb max_used=5010Kb free=114989Kb
 bounds [0x0000012500000000, 0x00000125004f0000, 0x0000012507530000]
CodeHeap 'non-nmethods': size=5760Kb used=1200Kb max_used=1268Kb free=4559Kb
 bounds [0x0000012507530000, 0x00000125077a0000, 0x0000012507ad0000]
 total_blobs=2959 nmethods=2461 adapters=410
 compilation: enabled
              stopped_count=0, restarted_count=0
 full_count=0

Compilation events (20 events):
Event: 4.495 Thread 0x00000125114d3460 2417       3       org.springframework.core.annotation.MergedAnnotationsCollection$AnnotationsSpliterator::tryAdvance (116 bytes)
Event: 4.495 Thread 0x00000125114d3460 nmethod 2417 0x00000125004c2010 code [0x00000125004c2220, 0x00000125004c2818]
Event: 4.495 Thread 0x00000125114d3460 2418       3       java.util.stream.ReduceOps$3ReducingSink::accept (15 bytes)
Event: 4.495 Thread 0x00000125114d3460 nmethod 2418 0x00000125004c2a90 code [0x00000125004c2c40, 0x00000125004c2e28]
Event: 4.496 Thread 0x00000125114d3460 2419       3       org.springframework.core.annotation.TypeMappedAnnotation::isFiltered (28 bytes)
Event: 4.496 Thread 0x00000125114d3460 nmethod 2419 0x00000125004c2f10 code [0x00000125004c30c0, 0x00000125004c3348]
Event: 4.496 Thread 0x00000125114d3460 2421       3       org.springframework.core.annotation.TypeMappedAnnotation::adapt (355 bytes)
Event: 4.498 Thread 0x00000125114d3460 nmethod 2421 0x00000125004c3410 code [0x00000125004c3840, 0x00000125004c5ee8]
Event: 4.498 Thread 0x00000125114d3460 2420       3       org.springframework.core.annotation.TypeMappedAnnotation::getValue (41 bytes)
Event: 4.499 Thread 0x00000125114d3460 nmethod 2420 0x00000125004c6910 code [0x00000125004c6ae0, 0x00000125004c6da8]
Event: 4.499 Thread 0x00000125114d3460 2422       3       java.util.TreeMap$Entry::<init> (25 bytes)
Event: 4.499 Thread 0x00000125114d3460 nmethod 2422 0x00000125004c6f90 code [0x00000125004c7140, 0x00000125004c73b8]
Event: 4.501 Thread 0x00000125114d3460 2423       3       org.springframework.core.annotation.TypeMappedAnnotation::getTypeForMapOptions (57 bytes)
Event: 4.501 Thread 0x00000125114d3460 nmethod 2423 0x00000125004c7490 code [0x00000125004c76a0, 0x00000125004c7af8]
Event: 4.501 Thread 0x00000125114d3460 2424       3       org.springframework.core.annotation.TypeMappedAnnotation::adaptValueForMapOptions (174 bytes)
Event: 4.502 Thread 0x00000125114d3460 nmethod 2424 0x00000125004c7c90 code [0x00000125004c7f60, 0x00000125004c8f48]
Event: 4.504 Thread 0x00000125114d3460 2425       3       org.springframework.core.type.classreading.SimpleAnnotationMetadataReadingVisitor::visitAnnotation (28 bytes)
Event: 4.505 Thread 0x00000125114d3460 nmethod 2425 0x00000125004c9410 code [0x00000125004c9660, 0x00000125004ca088]
Event: 4.505 Thread 0x00000125114d3460 2426   !   3       java.util.concurrent.CopyOnWriteArrayList::add (46 bytes)
Event: 4.506 Thread 0x00000125114d3460 nmethod 2426 0x00000125004ca410 code [0x00000125004ca5e0, 0x00000125004cab08]

GC Heap History (4 events):
Event: 2.514 GC heap before
{Heap before GC invocations=0 (full 0):
 garbage-first heap   total 129024K, used 24576K [0x0000000082c00000, 0x0000000100000000)
  region size 1024K, 23 young (23552K), 0 survivors (0K)
 Metaspace       used 6156K, committed 6336K, reserved 1056768K
  class space    used 730K, committed 832K, reserved 1048576K
}
Event: 2.521 GC heap after
{Heap after GC invocations=1 (full 0):
 garbage-first heap   total 129024K, used 7885K [0x0000000082c00000, 0x0000000100000000)
  region size 1024K, 3 young (3072K), 3 survivors (3072K)
 Metaspace       used 6156K, committed 6336K, reserved 1056768K
  class space    used 730K, committed 832K, reserved 1048576K
}
Event: 3.460 GC heap before
{Heap before GC invocations=1 (full 0):
 garbage-first heap   total 129024K, used 36557K [0x0000000082c00000, 0x0000000100000000)
  region size 1024K, 31 young (31744K), 3 survivors (3072K)
 Metaspace       used 12873K, committed 13120K, reserved 1064960K
  class space    used 1727K, committed 1856K, reserved 1048576K
}
Event: 3.468 GC heap after
{Heap after GC invocations=2 (full 0):
 garbage-first heap   total 129024K, used 10216K [0x0000000082c00000, 0x0000000100000000)
  region size 1024K, 3 young (3072K), 3 survivors (3072K)
 Metaspace       used 12873K, committed 13120K, reserved 1064960K
  class space    used 1727K, committed 1856K, reserved 1048576K
}

Deoptimization events (20 events):
Event: 4.374 Thread 0x0000012572fabce0 DEOPT PACKING pc=0x0000012500121e66 sp=0x00000015f94feae0
Event: 4.374 Thread 0x0000012572fabce0 DEOPT UNPACKING pc=0x0000012507582b43 sp=0x00000015f94fdfa8 mode 0
Event: 4.374 Thread 0x0000012572fabce0 DEOPT PACKING pc=0x00000125001834b1 sp=0x00000015f94feab0
Event: 4.374 Thread 0x0000012572fabce0 DEOPT UNPACKING pc=0x0000012507582b43 sp=0x00000015f94fdfa0 mode 0
Event: 4.374 Thread 0x0000012572fabce0 DEOPT PACKING pc=0x0000012500121e66 sp=0x00000015f94feae0
Event: 4.374 Thread 0x0000012572fabce0 DEOPT UNPACKING pc=0x0000012507582b43 sp=0x00000015f94fdfa8 mode 0
Event: 4.374 Thread 0x0000012572fabce0 DEOPT PACKING pc=0x00000125001834b1 sp=0x00000015f94feab0
Event: 4.374 Thread 0x0000012572fabce0 DEOPT UNPACKING pc=0x0000012507582b43 sp=0x00000015f94fdfa0 mode 0
Event: 4.375 Thread 0x0000012572fabce0 DEOPT PACKING pc=0x0000012500121e66 sp=0x00000015f94feae0
Event: 4.375 Thread 0x0000012572fabce0 DEOPT UNPACKING pc=0x0000012507582b43 sp=0x00000015f94fdfa8 mode 0
Event: 4.375 Thread 0x0000012572fabce0 DEOPT PACKING pc=0x00000125001834b1 sp=0x00000015f94feab0
Event: 4.375 Thread 0x0000012572fabce0 DEOPT UNPACKING pc=0x0000012507582b43 sp=0x00000015f94fdfa0 mode 0
Event: 4.441 Thread 0x0000012512c3f540 Uncommon trap: trap_request=0xffffff45 fr.pc=0x0000012507ba1190 relative=0x0000000000000a10
Event: 4.441 Thread 0x0000012512c3f540 Uncommon trap: reason=unstable_if action=reinterpret pc=0x0000012507ba1190 method=jdk.internal.org.objectweb.asm.Frame.execute(IILjdk/internal/org/objectweb/asm/Symbol;Ljdk/internal/org/objectweb/asm/SymbolTable;)V @ 1 c2
Event: 4.441 Thread 0x0000012512c3f540 DEOPT PACKING pc=0x0000012507ba1190 sp=0x00000015fadfc160
Event: 4.441 Thread 0x0000012512c3f540 DEOPT UNPACKING pc=0x00000125075823a3 sp=0x00000015fadfc118 mode 2
Event: 4.473 Thread 0x0000012572fabce0 Uncommon trap: trap_request=0xffffffc6 fr.pc=0x0000012507b8c4ac relative=0x0000000000001a8c
Event: 4.473 Thread 0x0000012572fabce0 Uncommon trap: reason=bimorphic_or_optimized_type_check action=maybe_recompile pc=0x0000012507b8c4ac method=java.util.HashMap.putVal(ILjava/lang/Object;Ljava/lang/Object;ZZ)Ljava/lang/Object; @ 203 c2
Event: 4.473 Thread 0x0000012572fabce0 DEOPT PACKING pc=0x0000012507b8c4ac sp=0x00000015f94fe970
Event: 4.473 Thread 0x0000012572fabce0 DEOPT UNPACKING pc=0x00000125075823a3 sp=0x00000015f94fe838 mode 2

Classes unloaded (0 events):
No events

Classes redefined (0 events):
No events

Internal exceptions (20 events):
Event: 2.759 Thread 0x0000012572fabce0 Exception <a 'java/lang/NoSuchMethodError'{0x000000008a3be7e8}: 'void java.lang.invoke.DirectMethodHandle$Holder.invokeStaticInit(java.lang.Object, java.lang.Object)'> (0x000000008a3be7e8) 
thrown [s\open\src\hotspot\share\interpreter\linkResolver.cpp, line 759]
Event: 2.761 Thread 0x0000012572fabce0 Exception <a 'java/lang/NoSuchMethodError'{0x000000008a3cba40}: 'void java.lang.invoke.DirectMethodHandle$Holder.invokeStaticInit(java.lang.Object, java.lang.Object, java.lang.Object)'> (0x000000008a3cba40) 
thrown [s\open\src\hotspot\share\interpreter\linkResolver.cpp, line 759]
Event: 2.767 Thread 0x0000012572fabce0 Exception <a 'java/lang/NoSuchMethodError'{0x000000008a2089e8}: 'java.lang.Object java.lang.invoke.DirectMethodHandle$Holder.invokeStatic(java.lang.Object, java.lang.Object, long, java.lang.Object)'> (0x000000008a2089e8) 
thrown [s\open\src\hotspot\share\interpreter\linkResolver.cpp, line 759]
Event: 2.768 Thread 0x0000012572fabce0 Exception <a 'java/lang/NoSuchMethodError'{0x000000008a20c480}: 'java.lang.Object java.lang.invoke.DirectMethodHandle$Holder.invokeStaticInit(java.lang.Object, java.lang.Object, long, java.lang.Object)'> (0x000000008a20c480) 
thrown [s\open\src\hotspot\share\interpreter\linkResolver.cpp, line 759]
Event: 2.769 Thread 0x0000012572fabce0 Exception <a 'java/lang/NoSuchMethodError'{0x000000008a212bc0}: 'java.lang.Object java.lang.invoke.DirectMethodHandle$Holder.newInvokeSpecial(java.lang.Object, java.lang.Object, long)'> (0x000000008a212bc0) 
thrown [s\open\src\hotspot\share\interpreter\linkResolver.cpp, line 759]
Event: 2.769 Thread 0x0000012572fabce0 Exception <a 'java/lang/NoSuchMethodError'{0x000000008a216730}: 'java.lang.Object java.lang.invoke.Invokers$Holder.linkToTargetMethod(java.lang.Object, long, java.lang.Object)'> (0x000000008a216730) 
thrown [s\open\src\hotspot\share\interpreter\linkResolver.cpp, line 759]
Event: 2.783 Thread 0x0000012572fabce0 Exception <a 'java/lang/NoSuchMethodError'{0x000000008a2563a8}: 'void java.lang.invoke.DirectMethodHandle$Holder.invokeVirtual(java.lang.Object, java.lang.Object, java.lang.Object, java.lang.Object)'> (0x000000008a2563a8) 
thrown [s\open\src\hotspot\share\interpreter\linkResolver.cpp, line 759]
Event: 2.826 Thread 0x0000012572fabce0 Exception <a 'java/lang/NoSuchMethodError'{0x000000008a1c1b40}: 'void java.lang.invoke.DirectMethodHandle$Holder.invokeSpecial(java.lang.Object, java.lang.Object, java.lang.Object)'> (0x000000008a1c1b40) 
thrown [s\open\src\hotspot\share\interpreter\linkResolver.cpp, line 759]
Event: 2.854 Thread 0x0000012572fabce0 Exception <a 'java/lang/IncompatibleClassChangeError'{0x000000008a1f72d0}: Found class java.lang.Object, but interface was expected> (0x000000008a1f72d0) 
thrown [s\open\src\hotspot\share\interpreter\linkResolver.cpp, line 826]
Event: 3.483 Thread 0x0000012572fabce0 Exception <a 'java/lang/NoSuchMethodError'{0x000000008a9304c0}: 'int java.lang.invoke.DirectMethodHandle$Holder.invokeSpecial(java.lang.Object, java.lang.Object, java.lang.Object, java.lang.Object, java.lang.Object)'> (0x000000008a9304c0) 
thrown [s\open\src\hotspot\share\interpreter\linkResolver.cpp, line 759]
Event: 3.487 Thread 0x0000012572fabce0 Exception <a 'java/lang/NoSuchMethodError'{0x000000008a939568}: 'void java.lang.invoke.DirectMethodHandle$Holder.invokeVirtual(java.lang.Object, java.lang.Object)'> (0x000000008a939568) 
thrown [s\open\src\hotspot\share\interpreter\linkResolver.cpp, line 759]
Event: 4.218 Thread 0x0000012513271bd0 Exception <a 'java/lang/NoClassDefFoundError'{0x00000000891d8e88}: org/glassfish/jersey/server/monitoring/ApplicationEventListener> (0x00000000891d8e88) 
thrown [s\open\src\hotspot\share\classfile\systemDictionary.cpp, line 245]
Event: 4.354 Thread 0x0000012572fabce0 Exception <a 'java/lang/IncompatibleClassChangeError'{0x0000000088ccaf40}: Found class java.lang.Object, but interface was expected> (0x0000000088ccaf40) 
thrown [s\open\src\hotspot\share\interpreter\linkResolver.cpp, line 826]
Event: 4.441 Thread 0x0000012512c3f540 Exception <a 'java/lang/NoSuchMethodError'{0x00000000884bb008}: 'long java.lang.invoke.DirectMethodHandle$Holder.invokeSpecial(java.lang.Object, java.lang.Object)'> (0x00000000884bb008) 
thrown [s\open\src\hotspot\share\interpreter\linkResolver.cpp, line 759]
Event: 4.443 Thread 0x0000012512c3f540 Exception <a 'java/lang/NoSuchMethodError'{0x00000000884c6230}: 'long java.lang.invoke.DirectMethodHandle$Holder.invokeStatic(java.lang.Object, java.lang.Object)'> (0x00000000884c6230) 
thrown [s\open\src\hotspot\share\interpreter\linkResolver.cpp, line 759]
Event: 4.444 Thread 0x0000012512c3f540 Exception <a 'java/lang/NoSuchMethodError'{0x00000000884c9830}: 'long java.lang.invoke.DirectMethodHandle$Holder.invokeStaticInit(java.lang.Object, java.lang.Object)'> (0x00000000884c9830) 
thrown [s\open\src\hotspot\share\interpreter\linkResolver.cpp, line 759]
Event: 4.447 Thread 0x0000012512c3f540 Exception <a 'java/lang/NoSuchMethodError'{0x00000000884d73d8}: 'long java.lang.invoke.DirectMethodHandle$Holder.invokeInterface(java.lang.Object, java.lang.Object)'> (0x00000000884d73d8) 
thrown [s\open\src\hotspot\share\interpreter\linkResolver.cpp, line 759]
Event: 4.448 Thread 0x0000012512c3f540 Exception <a 'java/lang/IncompatibleClassChangeError'{0x00000000884da968}: Found class java.lang.Object, but interface was expected> (0x00000000884da968) 
thrown [s\open\src\hotspot\share\interpreter\linkResolver.cpp, line 826]
Event: 4.451 Thread 0x0000012572fabce0 Exception <a 'java/lang/NoSuchMethodError'{0x000000008835a670}: 'void java.lang.invoke.DirectMethodHandle$Holder.invokeInterface(java.lang.Object, java.lang.Object, java.lang.Object, java.lang.Object)'> (0x000000008835a670) 
thrown [s\open\src\hotspot\share\interpreter\linkResolver.cpp, line 759]
Event: 4.465 Thread 0x0000012512c3f540 Exception <a 'java/lang/NoSuchMethodError'{0x00000000883e41b8}: 'java.lang.Object java.lang.invoke.DirectMethodHandle$Holder.invokeVirtual(java.lang.Object, java.lang.Object, java.lang.Object, java.lang.Object)'> (0x00000000883e41b8) 
thrown [s\open\src\hotspot\share\interpreter\linkResolver.cpp, line 759]

VM Operations (20 events):
Event: 2.375 Executing VM operation: HandshakeAllThreads
Event: 2.375 Executing VM operation: HandshakeAllThreads done
Event: 2.375 Executing VM operation: Cleanup
Event: 2.376 Executing VM operation: Cleanup done
Event: 2.513 Executing VM operation: G1CollectForAllocation
Event: 2.521 Executing VM operation: G1CollectForAllocation done
Event: 2.823 Executing VM operation: HandshakeAllThreads
Event: 2.823 Executing VM operation: HandshakeAllThreads done
Event: 3.092 Executing VM operation: ICBufferFull
Event: 3.094 Executing VM operation: ICBufferFull done
Event: 3.180 Executing VM operation: HandshakeAllThreads
Event: 3.181 Executing VM operation: HandshakeAllThreads done
Event: 3.444 Executing VM operation: HandshakeAllThreads
Event: 3.444 Executing VM operation: HandshakeAllThreads done
Event: 3.460 Executing VM operation: G1CollectForAllocation
Event: 3.468 Executing VM operation: G1CollectForAllocation done
Event: 4.045 Executing VM operation: HandshakeAllThreads
Event: 4.045 Executing VM operation: HandshakeAllThreads done
Event: 4.065 Executing VM operation: ICBufferFull
Event: 4.065 Executing VM operation: ICBufferFull done

Events (20 events):
Event: 3.985 loading class java/lang/invoke/VarHandleLongs$Array done
Event: 3.986 loading class java/util/concurrent/atomic/AtomicReferenceArray
Event: 3.986 loading class java/util/concurrent/atomic/AtomicReferenceArray done
Event: 4.031 loading class sun/text/resources/cldr/FormatData_en
Event: 4.031 loading class sun/text/resources/cldr/FormatData_en done
Event: 4.031 loading class sun/text/resources/cldr/FormatData_en_US
Event: 4.031 loading class sun/text/resources/cldr/FormatData_en_US done
Event: 4.088 loading class java/io/CharArrayReader
Event: 4.089 loading class java/io/CharArrayReader done
Event: 4.128 Thread 0x0000012513271bd0 Thread added: 0x0000012513271bd0
Event: 4.183 loading class javax/naming/ldap/LdapContext
Event: 4.184 loading class javax/naming/directory/DirContext
Event: 4.185 loading class javax/naming/directory/DirContext done
Event: 4.185 loading class javax/naming/ldap/LdapContext done
Event: 4.219 loading class javax/naming/Referenceable
Event: 4.219 loading class javax/naming/Referenceable done
Event: 4.278 Thread 0x0000012513271bd0 Thread exited: 0x0000012513271bd0
Event: 4.428 loading class java/util/regex/Pattern$Pos
Event: 4.428 loading class java/util/regex/Pattern$Pos done
Event: 4.469 Thread 0x0000012512c3f540 Thread exited: 0x0000012512c3f540


Dynamic libraries:
0x00007ff638100000 - 0x00007ff638110000 	C:\Program Files\Java\jdk-17\bin\java.exe
0x00007ff956630000 - 0x00007ff956844000 	C:\Windows\SYSTEM32\ntdll.dll
0x00007ff9553d0000 - 0x00007ff955492000 	C:\Windows\System32\KERNEL32.DLL
0x00007ff953b40000 - 0x00007ff953ee3000 	C:\Windows\System32\KERNELBASE.dll
0x00007ff954150000 - 0x00007ff954261000 	C:\Windows\System32\ucrtbase.dll
0x00007ff943ce0000 - 0x00007ff943cfb000 	C:\Program Files\Java\jdk-17\bin\VCRUNTIME140.dll
0x00007ff92cc20000 - 0x00007ff92cc39000 	C:\Program Files\Java\jdk-17\bin\jli.dll
0x00007ff955d30000 - 0x00007ff955dde000 	C:\Windows\System32\ADVAPI32.dll
0x00007ff9556d0000 - 0x00007ff955777000 	C:\Windows\System32\msvcrt.dll
0x00007ff954bc0000 - 0x00007ff954c64000 	C:\Windows\System32\sechost.dll
0x00007ff954c70000 - 0x00007ff954d87000 	C:\Windows\System32\RPCRT4.dll
0x00007ff9546b0000 - 0x00007ff95485a000 	C:\Windows\System32\USER32.dll
0x00007ff954270000 - 0x00007ff954296000 	C:\Windows\System32\win32u.dll
0x00007ff954d90000 - 0x00007ff954db9000 	C:\Windows\System32\GDI32.dll
0x00007ff937740000 - 0x00007ff9379ce000 	C:\Windows\WinSxS\amd64_microsoft.windows.common-controls_6595b64144ccf1df_6.0.22621.1635_none_270f70857386168e\COMCTL32.dll
0x00007ff953ef0000 - 0x00007ff954009000 	C:\Windows\System32\gdi32full.dll
0x00007ff953a30000 - 0x00007ff953aca000 	C:\Windows\System32\msvcp_win.dll
0x00007ff94b9a0000 - 0x00007ff94b9aa000 	C:\Windows\SYSTEM32\VERSION.dll
0x00007ff955690000 - 0x00007ff9556c1000 	C:\Windows\System32\IMM32.DLL
0x00007ff94d960000 - 0x00007ff94d96c000 	C:\Program Files\Java\jdk-17\bin\vcruntime140_1.dll
0x00007ff92a230000 - 0x00007ff92a2be000 	C:\Program Files\Java\jdk-17\bin\msvcp140.dll
0x00007ff9105e0000 - 0x00007ff9111bd000 	C:\Program Files\Java\jdk-17\bin\server\jvm.dll
0x00007ff9565e0000 - 0x00007ff9565e8000 	C:\Windows\System32\PSAPI.DLL
0x00007ff94c5b0000 - 0x00007ff94c5e4000 	C:\Windows\SYSTEM32\WINMM.dll
0x00007ff943590000 - 0x00007ff943599000 	C:\Windows\SYSTEM32\WSOCK32.dll
0x00007ff9558a0000 - 0x00007ff955911000 	C:\Windows\System32\WS2_32.dll
0x00007ff952ad0000 - 0x00007ff952ae8000 	C:\Windows\SYSTEM32\kernel.appcore.dll
0x00007ff941ce0000 - 0x00007ff941cea000 	C:\Program Files\Java\jdk-17\bin\jimage.dll
0x00007ff941170000 - 0x00007ff94139e000 	C:\Windows\SYSTEM32\DBGHELP.DLL
0x00007ff9559a0000 - 0x00007ff955d29000 	C:\Windows\System32\combase.dll
0x00007ff9544b0000 - 0x00007ff954587000 	C:\Windows\System32\OLEAUT32.dll
0x00007ff93a520000 - 0x00007ff93a552000 	C:\Windows\SYSTEM32\dbgcore.DLL
0x00007ff954010000 - 0x00007ff95408a000 	C:\Windows\System32\bcryptPrimitives.dll
0x00007ff94f9d0000 - 0x00007ff94f9de000 	C:\Program Files\Java\jdk-17\bin\instrument.dll
0x00007ff92cbf0000 - 0x00007ff92cc15000 	C:\Program Files\Java\jdk-17\bin\java.dll
0x00007ff91ebc0000 - 0x00007ff91ec97000 	C:\Program Files\Java\jdk-17\bin\jsvml.dll
0x00007ff955de0000 - 0x00007ff9565d9000 	C:\Windows\System32\SHELL32.dll
0x00007ff9519e0000 - 0x00007ff9522ae000 	C:\Windows\SYSTEM32\windows.storage.dll
0x00007ff9518a0000 - 0x00007ff9519de000 	C:\Windows\SYSTEM32\wintypes.dll
0x00007ff955780000 - 0x00007ff955871000 	C:\Windows\System32\SHCORE.dll
0x00007ff954650000 - 0x00007ff9546ae000 	C:\Windows\System32\shlwapi.dll
0x00007ff953960000 - 0x00007ff953986000 	C:\Windows\SYSTEM32\profapi.dll
0x00007ff92d9e0000 - 0x00007ff92d9f8000 	C:\Program Files\Java\jdk-17\bin\zip.dll
0x00007ff94de40000 - 0x00007ff94de59000 	C:\Program Files\Java\jdk-17\bin\net.dll
0x00007ff94d080000 - 0x00007ff94d1b7000 	C:\Windows\SYSTEM32\WINHTTP.dll
0x00007ff952fa0000 - 0x00007ff953009000 	C:\Windows\system32\mswsock.dll
0x00007ff92dda0000 - 0x00007ff92ddb6000 	C:\Program Files\Java\jdk-17\bin\nio.dll
0x00007ff9416a0000 - 0x00007ff9416ba000 	C:\Program Files\JetBrains\IntelliJ IDEA 2023.1.1\bin\breakgen64.dll
0x00007ff93b9f0000 - 0x00007ff93ba00000 	C:\Program Files\Java\jdk-17\bin\verify.dll

dbghelp: loaded successfully - version: 4.0.5 - missing functions: none
symbol engine: initialized successfully - sym options: 0x614 - pdb path: .;C:\Program Files\Java\jdk-17\bin;C:\Windows\SYSTEM32;C:\Windows\WinSxS\amd64_microsoft.windows.common-controls_6595b64144ccf1df_6.0.22621.1635_none_270f70857386168e;C:\Program Files\Java\jdk-17\bin\server;C:\Program Files\JetBrains\IntelliJ IDEA 2023.1.1\bin

VM Arguments:
jvm_args: -javaagent:C:\Program Files\JetBrains\IntelliJ IDEA 2023.1.1\lib\idea_rt.jar=4745:C:\Program Files\JetBrains\IntelliJ IDEA 2023.1.1\bin -Dfile.encoding=UTF-8 
java_command: com.app.SecurityApplication
java_class_path (initial): E:\GitHub\ShopXpert-Showroom_Management_System\green-backend\target\classes;C:\Users\Waruna\.m2\repository\org\springframework\boot\spring-boot-starter-actuator\3.0.5\spring-boot-starter-actuator-3.0.5.jar;C:\Users\Waruna\.m2\repository\org\springframework\boot\spring-boot-actuator-autoconfigure\3.0.5\spring-boot-actuator-autoconfigure-3.0.5.jar;C:\Users\Waruna\.m2\repository\org\springframework\boot\spring-boot-actuator\3.0.5\spring-boot-actuator-3.0.5.jar;C:\Users\Waruna\.m2\repository\com\fasterxml\jackson\datatype\jackson-datatype-jsr310\2.14.2\jackson-datatype-jsr310-2.14.2.jar;C:\Users\Waruna\.m2\repository\io\micrometer\micrometer-observation\1.10.5\micrometer-observation-1.10.5.jar;C:\Users\Waruna\.m2\repository\io\micrometer\micrometer-commons\1.10.5\micrometer-commons-1.10.5.jar;C:\Users\Waruna\.m2\repository\io\micrometer\micrometer-core\1.10.5\micrometer-core-1.10.5.jar;C:\Users\Waruna\.m2\repository\org\hdrhistogram\HdrHistogram\2.1.12\HdrHistogram-2.1.12.jar;C:\Users\Waruna\.m2\repository\org\latencyutils\LatencyUtils\2.0.3\LatencyUtils-2.0.3.jar;C:\Users\Waruna\.m2\repository\org\springframework\boot\spring-boot-starter-data-jpa\3.0.5\spring-boot-starter-data-jpa-3.0.5.jar;C:\Users\Waruna\.m2\repository\org\springframework\boot\spring-boot-starter-aop\3.0.5\spring-boot-starter-aop-3.0.5.jar;C:\Users\Waruna\.m2\repository\org\aspectj\aspectjweaver\1.9.19\aspectjweaver-1.9.19.jar;C:\Users\Waruna\.m2\repository\org\springframework\boot\spring-boot-starter-jdbc\3.0.5\spring-boot-starter-jdbc-3.0.5.jar;C:\Users\Waruna\.m2\repository\com\zaxxer\HikariCP\5.0.1\HikariCP-5.0.1.jar;C:\Users\Waruna\.m2\repository\org\springframework\spring-jdbc\6.0.7\spring-jdbc-6.0.7.jar;C:\Users\Waruna\.m2\repository\org\hibernate\orm\hibernate-core\6.1.7.Final\hibernate-core-6.1.7.Final.jar;C:\Users\Waruna\.m2\repository\jakarta\persistence\jakarta.persistence-api\3.1.0\jakarta.persistence-api-3.1.0.jar;C:\Users\Waruna\.m2\repository\jakarta\trans
Launcher Type: SUN_STANDARD

[Global flags]
     intx CICompilerCount                          = 4                                         {product} {ergonomic}
     uint ConcGCThreads                            = 3                                         {product} {ergonomic}
     uint G1ConcRefinementThreads                  = 10                                        {product} {ergonomic}
   size_t G1HeapRegionSize                         = 1048576                                   {product} {ergonomic}
    uintx GCDrainStackTargetSize                   = 64                                        {product} {ergonomic}
   size_t InitialHeapSize                          = 132120576                                 {product} {ergonomic}
   size_t MarkStackSize                            = 4194304                                   {product} {ergonomic}
   size_t MaxHeapSize                              = 2101346304                                {product} {ergonomic}
   size_t MaxNewSize                               = 1260388352                                {product} {ergonomic}
   size_t MinHeapDeltaBytes                        = 1048576                                   {product} {ergonomic}
   size_t MinHeapSize                              = 8388608                                   {product} {ergonomic}
    uintx NonNMethodCodeHeapSize                   = 5839372                                {pd product} {ergonomic}
    uintx NonProfiledCodeHeapSize                  = 122909434                              {pd product} {ergonomic}
    uintx ProfiledCodeHeapSize                     = 122909434                              {pd product} {ergonomic}
    uintx ReservedCodeCacheSize                    = 251658240                              {pd product} {ergonomic}
     bool SegmentedCodeCache                       = true                                      {product} {ergonomic}
   size_t SoftMaxHeapSize                          = 2101346304                             {manageable} {ergonomic}
     bool UseCompressedClassPointers               = true                           {product lp64_product} {ergonomic}
     bool UseCompressedOops                        = true                           {product lp64_product} {ergonomic}
     bool UseG1GC                                  = true                                      {product} {ergonomic}
     bool UseLargePagesIndividualAllocation        = false                                  {pd product} {ergonomic}

Logging:
Log output configuration:
 #0: stdout all=warning uptime,level,tags
 #1: stderr all=off uptime,level,tags

Environment Variables:
JAVA_HOME=H:\jdk-11.0.16.1
PATH=C:\Program Files\Common Files\Oracle\Java\javapath;C:\Program Files (x86)\VMware\VMware Player\bin\;C:\Python311\Scripts\;C:\Python311\;C:\Windows\system32;C:\Windows;C:\Windows\System32\Wbem;C:\Windows\System32\WindowsPowerShell\v1.0\;C:\Windows\System32\OpenSSH\;C:\Program Files\dotnet\;C:\Program Files\Java\jdk-17.0.1\bin;C:\Program Files\nodejs\;C:\ProgramData\chocolatey\bin;C:\Program Files (x86)\NVIDIA Corporation\PhysX\Common;H:\Git\cmd;H:\Scripts\;H:\;C:\Users\Waruna\AppData\Local\Microsoft\WindowsApps;C:\Users\Waruna\AppData\Local\GitHubDesktop\bin;C:\Users\Waruna\AppData\Roaming\npm;H:\gradle-7.3.1\bin;C:\Program Files\JetBrains\IntelliJ IDEA 2023.1.1\bin;;C:\Users\Waruna\AppData\Local\Programs\Microsoft VS Code Insiders\bin
USERNAME=Waruna
OS=Windows_NT
PROCESSOR_IDENTIFIER=Intel64 Family 6 Model 165 Stepping 2, GenuineIntel



---------------  S Y S T E M  ---------------

OS:
 Windows 11 , 64 bit Build 22621 (10.0.22621.1928)
OS uptime: 2 days 1:07 hours
Hyper-V role detected

CPU: total 12 (initial active 12) (6 cores per cpu, 2 threads per core) family 6 model 165 stepping 2 microcode 0xe2, cx8, cmov, fxsr, ht, mmx, 3dnowpref, sse, sse2, sse3, ssse3, sse4.1, sse4.2, popcnt, lzcnt, tsc, tscinvbit, avx, avx2, aes, erms, clmul, bmi1, bmi2, adx, fma, vzeroupper, clflush, clflushopt, hv

Memory: 4k page, system-wide physical 8013M (344M free)
TotalPageFile size 18013M (AvailPageFile size 0M)
current process WorkingSet (physical memory assigned to process): 139M, peak: 139M
current process commit charge ("private bytes"): 268M, peak: 269M

vm_info: Java HotSpot(TM) 64-Bit Server VM (17.0.7+8-LTS-224) for windows-amd64 JRE (17.0.7+8-LTS-224), built on Feb 28 2023 23:03:02 by "mach5one" with MS VC++ 17.1 (VS2022)

END.
