#
# There is insufficient memory for the Java Runtime Environment to continue.
# Native memory allocation (malloc) failed to allocate 1832336 bytes for Chunk::new
# Possible reasons:
#   The system is out of physical RAM or swap space
#   The process is running with CompressedOops enabled, and the Java Heap may be blocking the growth of the native heap
# Possible solutions:
#   Reduce memory load on the system
#   Increase physical memory or swap space
#   Check if swap backing store is full
#   Decrease Java heap size (-Xmx/-Xms)
#   Decrease number of Java threads
#   Decrease Java thread stack sizes (-Xss)
#   Set larger code cache with -XX:ReservedCodeCacheSize=
#   JVM is running with Unscaled Compressed Oops mode in which the Java heap is
#     placed in the first 4GB address space. The Java Heap base address is the
#     maximum limit for the native heap growth. Please use -XX:HeapBaseMinAddress
#     to set the Java Heap base and to place the Java Heap above 4GB virtual address.
# This output file may be truncated or incomplete.
#
#  Out of Memory Error (arena.cpp:189), pid=23692, tid=23112
#
# JRE version: OpenJDK Runtime Environment Temurin-17.0.7+7 (17.0.7+7) (build 17.0.7+7)
# Java VM: OpenJDK 64-Bit Server VM Temurin-17.0.7+7 (17.0.7+7, mixed mode, tiered, compressed oops, compressed class ptrs, g1 gc, windows-amd64)
# No core dump will be written. Minidumps are not enabled by default on client versions of Windows
#

---------------  S U M M A R Y ------------

Command Line: -agentlib:jdwp=transport=dt_socket,server=n,suspend=y,address=localhost:3063 -XX:+ShowCodeDetailsInExceptionMessages -Dspring.jmx.enabled=true -Dmanagement.endpoints.jmx.exposure.include=* -Dspring.application.admin.enabled=true -Dspring.boot.project.name=security -Djava.rmi.server.hostname=localhost com.app.SecurityApplication

Host: Intel(R) Core(TM) i5-10500H CPU @ 2.50GHz, 12 cores, 7G,  Windows 11 , 64 bit Build 22621 (10.0.22621.1928)
Time: Fri Jul 21 18:45:09 2023 Sri Lanka Standard Time elapsed time: 14.423537 seconds (0d 0h 0m 14s)

---------------  T H R E A D  ---------------

Current thread (0x000001cb27591790):  JavaThread "C2 CompilerThread2" daemon [_thread_in_native, id=23112, stack(0x000000ada4c00000,0x000000ada4d00000)]


Current CompileTask:
C2:  14423 7585       4       org.springframework.beans.factory.support.AbstractBeanFactory::isTypeMatch (619 bytes)

Stack: [0x000000ada4c00000,0x000000ada4d00000]
Native frames: (J=compiled Java code, j=interpreted, Vv=VM code, C=native code)
V  [jvm.dll+0x67754a]
V  [jvm.dll+0x834304]
V  [jvm.dll+0x835aae]
V  [jvm.dll+0x836113]
V  [jvm.dll+0x24696f]
V  [jvm.dll+0xac0ac]
V  [jvm.dll+0xac67c]
V  [jvm.dll+0x364de2]
V  [jvm.dll+0x1bcc02]
V  [jvm.dll+0x219799]
V  [jvm.dll+0x218a61]
V  [jvm.dll+0x1a4d8d]
V  [jvm.dll+0x2284da]
V  [jvm.dll+0x226615]
V  [jvm.dll+0x7ea90b]
V  [jvm.dll+0x7e4e7a]
V  [jvm.dll+0x676395]
C  [ucrtbase.dll+0x29363]
C  [KERNEL32.DLL+0x126ad]
C  [ntdll.dll+0x5aa68]


---------------  P R O C E S S  ---------------

Threads class SMR info:
_java_thread_list=0x000001cb28815850, length=39, elements={
0x000001cb0875e830, 0x000001cb2207b380, 0x000001cb2207dd40, 0x000001cb220ac800,
0x000001cb220ad1b0, 0x000001cb220adb60, 0x000001cb220ae510, 0x000001cb220d30d0,
0x000001cb220d4a90, 0x000001cb220d5390, 0x000001cb2224a9a0, 0x000001cb2226a3d0,
0x000001cb2226acd0, 0x000001cb22270890, 0x000001cb222738a0, 0x000001cb22304200,
0x000001cb27591790, 0x000001cb27c17d30, 0x000001cb27b8fc60, 0x000001cb27c66b10,
0x000001cb27993930, 0x000001cb277fd980, 0x000001cb277fde50, 0x000001cb277fcb10,
0x000001cb277fcfe0, 0x000001cb277fd4b0, 0x000001cb277fb300, 0x000001cb34675b20,
0x000001cb346781a0, 0x000001cb34674cb0, 0x000001cb34675180, 0x000001cb34676990,
0x000001cb34675650, 0x000001cb34676e60, 0x000001cb346764c0, 0x000001cb34675ff0,
0x000001cb346747e0, 0x000001cb34677330, 0x000001cb34677cd0
}

Java Threads: ( => current thread )
  0x000001cb0875e830 JavaThread "main" [_thread_in_vm, id=11284, stack(0x000000ada3500000,0x000000ada3600000)]
  0x000001cb2207b380 JavaThread "Reference Handler" daemon [_thread_blocked, id=22068, stack(0x000000ada3c00000,0x000000ada3d00000)]
  0x000001cb2207dd40 JavaThread "Finalizer" daemon [_thread_blocked, id=24132, stack(0x000000ada3d00000,0x000000ada3e00000)]
  0x000001cb220ac800 JavaThread "Signal Dispatcher" daemon [_thread_blocked, id=23212, stack(0x000000ada3e00000,0x000000ada3f00000)]
  0x000001cb220ad1b0 JavaThread "Attach Listener" daemon [_thread_blocked, id=1356, stack(0x000000ada3f00000,0x000000ada4000000)]
  0x000001cb220adb60 JavaThread "Service Thread" daemon [_thread_blocked, id=13220, stack(0x000000ada4000000,0x000000ada4100000)]
  0x000001cb220ae510 JavaThread "Monitor Deflation Thread" daemon [_thread_blocked, id=10372, stack(0x000000ada4100000,0x000000ada4200000)]
  0x000001cb220d30d0 JavaThread "C2 CompilerThread0" daemon [_thread_in_native, id=25984, stack(0x000000ada4200000,0x000000ada4300000)]
  0x000001cb220d4a90 JavaThread "C1 CompilerThread0" daemon [_thread_blocked, id=8620, stack(0x000000ada4300000,0x000000ada4400000)]
  0x000001cb220d5390 JavaThread "Sweeper thread" daemon [_thread_blocked, id=23716, stack(0x000000ada4400000,0x000000ada4500000)]
  0x000001cb2224a9a0 JavaThread "JDWP Transport Listener: dt_socket" daemon [_thread_blocked, id=1396, stack(0x000000ada4500000,0x000000ada4600000)]
  0x000001cb2226a3d0 JavaThread "JDWP Event Helper Thread" daemon [_thread_blocked, id=14012, stack(0x000000ada4600000,0x000000ada4700000)]
  0x000001cb2226acd0 JavaThread "JDWP Command Reader" daemon [_thread_in_native, id=22248, stack(0x000000ada4700000,0x000000ada4800000)]
  0x000001cb22270890 JavaThread "Notification Thread" daemon [_thread_blocked, id=16784, stack(0x000000ada4800000,0x000000ada4900000)]
  0x000001cb222738a0 JavaThread "Common-Cleaner" daemon [_thread_blocked, id=13264, stack(0x000000ada4a00000,0x000000ada4b00000)]
  0x000001cb22304200 JavaThread "C2 CompilerThread1" daemon [_thread_in_native, id=20000, stack(0x000000ada4b00000,0x000000ada4c00000)]
=>0x000001cb27591790 JavaThread "C2 CompilerThread2" daemon [_thread_in_native, id=23112, stack(0x000000ada4c00000,0x000000ada4d00000)]
  0x000001cb27c17d30 JavaThread "RMI TCP Accept-0" daemon [_thread_in_native, id=23744, stack(0x000000ada4d00000,0x000000ada4e00000)]
  0x000001cb27b8fc60 JavaThread "RMI TCP Connection(1)-127.0.0.1" daemon [_thread_in_native, id=14456, stack(0x000000ada5800000,0x000000ada5900000)]
  0x000001cb27c66b10 JavaThread "RMI Scheduler(0)" daemon [_thread_blocked, id=19344, stack(0x000000ada5900000,0x000000ada5a00000)]
  0x000001cb27993930 JavaThread "JMX server connection timeout 22" daemon [_thread_blocked, id=23024, stack(0x000000ada5a00000,0x000000ada5b00000)]
  0x000001cb277fd980 JavaThread "mysql-cj-abandoned-connection-cleanup" daemon [_thread_blocked, id=23912, stack(0x000000ada5b00000,0x000000ada5c00000)]
  0x000001cb277fde50 JavaThread "HikariPool-1 housekeeper" daemon [_thread_blocked, id=7348, stack(0x000000ada5f00000,0x000000ada6000000)]
  0x000001cb277fcb10 JavaThread "Catalina-utility-1" [_thread_blocked, id=17364, stack(0x000000ada6100000,0x000000ada6200000)]
  0x000001cb277fcfe0 JavaThread "Catalina-utility-2" [_thread_blocked, id=2456, stack(0x000000ada6200000,0x000000ada6300000)]
  0x000001cb277fd4b0 JavaThread "container-0" [_thread_blocked, id=7476, stack(0x000000ada6300000,0x000000ada6400000)]
  0x000001cb277fb300 JavaThread "http-nio-8080-exec-1" daemon [_thread_blocked, id=3640, stack(0x000000ada6000000,0x000000ada6100000)]
  0x000001cb34675b20 JavaThread "http-nio-8080-exec-2" daemon [_thread_blocked, id=8768, stack(0x000000ada6400000,0x000000ada6500000)]
  0x000001cb346781a0 JavaThread "http-nio-8080-exec-3" daemon [_thread_blocked, id=21080, stack(0x000000ada6500000,0x000000ada6600000)]
  0x000001cb34674cb0 JavaThread "http-nio-8080-exec-4" daemon [_thread_blocked, id=21980, stack(0x000000ada6600000,0x000000ada6700000)]
  0x000001cb34675180 JavaThread "http-nio-8080-exec-5" daemon [_thread_blocked, id=11452, stack(0x000000ada6700000,0x000000ada6800000)]
  0x000001cb34676990 JavaThread "http-nio-8080-exec-6" daemon [_thread_blocked, id=24804, stack(0x000000ada6800000,0x000000ada6900000)]
  0x000001cb34675650 JavaThread "http-nio-8080-exec-7" daemon [_thread_blocked, id=19068, stack(0x000000ada6900000,0x000000ada6a00000)]
  0x000001cb34676e60 JavaThread "http-nio-8080-exec-8" daemon [_thread_blocked, id=13116, stack(0x000000ada6a00000,0x000000ada6b00000)]
  0x000001cb346764c0 JavaThread "http-nio-8080-exec-9" daemon [_thread_blocked, id=23336, stack(0x000000ada6b00000,0x000000ada6c00000)]
  0x000001cb34675ff0 JavaThread "http-nio-8080-exec-10" daemon [_thread_blocked, id=4000, stack(0x000000ada6c00000,0x000000ada6d00000)]
  0x000001cb346747e0 JavaThread "http-nio-8080-Poller" daemon [_thread_in_native, id=15316, stack(0x000000ada6d00000,0x000000ada6e00000)]
  0x000001cb34677330 JavaThread "http-nio-8080-Acceptor" daemon [_thread_in_native, id=11628, stack(0x000000ada6e00000,0x000000ada6f00000)]
  0x000001cb34677cd0 JavaThread "RMI TCP Connection(2)-127.0.0.1" daemon [_thread_in_native, id=21252, stack(0x000000ada6f00000,0x000000ada7000000)]

Other Threads:
  0x000001cb22067aa0 VMThread "VM Thread" [stack: 0x000000ada3b00000,0x000000ada3c00000] [id=6940]
  0x000001cb087ea520 WatcherThread [stack: 0x000000ada4900000,0x000000ada4a00000] [id=12700]
  0x000001cb087c4c50 GCTaskThread "GC Thread#0" [stack: 0x000000ada3600000,0x000000ada3700000] [id=21784]
  0x000001cb27b36e20 GCTaskThread "GC Thread#1" [stack: 0x000000ada4e00000,0x000000ada4f00000] [id=18756]
  0x000001cb27bbd4a0 GCTaskThread "GC Thread#2" [stack: 0x000000ada4f00000,0x000000ada5000000] [id=22912]
  0x000001cb27c882f0 GCTaskThread "GC Thread#3" [stack: 0x000000ada5000000,0x000000ada5100000] [id=7184]
  0x000001cb27b9e910 GCTaskThread "GC Thread#4" [stack: 0x000000ada5100000,0x000000ada5200000] [id=9572]
  0x000001cb27b55150 GCTaskThread "GC Thread#5" [stack: 0x000000ada5200000,0x000000ada5300000] [id=23484]
  0x000001cb27b59410 GCTaskThread "GC Thread#6" [stack: 0x000000ada5300000,0x000000ada5400000] [id=26016]
  0x000001cb27b596c0 GCTaskThread "GC Thread#7" [stack: 0x000000ada5400000,0x000000ada5500000] [id=20832]
  0x000001cb27b59b80 GCTaskThread "GC Thread#8" [stack: 0x000000ada5500000,0x000000ada5600000] [id=26240]
  0x000001cb27b59e30 GCTaskThread "GC Thread#9" [stack: 0x000000ada5600000,0x000000ada5700000] [id=17380]
  0x000001cb087d17c0 ConcurrentGCThread "G1 Main Marker" [stack: 0x000000ada3700000,0x000000ada3800000] [id=17780]
  0x000001cb087d1f70 ConcurrentGCThread "G1 Conc#0" [stack: 0x000000ada3800000,0x000000ada3900000] [id=15748]
  0x000001cb2803db20 ConcurrentGCThread "G1 Conc#1" [stack: 0x000000ada5c00000,0x000000ada5d00000] [id=13392]
  0x000001cb280237d0 ConcurrentGCThread "G1 Conc#2" [stack: 0x000000ada5d00000,0x000000ada5e00000] [id=24200]
  0x000001cb0880d6e0 ConcurrentGCThread "G1 Refine#0" [stack: 0x000000ada3900000,0x000000ada3a00000] [id=2092]
  0x000001cb27c87820 ConcurrentGCThread "G1 Refine#1" [stack: 0x000000ada5700000,0x000000ada5800000] [id=7520]
  0x000001cb0880dea0 ConcurrentGCThread "G1 Service" [stack: 0x000000ada3a00000,0x000000ada3b00000] [id=10292]

Threads with active compile tasks:
C2 CompilerThread0    14465 7658   !   4       org.springframework.core.annotation.AnnotationsScanner::processMethodHierarchy (276 bytes)
C2 CompilerThread1    14465 6295       4       org.springframework.core.annotation.AnnotationsScanner::process (55 bytes)
C2 CompilerThread2    14465 7585       4       org.springframework.beans.factory.support.AbstractBeanFactory::isTypeMatch (619 bytes)

VM state: not at safepoint (normal execution)

VM Mutex/Monitor currently owned by a thread: None

Heap address: 0x0000000082c00000, size: 2004 MB, Compressed Oops mode: 32-bit

CDS archive(s) not mapped
Compressed class space mapped at: 0x0000000100000000-0x0000000140000000, reserved size: 1073741824
Narrow klass base: 0x0000000000000000, Narrow klass shift: 3, Narrow klass range: 0x140000000

GC Precious Log:
 CPUs: 12 total, 12 available
 Memory: 8013M
 Large Page Support: Disabled
 NUMA Support: Disabled
 Compressed Oops: Enabled (32-bit)
 Heap Region Size: 1M
 Heap Min Capacity: 8M
 Heap Initial Capacity: 126M
 Heap Max Capacity: 2004M
 Pre-touch: Disabled
 Parallel Workers: 10
 Concurrent Workers: 3
 Concurrent Refinement Workers: 10
 Periodic GC: Disabled

Heap:
 garbage-first heap   total 99328K, used 44840K [0x0000000082c00000, 0x0000000100000000)
  region size 1024K, 12 young (12288K), 6 survivors (6144K)
 Metaspace       used 86566K, committed 87168K, reserved 1179648K
  class space    used 11674K, committed 11968K, reserved 1048576K

Heap Regions: E=young(eden), S=young(survivor), O=old, HS=humongous(starts), HC=humongous(continues), CS=collection set, F=free, OA=open archive, CA=closed archive, TAMS=top-at-mark-start (previous, next)
|   0|0x0000000082c00000, 0x0000000082d00000, 0x0000000082d00000|100%|HS|  |TAMS 0x0000000082d00000, 0x0000000082c00000| Complete 
|   1|0x0000000082d00000, 0x0000000082e00000, 0x0000000082e00000|100%| O|  |TAMS 0x0000000082e00000, 0x0000000082d00000| Untracked 
|   2|0x0000000082e00000, 0x0000000082f00000, 0x0000000082f00000|100%| O|  |TAMS 0x0000000082f00000, 0x0000000082e00000| Untracked 
|   3|0x0000000082f00000, 0x0000000083000000, 0x0000000083000000|100%| O|  |TAMS 0x0000000083000000, 0x0000000082f00000| Untracked 
|   4|0x0000000083000000, 0x0000000083100000, 0x0000000083100000|100%| O|  |TAMS 0x0000000083100000, 0x0000000083000000| Untracked 
|   5|0x0000000083100000, 0x0000000083200000, 0x0000000083200000|100%| O|  |TAMS 0x0000000083200000, 0x0000000083100000| Untracked 
|   6|0x0000000083200000, 0x0000000083300000, 0x0000000083300000|100%| O|  |TAMS 0x0000000083300000, 0x0000000083200000| Untracked 
|   7|0x0000000083300000, 0x0000000083400000, 0x0000000083400000|100%| O|  |TAMS 0x0000000083400000, 0x0000000083300000| Untracked 
|   8|0x0000000083400000, 0x0000000083500000, 0x0000000083500000|100%| O|  |TAMS 0x0000000083500000, 0x0000000083400000| Untracked 
|   9|0x0000000083500000, 0x0000000083600000, 0x0000000083600000|100%| O|  |TAMS 0x0000000083600000, 0x0000000083500000| Untracked 
|  10|0x0000000083600000, 0x0000000083700000, 0x0000000083700000|100%| O|  |TAMS 0x0000000083700000, 0x0000000083600000| Untracked 
|  11|0x0000000083700000, 0x0000000083800000, 0x0000000083800000|100%| O|  |TAMS 0x0000000083800000, 0x0000000083700000| Untracked 
|  12|0x0000000083800000, 0x0000000083900000, 0x0000000083900000|100%| O|  |TAMS 0x0000000083900000, 0x0000000083800000| Untracked 
|  13|0x0000000083900000, 0x0000000083a00000, 0x0000000083a00000|100%| O|  |TAMS 0x0000000083a00000, 0x0000000083900000| Untracked 
|  14|0x0000000083a00000, 0x0000000083b00000, 0x0000000083b00000|100%| O|  |TAMS 0x0000000083a00000, 0x0000000083a00000| Untracked 
|  15|0x0000000083b00000, 0x0000000083c00000, 0x0000000083c00000|100%| O|  |TAMS 0x0000000083c00000, 0x0000000083b00000| Untracked 
|  16|0x0000000083c00000, 0x0000000083d00000, 0x0000000083d00000|100%| O|  |TAMS 0x0000000083d00000, 0x0000000083c00000| Untracked 
|  17|0x0000000083d00000, 0x0000000083e00000, 0x0000000083e00000|100%| O|  |TAMS 0x0000000083e00000, 0x0000000083d00000| Untracked 
|  18|0x0000000083e00000, 0x0000000083f00000, 0x0000000083f00000|100%| O|  |TAMS 0x0000000083f00000, 0x0000000083e00000| Untracked 
|  19|0x0000000083f00000, 0x0000000084000000, 0x0000000084000000|100%| O|  |TAMS 0x0000000084000000, 0x0000000083f00000| Untracked 
|  20|0x0000000084000000, 0x0000000084100000, 0x0000000084100000|100%| O|  |TAMS 0x0000000084100000, 0x0000000084000000| Untracked 
|  21|0x0000000084100000, 0x00000000841ac600, 0x0000000084200000| 67%| O|  |TAMS 0x00000000841ac600, 0x0000000084100000| Untracked 
|  22|0x0000000084200000, 0x0000000084300000, 0x0000000084300000|100%| O|  |TAMS 0x0000000084200000, 0x0000000084200000| Untracked 
|  23|0x0000000084300000, 0x0000000084400000, 0x0000000084400000|100%| O|  |TAMS 0x0000000084300000, 0x0000000084300000| Untracked 
|  24|0x0000000084400000, 0x0000000084500000, 0x0000000084500000|100%| O|  |TAMS 0x0000000084400000, 0x0000000084400000| Untracked 
|  25|0x0000000084500000, 0x0000000084600000, 0x0000000084600000|100%| O|  |TAMS 0x0000000084500000, 0x0000000084500000| Untracked 
|  26|0x0000000084600000, 0x0000000084700000, 0x0000000084700000|100%| O|  |TAMS 0x0000000084600000, 0x0000000084600000| Untracked 
|  27|0x0000000084700000, 0x0000000084800000, 0x0000000084800000|100%| O|  |TAMS 0x0000000084700000, 0x0000000084700000| Untracked 
|  28|0x0000000084800000, 0x0000000084900000, 0x0000000084900000|100%| O|  |TAMS 0x0000000084800000, 0x0000000084800000| Untracked 
|  29|0x0000000084900000, 0x0000000084a00000, 0x0000000084a00000|100%| O|  |TAMS 0x0000000084900000, 0x0000000084900000| Untracked 
|  30|0x0000000084a00000, 0x0000000084b00000, 0x0000000084b00000|100%| O|  |TAMS 0x0000000084a00000, 0x0000000084a00000| Untracked 
|  31|0x0000000084b00000, 0x0000000084c00000, 0x0000000084c00000|100%| O|  |TAMS 0x0000000084b00000, 0x0000000084b00000| Untracked 
|  32|0x0000000084c00000, 0x0000000084d00000, 0x0000000084d00000|100%| O|  |TAMS 0x0000000084c00000, 0x0000000084c00000| Untracked 
|  33|0x0000000084d00000, 0x0000000084d8b600, 0x0000000084e00000| 54%| O|  |TAMS 0x0000000084d00000, 0x0000000084d00000| Untracked 
|  34|0x0000000084e00000, 0x0000000084e00000, 0x0000000084f00000|  0%| F|  |TAMS 0x0000000084e00000, 0x0000000084e00000| Untracked 
|  35|0x0000000084f00000, 0x0000000084f00000, 0x0000000085000000|  0%| F|  |TAMS 0x0000000084f00000, 0x0000000084f00000| Untracked 
|  36|0x0000000085000000, 0x0000000085000000, 0x0000000085100000|  0%| F|  |TAMS 0x0000000085000000, 0x0000000085000000| Untracked 
|  37|0x0000000085100000, 0x0000000085100000, 0x0000000085200000|  0%| F|  |TAMS 0x0000000085100000, 0x0000000085100000| Untracked 
|  38|0x0000000085200000, 0x0000000085200000, 0x0000000085300000|  0%| F|  |TAMS 0x0000000085200000, 0x0000000085200000| Untracked 
|  39|0x0000000085300000, 0x0000000085300000, 0x0000000085400000|  0%| F|  |TAMS 0x0000000085300000, 0x0000000085300000| Untracked 
|  40|0x0000000085400000, 0x0000000085400000, 0x0000000085500000|  0%| F|  |TAMS 0x0000000085400000, 0x0000000085400000| Untracked 
|  41|0x0000000085500000, 0x0000000085500000, 0x0000000085600000|  0%| F|  |TAMS 0x0000000085500000, 0x0000000085500000| Untracked 
|  42|0x0000000085600000, 0x0000000085600000, 0x0000000085700000|  0%| F|  |TAMS 0x0000000085600000, 0x0000000085600000| Untracked 
|  43|0x0000000085700000, 0x0000000085700000, 0x0000000085800000|  0%| F|  |TAMS 0x0000000085700000, 0x0000000085700000| Untracked 
|  44|0x0000000085800000, 0x00000000858926a0, 0x0000000085900000| 57%| S|CS|TAMS 0x0000000085800000, 0x0000000085800000| Complete 
|  45|0x0000000085900000, 0x0000000085a00000, 0x0000000085a00000|100%| S|CS|TAMS 0x0000000085900000, 0x0000000085900000| Complete 
|  46|0x0000000085a00000, 0x0000000085a00000, 0x0000000085b00000|  0%| F|  |TAMS 0x0000000085a00000, 0x0000000085a00000| Untracked 
|  47|0x0000000085b00000, 0x0000000085b00000, 0x0000000085c00000|  0%| F|  |TAMS 0x0000000085b00000, 0x0000000085b00000| Untracked 
|  48|0x0000000085c00000, 0x0000000085c00000, 0x0000000085d00000|  0%| F|  |TAMS 0x0000000085c00000, 0x0000000085c00000| Untracked 
|  49|0x0000000085d00000, 0x0000000085d00000, 0x0000000085e00000|  0%| F|  |TAMS 0x0000000085d00000, 0x0000000085d00000| Untracked 
|  50|0x0000000085e00000, 0x0000000085e00000, 0x0000000085f00000|  0%| F|  |TAMS 0x0000000085e00000, 0x0000000085e00000| Untracked 
|  51|0x0000000085f00000, 0x0000000086000000, 0x0000000086000000|100%| S|CS|TAMS 0x0000000085f00000, 0x0000000085f00000| Complete 
|  52|0x0000000086000000, 0x0000000086100000, 0x0000000086100000|100%| S|CS|TAMS 0x0000000086000000, 0x0000000086000000| Complete 
|  53|0x0000000086100000, 0x0000000086200000, 0x0000000086200000|100%| S|CS|TAMS 0x0000000086100000, 0x0000000086100000| Complete 
|  54|0x0000000086200000, 0x0000000086300000, 0x0000000086300000|100%| S|CS|TAMS 0x0000000086200000, 0x0000000086200000| Complete 
|  55|0x0000000086300000, 0x0000000086300000, 0x0000000086400000|  0%| F|  |TAMS 0x0000000086300000, 0x0000000086300000| Untracked 
|  56|0x0000000086400000, 0x0000000086400000, 0x0000000086500000|  0%| F|  |TAMS 0x0000000086400000, 0x0000000086400000| Untracked 
|  57|0x0000000086500000, 0x0000000086500000, 0x0000000086600000|  0%| F|  |TAMS 0x0000000086500000, 0x0000000086500000| Untracked 
|  58|0x0000000086600000, 0x0000000086600000, 0x0000000086700000|  0%| F|  |TAMS 0x0000000086600000, 0x0000000086600000| Untracked 
|  59|0x0000000086700000, 0x0000000086700000, 0x0000000086800000|  0%| F|  |TAMS 0x0000000086700000, 0x0000000086700000| Untracked 
|  60|0x0000000086800000, 0x0000000086800000, 0x0000000086900000|  0%| F|  |TAMS 0x0000000086800000, 0x0000000086800000| Untracked 
|  61|0x0000000086900000, 0x0000000086900000, 0x0000000086a00000|  0%| F|  |TAMS 0x0000000086900000, 0x0000000086900000| Untracked 
|  62|0x0000000086a00000, 0x0000000086a00000, 0x0000000086b00000|  0%| F|  |TAMS 0x0000000086a00000, 0x0000000086a00000| Untracked 
|  63|0x0000000086b00000, 0x0000000086b00000, 0x0000000086c00000|  0%| F|  |TAMS 0x0000000086b00000, 0x0000000086b00000| Untracked 
|  64|0x0000000086c00000, 0x0000000086c00000, 0x0000000086d00000|  0%| F|  |TAMS 0x0000000086c00000, 0x0000000086c00000| Untracked 
|  65|0x0000000086d00000, 0x0000000086d00000, 0x0000000086e00000|  0%| F|  |TAMS 0x0000000086d00000, 0x0000000086d00000| Untracked 
|  66|0x0000000086e00000, 0x0000000086e00000, 0x0000000086f00000|  0%| F|  |TAMS 0x0000000086e00000, 0x0000000086e00000| Untracked 
|  67|0x0000000086f00000, 0x0000000086f00000, 0x0000000087000000|  0%| F|  |TAMS 0x0000000086f00000, 0x0000000086f00000| Untracked 
|  68|0x0000000087000000, 0x0000000087000000, 0x0000000087100000|  0%| F|  |TAMS 0x0000000087000000, 0x0000000087000000| Untracked 
|  69|0x0000000087100000, 0x0000000087100000, 0x0000000087200000|  0%| F|  |TAMS 0x0000000087100000, 0x0000000087100000| Untracked 
|  70|0x0000000087200000, 0x0000000087200000, 0x0000000087300000|  0%| F|  |TAMS 0x0000000087200000, 0x0000000087200000| Untracked 
|  71|0x0000000087300000, 0x0000000087300000, 0x0000000087400000|  0%| F|  |TAMS 0x0000000087300000, 0x0000000087300000| Untracked 
|  72|0x0000000087400000, 0x0000000087400000, 0x0000000087500000|  0%| F|  |TAMS 0x0000000087400000, 0x0000000087400000| Untracked 
|  73|0x0000000087500000, 0x0000000087500000, 0x0000000087600000|  0%| F|  |TAMS 0x0000000087500000, 0x0000000087500000| Untracked 
|  74|0x0000000087600000, 0x0000000087600000, 0x0000000087700000|  0%| F|  |TAMS 0x0000000087600000, 0x0000000087600000| Untracked 
|  75|0x0000000087700000, 0x0000000087700000, 0x0000000087800000|  0%| F|  |TAMS 0x0000000087700000, 0x0000000087700000| Untracked 
|  76|0x0000000087800000, 0x0000000087800000, 0x0000000087900000|  0%| F|  |TAMS 0x0000000087800000, 0x0000000087800000| Untracked 
|  77|0x0000000087900000, 0x0000000087900000, 0x0000000087a00000|  0%| F|  |TAMS 0x0000000087900000, 0x0000000087900000| Untracked 
|  78|0x0000000087a00000, 0x0000000087a00000, 0x0000000087b00000|  0%| F|  |TAMS 0x0000000087a00000, 0x0000000087a00000| Untracked 
|  79|0x0000000087b00000, 0x0000000087b00000, 0x0000000087c00000|  0%| F|  |TAMS 0x0000000087b00000, 0x0000000087b00000| Untracked 
|  80|0x0000000087c00000, 0x0000000087c00000, 0x0000000087d00000|  0%| F|  |TAMS 0x0000000087c00000, 0x0000000087c00000| Untracked 
|  81|0x0000000087d00000, 0x0000000087d00000, 0x0000000087e00000|  0%| F|  |TAMS 0x0000000087d00000, 0x0000000087d00000| Untracked 
|  82|0x0000000087e00000, 0x0000000087e00000, 0x0000000087f00000|  0%| F|  |TAMS 0x0000000087e00000, 0x0000000087e00000| Untracked 
|  83|0x0000000087f00000, 0x0000000087f00000, 0x0000000088000000|  0%| F|  |TAMS 0x0000000087f00000, 0x0000000087f00000| Untracked 
|  84|0x0000000088000000, 0x0000000088000000, 0x0000000088100000|  0%| F|  |TAMS 0x0000000088000000, 0x0000000088000000| Untracked 
|  85|0x0000000088100000, 0x0000000088100000, 0x0000000088200000|  0%| F|  |TAMS 0x0000000088100000, 0x0000000088100000| Untracked 
|  86|0x0000000088200000, 0x0000000088200000, 0x0000000088300000|  0%| F|  |TAMS 0x0000000088200000, 0x0000000088200000| Untracked 
|  87|0x0000000088300000, 0x0000000088300000, 0x0000000088400000|  0%| F|  |TAMS 0x0000000088300000, 0x0000000088300000| Untracked 
|  88|0x0000000088400000, 0x0000000088400000, 0x0000000088500000|  0%| F|  |TAMS 0x0000000088400000, 0x0000000088400000| Untracked 
|  89|0x0000000088500000, 0x0000000088500000, 0x0000000088600000|  0%| F|  |TAMS 0x0000000088500000, 0x0000000088500000| Untracked 
|  90|0x0000000088600000, 0x0000000088680800, 0x0000000088700000| 50%| E|  |TAMS 0x0000000088600000, 0x0000000088600000| Complete 
|  91|0x0000000088700000, 0x0000000088800000, 0x0000000088800000|100%| E|CS|TAMS 0x0000000088700000, 0x0000000088700000| Complete 
|  92|0x0000000088800000, 0x0000000088900000, 0x0000000088900000|100%| E|CS|TAMS 0x0000000088800000, 0x0000000088800000| Complete 
|  93|0x0000000088900000, 0x0000000088a00000, 0x0000000088a00000|100%| E|CS|TAMS 0x0000000088900000, 0x0000000088900000| Complete 
|  94|0x0000000088a00000, 0x0000000088b00000, 0x0000000088b00000|100%| E|CS|TAMS 0x0000000088a00000, 0x0000000088a00000| Complete 
|  95|0x0000000088b00000, 0x0000000088c00000, 0x0000000088c00000|100%| E|CS|TAMS 0x0000000088b00000, 0x0000000088b00000| Complete 
| 133|0x000000008b100000, 0x000000008b200000, 0x000000008b200000|100%| E|CS|TAMS 0x000000008b100000, 0x000000008b100000| Complete 

Card table byte_map: [0x000001cb1ad10000,0x000001cb1b100000] _byte_map_base: 0x000001cb1a8fa000

Marking Bits (Prev, Next): (CMBitMap*) 0x000001cb087c51a0, (CMBitMap*) 0x000001cb087c5160
 Prev Bits: [0x000001cb1d440000, 0x000001cb1f390000)
 Next Bits: [0x000001cb1b4f0000, 0x000001cb1d440000)

Polling page: 0x000001cb066b0000

Metaspace:

Usage:
  Non-class:     73.29 MB used.
      Class:     11.43 MB used.
       Both:     84.71 MB used.

Virtual space:
  Non-class space:      128.00 MB reserved,      73.62 MB ( 58%) committed,  2 nodes.
      Class space:        1.00 GB reserved,      11.75 MB (  1%) committed,  1 nodes.
             Both:        1.12 GB reserved,      85.38 MB (  7%) committed. 

Chunk freelists:
   Non-Class:  5.59 MB
       Class:  4.10 MB
        Both:  9.69 MB

MaxMetaspaceSize: unlimited
CompressedClassSpaceSize: 1.00 GB
Initial GC threshold: 21.00 MB
Current GC threshold: 98.12 MB
CDS: off
MetaspaceReclaimPolicy: balanced
 - commit_granule_bytes: 65536.
 - commit_granule_words: 8192.
 - virtual_space_node_default_size: 8388608.
 - enlarge_chunks_in_place: 1.
 - new_chunks_are_fully_committed: 0.
 - uncommit_free_chunks: 1.
 - use_allocation_guard: 0.
 - handle_deallocations: 1.


Internal statistics:

num_allocs_failed_limit: 11.
num_arena_births: 894.
num_arena_deaths: 0.
num_vsnodes_births: 3.
num_vsnodes_deaths: 0.
num_space_committed: 1366.
num_space_uncommitted: 0.
num_chunks_returned_to_freelist: 11.
num_chunks_taken_from_freelist: 3777.
num_chunk_merges: 11.
num_chunk_splits: 2659.
num_chunks_enlarged: 2023.
num_inconsistent_stats: 0.

CodeHeap 'non-profiled nmethods': size=120000Kb used=4714Kb max_used=4714Kb free=115285Kb
 bounds [0x000001cb12ea0000, 0x000001cb13340000, 0x000001cb1a3d0000]
CodeHeap 'profiled nmethods': size=120000Kb used=13767Kb max_used=13767Kb free=106232Kb
 bounds [0x000001cb0b3d0000, 0x000001cb0c150000, 0x000001cb12900000]
CodeHeap 'non-nmethods': size=5760Kb used=1435Kb max_used=1525Kb free=4324Kb
 bounds [0x000001cb12900000, 0x000001cb12b70000, 0x000001cb12ea0000]
 total_blobs=8109 nmethods=7408 adapters=613
 compilation: enabled
              stopped_count=0, restarted_count=0
 full_count=0

Compilation events (20 events):
Event: 14.307 Thread 0x000001cb220d4a90 8189       3       java.lang.ClassLoader::defineClassSourceLocation (28 bytes)
Event: 14.307 Thread 0x000001cb220d4a90 nmethod 8189 0x000001cb0c139390 code [0x000001cb0c139560, 0x000001cb0c1398e8]
Event: 14.310 Thread 0x000001cb220d4a90 8191       2       java.lang.ClassLoader::checkCerts (121 bytes)
Event: 14.312 Thread 0x000001cb220d4a90 nmethod 8191 0x000001cb0c139a90 code [0x000001cb0c139ce0, 0x000001cb0c13a248]
Event: 14.314 Thread 0x000001cb220d4a90 8192   !   2       org.springframework.core.annotation.AnnotationUtils::invokeAnnotationMethod (32 bytes)
Event: 14.317 Thread 0x000001cb220d4a90 nmethod 8192 0x000001cb0c13a690 code [0x000001cb0c13a920, 0x000001cb0c13b1c8]
Event: 14.332 Thread 0x000001cb22304200 nmethod 8100% 0x000001cb13337d10 code [0x000001cb13337ec0, 0x000001cb13338c18]
Event: 14.332 Thread 0x000001cb22304200 6295       4       org.springframework.core.annotation.AnnotationsScanner::process (55 bytes)
Event: 14.362 Thread 0x000001cb220d4a90 8193  s    2       java.io.BufferedOutputStream::write (35 bytes)
Event: 14.363 Thread 0x000001cb220d4a90 nmethod 8193 0x000001cb0c13b910 code [0x000001cb0c13bac0, 0x000001cb0c13bd28]
Event: 14.363 Thread 0x000001cb220d4a90 8194       2       sun.nio.ch.NioSocketImpl::park (32 bytes)
Event: 14.364 Thread 0x000001cb220d4a90 nmethod 8194 0x000001cb0c13be90 code [0x000001cb0c13c040, 0x000001cb0c13c1d8]
Event: 14.381 Thread 0x000001cb220d4a90 8196       2       com.mysql.cj.jdbc.StatementImpl::checkClosed (29 bytes)
Event: 14.382 Thread 0x000001cb220d4a90 nmethod 8196 0x000001cb0c13c310 code [0x000001cb0c13c4c0, 0x000001cb0c13c698]
Event: 14.387 Thread 0x000001cb220d4a90 8197       1       com.mysql.cj.MysqlType::getPrecision (5 bytes)
Event: 14.387 Thread 0x000001cb220d4a90 nmethod 8197 0x000001cb13339310 code [0x000001cb133394a0, 0x000001cb13339578]
Event: 14.388 Thread 0x000001cb220d4a90 8198       1       com.mysql.cj.NativeCharsetSettings::getErrorMessageEncoding (5 bytes)
Event: 14.388 Thread 0x000001cb220d4a90 nmethod 8198 0x000001cb13339610 code [0x000001cb133397a0, 0x000001cb13339878]
Event: 14.388 Thread 0x000001cb220d4a90 8199       1       com.mysql.cj.protocol.a.result.OkPacket::getWarningCount (5 bytes)
Event: 14.388 Thread 0x000001cb220d4a90 nmethod 8199 0x000001cb13339910 code [0x000001cb13339aa0, 0x000001cb13339b78]

GC Heap History (20 events):
Event: 3.953 GC heap before
{Heap before GC invocations=8 (full 0):
 garbage-first heap   total 81920K, used 23829K [0x0000000082c00000, 0x0000000100000000)
  region size 1024K, 12 young (12288K), 5 survivors (5120K)
 Metaspace       used 35674K, committed 35968K, reserved 1114112K
  class space    used 4411K, committed 4544K, reserved 1048576K
}
Event: 3.963 GC heap after
{Heap after GC invocations=9 (full 0):
 garbage-first heap   total 81920K, used 18208K [0x0000000082c00000, 0x0000000100000000)
  region size 1024K, 4 young (4096K), 4 survivors (4096K)
 Metaspace       used 35674K, committed 35968K, reserved 1114112K
  class space    used 4411K, committed 4544K, reserved 1048576K
}
Event: 5.037 GC heap before
{Heap before GC invocations=10 (full 0):
 garbage-first heap   total 68608K, used 55072K [0x0000000082c00000, 0x0000000100000000)
  region size 1024K, 40 young (40960K), 4 survivors (4096K)
 Metaspace       used 40711K, committed 41088K, reserved 1114112K
  class space    used 5184K, committed 5376K, reserved 1048576K
}
Event: 5.051 GC heap after
{Heap after GC invocations=11 (full 0):
 garbage-first heap   total 68608K, used 21236K [0x0000000082c00000, 0x0000000100000000)
  region size 1024K, 4 young (4096K), 4 survivors (4096K)
 Metaspace       used 40711K, committed 41088K, reserved 1114112K
  class space    used 5184K, committed 5376K, reserved 1048576K
}
Event: 5.074 GC heap before
{Heap before GC invocations=11 (full 0):
 garbage-first heap   total 68608K, used 21236K [0x0000000082c00000, 0x0000000100000000)
  region size 1024K, 5 young (5120K), 4 survivors (4096K)
 Metaspace       used 40739K, committed 41152K, reserved 1114112K
  class space    used 5186K, committed 5376K, reserved 1048576K
}
Event: 5.083 GC heap after
{Heap after GC invocations=12 (full 0):
 garbage-first heap   total 68608K, used 21875K [0x0000000082c00000, 0x0000000100000000)
  region size 1024K, 1 young (1024K), 1 survivors (1024K)
 Metaspace       used 40739K, committed 41152K, reserved 1114112K
  class space    used 5186K, committed 5376K, reserved 1048576K
}
Event: 5.791 GC heap before
{Heap before GC invocations=12 (full 0):
 garbage-first heap   total 68608K, used 49523K [0x0000000082c00000, 0x0000000100000000)
  region size 1024K, 29 young (29696K), 1 survivors (1024K)
 Metaspace       used 44233K, committed 44672K, reserved 1114112K
  class space    used 5656K, committed 5888K, reserved 1048576K
}
Event: 5.801 GC heap after
{Heap after GC invocations=13 (full 0):
 garbage-first heap   total 137216K, used 23309K [0x0000000082c00000, 0x0000000100000000)
  region size 1024K, 3 young (3072K), 3 survivors (3072K)
 Metaspace       used 44233K, committed 44672K, reserved 1114112K
  class space    used 5656K, committed 5888K, reserved 1048576K
}
Event: 7.498 GC heap before
{Heap before GC invocations=13 (full 0):
 garbage-first heap   total 137216K, used 78605K [0x0000000082c00000, 0x0000000100000000)
  region size 1024K, 58 young (59392K), 3 survivors (3072K)
 Metaspace       used 59748K, committed 60160K, reserved 1114112K
  class space    used 7735K, committed 7936K, reserved 1048576K
}
Event: 7.511 GC heap after
{Heap after GC invocations=14 (full 0):
 garbage-first heap   total 137216K, used 27549K [0x0000000082c00000, 0x0000000100000000)
  region size 1024K, 7 young (7168K), 7 survivors (7168K)
 Metaspace       used 59748K, committed 60160K, reserved 1114112K
  class space    used 7735K, committed 7936K, reserved 1048576K
}
Event: 9.704 GC heap before
{Heap before GC invocations=15 (full 0):
 garbage-first heap   total 99328K, used 79773K [0x0000000082c00000, 0x0000000100000000)
  region size 1024K, 58 young (59392K), 7 survivors (7168K)
 Metaspace       used 70607K, committed 71104K, reserved 1114112K
  class space    used 9359K, committed 9600K, reserved 1048576K
}
Event: 9.719 GC heap after
{Heap after GC invocations=16 (full 0):
 garbage-first heap   total 99328K, used 29844K [0x0000000082c00000, 0x0000000100000000)
  region size 1024K, 3 young (3072K), 3 survivors (3072K)
 Metaspace       used 70607K, committed 71104K, reserved 1114112K
  class space    used 9359K, committed 9600K, reserved 1048576K
}
Event: 10.643 GC heap before
{Heap before GC invocations=16 (full 0):
 garbage-first heap   total 99328K, used 76948K [0x0000000082c00000, 0x0000000100000000)
  region size 1024K, 49 young (50176K), 3 survivors (3072K)
 Metaspace       used 75388K, committed 75840K, reserved 1179648K
  class space    used 10125K, committed 10368K, reserved 1048576K
}
Event: 10.659 GC heap after
{Heap after GC invocations=17 (full 0):
 garbage-first heap   total 99328K, used 33006K [0x0000000082c00000, 0x0000000100000000)
  region size 1024K, 6 young (6144K), 6 survivors (6144K)
 Metaspace       used 75388K, committed 75840K, reserved 1179648K
  class space    used 10125K, committed 10368K, reserved 1048576K
}
Event: 11.235 GC heap before
{Heap before GC invocations=17 (full 0):
 garbage-first heap   total 99328K, used 77038K [0x0000000082c00000, 0x0000000100000000)
  region size 1024K, 49 young (50176K), 6 survivors (6144K)
 Metaspace       used 77219K, committed 77760K, reserved 1179648K
  class space    used 10393K, committed 10624K, reserved 1048576K
}
Event: 11.242 GC heap after
{Heap after GC invocations=18 (full 0):
 garbage-first heap   total 99328K, used 34058K [0x0000000082c00000, 0x0000000100000000)
  region size 1024K, 5 young (5120K), 5 survivors (5120K)
 Metaspace       used 77219K, committed 77760K, reserved 1179648K
  class space    used 10393K, committed 10624K, reserved 1048576K
}
Event: 12.235 GC heap before
{Heap before GC invocations=18 (full 0):
 garbage-first heap   total 99328K, used 78090K [0x0000000082c00000, 0x0000000100000000)
  region size 1024K, 48 young (49152K), 5 survivors (5120K)
 Metaspace       used 81127K, committed 81600K, reserved 1179648K
  class space    used 10908K, committed 11136K, reserved 1048576K
}
Event: 12.242 GC heap after
{Heap after GC invocations=19 (full 0):
 garbage-first heap   total 99328K, used 36847K [0x0000000082c00000, 0x0000000100000000)
  region size 1024K, 5 young (5120K), 5 survivors (5120K)
 Metaspace       used 81127K, committed 81600K, reserved 1179648K
  class space    used 10908K, committed 11136K, reserved 1048576K
}
Event: 14.161 GC heap before
{Heap before GC invocations=19 (full 0):
 garbage-first heap   total 99328K, used 79855K [0x0000000082c00000, 0x0000000100000000)
  region size 1024K, 47 young (48128K), 5 survivors (5120K)
 Metaspace       used 85466K, committed 86016K, reserved 1179648K
  class space    used 11528K, committed 11776K, reserved 1048576K
}
Event: 14.170 GC heap after
{Heap after GC invocations=20 (full 0):
 garbage-first heap   total 99328K, used 39720K [0x0000000082c00000, 0x0000000100000000)
  region size 1024K, 6 young (6144K), 6 survivors (6144K)
 Metaspace       used 85466K, committed 86016K, reserved 1179648K
  class space    used 11528K, committed 11776K, reserved 1048576K
}

Dll operation events (9 events):
Event: 0.006 Loaded shared library C:\Users\Waruna\.vscode-insiders\extensions\redhat.java-1.21.2023071804-win32-x64\jre\17.0.7-win32-x86_64\bin\java.dll
Event: 0.282 Loaded shared library C:\Users\Waruna\.vscode-insiders\extensions\redhat.java-1.21.2023071804-win32-x64\jre\17.0.7-win32-x86_64\bin\net.dll
Event: 0.283 Loaded shared library C:\Users\Waruna\.vscode-insiders\extensions\redhat.java-1.21.2023071804-win32-x64\jre\17.0.7-win32-x86_64\bin\nio.dll
Event: 0.291 Loaded shared library C:\Users\Waruna\.vscode-insiders\extensions\redhat.java-1.21.2023071804-win32-x64\jre\17.0.7-win32-x86_64\bin\zip.dll
Event: 0.448 Loaded shared library C:\Users\Waruna\.vscode-insiders\extensions\redhat.java-1.21.2023071804-win32-x64\jre\17.0.7-win32-x86_64\bin\jimage.dll
Event: 0.768 Loaded shared library C:\Users\Waruna\.vscode-insiders\extensions\redhat.java-1.21.2023071804-win32-x64\jre\17.0.7-win32-x86_64\bin\management.dll
Event: 0.781 Loaded shared library C:\Users\Waruna\.vscode-insiders\extensions\redhat.java-1.21.2023071804-win32-x64\jre\17.0.7-win32-x86_64\bin\management_ext.dll
Event: 1.672 Loaded shared library C:\Users\Waruna\.vscode-insiders\extensions\redhat.java-1.21.2023071804-win32-x64\jre\17.0.7-win32-x86_64\bin\verify.dll
Event: 5.291 Loaded shared library C:\Users\Waruna\.vscode-insiders\extensions\redhat.java-1.21.2023071804-win32-x64\jre\17.0.7-win32-x86_64\bin\sunmscapi.dll

Deoptimization events (20 events):
Event: 14.360 Thread 0x000001cb0875e830 DEOPT PACKING pc=0x000001cb1304f0d8 sp=0x000000ada35fbe20
Event: 14.360 Thread 0x000001cb0875e830 DEOPT UNPACKING pc=0x000001cb12957143 sp=0x000000ada35fb2b0 mode 1
Event: 14.361 Thread 0x000001cb0875e830 DEOPT PACKING pc=0x000001cb0b50b154 sp=0x000000ada35fb360
Event: 14.361 Thread 0x000001cb0875e830 DEOPT UNPACKING pc=0x000001cb12957143 sp=0x000000ada35fa7f8 mode 1
Event: 14.361 Thread 0x000001cb0875e830 DEOPT PACKING pc=0x000001cb0b4c4fd4 sp=0x000000ada35fb430
Event: 14.361 Thread 0x000001cb0875e830 DEOPT UNPACKING pc=0x000001cb12957143 sp=0x000000ada35fa8e8 mode 1
Event: 14.361 Thread 0x000001cb0875e830 DEOPT PACKING pc=0x000001cb1304f0d8 sp=0x000000ada35fbe20
Event: 14.361 Thread 0x000001cb0875e830 DEOPT UNPACKING pc=0x000001cb12957143 sp=0x000000ada35fb2b0 mode 1
Event: 14.366 Thread 0x000001cb0875e830 DEOPT PACKING pc=0x000001cb0b50b154 sp=0x000000ada35facf0
Event: 14.366 Thread 0x000001cb0875e830 DEOPT UNPACKING pc=0x000001cb12957143 sp=0x000000ada35fa188 mode 1
Event: 14.366 Thread 0x000001cb0875e830 DEOPT PACKING pc=0x000001cb0b4c4fd4 sp=0x000000ada35fadc0
Event: 14.366 Thread 0x000001cb0875e830 DEOPT UNPACKING pc=0x000001cb12957143 sp=0x000000ada35fa278 mode 1
Event: 14.366 Thread 0x000001cb0875e830 DEOPT PACKING pc=0x000001cb1304f0d8 sp=0x000000ada35fb7b0
Event: 14.366 Thread 0x000001cb0875e830 DEOPT UNPACKING pc=0x000001cb12957143 sp=0x000000ada35fac40 mode 1
Event: 14.366 Thread 0x000001cb0875e830 DEOPT PACKING pc=0x000001cb0b50b154 sp=0x000000ada35facf0
Event: 14.366 Thread 0x000001cb0875e830 DEOPT UNPACKING pc=0x000001cb12957143 sp=0x000000ada35fa188 mode 1
Event: 14.366 Thread 0x000001cb0875e830 DEOPT PACKING pc=0x000001cb0b4c4fd4 sp=0x000000ada35fadc0
Event: 14.366 Thread 0x000001cb0875e830 DEOPT UNPACKING pc=0x000001cb12957143 sp=0x000000ada35fa278 mode 1
Event: 14.366 Thread 0x000001cb0875e830 DEOPT PACKING pc=0x000001cb1304f0d8 sp=0x000000ada35fb7b0
Event: 14.366 Thread 0x000001cb0875e830 DEOPT UNPACKING pc=0x000001cb12957143 sp=0x000000ada35fac40 mode 1

Classes unloaded (0 events):
No events

Classes redefined (0 events):
No events

Internal exceptions (20 events):
Event: 14.155 Thread 0x000001cb27b8fc60 Exception <a 'java/lang/ClassNotFoundException'{0x00000000863c5bb0}: org/springframework/boot/actuate/endpoint/jmx/EndpointMBean> (0x00000000863c5bb0) 
thrown [s\src\hotspot\share\classfile\systemDictionary.cpp, line 256]
Event: 14.155 Thread 0x000001cb27b8fc60 Exception <a 'java/lang/ClassNotFoundException'{0x00000000863c5f70}: org/springframework/boot/actuate/endpoint/jmx/DataEndpointMBean> (0x00000000863c5f70) 
thrown [s\src\hotspot\share\classfile\systemDictionary.cpp, line 256]
Event: 14.156 Thread 0x000001cb27b8fc60 Exception <a 'java/lang/ClassNotFoundException'{0x00000000863c65d0}: org/springframework/context/support/LiveBeansView> (0x00000000863c65d0) 
thrown [s\src\hotspot\share\classfile\systemDictionary.cpp, line 256]
Event: 14.156 Thread 0x000001cb27b8fc60 Exception <a 'java/lang/ClassNotFoundException'{0x00000000863c6980}: org/springframework/boot/actuate/endpoint/jmx/EndpointMBean> (0x00000000863c6980) 
thrown [s\src\hotspot\share\classfile\systemDictionary.cpp, line 256]
Event: 14.156 Thread 0x000001cb27b8fc60 Exception <a 'java/lang/ClassNotFoundException'{0x00000000863c6d30}: org/springframework/boot/actuate/endpoint/jmx/DataEndpointMBean> (0x00000000863c6d30) 
thrown [s\src\hotspot\share\classfile\systemDictionary.cpp, line 256]
Event: 14.156 Thread 0x000001cb27b8fc60 Exception <a 'java/lang/ClassNotFoundException'{0x00000000863c70d8}: org/springframework/context/support/LiveBeansView> (0x00000000863c70d8) 
thrown [s\src\hotspot\share\classfile\systemDictionary.cpp, line 256]
Event: 14.172 Thread 0x000001cb27b8fc60 Exception <a 'java/lang/ClassNotFoundException'{0x0000000088b16678}: org/springframework/boot/actuate/endpoint/jmx/EndpointMBean> (0x0000000088b16678) 
thrown [s\src\hotspot\share\classfile\systemDictionary.cpp, line 256]
Event: 14.177 Thread 0x000001cb27b8fc60 Exception <a 'java/lang/ClassNotFoundException'{0x0000000088b60aa0}: org/springframework/boot/actuate/endpoint/jmx/DataEndpointMBean> (0x0000000088b60aa0) 
thrown [s\src\hotspot\share\classfile\systemDictionary.cpp, line 256]
Event: 14.181 Thread 0x000001cb27b8fc60 Exception <a 'java/lang/ClassNotFoundException'{0x0000000088baaab8}: org/springframework/context/support/LiveBeansView> (0x0000000088baaab8) 
thrown [s\src\hotspot\share\classfile\systemDictionary.cpp, line 256]
Event: 14.182 Thread 0x000001cb27b8fc60 Exception <a 'java/lang/ClassNotFoundException'{0x0000000088bade68}: org/springframework/boot/actuate/endpoint/jmx/EndpointMBean> (0x0000000088bade68) 
thrown [s\src\hotspot\share\classfile\systemDictionary.cpp, line 256]
Event: 14.182 Thread 0x000001cb27b8fc60 Exception <a 'java/lang/ClassNotFoundException'{0x0000000088bae238}: org/springframework/boot/actuate/endpoint/jmx/DataEndpointMBean> (0x0000000088bae238) 
thrown [s\src\hotspot\share\classfile\systemDictionary.cpp, line 256]
Event: 14.182 Thread 0x000001cb27b8fc60 Exception <a 'java/lang/ClassNotFoundException'{0x0000000088bae600}: org/springframework/context/support/LiveBeansView> (0x0000000088bae600) 
thrown [s\src\hotspot\share\classfile\systemDictionary.cpp, line 256]
Event: 14.182 Thread 0x000001cb27b8fc60 Exception <a 'java/lang/ClassNotFoundException'{0x0000000088bae9b8}: org/springframework/boot/actuate/endpoint/jmx/EndpointMBean> (0x0000000088bae9b8) 
thrown [s\src\hotspot\share\classfile\systemDictionary.cpp, line 256]
Event: 14.183 Thread 0x000001cb27b8fc60 Exception <a 'java/lang/ClassNotFoundException'{0x0000000088baed70}: org/springframework/boot/actuate/endpoint/jmx/DataEndpointMBean> (0x0000000088baed70) 
thrown [s\src\hotspot\share\classfile\systemDictionary.cpp, line 256]
Event: 14.183 Thread 0x000001cb27b8fc60 Exception <a 'java/lang/ClassNotFoundException'{0x0000000088baf120}: org/springframework/context/support/LiveBeansView> (0x0000000088baf120) 
thrown [s\src\hotspot\share\classfile\systemDictionary.cpp, line 256]
Event: 14.183 Thread 0x000001cb27b8fc60 Exception <a 'java/lang/ClassNotFoundException'{0x0000000088baf4d8}: org/springframework/boot/actuate/endpoint/jmx/EndpointMBean> (0x0000000088baf4d8) 
thrown [s\src\hotspot\share\classfile\systemDictionary.cpp, line 256]
Event: 14.183 Thread 0x000001cb27b8fc60 Exception <a 'java/lang/ClassNotFoundException'{0x0000000088baf890}: org/springframework/boot/actuate/endpoint/jmx/DataEndpointMBean> (0x0000000088baf890) 
thrown [s\src\hotspot\share\classfile\systemDictionary.cpp, line 256]
Event: 14.183 Thread 0x000001cb27b8fc60 Exception <a 'java/lang/ClassNotFoundException'{0x0000000088bafc40}: org/springframework/context/support/LiveBeansView> (0x0000000088bafc40) 
thrown [s\src\hotspot\share\classfile\systemDictionary.cpp, line 256]
Event: 14.192 Thread 0x000001cb27b8fc60 Exception <a 'java/lang/NoSuchMethodError'{0x0000000088bd5638}: 'double java.lang.invoke.DirectMethodHandle$Holder.invokeInterface(java.lang.Object, java.lang.Object)'> (0x0000000088bd5638) 
thrown [s\src\hotspot\share\interpreter\linkResolver.cpp, line 759]
Event: 14.197 Thread 0x000001cb22270890 Exception <a 'java/lang/NoSuchMethodError'{0x000000008b119150}: 'long java.lang.invoke.DirectMethodHandle$Holder.invokeStatic(java.lang.Object, java.lang.Object, java.lang.Object)'> (0x000000008b119150) 
thrown [s\src\hotspot\share\interpreter\linkResolver.cpp, line 759]

VM Operations (20 events):
Event: 11.842 Executing VM operation: ICBufferFull
Event: 11.842 Executing VM operation: ICBufferFull done
Event: 12.126 Executing VM operation: HandshakeAllThreads
Event: 12.126 Executing VM operation: HandshakeAllThreads done
Event: 12.234 Executing VM operation: G1CollectForAllocation
Event: 12.242 Executing VM operation: G1CollectForAllocation done
Event: 12.570 Executing VM operation: HandshakeAllThreads
Event: 12.570 Executing VM operation: HandshakeAllThreads done
Event: 12.997 Executing VM operation: ICBufferFull
Event: 12.998 Executing VM operation: ICBufferFull done
Event: 13.174 Executing VM operation: HandshakeAllThreads
Event: 13.174 Executing VM operation: HandshakeAllThreads done
Event: 13.563 Executing VM operation: HandshakeAllThreads
Event: 13.563 Executing VM operation: HandshakeAllThreads done
Event: 13.751 Executing VM operation: HandshakeAllThreads
Event: 13.751 Executing VM operation: HandshakeAllThreads done
Event: 13.924 Executing VM operation: HandshakeAllThreads
Event: 13.924 Executing VM operation: HandshakeAllThreads done
Event: 14.161 Executing VM operation: G1CollectForAllocation
Event: 14.171 Executing VM operation: G1CollectForAllocation done

Events (20 events):
Event: 14.194 loading class com/sun/management/internal/GarbageCollectionNotifInfoCompositeData$1 done
Event: 14.198 loading class java/util/stream/ReferencePipeline$5
Event: 14.199 loading class java/util/stream/LongPipeline$StatelessOp
Event: 14.199 loading class java/util/stream/LongPipeline
Event: 14.200 loading class java/util/stream/LongPipeline done
Event: 14.200 loading class java/util/stream/LongPipeline$StatelessOp done
Event: 14.200 loading class java/util/stream/ReferencePipeline$5 done
Event: 14.200 loading class java/util/function/LongBinaryOperator
Event: 14.200 loading class java/util/function/LongBinaryOperator done
Event: 14.201 loading class java/util/stream/ReduceOps$10
Event: 14.201 loading class java/util/stream/ReduceOps$10 done
Event: 14.201 loading class java/util/stream/ReduceOps$8ReducingSink
Event: 14.201 loading class java/util/stream/Sink$OfLong
Event: 14.201 loading class java/util/function/LongConsumer
Event: 14.202 loading class java/util/function/LongConsumer done
Event: 14.202 loading class java/util/stream/Sink$OfLong done
Event: 14.202 loading class java/util/stream/ReduceOps$8ReducingSink done
Event: 14.202 loading class java/util/stream/ReferencePipeline$5$1
Event: 14.202 loading class java/util/stream/ReferencePipeline$5$1 done
Event: 14.214 Thread 0x000001cb34677cd0 Thread added: 0x000001cb34677cd0


Dynamic libraries:
0x00007ff731e00000 - 0x00007ff731e0e000 	C:\Users\Waruna\.vscode-insiders\extensions\redhat.java-1.21.2023071804-win32-x64\jre\17.0.7-win32-x86_64\bin\java.exe
0x00007ffbd2250000 - 0x00007ffbd2464000 	C:\Windows\SYSTEM32\ntdll.dll
0x00007ffbd0df0000 - 0x00007ffbd0eb2000 	C:\Windows\System32\KERNEL32.DLL
0x00007ffbcf760000 - 0x00007ffbcfb03000 	C:\Windows\System32\KERNELBASE.dll
0x00007ffbcfb90000 - 0x00007ffbcfca1000 	C:\Windows\System32\ucrtbase.dll
0x00007ffbabaa0000 - 0x00007ffbabab7000 	C:\Users\Waruna\.vscode-insiders\extensions\redhat.java-1.21.2023071804-win32-x64\jre\17.0.7-win32-x86_64\bin\jli.dll
0x00007ffbab780000 - 0x00007ffbab799000 	C:\Users\Waruna\.vscode-insiders\extensions\redhat.java-1.21.2023071804-win32-x64\jre\17.0.7-win32-x86_64\bin\VCRUNTIME140.dll
0x00007ffbd0500000 - 0x00007ffbd06aa000 	C:\Windows\System32\USER32.dll
0x00007ffbd0000000 - 0x00007ffbd0026000 	C:\Windows\System32\win32u.dll
0x00007ffbb6450000 - 0x00007ffbb66de000 	C:\Windows\WinSxS\amd64_microsoft.windows.common-controls_6595b64144ccf1df_6.0.22621.1635_none_270f70857386168e\COMCTL32.dll
0x00007ffbd1f80000 - 0x00007ffbd2027000 	C:\Windows\System32\msvcrt.dll
0x00007ffbd0fc0000 - 0x00007ffbd0fe9000 	C:\Windows\System32\GDI32.dll
0x00007ffbcfe20000 - 0x00007ffbcff39000 	C:\Windows\System32\gdi32full.dll
0x00007ffbcf650000 - 0x00007ffbcf6ea000 	C:\Windows\System32\msvcp_win.dll
0x00007ffbd0a20000 - 0x00007ffbd0a51000 	C:\Windows\System32\IMM32.DLL
0x00007ffbb9bc0000 - 0x00007ffbb9bcc000 	C:\Users\Waruna\.vscode-insiders\extensions\redhat.java-1.21.2023071804-win32-x64\jre\17.0.7-win32-x86_64\bin\vcruntime140_1.dll
0x00007ffb928f0000 - 0x00007ffb92981000 	C:\Users\Waruna\.vscode-insiders\extensions\redhat.java-1.21.2023071804-win32-x64\jre\17.0.7-win32-x86_64\bin\msvcp140.dll
0x00007ffb573a0000 - 0x00007ffb57fe8000 	C:\Users\Waruna\.vscode-insiders\extensions\redhat.java-1.21.2023071804-win32-x64\jre\17.0.7-win32-x86_64\bin\server\jvm.dll
0x00007ffbd2160000 - 0x00007ffbd220e000 	C:\Windows\System32\ADVAPI32.dll
0x00007ffbd0870000 - 0x00007ffbd0914000 	C:\Windows\System32\sechost.dll
0x00007ffbd0030000 - 0x00007ffbd0147000 	C:\Windows\System32\RPCRT4.dll
0x00007ffbc9020000 - 0x00007ffbc9054000 	C:\Windows\SYSTEM32\WINMM.dll
0x00007ffb7c080000 - 0x00007ffb7c089000 	C:\Windows\SYSTEM32\WSOCK32.dll
0x00007ffbc7b20000 - 0x00007ffbc7b2a000 	C:\Windows\SYSTEM32\VERSION.dll
0x00007ffbd0ff0000 - 0x00007ffbd1061000 	C:\Windows\System32\WS2_32.dll
0x00007ffbce740000 - 0x00007ffbce758000 	C:\Windows\SYSTEM32\kernel.appcore.dll
0x00007ffbb8820000 - 0x00007ffbb882a000 	C:\Users\Waruna\.vscode-insiders\extensions\redhat.java-1.21.2023071804-win32-x64\jre\17.0.7-win32-x86_64\bin\jimage.dll
0x00007ffbbb9c0000 - 0x00007ffbbbbee000 	C:\Windows\SYSTEM32\DBGHELP.DLL
0x00007ffbd0170000 - 0x00007ffbd04f9000 	C:\Windows\System32\combase.dll
0x00007ffbd0a60000 - 0x00007ffbd0b37000 	C:\Windows\System32\OLEAUT32.dll
0x00007ffbb7c60000 - 0x00007ffbb7c92000 	C:\Windows\SYSTEM32\dbgcore.DLL
0x00007ffbcfb10000 - 0x00007ffbcfb8a000 	C:\Windows\System32\bcryptPrimitives.dll
0x00007ffbc9450000 - 0x00007ffbc948b000 	C:\Users\Waruna\.vscode-insiders\extensions\redhat.java-1.21.2023071804-win32-x64\jre\17.0.7-win32-x86_64\bin\jdwp.dll
0x00007ffb9d630000 - 0x00007ffb9d655000 	C:\Users\Waruna\.vscode-insiders\extensions\redhat.java-1.21.2023071804-win32-x64\jre\17.0.7-win32-x86_64\bin\java.dll
0x00007ffba6240000 - 0x00007ffba6258000 	C:\Users\Waruna\.vscode-insiders\extensions\redhat.java-1.21.2023071804-win32-x64\jre\17.0.7-win32-x86_64\bin\zip.dll
0x00007ffbd1070000 - 0x00007ffbd1869000 	C:\Windows\System32\SHELL32.dll
0x00007ffbcd600000 - 0x00007ffbcdece000 	C:\Windows\SYSTEM32\windows.storage.dll
0x00007ffbcd4c0000 - 0x00007ffbcd5fe000 	C:\Windows\SYSTEM32\wintypes.dll
0x00007ffbd0ec0000 - 0x00007ffbd0fb1000 	C:\Windows\System32\SHCORE.dll
0x00007ffbd1a90000 - 0x00007ffbd1aee000 	C:\Windows\System32\shlwapi.dll
0x00007ffbcf580000 - 0x00007ffbcf5a6000 	C:\Windows\SYSTEM32\profapi.dll
0x00007ffbcc1a0000 - 0x00007ffbcc1ac000 	C:\Users\Waruna\.vscode-insiders\extensions\redhat.java-1.21.2023071804-win32-x64\jre\17.0.7-win32-x86_64\bin\dt_socket.dll
0x00007ffbce1e0000 - 0x00007ffbce20d000 	C:\Windows\SYSTEM32\IPHLPAPI.DLL
0x00007ffbcebc0000 - 0x00007ffbcec29000 	C:\Windows\system32\mswsock.dll
0x00007ffbce210000 - 0x00007ffbce303000 	C:\Windows\SYSTEM32\DNSAPI.dll
0x00007ffbd1f70000 - 0x00007ffbd1f79000 	C:\Windows\System32\NSI.dll
0x00007ffbc7450000 - 0x00007ffbc745a000 	C:\Windows\System32\rasadhlp.dll
0x00007ffbc82e0000 - 0x00007ffbc8364000 	C:\Windows\System32\fwpuclnt.dll
0x00007ffba5cb0000 - 0x00007ffba5cc9000 	C:\Users\Waruna\.vscode-insiders\extensions\redhat.java-1.21.2023071804-win32-x64\jre\17.0.7-win32-x86_64\bin\net.dll
0x00007ffbc9060000 - 0x00007ffbc9197000 	C:\Windows\SYSTEM32\WINHTTP.dll
0x00007ffba51a0000 - 0x00007ffba51b5000 	C:\Users\Waruna\.vscode-insiders\extensions\redhat.java-1.21.2023071804-win32-x64\jre\17.0.7-win32-x86_64\bin\nio.dll
0x00007ffbb63d0000 - 0x00007ffbb63d9000 	C:\Users\Waruna\.vscode-insiders\extensions\redhat.java-1.21.2023071804-win32-x64\jre\17.0.7-win32-x86_64\bin\management.dll
0x00007ffbabb50000 - 0x00007ffbabb5b000 	C:\Users\Waruna\.vscode-insiders\extensions\redhat.java-1.21.2023071804-win32-x64\jre\17.0.7-win32-x86_64\bin\management_ext.dll
0x00007ffbd0160000 - 0x00007ffbd0168000 	C:\Windows\System32\PSAPI.DLL
0x00007ffbcee00000 - 0x00007ffbcee1b000 	C:\Windows\SYSTEM32\CRYPTSP.dll
0x00007ffbce6b0000 - 0x00007ffbce6e5000 	C:\Windows\system32\rsaenh.dll
0x00007ffbcec80000 - 0x00007ffbcecac000 	C:\Windows\SYSTEM32\USERENV.dll
0x00007ffbcf020000 - 0x00007ffbcf048000 	C:\Windows\SYSTEM32\bcrypt.dll
0x00007ffbcee20000 - 0x00007ffbcee2c000 	C:\Windows\SYSTEM32\CRYPTBASE.dll
0x00007ffbc8ee0000 - 0x00007ffbc8ef9000 	C:\Windows\SYSTEM32\dhcpcsvc6.DLL
0x00007ffbc8ec0000 - 0x00007ffbc8edf000 	C:\Windows\SYSTEM32\dhcpcsvc.DLL
0x00007ffbb7180000 - 0x00007ffbb7190000 	C:\Users\Waruna\.vscode-insiders\extensions\redhat.java-1.21.2023071804-win32-x64\jre\17.0.7-win32-x86_64\bin\verify.dll
0x00007ffbab9c0000 - 0x00007ffbab9ce000 	C:\Users\Waruna\.vscode-insiders\extensions\redhat.java-1.21.2023071804-win32-x64\jre\17.0.7-win32-x86_64\bin\sunmscapi.dll
0x00007ffbcfcb0000 - 0x00007ffbcfe17000 	C:\Windows\System32\CRYPT32.dll
0x00007ffbceff0000 - 0x00007ffbcf01e000 	C:\Windows\SYSTEM32\ncrypt.dll
0x00007ffbcefb0000 - 0x00007ffbcefe7000 	C:\Windows\SYSTEM32\NTASN1.dll
0x00007ffbb94e0000 - 0x00007ffbb94e8000 	C:\Windows\system32\wshunix.dll

dbghelp: loaded successfully - version: 4.0.5 - missing functions: none
symbol engine: initialized successfully - sym options: 0x614 - pdb path: .;C:\Users\Waruna\.vscode-insiders\extensions\redhat.java-1.21.2023071804-win32-x64\jre\17.0.7-win32-x86_64\bin;C:\Windows\SYSTEM32;C:\Windows\WinSxS\amd64_microsoft.windows.common-controls_6595b64144ccf1df_6.0.22621.1635_none_270f70857386168e;C:\Users\Waruna\.vscode-insiders\extensions\redhat.java-1.21.2023071804-win32-x64\jre\17.0.7-win32-x86_64\bin\server

VM Arguments:
jvm_args: -agentlib:jdwp=transport=dt_socket,server=n,suspend=y,address=localhost:3063 -XX:+ShowCodeDetailsInExceptionMessages -Dspring.jmx.enabled=true -Dmanagement.endpoints.jmx.exposure.include=* -Dspring.application.admin.enabled=true -Dspring.boot.project.name=security -Djava.rmi.server.hostname=localhost 
java_command: com.app.SecurityApplication
java_class_path (initial): E:\GitHub\ShopXpert-Showroom_Management_System\green-backend\target\classes;C:\Users\Waruna\.m2\repository\org\springframework\boot\spring-boot-starter-actuator\3.0.5\spring-boot-starter-actuator-3.0.5.jar;C:\Users\Waruna\.m2\repository\org\springframework\boot\spring-boot-actuator-autoconfigure\3.0.5\spring-boot-actuator-autoconfigure-3.0.5.jar;C:\Users\Waruna\.m2\repository\org\springframework\boot\spring-boot-actuator\3.0.5\spring-boot-actuator-3.0.5.jar;C:\Users\Waruna\.m2\repository\com\fasterxml\jackson\datatype\jackson-datatype-jsr310\2.14.2\jackson-datatype-jsr310-2.14.2.jar;C:\Users\Waruna\.m2\repository\io\micrometer\micrometer-observation\1.10.5\micrometer-observation-1.10.5.jar;C:\Users\Waruna\.m2\repository\io\micrometer\micrometer-commons\1.10.5\micrometer-commons-1.10.5.jar;C:\Users\Waruna\.m2\repository\io\micrometer\micrometer-core\1.10.5\micrometer-core-1.10.5.jar;C:\Users\Waruna\.m2\repository\org\hdrhistogram\HdrHistogram\2.1.12\HdrHistogram-2.1.12.jar;C:\Users\Waruna\.m2\repository\org\latencyutils\LatencyUtils\2.0.3\LatencyUtils-2.0.3.jar;C:\Users\Waruna\.m2\repository\org\springframework\boot\spring-boot-starter-data-jpa\3.0.5\spring-boot-starter-data-jpa-3.0.5.jar;C:\Users\Waruna\.m2\repository\org\springframework\boot\spring-boot-starter-aop\3.0.5\spring-boot-starter-aop-3.0.5.jar;C:\Users\Waruna\.m2\repository\org\aspectj\aspectjweaver\1.9.19\aspectjweaver-1.9.19.jar;C:\Users\Waruna\.m2\repository\org\springframework\boot\spring-boot-starter-jdbc\3.0.5\spring-boot-starter-jdbc-3.0.5.jar;C:\Users\Waruna\.m2\repository\com\zaxxer\HikariCP\5.0.1\HikariCP-5.0.1.jar;C:\Users\Waruna\.m2\repository\org\springframework\spring-jdbc\6.0.7\spring-jdbc-6.0.7.jar;C:\Users\Waruna\.m2\repository\org\hibernate\orm\hibernate-core\6.1.7.Final\hibernate-core-6.1.7.Final.jar;C:\Users\Waruna\.m2\repository\jakarta\persistence\jakarta.persistence-api\3.1.0\jakarta.persistence-api-3.1.0.jar;C:\Users\Waruna\.m2\repository\jakarta\trans
Launcher Type: SUN_STANDARD

[Global flags]
     intx CICompilerCount                          = 4                                         {product} {ergonomic}
     uint ConcGCThreads                            = 3                                         {product} {ergonomic}
     uint G1ConcRefinementThreads                  = 10                                        {product} {ergonomic}
   size_t G1HeapRegionSize                         = 1048576                                   {product} {ergonomic}
    uintx GCDrainStackTargetSize                   = 64                                        {product} {ergonomic}
   size_t InitialHeapSize                          = 132120576                                 {product} {ergonomic}
   size_t MarkStackSize                            = 4194304                                   {product} {ergonomic}
   size_t MaxHeapSize                              = 2101346304                                {product} {ergonomic}
   size_t MaxNewSize                               = 1260388352                                {product} {ergonomic}
   size_t MinHeapDeltaBytes                        = 1048576                                   {product} {ergonomic}
   size_t MinHeapSize                              = 8388608                                   {product} {ergonomic}
    uintx NonNMethodCodeHeapSize                   = 5839372                                {pd product} {ergonomic}
    uintx NonProfiledCodeHeapSize                  = 122909434                              {pd product} {ergonomic}
    uintx ProfiledCodeHeapSize                     = 122909434                              {pd product} {ergonomic}
    uintx ReservedCodeCacheSize                    = 251658240                              {pd product} {ergonomic}
     bool SegmentedCodeCache                       = true                                      {product} {ergonomic}
     bool ShowCodeDetailsInExceptionMessages       = true                                   {manageable} {command line}
   size_t SoftMaxHeapSize                          = 2101346304                             {manageable} {ergonomic}
     bool UseCompressedClassPointers               = true                           {product lp64_product} {ergonomic}
     bool UseCompressedOops                        = true                           {product lp64_product} {ergonomic}
     bool UseG1GC                                  = true                                      {product} {ergonomic}
     bool UseLargePagesIndividualAllocation        = false                                  {pd product} {ergonomic}

Logging:
Log output configuration:
 #0: stdout all=warning uptime,level,tags
 #1: stderr all=off uptime,level,tags

Environment Variables:
JAVA_HOME=H:\jdk-11.0.16.1
PATH=C:\Program Files\Common Files\Oracle\Java\javapath;C:\Program Files (x86)\VMware\VMware Player\bin\;C:\Python311\Scripts\;C:\Python311\;C:\Windows\system32;C:\Windows;C:\Windows\System32\Wbem;C:\Windows\System32\WindowsPowerShell\v1.0\;C:\Windows\System32\OpenSSH\;C:\Program Files\dotnet\;C:\Program Files\Java\jdk-17.0.1\bin;C:\Program Files\nodejs\;C:\ProgramData\chocolatey\bin;C:\Program Files (x86)\NVIDIA Corporation\PhysX\Common;H:\Git\cmd;H:\Scripts\;H:\;C:\Users\Waruna\AppData\Local\Microsoft\WindowsApps;C:\Users\Waruna\AppData\Local\GitHubDesktop\bin;C:\Users\Waruna\AppData\Roaming\npm;H:\gradle-7.3.1\bin;C:\Program Files\JetBrains\IntelliJ IDEA 2023.1.1\bin;;C:\Users\Waruna\AppData\Local\Programs\Microsoft VS Code Insiders\bin
USERNAME=Waruna
LANG=en_US.UTF-8
OS=Windows_NT
PROCESSOR_IDENTIFIER=Intel64 Family 6 Model 165 Stepping 2, GenuineIntel
TMP=C:\Users\Waruna\AppData\Local\Temp
TEMP=C:\Users\Waruna\AppData\Local\Temp



---------------  S Y S T E M  ---------------

OS:
 Windows 11 , 64 bit Build 22621 (10.0.22621.1928)
OS uptime: 2 days 18:22 hours
Hyper-V role detected

CPU: total 12 (initial active 12) (6 cores per cpu, 2 threads per core) family 6 model 165 stepping 2 microcode 0xe2, cx8, cmov, fxsr, ht, mmx, 3dnowpref, sse, sse2, sse3, ssse3, sse4.1, sse4.2, popcnt, lzcnt, tsc, tscinvbit, avx, avx2, aes, erms, clmul, bmi1, bmi2, adx, fma, vzeroupper, clflush, clflushopt, hv

Memory: 4k page, system-wide physical 8013M (548M free)
TotalPageFile size 18013M (AvailPageFile size 26M)
current process WorkingSet (physical memory assigned to process): 414M, peak: 430M
current process commit charge ("private bytes"): 451M, peak: 485M

vm_info: OpenJDK 64-Bit Server VM (17.0.7+7) for windows-amd64 JRE (17.0.7+7), built on Apr 18 2023 22:10:42 by "temurin" with MS VC++ 16.7 (VS2019)

END.
