#
# There is insufficient memory for the Java Runtime Environment to continue.
# Native memory allocation (malloc) failed to allocate 375248 bytes for Chunk::new
# Possible reasons:
#   The system is out of physical RAM or swap space
#   The process is running with CompressedOops enabled, and the Java Heap may be blocking the growth of the native heap
# Possible solutions:
#   Reduce memory load on the system
#   Increase physical memory or swap space
#   Check if swap backing store is full
#   Decrease Java heap size (-Xmx/-Xms)
#   Decrease number of Java threads
#   Decrease Java thread stack sizes (-Xss)
#   Set larger code cache with -XX:ReservedCodeCacheSize=
#   JVM is running with Unscaled Compressed Oops mode in which the Java heap is
#     placed in the first 4GB address space. The Java Heap base address is the
#     maximum limit for the native heap growth. Please use -XX:HeapBaseMinAddress
#     to set the Java Heap base and to place the Java Heap above 4GB virtual address.
# This output file may be truncated or incomplete.
#
#  Out of Memory Error (arena.cpp:189), pid=22216, tid=19124
#
# JRE version: Java(TM) SE Runtime Environment (17.0.7+8) (build 17.0.7+8-LTS-224)
# Java VM: Java HotSpot(TM) 64-Bit Server VM (17.0.7+8-LTS-224, mixed mode, sharing, tiered, compressed oops, compressed class ptrs, g1 gc, windows-amd64)
# No core dump will be written. Minidumps are not enabled by default on client versions of Windows
#

---------------  S U M M A R Y ------------

Command Line: -javaagent:C:\Program Files\JetBrains\IntelliJ IDEA 2023.1.1\lib\idea_rt.jar=6047:C:\Program Files\JetBrains\IntelliJ IDEA 2023.1.1\bin -Dfile.encoding=UTF-8 com.app.SecurityApplication

Host: Intel(R) Core(TM) i5-10500H CPU @ 2.50GHz, 12 cores, 7G,  Windows 11 , 64 bit Build 22621 (10.0.22621.1928)
Time: Mon Jul 24 16:18:02 2023 Sri Lanka Standard Time elapsed time: 0.442447 seconds (0d 0h 0m 0s)

---------------  T H R E A D  ---------------

Current thread (0x000002c0af999fa0):  JavaThread "C2 CompilerThread0" daemon [_thread_in_native, id=19124, stack(0x000000dfd7f00000,0x000000dfd8000000)]


Current CompileTask:
C2:    442  749       4       java.util.HashMap::put (13 bytes)

Stack: [0x000000dfd7f00000,0x000000dfd8000000]
Native frames: (J=compiled Java code, j=interpreted, Vv=VM code, C=native code)
V  [jvm.dll+0x676a4a]
V  [jvm.dll+0x7d74f4]
V  [jvm.dll+0x7d8c9e]
V  [jvm.dll+0x7d9303]
V  [jvm.dll+0x2452c5]
V  [jvm.dll+0xaaa2b]
V  [jvm.dll+0xaafcc]
V  [jvm.dll+0x36141e]
V  [jvm.dll+0x32bba1]
V  [jvm.dll+0x32b03a]
V  [jvm.dll+0x217acf]
V  [jvm.dll+0x216f01]
V  [jvm.dll+0x1a35e0]
V  [jvm.dll+0x226a6e]
V  [jvm.dll+0x224e15]
V  [jvm.dll+0x78d05c]
V  [jvm.dll+0x78759a]
V  [jvm.dll+0x675875]
C  [ucrtbase.dll+0x29363]
C  [KERNEL32.DLL+0x126ad]
C  [ntdll.dll+0x5aa68]


---------------  P R O C E S S  ---------------

Threads class SMR info:
_java_thread_list=0x000002c0b0daa0f0, length=14, elements={
0x000002c091b5c380, 0x000002c0af9811f0, 0x000002c0af981cb0, 0x000002c0af995250,
0x000002c0af997c20, 0x000002c0af9984e0, 0x000002c0af998da0, 0x000002c0af999fa0,
0x000002c0af99a8a0, 0x000002c0af99b1a0, 0x000002c0b0cd59b0, 0x000002c0b0ddc880,
0x000002c0b1021010, 0x000002c0b0e921e0
}

Java Threads: ( => current thread )
  0x000002c091b5c380 JavaThread "main" [_thread_in_vm, id=18076, stack(0x000000dfd7200000,0x000000dfd7300000)]
  0x000002c0af9811f0 JavaThread "Reference Handler" daemon [_thread_blocked, id=5896, stack(0x000000dfd7900000,0x000000dfd7a00000)]
  0x000002c0af981cb0 JavaThread "Finalizer" daemon [_thread_blocked, id=30016, stack(0x000000dfd7a00000,0x000000dfd7b00000)]
  0x000002c0af995250 JavaThread "Signal Dispatcher" daemon [_thread_blocked, id=19940, stack(0x000000dfd7b00000,0x000000dfd7c00000)]
  0x000002c0af997c20 JavaThread "Attach Listener" daemon [_thread_blocked, id=32212, stack(0x000000dfd7c00000,0x000000dfd7d00000)]
  0x000002c0af9984e0 JavaThread "Service Thread" daemon [_thread_blocked, id=9944, stack(0x000000dfd7d00000,0x000000dfd7e00000)]
  0x000002c0af998da0 JavaThread "Monitor Deflation Thread" daemon [_thread_blocked, id=31788, stack(0x000000dfd7e00000,0x000000dfd7f00000)]
=>0x000002c0af999fa0 JavaThread "C2 CompilerThread0" daemon [_thread_in_native, id=19124, stack(0x000000dfd7f00000,0x000000dfd8000000)]
  0x000002c0af99a8a0 JavaThread "C1 CompilerThread0" daemon [_thread_blocked, id=32024, stack(0x000000dfd8000000,0x000000dfd8100000)]
  0x000002c0af99b1a0 JavaThread "Sweeper thread" daemon [_thread_blocked, id=14700, stack(0x000000dfd8100000,0x000000dfd8200000)]
  0x000002c0b0cd59b0 JavaThread "Common-Cleaner" daemon [_thread_blocked, id=14376, stack(0x000000dfd8200000,0x000000dfd8300000)]
  0x000002c0b0ddc880 JavaThread "C2 CompilerThread1" daemon [_thread_blocked, id=5608, stack(0x000000dfd8300000,0x000000dfd8400000)]
  0x000002c0b1021010 JavaThread "Monitor Ctrl-Break" daemon [_thread_in_native, id=19976, stack(0x000000dfd8400000,0x000000dfd8500000)]
  0x000002c0b0e921e0 JavaThread "Notification Thread" daemon [_thread_blocked, id=28312, stack(0x000000dfd8500000,0x000000dfd8600000)]

Other Threads:
  0x000002c0af97d850 VMThread "VM Thread" [stack: 0x000000dfd7800000,0x000000dfd7900000] [id=9740]
  0x000002c0b0e92fb0 WatcherThread [stack: 0x000000dfd8600000,0x000000dfd8700000] [id=7972]
  0x000002c091bb7270 GCTaskThread "GC Thread#0" [stack: 0x000000dfd7300000,0x000000dfd7400000] [id=22652]
  0x000002c091bc7ca0 ConcurrentGCThread "G1 Main Marker" [stack: 0x000000dfd7400000,0x000000dfd7500000] [id=29236]
  0x000002c091bc9d70 ConcurrentGCThread "G1 Conc#0" [stack: 0x000000dfd7500000,0x000000dfd7600000] [id=14984]
  0x000002c091c1d340 ConcurrentGCThread "G1 Refine#0" [stack: 0x000000dfd7600000,0x000000dfd7700000] [id=10740]
  0x000002c091c1eb20 ConcurrentGCThread "G1 Service" [stack: 0x000000dfd7700000,0x000000dfd7800000] [id=14092]

Threads with active compile tasks:
C2 CompilerThread0      458  749       4       java.util.HashMap::put (13 bytes)

VM state: not at safepoint (normal execution)

VM Mutex/Monitor currently owned by a thread:  ([mutex/lock_event])
[0x000002c091b570e0] Metaspace_lock - owner thread: 0x000002c091b5c380

Heap address: 0x0000000082c00000, size: 2004 MB, Compressed Oops mode: 32-bit

CDS archive(s) mapped at: [0x0000000800000000-0x0000000800bd0000-0x0000000800bd0000), size 12386304, SharedBaseAddress: 0x0000000800000000, ArchiveRelocationMode: 0.
Compressed class space mapped at: 0x0000000800c00000-0x0000000840c00000, reserved size: 1073741824
Narrow klass base: 0x0000000800000000, Narrow klass shift: 0, Narrow klass range: 0x100000000

GC Precious Log:
 CPUs: 12 total, 12 available
 Memory: 8013M
 Large Page Support: Disabled
 NUMA Support: Disabled
 Compressed Oops: Enabled (32-bit)
 Heap Region Size: 1M
 Heap Min Capacity: 8M
 Heap Initial Capacity: 126M
 Heap Max Capacity: 2004M
 Pre-touch: Disabled
 Parallel Workers: 10
 Concurrent Workers: 3
 Concurrent Refinement Workers: 10
 Periodic GC: Disabled

Heap:
 garbage-first heap   total 129024K, used 15360K [0x0000000082c00000, 0x0000000100000000)
  region size 1024K, 15 young (15360K), 0 survivors (0K)
 Metaspace       used 3860K, committed 4032K, reserved 1056768K
  class space    used 420K, committed 512K, reserved 1048576K

Heap Regions: E=young(eden), S=young(survivor), O=old, HS=humongous(starts), HC=humongous(continues), CS=collection set, F=free, OA=open archive, CA=closed archive, TAMS=top-at-mark-start (previous, next)
|   0|0x0000000082c00000, 0x0000000082d00000, 0x0000000082d00000|100%|HS|  |TAMS 0x0000000082c00000, 0x0000000082c00000| Complete 
|   1|0x0000000082d00000, 0x0000000082d00000, 0x0000000082e00000|  0%| F|  |TAMS 0x0000000082d00000, 0x0000000082d00000| Untracked 
|   2|0x0000000082e00000, 0x0000000082e00000, 0x0000000082f00000|  0%| F|  |TAMS 0x0000000082e00000, 0x0000000082e00000| Untracked 
|   3|0x0000000082f00000, 0x0000000082f00000, 0x0000000083000000|  0%| F|  |TAMS 0x0000000082f00000, 0x0000000082f00000| Untracked 
|   4|0x0000000083000000, 0x0000000083000000, 0x0000000083100000|  0%| F|  |TAMS 0x0000000083000000, 0x0000000083000000| Untracked 
|   5|0x0000000083100000, 0x0000000083100000, 0x0000000083200000|  0%| F|  |TAMS 0x0000000083100000, 0x0000000083100000| Untracked 
|   6|0x0000000083200000, 0x0000000083200000, 0x0000000083300000|  0%| F|  |TAMS 0x0000000083200000, 0x0000000083200000| Untracked 
|   7|0x0000000083300000, 0x0000000083300000, 0x0000000083400000|  0%| F|  |TAMS 0x0000000083300000, 0x0000000083300000| Untracked 
|   8|0x0000000083400000, 0x0000000083400000, 0x0000000083500000|  0%| F|  |TAMS 0x0000000083400000, 0x0000000083400000| Untracked 
|   9|0x0000000083500000, 0x0000000083500000, 0x0000000083600000|  0%| F|  |TAMS 0x0000000083500000, 0x0000000083500000| Untracked 
|  10|0x0000000083600000, 0x0000000083600000, 0x0000000083700000|  0%| F|  |TAMS 0x0000000083600000, 0x0000000083600000| Untracked 
|  11|0x0000000083700000, 0x0000000083700000, 0x0000000083800000|  0%| F|  |TAMS 0x0000000083700000, 0x0000000083700000| Untracked 
|  12|0x0000000083800000, 0x0000000083800000, 0x0000000083900000|  0%| F|  |TAMS 0x0000000083800000, 0x0000000083800000| Untracked 
|  13|0x0000000083900000, 0x0000000083900000, 0x0000000083a00000|  0%| F|  |TAMS 0x0000000083900000, 0x0000000083900000| Untracked 
|  14|0x0000000083a00000, 0x0000000083a00000, 0x0000000083b00000|  0%| F|  |TAMS 0x0000000083a00000, 0x0000000083a00000| Untracked 
|  15|0x0000000083b00000, 0x0000000083b00000, 0x0000000083c00000|  0%| F|  |TAMS 0x0000000083b00000, 0x0000000083b00000| Untracked 
|  16|0x0000000083c00000, 0x0000000083c00000, 0x0000000083d00000|  0%| F|  |TAMS 0x0000000083c00000, 0x0000000083c00000| Untracked 
|  17|0x0000000083d00000, 0x0000000083d00000, 0x0000000083e00000|  0%| F|  |TAMS 0x0000000083d00000, 0x0000000083d00000| Untracked 
|  18|0x0000000083e00000, 0x0000000083e00000, 0x0000000083f00000|  0%| F|  |TAMS 0x0000000083e00000, 0x0000000083e00000| Untracked 
|  19|0x0000000083f00000, 0x0000000083f00000, 0x0000000084000000|  0%| F|  |TAMS 0x0000000083f00000, 0x0000000083f00000| Untracked 
|  20|0x0000000084000000, 0x0000000084000000, 0x0000000084100000|  0%| F|  |TAMS 0x0000000084000000, 0x0000000084000000| Untracked 
|  21|0x0000000084100000, 0x0000000084100000, 0x0000000084200000|  0%| F|  |TAMS 0x0000000084100000, 0x0000000084100000| Untracked 
|  22|0x0000000084200000, 0x0000000084200000, 0x0000000084300000|  0%| F|  |TAMS 0x0000000084200000, 0x0000000084200000| Untracked 
|  23|0x0000000084300000, 0x0000000084300000, 0x0000000084400000|  0%| F|  |TAMS 0x0000000084300000, 0x0000000084300000| Untracked 
|  24|0x0000000084400000, 0x0000000084400000, 0x0000000084500000|  0%| F|  |TAMS 0x0000000084400000, 0x0000000084400000| Untracked 
|  25|0x0000000084500000, 0x0000000084500000, 0x0000000084600000|  0%| F|  |TAMS 0x0000000084500000, 0x0000000084500000| Untracked 
|  26|0x0000000084600000, 0x0000000084600000, 0x0000000084700000|  0%| F|  |TAMS 0x0000000084600000, 0x0000000084600000| Untracked 
|  27|0x0000000084700000, 0x0000000084700000, 0x0000000084800000|  0%| F|  |TAMS 0x0000000084700000, 0x0000000084700000| Untracked 
|  28|0x0000000084800000, 0x0000000084800000, 0x0000000084900000|  0%| F|  |TAMS 0x0000000084800000, 0x0000000084800000| Untracked 
|  29|0x0000000084900000, 0x0000000084900000, 0x0000000084a00000|  0%| F|  |TAMS 0x0000000084900000, 0x0000000084900000| Untracked 
|  30|0x0000000084a00000, 0x0000000084a00000, 0x0000000084b00000|  0%| F|  |TAMS 0x0000000084a00000, 0x0000000084a00000| Untracked 
|  31|0x0000000084b00000, 0x0000000084b00000, 0x0000000084c00000|  0%| F|  |TAMS 0x0000000084b00000, 0x0000000084b00000| Untracked 
|  32|0x0000000084c00000, 0x0000000084c00000, 0x0000000084d00000|  0%| F|  |TAMS 0x0000000084c00000, 0x0000000084c00000| Untracked 
|  33|0x0000000084d00000, 0x0000000084d00000, 0x0000000084e00000|  0%| F|  |TAMS 0x0000000084d00000, 0x0000000084d00000| Untracked 
|  34|0x0000000084e00000, 0x0000000084e00000, 0x0000000084f00000|  0%| F|  |TAMS 0x0000000084e00000, 0x0000000084e00000| Untracked 
|  35|0x0000000084f00000, 0x0000000084f00000, 0x0000000085000000|  0%| F|  |TAMS 0x0000000084f00000, 0x0000000084f00000| Untracked 
|  36|0x0000000085000000, 0x0000000085000000, 0x0000000085100000|  0%| F|  |TAMS 0x0000000085000000, 0x0000000085000000| Untracked 
|  37|0x0000000085100000, 0x0000000085100000, 0x0000000085200000|  0%| F|  |TAMS 0x0000000085100000, 0x0000000085100000| Untracked 
|  38|0x0000000085200000, 0x0000000085200000, 0x0000000085300000|  0%| F|  |TAMS 0x0000000085200000, 0x0000000085200000| Untracked 
|  39|0x0000000085300000, 0x0000000085300000, 0x0000000085400000|  0%| F|  |TAMS 0x0000000085300000, 0x0000000085300000| Untracked 
|  40|0x0000000085400000, 0x0000000085400000, 0x0000000085500000|  0%| F|  |TAMS 0x0000000085400000, 0x0000000085400000| Untracked 
|  41|0x0000000085500000, 0x0000000085500000, 0x0000000085600000|  0%| F|  |TAMS 0x0000000085500000, 0x0000000085500000| Untracked 
|  42|0x0000000085600000, 0x0000000085600000, 0x0000000085700000|  0%| F|  |TAMS 0x0000000085600000, 0x0000000085600000| Untracked 
|  43|0x0000000085700000, 0x0000000085700000, 0x0000000085800000|  0%| F|  |TAMS 0x0000000085700000, 0x0000000085700000| Untracked 
|  44|0x0000000085800000, 0x0000000085800000, 0x0000000085900000|  0%| F|  |TAMS 0x0000000085800000, 0x0000000085800000| Untracked 
|  45|0x0000000085900000, 0x0000000085900000, 0x0000000085a00000|  0%| F|  |TAMS 0x0000000085900000, 0x0000000085900000| Untracked 
|  46|0x0000000085a00000, 0x0000000085a00000, 0x0000000085b00000|  0%| F|  |TAMS 0x0000000085a00000, 0x0000000085a00000| Untracked 
|  47|0x0000000085b00000, 0x0000000085b00000, 0x0000000085c00000|  0%| F|  |TAMS 0x0000000085b00000, 0x0000000085b00000| Untracked 
|  48|0x0000000085c00000, 0x0000000085c00000, 0x0000000085d00000|  0%| F|  |TAMS 0x0000000085c00000, 0x0000000085c00000| Untracked 
|  49|0x0000000085d00000, 0x0000000085d00000, 0x0000000085e00000|  0%| F|  |TAMS 0x0000000085d00000, 0x0000000085d00000| Untracked 
|  50|0x0000000085e00000, 0x0000000085e00000, 0x0000000085f00000|  0%| F|  |TAMS 0x0000000085e00000, 0x0000000085e00000| Untracked 
|  51|0x0000000085f00000, 0x0000000085f00000, 0x0000000086000000|  0%| F|  |TAMS 0x0000000085f00000, 0x0000000085f00000| Untracked 
|  52|0x0000000086000000, 0x0000000086000000, 0x0000000086100000|  0%| F|  |TAMS 0x0000000086000000, 0x0000000086000000| Untracked 
|  53|0x0000000086100000, 0x0000000086100000, 0x0000000086200000|  0%| F|  |TAMS 0x0000000086100000, 0x0000000086100000| Untracked 
|  54|0x0000000086200000, 0x0000000086200000, 0x0000000086300000|  0%| F|  |TAMS 0x0000000086200000, 0x0000000086200000| Untracked 
|  55|0x0000000086300000, 0x0000000086300000, 0x0000000086400000|  0%| F|  |TAMS 0x0000000086300000, 0x0000000086300000| Untracked 
|  56|0x0000000086400000, 0x0000000086400000, 0x0000000086500000|  0%| F|  |TAMS 0x0000000086400000, 0x0000000086400000| Untracked 
|  57|0x0000000086500000, 0x0000000086500000, 0x0000000086600000|  0%| F|  |TAMS 0x0000000086500000, 0x0000000086500000| Untracked 
|  58|0x0000000086600000, 0x0000000086600000, 0x0000000086700000|  0%| F|  |TAMS 0x0000000086600000, 0x0000000086600000| Untracked 
|  59|0x0000000086700000, 0x0000000086700000, 0x0000000086800000|  0%| F|  |TAMS 0x0000000086700000, 0x0000000086700000| Untracked 
|  60|0x0000000086800000, 0x0000000086800000, 0x0000000086900000|  0%| F|  |TAMS 0x0000000086800000, 0x0000000086800000| Untracked 
|  61|0x0000000086900000, 0x0000000086900000, 0x0000000086a00000|  0%| F|  |TAMS 0x0000000086900000, 0x0000000086900000| Untracked 
|  62|0x0000000086a00000, 0x0000000086a00000, 0x0000000086b00000|  0%| F|  |TAMS 0x0000000086a00000, 0x0000000086a00000| Untracked 
|  63|0x0000000086b00000, 0x0000000086b00000, 0x0000000086c00000|  0%| F|  |TAMS 0x0000000086b00000, 0x0000000086b00000| Untracked 
|  64|0x0000000086c00000, 0x0000000086c00000, 0x0000000086d00000|  0%| F|  |TAMS 0x0000000086c00000, 0x0000000086c00000| Untracked 
|  65|0x0000000086d00000, 0x0000000086d00000, 0x0000000086e00000|  0%| F|  |TAMS 0x0000000086d00000, 0x0000000086d00000| Untracked 
|  66|0x0000000086e00000, 0x0000000086e00000, 0x0000000086f00000|  0%| F|  |TAMS 0x0000000086e00000, 0x0000000086e00000| Untracked 
|  67|0x0000000086f00000, 0x0000000086f00000, 0x0000000087000000|  0%| F|  |TAMS 0x0000000086f00000, 0x0000000086f00000| Untracked 
|  68|0x0000000087000000, 0x0000000087000000, 0x0000000087100000|  0%| F|  |TAMS 0x0000000087000000, 0x0000000087000000| Untracked 
|  69|0x0000000087100000, 0x0000000087100000, 0x0000000087200000|  0%| F|  |TAMS 0x0000000087100000, 0x0000000087100000| Untracked 
|  70|0x0000000087200000, 0x0000000087200000, 0x0000000087300000|  0%| F|  |TAMS 0x0000000087200000, 0x0000000087200000| Untracked 
|  71|0x0000000087300000, 0x0000000087300000, 0x0000000087400000|  0%| F|  |TAMS 0x0000000087300000, 0x0000000087300000| Untracked 
|  72|0x0000000087400000, 0x0000000087400000, 0x0000000087500000|  0%| F|  |TAMS 0x0000000087400000, 0x0000000087400000| Untracked 
|  73|0x0000000087500000, 0x0000000087500000, 0x0000000087600000|  0%| F|  |TAMS 0x0000000087500000, 0x0000000087500000| Untracked 
|  74|0x0000000087600000, 0x0000000087600000, 0x0000000087700000|  0%| F|  |TAMS 0x0000000087600000, 0x0000000087600000| Untracked 
|  75|0x0000000087700000, 0x0000000087700000, 0x0000000087800000|  0%| F|  |TAMS 0x0000000087700000, 0x0000000087700000| Untracked 
|  76|0x0000000087800000, 0x0000000087800000, 0x0000000087900000|  0%| F|  |TAMS 0x0000000087800000, 0x0000000087800000| Untracked 
|  77|0x0000000087900000, 0x0000000087900000, 0x0000000087a00000|  0%| F|  |TAMS 0x0000000087900000, 0x0000000087900000| Untracked 
|  78|0x0000000087a00000, 0x0000000087a00000, 0x0000000087b00000|  0%| F|  |TAMS 0x0000000087a00000, 0x0000000087a00000| Untracked 
|  79|0x0000000087b00000, 0x0000000087b00000, 0x0000000087c00000|  0%| F|  |TAMS 0x0000000087b00000, 0x0000000087b00000| Untracked 
|  80|0x0000000087c00000, 0x0000000087c00000, 0x0000000087d00000|  0%| F|  |TAMS 0x0000000087c00000, 0x0000000087c00000| Untracked 
|  81|0x0000000087d00000, 0x0000000087d00000, 0x0000000087e00000|  0%| F|  |TAMS 0x0000000087d00000, 0x0000000087d00000| Untracked 
|  82|0x0000000087e00000, 0x0000000087e00000, 0x0000000087f00000|  0%| F|  |TAMS 0x0000000087e00000, 0x0000000087e00000| Untracked 
|  83|0x0000000087f00000, 0x0000000087f00000, 0x0000000088000000|  0%| F|  |TAMS 0x0000000087f00000, 0x0000000087f00000| Untracked 
|  84|0x0000000088000000, 0x0000000088000000, 0x0000000088100000|  0%| F|  |TAMS 0x0000000088000000, 0x0000000088000000| Untracked 
|  85|0x0000000088100000, 0x0000000088100000, 0x0000000088200000|  0%| F|  |TAMS 0x0000000088100000, 0x0000000088100000| Untracked 
|  86|0x0000000088200000, 0x0000000088200000, 0x0000000088300000|  0%| F|  |TAMS 0x0000000088200000, 0x0000000088200000| Untracked 
|  87|0x0000000088300000, 0x0000000088300000, 0x0000000088400000|  0%| F|  |TAMS 0x0000000088300000, 0x0000000088300000| Untracked 
|  88|0x0000000088400000, 0x0000000088400000, 0x0000000088500000|  0%| F|  |TAMS 0x0000000088400000, 0x0000000088400000| Untracked 
|  89|0x0000000088500000, 0x0000000088500000, 0x0000000088600000|  0%| F|  |TAMS 0x0000000088500000, 0x0000000088500000| Untracked 
|  90|0x0000000088600000, 0x0000000088600000, 0x0000000088700000|  0%| F|  |TAMS 0x0000000088600000, 0x0000000088600000| Untracked 
|  91|0x0000000088700000, 0x0000000088700000, 0x0000000088800000|  0%| F|  |TAMS 0x0000000088700000, 0x0000000088700000| Untracked 
|  92|0x0000000088800000, 0x0000000088800000, 0x0000000088900000|  0%| F|  |TAMS 0x0000000088800000, 0x0000000088800000| Untracked 
|  93|0x0000000088900000, 0x0000000088900000, 0x0000000088a00000|  0%| F|  |TAMS 0x0000000088900000, 0x0000000088900000| Untracked 
|  94|0x0000000088a00000, 0x0000000088a00000, 0x0000000088b00000|  0%| F|  |TAMS 0x0000000088a00000, 0x0000000088a00000| Untracked 
|  95|0x0000000088b00000, 0x0000000088b00000, 0x0000000088c00000|  0%| F|  |TAMS 0x0000000088b00000, 0x0000000088b00000| Untracked 
|  96|0x0000000088c00000, 0x0000000088c00000, 0x0000000088d00000|  0%| F|  |TAMS 0x0000000088c00000, 0x0000000088c00000| Untracked 
|  97|0x0000000088d00000, 0x0000000088d00000, 0x0000000088e00000|  0%| F|  |TAMS 0x0000000088d00000, 0x0000000088d00000| Untracked 
|  98|0x0000000088e00000, 0x0000000088e00000, 0x0000000088f00000|  0%| F|  |TAMS 0x0000000088e00000, 0x0000000088e00000| Untracked 
|  99|0x0000000088f00000, 0x0000000088f00000, 0x0000000089000000|  0%| F|  |TAMS 0x0000000088f00000, 0x0000000088f00000| Untracked 
| 100|0x0000000089000000, 0x0000000089000000, 0x0000000089100000|  0%| F|  |TAMS 0x0000000089000000, 0x0000000089000000| Untracked 
| 101|0x0000000089100000, 0x0000000089100000, 0x0000000089200000|  0%| F|  |TAMS 0x0000000089100000, 0x0000000089100000| Untracked 
| 102|0x0000000089200000, 0x0000000089200000, 0x0000000089300000|  0%| F|  |TAMS 0x0000000089200000, 0x0000000089200000| Untracked 
| 103|0x0000000089300000, 0x0000000089300000, 0x0000000089400000|  0%| F|  |TAMS 0x0000000089300000, 0x0000000089300000| Untracked 
| 104|0x0000000089400000, 0x0000000089400000, 0x0000000089500000|  0%| F|  |TAMS 0x0000000089400000, 0x0000000089400000| Untracked 
| 105|0x0000000089500000, 0x0000000089500000, 0x0000000089600000|  0%| F|  |TAMS 0x0000000089500000, 0x0000000089500000| Untracked 
| 106|0x0000000089600000, 0x0000000089600000, 0x0000000089700000|  0%| F|  |TAMS 0x0000000089600000, 0x0000000089600000| Untracked 
| 107|0x0000000089700000, 0x0000000089700000, 0x0000000089800000|  0%| F|  |TAMS 0x0000000089700000, 0x0000000089700000| Untracked 
| 108|0x0000000089800000, 0x0000000089800000, 0x0000000089900000|  0%| F|  |TAMS 0x0000000089800000, 0x0000000089800000| Untracked 
| 109|0x0000000089900000, 0x0000000089900000, 0x0000000089a00000|  0%| F|  |TAMS 0x0000000089900000, 0x0000000089900000| Untracked 
| 110|0x0000000089a00000, 0x0000000089a00000, 0x0000000089b00000|  0%| F|  |TAMS 0x0000000089a00000, 0x0000000089a00000| Untracked 
| 111|0x0000000089b00000, 0x0000000089bfa538, 0x0000000089c00000| 97%| E|  |TAMS 0x0000000089b00000, 0x0000000089b00000| Complete 
| 112|0x0000000089c00000, 0x0000000089d00000, 0x0000000089d00000|100%| E|CS|TAMS 0x0000000089c00000, 0x0000000089c00000| Complete 
| 113|0x0000000089d00000, 0x0000000089e00000, 0x0000000089e00000|100%| E|CS|TAMS 0x0000000089d00000, 0x0000000089d00000| Complete 
| 114|0x0000000089e00000, 0x0000000089f00000, 0x0000000089f00000|100%| E|CS|TAMS 0x0000000089e00000, 0x0000000089e00000| Complete 
| 115|0x0000000089f00000, 0x000000008a000000, 0x000000008a000000|100%| E|CS|TAMS 0x0000000089f00000, 0x0000000089f00000| Complete 
| 116|0x000000008a000000, 0x000000008a100000, 0x000000008a100000|100%| E|CS|TAMS 0x000000008a000000, 0x000000008a000000| Complete 
| 117|0x000000008a100000, 0x000000008a200000, 0x000000008a200000|100%| E|CS|TAMS 0x000000008a100000, 0x000000008a100000| Complete 
| 118|0x000000008a200000, 0x000000008a300000, 0x000000008a300000|100%| E|CS|TAMS 0x000000008a200000, 0x000000008a200000| Complete 
| 119|0x000000008a300000, 0x000000008a400000, 0x000000008a400000|100%| E|CS|TAMS 0x000000008a300000, 0x000000008a300000| Complete 
| 120|0x000000008a400000, 0x000000008a500000, 0x000000008a500000|100%| E|CS|TAMS 0x000000008a400000, 0x000000008a400000| Complete 
| 121|0x000000008a500000, 0x000000008a600000, 0x000000008a600000|100%| E|CS|TAMS 0x000000008a500000, 0x000000008a500000| Complete 
| 122|0x000000008a600000, 0x000000008a700000, 0x000000008a700000|100%| E|CS|TAMS 0x000000008a600000, 0x000000008a600000| Complete 
| 123|0x000000008a700000, 0x000000008a800000, 0x000000008a800000|100%| E|CS|TAMS 0x000000008a700000, 0x000000008a700000| Complete 
| 124|0x000000008a800000, 0x000000008a900000, 0x000000008a900000|100%| E|CS|TAMS 0x000000008a800000, 0x000000008a800000| Complete 
| 125|0x000000008a900000, 0x000000008aa00000, 0x000000008aa00000|100%| E|CS|TAMS 0x000000008a900000, 0x000000008a900000| Complete 

Card table byte_map: [0x000002c0a8d10000,0x000002c0a9100000] _byte_map_base: 0x000002c0a88fa000

Marking Bits (Prev, Next): (CMBitMap*) 0x000002c091bb7790, (CMBitMap*) 0x000002c091bb77d0
 Prev Bits: [0x000002c0a94f0000, 0x000002c0ab440000)
 Next Bits: [0x000002c0ab440000, 0x000002c0ad390000)

Polling page: 0x000002c08faf0000

Metaspace:

Usage:
  Non-class:      3.36 MB used.
      Class:    420.26 KB used.
       Both:      3.77 MB used.

Virtual space:
  Non-class space:        8.00 MB reserved,       3.44 MB ( 43%) committed,  1 nodes.
      Class space:        1.00 GB reserved,     512.00 KB ( <1%) committed,  1 nodes.
             Both:        1.01 GB reserved,       3.94 MB ( <1%) committed. 

Chunk freelists:
   Non-Class:  2.61 MB
       Class:  3.53 MB
        Both:  6.14 MB

MaxMetaspaceSize: unlimited
CompressedClassSpaceSize: 1.00 GB
Initial GC threshold: 21.00 MB
Current GC threshold: 21.00 MB
CDS: on
MetaspaceReclaimPolicy: balanced
 - commit_granule_bytes: 65536.
 - commit_granule_words: 8192.
 - virtual_space_node_default_size: 1048576.
 - enlarge_chunks_in_place: 1.
 - new_chunks_are_fully_committed: 0.
 - uncommit_free_chunks: 1.
 - use_allocation_guard: 0.
 - handle_deallocations: 1.


Internal statistics:

num_allocs_failed_limit: 0.
num_arena_births: 56.
num_arena_deaths: 0.
num_vsnodes_births: 2.
num_vsnodes_deaths: 0.
num_space_committed: 63.
num_space_uncommitted: 0.
num_chunks_returned_to_freelist: 0.
num_chunks_taken_from_freelist: 136.
num_chunk_merges: 0.
num_chunk_splits: 91.
num_chunks_enlarged: 68.
num_purges: 0.
num_inconsistent_stats: 0.

CodeHeap 'non-profiled nmethods': size=120000Kb used=298Kb max_used=298Kb free=119701Kb
 bounds [0x000002c0a0ea0000, 0x000002c0a1110000, 0x000002c0a83d0000]
CodeHeap 'profiled nmethods': size=120000Kb used=1417Kb max_used=1417Kb free=118582Kb
 bounds [0x000002c0993d0000, 0x000002c099640000, 0x000002c0a0900000]
CodeHeap 'non-nmethods': size=5760Kb used=1139Kb max_used=1157Kb free=4620Kb
 bounds [0x000002c0a0900000, 0x000002c0a0b70000, 0x000002c0a0ea0000]
 total_blobs=1224 nmethods=797 adapters=340
 compilation: enabled
              stopped_count=0, restarted_count=0
 full_count=0

Compilation events (20 events):
Event: 0.418 Thread 0x000002c0af99a8a0 nmethod 762 0x000002c09951f890 code [0x000002c09951fa40, 0x000002c09951fd18]
Event: 0.418 Thread 0x000002c0b0ddc880  763       4       java.nio.Buffer::scope (17 bytes)
Event: 0.418 Thread 0x000002c0af99a8a0  764       3       jdk.internal.org.objectweb.asm.Label::<init> (5 bytes)
Event: 0.418 Thread 0x000002c0af99a8a0 nmethod 764 0x000002c09951fe10 code [0x000002c09951ffa0, 0x000002c0995200f8]
Event: 0.418 Thread 0x000002c0b0ddc880 nmethod 763 0x000002c0a0ee8410 code [0x000002c0a0ee8580, 0x000002c0a0ee8618]
Event: 0.419 Thread 0x000002c0af99a8a0  765       3       jdk.internal.org.objectweb.asm.Label::resolve (219 bytes)
Event: 0.419 Thread 0x000002c0af99a8a0 nmethod 765 0x000002c099520190 code [0x000002c099520360, 0x000002c099520898]
Event: 0.419 Thread 0x000002c0af99a8a0  766       3       jdk.internal.org.objectweb.asm.Frame::pop (44 bytes)
Event: 0.419 Thread 0x000002c0af99a8a0 nmethod 766 0x000002c099520b90 code [0x000002c099520d20, 0x000002c099520eb8]
Event: 0.419 Thread 0x000002c0af99a8a0  767       1       java.lang.reflect.Method::getName (5 bytes)
Event: 0.419 Thread 0x000002c0af99a8a0 nmethod 767 0x000002c0a0ee8710 code [0x000002c0a0ee88a0, 0x000002c0a0ee8978]
Event: 0.420 Thread 0x000002c0af99a8a0  768       3       java.util.jar.Manifest::getAttributes (14 bytes)
Event: 0.421 Thread 0x000002c0af99a8a0 nmethod 768 0x000002c099520f90 code [0x000002c099521140, 0x000002c099521428]
Event: 0.421 Thread 0x000002c0af99a8a0  769       3       sun.net.www.protocol.jar.Handler::parseURL (173 bytes)
Event: 0.422 Thread 0x000002c0af99a8a0 nmethod 769 0x000002c099521510 code [0x000002c0995217c0, 0x000002c099522378]
Event: 0.422 Thread 0x000002c0af99a8a0  772       3       jdk.internal.ref.CleanerImpl$PhantomCleanableRef::performCleanup (10 bytes)
Event: 0.422 Thread 0x000002c0af99a8a0 nmethod 772 0x000002c099522890 code [0x000002c099522a40, 0x000002c099522c08]
Event: 0.422 Thread 0x000002c0af99a8a0  770       3       sun.net.www.protocol.jar.Handler::parseContextSpec (150 bytes)
Event: 0.423 Thread 0x000002c0af99a8a0 nmethod 770 0x000002c099522d10 code [0x000002c0995231a0, 0x000002c099524e78]
Event: 0.423 Thread 0x000002c0af99a8a0  774       3       java.util.zip.ZipFile$ZipFileInputStream::initDataOffset (117 bytes)

GC Heap History (0 events):
No events

Deoptimization events (20 events):
Event: 0.171 Thread 0x000002c091b5c380 Uncommon trap: trap_request=0xffffff45 fr.pc=0x000002c0a0ea1c5c relative=0x000000000000005c
Event: 0.171 Thread 0x000002c091b5c380 Uncommon trap: reason=unstable_if action=reinterpret pc=0x000002c0a0ea1c5c method=java.lang.String.isLatin1()Z @ 10 c2
Event: 0.171 Thread 0x000002c091b5c380 DEOPT PACKING pc=0x000002c0a0ea1c5c sp=0x000000dfd72fe250
Event: 0.171 Thread 0x000002c091b5c380 DEOPT UNPACKING pc=0x000002c0a09523a3 sp=0x000000dfd72fe1e0 mode 2
Event: 0.171 Thread 0x000002c091b5c380 Uncommon trap: trap_request=0xffffff45 fr.pc=0x000002c0a0ea15f8 relative=0x0000000000000078
Event: 0.171 Thread 0x000002c091b5c380 Uncommon trap: reason=unstable_if action=reinterpret pc=0x000002c0a0ea15f8 method=java.lang.String.isLatin1()Z @ 10 c2
Event: 0.171 Thread 0x000002c091b5c380 DEOPT PACKING pc=0x000002c0a0ea15f8 sp=0x000000dfd72fec00
Event: 0.171 Thread 0x000002c091b5c380 DEOPT UNPACKING pc=0x000002c0a09523a3 sp=0x000000dfd72feb40 mode 2
Event: 0.235 Thread 0x000002c091b5c380 Uncommon trap: trap_request=0xffffff45 fr.pc=0x000002c0a0eb59e4 relative=0x0000000000000064
Event: 0.235 Thread 0x000002c091b5c380 Uncommon trap: reason=unstable_if action=reinterpret pc=0x000002c0a0eb59e4 method=java.io.WinNTFileSystem.isSlash(C)Z @ 9 c2
Event: 0.235 Thread 0x000002c091b5c380 DEOPT PACKING pc=0x000002c0a0eb59e4 sp=0x000000dfd72fd970
Event: 0.235 Thread 0x000002c091b5c380 DEOPT UNPACKING pc=0x000002c0a09523a3 sp=0x000000dfd72fd8f8 mode 2
Event: 0.236 Thread 0x000002c091b5c380 DEOPT PACKING pc=0x000002c099419634 sp=0x000000dfd72fcdc0
Event: 0.236 Thread 0x000002c091b5c380 DEOPT UNPACKING pc=0x000002c0a0952b43 sp=0x000000dfd72fc270 mode 0
Event: 0.237 Thread 0x000002c091b5c380 DEOPT PACKING pc=0x000002c0994092d6 sp=0x000000dfd72f9620
Event: 0.237 Thread 0x000002c091b5c380 DEOPT UNPACKING pc=0x000002c0a0952b43 sp=0x000000dfd72f8ac0 mode 0
Event: 0.284 Thread 0x000002c091b5c380 DEOPT PACKING pc=0x000002c09940c8e5 sp=0x000000dfd72fc8d0
Event: 0.284 Thread 0x000002c091b5c380 DEOPT UNPACKING pc=0x000002c0a0952b43 sp=0x000000dfd72fbd20 mode 0
Event: 0.372 Thread 0x000002c091b5c380 DEOPT PACKING pc=0x000002c099408d3e sp=0x000000dfd72fd670
Event: 0.372 Thread 0x000002c091b5c380 DEOPT UNPACKING pc=0x000002c0a0952b43 sp=0x000000dfd72fcae8 mode 0

Classes unloaded (0 events):
No events

Classes redefined (0 events):
No events

Internal exceptions (6 events):
Event: 0.174 Thread 0x000002c0b1021010 Exception <a 'java/lang/NoSuchMethodError'{0x000000008a27c048}: 'java.lang.Object java.lang.invoke.DirectMethodHandle$Holder.invokeStaticInit(java.lang.Object)'> (0x000000008a27c048) 
thrown [s\open\src\hotspot\share\interpreter\linkResolver.cpp, line 759]
Event: 0.183 Thread 0x000002c0b1021010 Exception <a 'java/lang/NoSuchMethodError'{0x000000008a289d88}: 'void java.lang.invoke.DirectMethodHandle$Holder.invokeStatic(java.lang.Object, java.lang.Object)'> (0x000000008a289d88) 
thrown [s\open\src\hotspot\share\interpreter\linkResolver.cpp, line 759]
Event: 0.291 Thread 0x000002c091b5c380 Exception <a 'java/lang/ClassNotFoundException'{0x000000008a0bbb28}: javax/smartcardio/CardPermission> (0x000000008a0bbb28) 
thrown [s\open\src\hotspot\share\classfile\systemDictionary.cpp, line 256]
Event: 0.295 Thread 0x000002c091b5c380 Exception <a 'java/io/FileNotFoundException'{0x000000008a0ca040}> (0x000000008a0ca040) 
thrown [s\open\src\hotspot\share\prims\jni.cpp, line 516]
Event: 0.370 Thread 0x000002c091b5c380 Exception <a 'java/lang/NoSuchMethodError'{0x0000000089eea588}: 'void java.lang.invoke.DirectMethodHandle$Holder.invokeStatic(java.lang.Object, java.lang.Object, java.lang.Object, java.lang.Object)'> (0x0000000089eea588) 
thrown [s\open\src\hotspot\share\interpreter\linkResolver.cpp, line 759]
Event: 0.399 Thread 0x000002c091b5c380 Exception <a 'java/lang/NoSuchMethodError'{0x0000000089c08fe0}: 'int java.lang.invoke.DirectMethodHandle$Holder.invokeStaticInit(java.lang.Object, java.lang.Object)'> (0x0000000089c08fe0) 
thrown [s\open\src\hotspot\share\interpreter\linkResolver.cpp, line 759]

VM Operations (8 events):
Event: 0.081 Executing VM operation: HandshakeAllThreads
Event: 0.081 Executing VM operation: HandshakeAllThreads done
Event: 0.225 Executing VM operation: HandshakeAllThreads
Event: 0.225 Executing VM operation: HandshakeAllThreads done
Event: 0.234 Executing VM operation: HandshakeAllThreads
Event: 0.234 Executing VM operation: HandshakeAllThreads done
Event: 0.336 Executing VM operation: HandshakeAllThreads
Event: 0.336 Executing VM operation: HandshakeAllThreads done

Events (20 events):
Event: 0.415 loading class java/lang/WeakPairMap$WeakRefPeer done
Event: 0.415 loading class java/lang/WeakPairMap$Pair$Weak done
Event: 0.415 loading class java/lang/WeakPairMap$Pair$Weak$1
Event: 0.415 loading class java/lang/WeakPairMap$Pair$Weak$1 done
Event: 0.416 loading class java/lang/reflect/ProxyGenerator
Event: 0.416 loading class java/lang/reflect/ProxyGenerator done
Event: 0.416 loading class java/lang/reflect/ProxyGenerator$ProxyMethod
Event: 0.416 loading class java/lang/reflect/ProxyGenerator$ProxyMethod done
Event: 0.417 loading class java/lang/reflect/ProxyGenerator$PrimitiveTypeInfo
Event: 0.417 loading class java/lang/reflect/ProxyGenerator$PrimitiveTypeInfo done
Event: 0.417 loading class jdk/internal/org/objectweb/asm/Edge
Event: 0.417 loading class jdk/internal/org/objectweb/asm/Edge done
Event: 0.418 loading class java/lang/reflect/Proxy$ProxyBuilder$1
Event: 0.418 loading class java/lang/reflect/Proxy$ProxyBuilder$1 done
Event: 0.418 loading class java/lang/annotation/Target
Event: 0.418 loading class java/lang/annotation/Target done
Event: 0.418 loading class jdk/internal/misc/ScopedMemoryAccess$Scope
Event: 0.418 loading class jdk/internal/misc/ScopedMemoryAccess$Scope done
Event: 0.420 loading class java/util/NoSuchElementException
Event: 0.420 loading class java/util/NoSuchElementException done


Dynamic libraries:
0x00007ff638100000 - 0x00007ff638110000 	C:\Program Files\Java\jdk-17\bin\java.exe
0x00007ff956630000 - 0x00007ff956844000 	C:\Windows\SYSTEM32\ntdll.dll
0x00007ff9553d0000 - 0x00007ff955492000 	C:\Windows\System32\KERNEL32.DLL
0x00007ff953b40000 - 0x00007ff953ee3000 	C:\Windows\System32\KERNELBASE.dll
0x00007ff954150000 - 0x00007ff954261000 	C:\Windows\System32\ucrtbase.dll
0x00007ff9303a0000 - 0x00007ff9303bb000 	C:\Program Files\Java\jdk-17\bin\VCRUNTIME140.dll
0x00007ff92d9e0000 - 0x00007ff92d9f9000 	C:\Program Files\Java\jdk-17\bin\jli.dll
0x00007ff955d30000 - 0x00007ff955dde000 	C:\Windows\System32\ADVAPI32.dll
0x00007ff9556d0000 - 0x00007ff955777000 	C:\Windows\System32\msvcrt.dll
0x00007ff954bc0000 - 0x00007ff954c64000 	C:\Windows\System32\sechost.dll
0x00007ff954c70000 - 0x00007ff954d87000 	C:\Windows\System32\RPCRT4.dll
0x00007ff9546b0000 - 0x00007ff95485a000 	C:\Windows\System32\USER32.dll
0x00007ff937740000 - 0x00007ff9379ce000 	C:\Windows\WinSxS\amd64_microsoft.windows.common-controls_6595b64144ccf1df_6.0.22621.1635_none_270f70857386168e\COMCTL32.dll
0x00007ff954270000 - 0x00007ff954296000 	C:\Windows\System32\win32u.dll
0x00007ff954d90000 - 0x00007ff954db9000 	C:\Windows\System32\GDI32.dll
0x00007ff953ef0000 - 0x00007ff954009000 	C:\Windows\System32\gdi32full.dll
0x00007ff953a30000 - 0x00007ff953aca000 	C:\Windows\System32\msvcp_win.dll
0x00007ff94b9a0000 - 0x00007ff94b9aa000 	C:\Windows\SYSTEM32\VERSION.dll
0x00007ff955690000 - 0x00007ff9556c1000 	C:\Windows\System32\IMM32.DLL
0x00007ff93d350000 - 0x00007ff93d35c000 	C:\Program Files\Java\jdk-17\bin\vcruntime140_1.dll
0x00007ff91ec10000 - 0x00007ff91ec9e000 	C:\Program Files\Java\jdk-17\bin\msvcp140.dll
0x00007ff90adc0000 - 0x00007ff90b99d000 	C:\Program Files\Java\jdk-17\bin\server\jvm.dll
0x00007ff9565e0000 - 0x00007ff9565e8000 	C:\Windows\System32\PSAPI.DLL
0x00007ff943590000 - 0x00007ff943599000 	C:\Windows\SYSTEM32\WSOCK32.dll
0x00007ff94c5b0000 - 0x00007ff94c5e4000 	C:\Windows\SYSTEM32\WINMM.dll
0x00007ff9558a0000 - 0x00007ff955911000 	C:\Windows\System32\WS2_32.dll
0x00007ff952ad0000 - 0x00007ff952ae8000 	C:\Windows\SYSTEM32\kernel.appcore.dll
0x00007ff93b9f0000 - 0x00007ff93b9fa000 	C:\Program Files\Java\jdk-17\bin\jimage.dll
0x00007ff941170000 - 0x00007ff94139e000 	C:\Windows\SYSTEM32\DBGHELP.DLL
0x00007ff9559a0000 - 0x00007ff955d29000 	C:\Windows\System32\combase.dll
0x00007ff9544b0000 - 0x00007ff954587000 	C:\Windows\System32\OLEAUT32.dll
0x00007ff93a520000 - 0x00007ff93a552000 	C:\Windows\SYSTEM32\dbgcore.DLL
0x00007ff954010000 - 0x00007ff95408a000 	C:\Windows\System32\bcryptPrimitives.dll
0x00007ff950680000 - 0x00007ff95068e000 	C:\Program Files\Java\jdk-17\bin\instrument.dll
0x00007ff92cc10000 - 0x00007ff92cc35000 	C:\Program Files\Java\jdk-17\bin\java.dll
0x00007ff9149a0000 - 0x00007ff914a77000 	C:\Program Files\Java\jdk-17\bin\jsvml.dll
0x00007ff955de0000 - 0x00007ff9565d9000 	C:\Windows\System32\SHELL32.dll
0x00007ff9519e0000 - 0x00007ff9522ae000 	C:\Windows\SYSTEM32\windows.storage.dll
0x00007ff9518a0000 - 0x00007ff9519de000 	C:\Windows\SYSTEM32\wintypes.dll
0x00007ff955780000 - 0x00007ff955871000 	C:\Windows\System32\SHCORE.dll
0x00007ff954650000 - 0x00007ff9546ae000 	C:\Windows\System32\shlwapi.dll
0x00007ff953960000 - 0x00007ff953986000 	C:\Windows\SYSTEM32\profapi.dll
0x00007ff92dda0000 - 0x00007ff92ddb8000 	C:\Program Files\Java\jdk-17\bin\zip.dll
0x00007ff93a5a0000 - 0x00007ff93a5b9000 	C:\Program Files\Java\jdk-17\bin\net.dll
0x00007ff94d080000 - 0x00007ff94d1b7000 	C:\Windows\SYSTEM32\WINHTTP.dll
0x00007ff952fa0000 - 0x00007ff953009000 	C:\Windows\system32\mswsock.dll
0x00007ff930400000 - 0x00007ff930416000 	C:\Program Files\Java\jdk-17\bin\nio.dll
0x00007ff939540000 - 0x00007ff93955a000 	C:\Program Files\JetBrains\IntelliJ IDEA 2023.1.1\bin\breakgen64.dll

dbghelp: loaded successfully - version: 4.0.5 - missing functions: none
symbol engine: initialized successfully - sym options: 0x614 - pdb path: .;C:\Program Files\Java\jdk-17\bin;C:\Windows\SYSTEM32;C:\Windows\WinSxS\amd64_microsoft.windows.common-controls_6595b64144ccf1df_6.0.22621.1635_none_270f70857386168e;C:\Program Files\Java\jdk-17\bin\server;C:\Program Files\JetBrains\IntelliJ IDEA 2023.1.1\bin

VM Arguments:
jvm_args: -javaagent:C:\Program Files\JetBrains\IntelliJ IDEA 2023.1.1\lib\idea_rt.jar=6047:C:\Program Files\JetBrains\IntelliJ IDEA 2023.1.1\bin -Dfile.encoding=UTF-8 
java_command: com.app.SecurityApplication
java_class_path (initial): E:\GitHub\ShopXpert-Showroom_Management_System\green-backend\target\classes;C:\Users\Waruna\.m2\repository\org\springframework\boot\spring-boot-starter-actuator\3.0.5\spring-boot-starter-actuator-3.0.5.jar;C:\Users\Waruna\.m2\repository\org\springframework\boot\spring-boot-actuator-autoconfigure\3.0.5\spring-boot-actuator-autoconfigure-3.0.5.jar;C:\Users\Waruna\.m2\repository\org\springframework\boot\spring-boot-actuator\3.0.5\spring-boot-actuator-3.0.5.jar;C:\Users\Waruna\.m2\repository\com\fasterxml\jackson\datatype\jackson-datatype-jsr310\2.14.2\jackson-datatype-jsr310-2.14.2.jar;C:\Users\Waruna\.m2\repository\io\micrometer\micrometer-observation\1.10.5\micrometer-observation-1.10.5.jar;C:\Users\Waruna\.m2\repository\io\micrometer\micrometer-commons\1.10.5\micrometer-commons-1.10.5.jar;C:\Users\Waruna\.m2\repository\io\micrometer\micrometer-core\1.10.5\micrometer-core-1.10.5.jar;C:\Users\Waruna\.m2\repository\org\hdrhistogram\HdrHistogram\2.1.12\HdrHistogram-2.1.12.jar;C:\Users\Waruna\.m2\repository\org\latencyutils\LatencyUtils\2.0.3\LatencyUtils-2.0.3.jar;C:\Users\Waruna\.m2\repository\org\springframework\boot\spring-boot-starter-data-jpa\3.0.5\spring-boot-starter-data-jpa-3.0.5.jar;C:\Users\Waruna\.m2\repository\org\springframework\boot\spring-boot-starter-aop\3.0.5\spring-boot-starter-aop-3.0.5.jar;C:\Users\Waruna\.m2\repository\org\aspectj\aspectjweaver\1.9.19\aspectjweaver-1.9.19.jar;C:\Users\Waruna\.m2\repository\org\springframework\boot\spring-boot-starter-jdbc\3.0.5\spring-boot-starter-jdbc-3.0.5.jar;C:\Users\Waruna\.m2\repository\com\zaxxer\HikariCP\5.0.1\HikariCP-5.0.1.jar;C:\Users\Waruna\.m2\repository\org\springframework\spring-jdbc\6.0.7\spring-jdbc-6.0.7.jar;C:\Users\Waruna\.m2\repository\org\hibernate\orm\hibernate-core\6.1.7.Final\hibernate-core-6.1.7.Final.jar;C:\Users\Waruna\.m2\repository\jakarta\persistence\jakarta.persistence-api\3.1.0\jakarta.persistence-api-3.1.0.jar;C:\Users\Waruna\.m2\repository\jakarta\trans
Launcher Type: SUN_STANDARD

[Global flags]
     intx CICompilerCount                          = 4                                         {product} {ergonomic}
     uint ConcGCThreads                            = 3                                         {product} {ergonomic}
     uint G1ConcRefinementThreads                  = 10                                        {product} {ergonomic}
   size_t G1HeapRegionSize                         = 1048576                                   {product} {ergonomic}
    uintx GCDrainStackTargetSize                   = 64                                        {product} {ergonomic}
   size_t InitialHeapSize                          = 132120576                                 {product} {ergonomic}
   size_t MarkStackSize                            = 4194304                                   {product} {ergonomic}
   size_t MaxHeapSize                              = 2101346304                                {product} {ergonomic}
   size_t MaxNewSize                               = 1260388352                                {product} {ergonomic}
   size_t MinHeapDeltaBytes                        = 1048576                                   {product} {ergonomic}
   size_t MinHeapSize                              = 8388608                                   {product} {ergonomic}
    uintx NonNMethodCodeHeapSize                   = 5839372                                {pd product} {ergonomic}
    uintx NonProfiledCodeHeapSize                  = 122909434                              {pd product} {ergonomic}
    uintx ProfiledCodeHeapSize                     = 122909434                              {pd product} {ergonomic}
    uintx ReservedCodeCacheSize                    = 251658240                              {pd product} {ergonomic}
     bool SegmentedCodeCache                       = true                                      {product} {ergonomic}
   size_t SoftMaxHeapSize                          = 2101346304                             {manageable} {ergonomic}
     bool UseCompressedClassPointers               = true                           {product lp64_product} {ergonomic}
     bool UseCompressedOops                        = true                           {product lp64_product} {ergonomic}
     bool UseG1GC                                  = true                                      {product} {ergonomic}
     bool UseLargePagesIndividualAllocation        = false                                  {pd product} {ergonomic}

Logging:
Log output configuration:
 #0: stdout all=warning uptime,level,tags
 #1: stderr all=off uptime,level,tags

Environment Variables:
JAVA_HOME=H:\jdk-11.0.16.1
PATH=C:\Program Files\Common Files\Oracle\Java\javapath;C:\Program Files (x86)\VMware\VMware Player\bin\;C:\Python311\Scripts\;C:\Python311\;C:\Windows\system32;C:\Windows;C:\Windows\System32\Wbem;C:\Windows\System32\WindowsPowerShell\v1.0\;C:\Windows\System32\OpenSSH\;C:\Program Files\dotnet\;C:\Program Files\Java\jdk-17.0.1\bin;C:\Program Files\nodejs\;C:\ProgramData\chocolatey\bin;C:\Program Files (x86)\NVIDIA Corporation\PhysX\Common;H:\Git\cmd;H:\Scripts\;H:\;C:\Users\Waruna\AppData\Local\Microsoft\WindowsApps;C:\Users\Waruna\AppData\Local\GitHubDesktop\bin;C:\Users\Waruna\AppData\Roaming\npm;H:\gradle-7.3.1\bin;C:\Program Files\JetBrains\IntelliJ IDEA 2023.1.1\bin;;C:\Users\Waruna\AppData\Local\Programs\Microsoft VS Code Insiders\bin
USERNAME=Waruna
OS=Windows_NT
PROCESSOR_IDENTIFIER=Intel64 Family 6 Model 165 Stepping 2, GenuineIntel



---------------  S Y S T E M  ---------------

OS:
 Windows 11 , 64 bit Build 22621 (10.0.22621.1928)
OS uptime: 2 days 1:16 hours
Hyper-V role detected

CPU: total 12 (initial active 12) (6 cores per cpu, 2 threads per core) family 6 model 165 stepping 2 microcode 0xe2, cx8, cmov, fxsr, ht, mmx, 3dnowpref, sse, sse2, sse3, ssse3, sse4.1, sse4.2, popcnt, lzcnt, tsc, tscinvbit, avx, avx2, aes, erms, clmul, bmi1, bmi2, adx, fma, vzeroupper, clflush, clflushopt, hv

Memory: 4k page, system-wide physical 8013M (413M free)
TotalPageFile size 18013M (AvailPageFile size 0M)
current process WorkingSet (physical memory assigned to process): 62M, peak: 62M
current process commit charge ("private bytes"): 226M, peak: 226M

vm_info: Java HotSpot(TM) 64-Bit Server VM (17.0.7+8-LTS-224) for windows-amd64 JRE (17.0.7+8-LTS-224), built on Feb 28 2023 23:03:02 by "mach5one" with MS VC++ 17.1 (VS2022)

END.
