#
# There is insufficient memory for the Java Runtime Environment to continue.
# Native memory allocation (malloc) failed to allocate 2097152 bytes for AllocateHeap
# Possible reasons:
#   The system is out of physical RAM or swap space
#   The process is running with CompressedOops enabled, and the Java Heap may be blocking the growth of the native heap
# Possible solutions:
#   Reduce memory load on the system
#   Increase physical memory or swap space
#   Check if swap backing store is full
#   Decrease Java heap size (-Xmx/-Xms)
#   Decrease number of Java threads
#   Decrease Java thread stack sizes (-Xss)
#   Set larger code cache with -XX:ReservedCodeCacheSize=
#   JVM is running with Unscaled Compressed Oops mode in which the Java heap is
#     placed in the first 4GB address space. The Java Heap base address is the
#     maximum limit for the native heap growth. Please use -XX:HeapBaseMinAddress
#     to set the Java Heap base and to place the Java Heap above 4GB virtual address.
# This output file may be truncated or incomplete.
#
#  Out of Memory Error (allocation.cpp:44), pid=25292, tid=26020
#
# JRE version: OpenJDK Runtime Environment Temurin-17.0.7+7 (17.0.7+7) (build 17.0.7+7)
# Java VM: OpenJDK 64-Bit Server VM Temurin-17.0.7+7 (17.0.7+7, mixed mode, emulated-client, tiered, compressed oops, compressed class ptrs, g1 gc, windows-amd64)
# No core dump will be written. Minidumps are not enabled by default on client versions of Windows
#

---------------  S U M M A R Y ------------

Command Line: -XX:+HeapDumpOnOutOfMemoryError -Xmx1024m -Dsts.lsp.client=vscode -Dsts.log.file=/dev/null -XX:TieredStopAtLevel=1 -Xlog:jni+resolve=off -Dspring.config.location=file:c:\Users\Waruna\.vscode-insiders\extensions\vmware.vscode-spring-boot-1.48.2023072204\language-server\BOOT-INF\classes\application.properties org.springframework.ide.vscode.boot.app.BootLanguageServerBootApp

Host: Intel(R) Core(TM) i5-10500H CPU @ 2.50GHz, 12 cores, 7G,  Windows 11 , 64 bit Build 22621 (10.0.22621.1928)
Time: Sat Jul 22 14:34:15 2023 Sri Lanka Standard Time elapsed time: 2019.722729 seconds (0d 0h 33m 39s)

---------------  T H R E A D  ---------------

Current thread (0x000001eebe7aff90):  VMThread "VM Thread" [stack: 0x0000006b34b00000,0x0000006b34c00000] [id=26020]

Stack: [0x0000006b34b00000,0x0000006b34c00000]
Native frames: (J=compiled Java code, j=interpreted, Vv=VM code, C=native code)
V  [jvm.dll+0x67754a]
V  [jvm.dll+0x834304]
V  [jvm.dll+0x835aae]
V  [jvm.dll+0x836113]
V  [jvm.dll+0x24696f]
V  [jvm.dll+0xa681f]
V  [jvm.dll+0x2f7481]
V  [jvm.dll+0x2f30f0]
V  [jvm.dll+0x2db6c7]
V  [jvm.dll+0x31e777]
V  [jvm.dll+0x83a5bb]
V  [jvm.dll+0x83b2f4]
V  [jvm.dll+0x83b80c]
V  [jvm.dll+0x83bbe4]
V  [jvm.dll+0x83bcb0]
V  [jvm.dll+0x7e4e7a]
V  [jvm.dll+0x676395]
C  [ucrtbase.dll+0x29363]
C  [KERNEL32.DLL+0x126ad]
C  [ntdll.dll+0x5aa68]

VM_Operation (0x0000006b367feff0): G1CollectFull, mode: safepoint, requested by thread 0x000001eec43c1a50


---------------  P R O C E S S  ---------------

Threads class SMR info:
_java_thread_list=0x000001eec4f76e40, length=36, elements={
0x000001eebe7c4370, 0x000001eebe7c4d20, 0x000001eebe7f41e0, 0x000001eebe7f4b90,
0x000001eebe7f5540, 0x000001eebe7f5ef0, 0x000001eebe7f68a0, 0x000001eebe7f7290,
0x000001eebea12d60, 0x000001eebea1ecf0, 0x000001eec43b65b0, 0x000001eec43c8340,
0x000001eec43c1a50, 0x000001eec43b2dd0, 0x000001eeb35293c0, 0x000001eec4429b40,
0x000001eec445a010, 0x000001eec43c12a0, 0x000001eec45ad190, 0x000001eec45ae000,
0x000001eec45af340, 0x000001eec5a8f9f0, 0x000001eec5a8c030, 0x000001eec5a8acf0,
0x000001eec5a90d30, 0x000001eec5a91200, 0x000001eec5a90390, 0x000001eec5a8c9d0,
0x000001eec5a8dd10, 0x000001eec5a8cea0, 0x000001eec5a8c500, 0x000001eec5a8bb60,
0x000001eec5a916d0, 0x000001eec5a91ba0, 0x000001eec5a8f520, 0x000001eec5a8f050
}

Java Threads: ( => current thread )
  0x000001eebe7c4370 JavaThread "Reference Handler" daemon [_thread_blocked, id=10872, stack(0x0000006b34c00000,0x0000006b34d00000)]
  0x000001eebe7c4d20 JavaThread "Finalizer" daemon [_thread_blocked, id=24308, stack(0x0000006b34d00000,0x0000006b34e00000)]
  0x000001eebe7f41e0 JavaThread "Signal Dispatcher" daemon [_thread_blocked, id=21988, stack(0x0000006b34e00000,0x0000006b34f00000)]
  0x000001eebe7f4b90 JavaThread "Attach Listener" daemon [_thread_blocked, id=23928, stack(0x0000006b34f00000,0x0000006b35000000)]
  0x000001eebe7f5540 JavaThread "Service Thread" daemon [_thread_blocked, id=6868, stack(0x0000006b35000000,0x0000006b35100000)]
  0x000001eebe7f5ef0 JavaThread "Monitor Deflation Thread" daemon [_thread_blocked, id=18940, stack(0x0000006b35100000,0x0000006b35200000)]
  0x000001eebe7f68a0 JavaThread "C1 CompilerThread0" daemon [_thread_blocked, id=19824, stack(0x0000006b35200000,0x0000006b35300000)]
  0x000001eebe7f7290 JavaThread "Sweeper thread" daemon [_thread_blocked, id=19392, stack(0x0000006b35300000,0x0000006b35400000)]
  0x000001eebea12d60 JavaThread "Notification Thread" daemon [_thread_blocked, id=452, stack(0x0000006b35600000,0x0000006b35700000)]
  0x000001eebea1ecf0 JavaThread "Common-Cleaner" daemon [_thread_blocked, id=25900, stack(0x0000006b35800000,0x0000006b35900000)]
  0x000001eec43b65b0 JavaThread "boundedElastic-evictor-1" daemon [_thread_blocked, id=15308, stack(0x0000006b36000000,0x0000006b36100000)]
  0x000001eec43c8340 JavaThread "boundedElastic-evictor-2" daemon [_thread_blocked, id=2204, stack(0x0000006b36600000,0x0000006b36700000)]
  0x000001eec43c1a50 JavaThread "pool-11-thread-1" [_thread_blocked, id=22804, stack(0x0000006b36700000,0x0000006b36800000)]
  0x000001eec43b2dd0 JavaThread "LanguageServerApp-lifecycle" [_thread_blocked, id=21808, stack(0x0000006b36800000,0x0000006b36900000)]
  0x000001eeb35293c0 JavaThread "DestroyJavaVM" [_thread_blocked, id=11552, stack(0x0000006b34500000,0x0000006b34600000)]
  0x000001eec4429b40 JavaThread "pool-12-thread-1" [_thread_in_native, id=16984, stack(0x0000006b36900000,0x0000006b36a00000)]
  0x000001eec445a010 JavaThread "Simple-Language-Server main thread" daemon [_thread_blocked, id=13344, stack(0x0000006b36a00000,0x0000006b36b00000)]
  0x000001eec43c12a0 JavaThread "pool-7-thread-1" [_thread_blocked, id=4164, stack(0x0000006b36c00000,0x0000006b36d00000)]
  0x000001eec45ad190 JavaThread "parallel-1" daemon [_thread_blocked, id=4848, stack(0x0000006b38100000,0x0000006b38200000)]
  0x000001eec45ae000 JavaThread "pool-5-thread-1" [_thread_blocked, id=17692, stack(0x0000006b38700000,0x0000006b38800000)]
  0x000001eec45af340 JavaThread "parallel-2" daemon [_thread_blocked, id=11204, stack(0x0000006b38800000,0x0000006b38900000)]
  0x000001eec5a8f9f0 JavaThread "parallel-3" daemon [_thread_blocked, id=7324, stack(0x0000006b36e00000,0x0000006b36f00000)]
  0x000001eec5a8c030 JavaThread "parallel-4" daemon [_thread_blocked, id=6256, stack(0x0000006b36f00000,0x0000006b37000000)]
  0x000001eec5a8acf0 JavaThread "Reconciler-1" daemon [_thread_blocked, id=13988, stack(0x0000006b37100000,0x0000006b37200000)]
  0x000001eec5a90d30 JavaThread "pool-8-thread-1" [_thread_blocked, id=844, stack(0x0000006b37000000,0x0000006b37100000)]
  0x000001eec5a91200 JavaThread "pool-8-thread-2" [_thread_blocked, id=14312, stack(0x0000006b37200000,0x0000006b37300000)]
  0x000001eec5a90390 JavaThread "pool-8-thread-3" [_thread_blocked, id=20204, stack(0x0000006b37300000,0x0000006b37400000)]
  0x000001eec5a8c9d0 JavaThread "pool-6-thread-1" [_thread_blocked, id=17280, stack(0x0000006b37400000,0x0000006b37500000)]
  0x000001eec5a8dd10 JavaThread "RMI RenewClean-[localhost:3017]" daemon [_thread_blocked, id=18904, stack(0x0000006b37500000,0x0000006b37600000)]
  0x000001eec5a8cea0 JavaThread "RMI GC Daemon" daemon [_thread_blocked, id=13996, stack(0x0000006b37600000,0x0000006b37700000)]
  0x000001eec5a8c500 JavaThread "RMI Scheduler(0)" daemon [_thread_blocked, id=11804, stack(0x0000006b37700000,0x0000006b37800000)]
  0x000001eec5a8bb60 JavaThread "JMX client heartbeat 2" daemon [_thread_blocked, id=13324, stack(0x0000006b37800000,0x0000006b37900000)]
  0x000001eec5a916d0 JavaThread "pool-6-thread-2" [_thread_blocked, id=14884, stack(0x0000006b37900000,0x0000006b37a00000)]
  0x000001eec5a91ba0 JavaThread "pool-6-thread-3" [_thread_blocked, id=2276, stack(0x0000006b37a00000,0x0000006b37b00000)]
  0x000001eec5a8f520 JavaThread "pool-6-thread-4" [_thread_blocked, id=14752, stack(0x0000006b34200000,0x0000006b34300000)]
  0x000001eec5a8f050 JavaThread "pool-6-thread-5" [_thread_blocked, id=18228, stack(0x0000006b34400000,0x0000006b34500000)]

Other Threads:
=>0x000001eebe7aff90 VMThread "VM Thread" [stack: 0x0000006b34b00000,0x0000006b34c00000] [id=26020]
  0x000001eeb35c6060 WatcherThread [stack: 0x0000006b35700000,0x0000006b35800000] [id=8776]
  0x000001eeb3565f30 GCTaskThread "GC Thread#0" [stack: 0x0000006b34600000,0x0000006b34700000] [id=16772]
  0x000001eec37feb40 GCTaskThread "GC Thread#1" [stack: 0x0000006b35900000,0x0000006b35a00000] [id=24828]
  0x000001eec3599d80 GCTaskThread "GC Thread#2" [stack: 0x0000006b35a00000,0x0000006b35b00000] [id=16116]
  0x000001eec383f480 GCTaskThread "GC Thread#3" [stack: 0x0000006b35b00000,0x0000006b35c00000] [id=25388]
  0x000001eec38ee730 GCTaskThread "GC Thread#4" [stack: 0x0000006b35c00000,0x0000006b35d00000] [id=11404]
  0x000001eec3ab14a0 GCTaskThread "GC Thread#5" [stack: 0x0000006b35d00000,0x0000006b35e00000] [id=20164]
  0x000001eec3ab1750 GCTaskThread "GC Thread#6" [stack: 0x0000006b35e00000,0x0000006b35f00000] [id=12144]
  0x000001eec3ab1e10 GCTaskThread "GC Thread#7" [stack: 0x0000006b35f00000,0x0000006b36000000] [id=17128]
  0x000001eec3d13270 GCTaskThread "GC Thread#8" [stack: 0x0000006b36200000,0x0000006b36300000] [id=24628]
  0x000001eec3d13520 GCTaskThread "GC Thread#9" [stack: 0x0000006b36300000,0x0000006b36400000] [id=13700]
  0x000001eeb356ed70 ConcurrentGCThread "G1 Main Marker" [stack: 0x0000006b34700000,0x0000006b34800000] [id=7120]
  0x000001eeb356f680 ConcurrentGCThread "G1 Conc#0" [stack: 0x0000006b34800000,0x0000006b34900000] [id=13392]
  0x000001eec3afbd30 ConcurrentGCThread "G1 Conc#1" [stack: 0x0000006b36400000,0x0000006b36500000] [id=13836]
  0x000001eec3afbfe0 ConcurrentGCThread "G1 Conc#2" [stack: 0x0000006b36500000,0x0000006b36600000] [id=9144]
  0x000001eeb35dd940 ConcurrentGCThread "G1 Refine#0" [stack: 0x0000006b34900000,0x0000006b34a00000] [id=11564]
  0x000001eec46f2c40 ConcurrentGCThread "G1 Refine#1" [stack: 0x0000006b38900000,0x0000006b38a00000] [id=20816]
  0x000001eec46f4900 ConcurrentGCThread "G1 Refine#2" [stack: 0x0000006b38a00000,0x0000006b38b00000] [id=21768]
  0x000001eec46f4060 ConcurrentGCThread "G1 Refine#3" [stack: 0x0000006b38b00000,0x0000006b38c00000] [id=14612]
  0x000001eec46f34e0 ConcurrentGCThread "G1 Refine#4" [stack: 0x0000006b39000000,0x0000006b39100000] [id=2452]
  0x000001eeb35de100 ConcurrentGCThread "G1 Service" [stack: 0x0000006b34a00000,0x0000006b34b00000] [id=23344]

Threads with active compile tasks:

VM state: at safepoint (normal execution)

VM Mutex/Monitor currently owned by a thread:  ([mutex/lock_event])
[0x000001eeb3524b00] Threads_lock - owner thread: 0x000001eebe7aff90
[0x000001eeb35256d0] Heap_lock - owner thread: 0x000001eec43c1a50

Heap address: 0x00000000c0000000, size: 1024 MB, Compressed Oops mode: 32-bit

CDS archive(s) not mapped
Compressed class space mapped at: 0x0000000100000000-0x0000000140000000, reserved size: 1073741824
Narrow klass base: 0x0000000000000000, Narrow klass shift: 3, Narrow klass range: 0x140000000

GC Precious Log:
 CPUs: 12 total, 12 available
 Memory: 8013M
 Large Page Support: Disabled
 NUMA Support: Disabled
 Compressed Oops: Enabled (32-bit)
 Heap Region Size: 1M
 Heap Min Capacity: 8M
 Heap Initial Capacity: 126M
 Heap Max Capacity: 1G
 Pre-touch: Disabled
 Parallel Workers: 10
 Concurrent Workers: 3
 Concurrent Refinement Workers: 10
 Periodic GC: Disabled

Heap:
 garbage-first heap   total 286720K, used 84345K [0x00000000c0000000, 0x0000000100000000)
  region size 1024K, 1 young (1024K), 0 survivors (0K)
 Metaspace       used 76748K, committed 77824K, reserved 1179648K
  class space    used 10522K, committed 10944K, reserved 1048576K

Heap Regions: E=young(eden), S=young(survivor), O=old, HS=humongous(starts), HC=humongous(continues), CS=collection set, F=free, OA=open archive, CA=closed archive, TAMS=top-at-mark-start (previous, next)
|   0|0x00000000c0000000, 0x00000000c0100000, 0x00000000c0100000|100%| O|  |TAMS 0x00000000c0100000, 0x00000000c0000000| Untracked 
|   1|0x00000000c0100000, 0x00000000c0200000, 0x00000000c0200000|100%| O|  |TAMS 0x00000000c0200000, 0x00000000c0100000| Untracked 
|   2|0x00000000c0200000, 0x00000000c0300000, 0x00000000c0300000|100%| O|  |TAMS 0x00000000c0300000, 0x00000000c0200000| Untracked 
|   3|0x00000000c0300000, 0x00000000c03fffc0, 0x00000000c0400000| 99%| O|  |TAMS 0x00000000c03fffc0, 0x00000000c0300000| Untracked 
|   4|0x00000000c0400000, 0x00000000c04ffff0, 0x00000000c0500000| 99%| O|  |TAMS 0x00000000c04ffff0, 0x00000000c0400000| Untracked 
|   5|0x00000000c0500000, 0x00000000c05ffff0, 0x00000000c0600000| 99%| O|  |TAMS 0x00000000c05ffff0, 0x00000000c0500000| Untracked 
|   6|0x00000000c0600000, 0x00000000c06fffb8, 0x00000000c0700000| 99%| O|  |TAMS 0x00000000c06fffb8, 0x00000000c0600000| Untracked 
|   7|0x00000000c0700000, 0x00000000c07ffec0, 0x00000000c0800000| 99%| O|  |TAMS 0x00000000c07ffec0, 0x00000000c0700000| Untracked 
|   8|0x00000000c0800000, 0x00000000c08fffe8, 0x00000000c0900000| 99%| O|  |TAMS 0x00000000c08fffe8, 0x00000000c0800000| Untracked 
|   9|0x00000000c0900000, 0x00000000c09fffe0, 0x00000000c0a00000| 99%| O|  |TAMS 0x00000000c09fffe0, 0x00000000c0900000| Untracked 
|  10|0x00000000c0a00000, 0x00000000c0afffe0, 0x00000000c0b00000| 99%| O|  |TAMS 0x00000000c0afffe0, 0x00000000c0a00000| Untracked 
|  11|0x00000000c0b00000, 0x00000000c0bfffd0, 0x00000000c0c00000| 99%| O|  |TAMS 0x00000000c0bfffd0, 0x00000000c0b00000| Untracked 
|  12|0x00000000c0c00000, 0x00000000c0cffff0, 0x00000000c0d00000| 99%| O|  |TAMS 0x00000000c0cffff0, 0x00000000c0c00000| Untracked 
|  13|0x00000000c0d00000, 0x00000000c0dfffd8, 0x00000000c0e00000| 99%| O|  |TAMS 0x00000000c0dfffd8, 0x00000000c0d00000| Untracked 
|  14|0x00000000c0e00000, 0x00000000c0efffe8, 0x00000000c0f00000| 99%| O|  |TAMS 0x00000000c0efffe8, 0x00000000c0e00000| Untracked 
|  15|0x00000000c0f00000, 0x00000000c0fffff8, 0x00000000c1000000| 99%| O|  |TAMS 0x00000000c0fffff8, 0x00000000c0f00000| Untracked 
|  16|0x00000000c1000000, 0x00000000c10fffd0, 0x00000000c1100000| 99%| O|  |TAMS 0x00000000c10fffd0, 0x00000000c1000000| Untracked 
|  17|0x00000000c1100000, 0x00000000c11fffd0, 0x00000000c1200000| 99%| O|  |TAMS 0x00000000c11fffd0, 0x00000000c1100000| Untracked 
|  18|0x00000000c1200000, 0x00000000c12fffb8, 0x00000000c1300000| 99%| O|  |TAMS 0x00000000c12fffb8, 0x00000000c1200000| Untracked 
|  19|0x00000000c1300000, 0x00000000c1400000, 0x00000000c1400000|100%| O|  |TAMS 0x00000000c1400000, 0x00000000c1300000| Untracked 
|  20|0x00000000c1400000, 0x00000000c14ffff8, 0x00000000c1500000| 99%| O|  |TAMS 0x00000000c14ffff8, 0x00000000c1400000| Untracked 
|  21|0x00000000c1500000, 0x00000000c1600000, 0x00000000c1600000|100%| O|  |TAMS 0x00000000c1600000, 0x00000000c1500000| Untracked 
|  22|0x00000000c1600000, 0x00000000c16fcad8, 0x00000000c1700000| 98%| O|  |TAMS 0x00000000c16fcad8, 0x00000000c1600000| Untracked 
|  23|0x00000000c1700000, 0x00000000c17ffff0, 0x00000000c1800000| 99%| O|  |TAMS 0x00000000c17ffff0, 0x00000000c1700000| Untracked 
|  24|0x00000000c1800000, 0x00000000c1900000, 0x00000000c1900000|100%| O|  |TAMS 0x00000000c1900000, 0x00000000c1800000| Untracked 
|  25|0x00000000c1900000, 0x00000000c19fffd0, 0x00000000c1a00000| 99%| O|  |TAMS 0x00000000c19fffd0, 0x00000000c1900000| Untracked 
|  26|0x00000000c1a00000, 0x00000000c1affff0, 0x00000000c1b00000| 99%| O|  |TAMS 0x00000000c1affff0, 0x00000000c1a00000| Untracked 
|  27|0x00000000c1b00000, 0x00000000c1bfffa0, 0x00000000c1c00000| 99%| O|  |TAMS 0x00000000c1bfffa0, 0x00000000c1b00000| Untracked 
|  28|0x00000000c1c00000, 0x00000000c1d00000, 0x00000000c1d00000|100%| O|  |TAMS 0x00000000c1d00000, 0x00000000c1c00000| Untracked 
|  29|0x00000000c1d00000, 0x00000000c1e00000, 0x00000000c1e00000|100%| O|  |TAMS 0x00000000c1e00000, 0x00000000c1d00000| Untracked 
|  30|0x00000000c1e00000, 0x00000000c1effff0, 0x00000000c1f00000| 99%| O|  |TAMS 0x00000000c1effff0, 0x00000000c1e00000| Untracked 
|  31|0x00000000c1f00000, 0x00000000c2000000, 0x00000000c2000000|100%| O|  |TAMS 0x00000000c2000000, 0x00000000c1f00000| Untracked 
|  32|0x00000000c2000000, 0x00000000c20fffe8, 0x00000000c2100000| 99%| O|  |TAMS 0x00000000c20fffe8, 0x00000000c2000000| Untracked 
|  33|0x00000000c2100000, 0x00000000c21ffff8, 0x00000000c2200000| 99%| O|  |TAMS 0x00000000c21ffff8, 0x00000000c2100000| Untracked 
|  34|0x00000000c2200000, 0x00000000c22fffe8, 0x00000000c2300000| 99%| O|  |TAMS 0x00000000c22fffe8, 0x00000000c2200000| Untracked 
|  35|0x00000000c2300000, 0x00000000c23ffff0, 0x00000000c2400000| 99%| O|  |TAMS 0x00000000c23ffff0, 0x00000000c2300000| Untracked 
|  36|0x00000000c2400000, 0x00000000c24ffff0, 0x00000000c2500000| 99%| O|  |TAMS 0x00000000c24ffff0, 0x00000000c2400000| Untracked 
|  37|0x00000000c2500000, 0x00000000c2600000, 0x00000000c2600000|100%| O|  |TAMS 0x00000000c2600000, 0x00000000c2500000| Untracked 
|  38|0x00000000c2600000, 0x00000000c26ffff0, 0x00000000c2700000| 99%| O|  |TAMS 0x00000000c26ffff0, 0x00000000c2600000| Untracked 
|  39|0x00000000c2700000, 0x00000000c27ffff8, 0x00000000c2800000| 99%| O|  |TAMS 0x00000000c27ffff8, 0x00000000c2700000| Untracked 
|  40|0x00000000c2800000, 0x00000000c28ffff8, 0x00000000c2900000| 99%| O|  |TAMS 0x00000000c28ffff8, 0x00000000c2800000| Untracked 
|  41|0x00000000c2900000, 0x00000000c29ffff8, 0x00000000c2a00000| 99%| O|  |TAMS 0x00000000c29ffff8, 0x00000000c2900000| Untracked 
|  42|0x00000000c2a00000, 0x00000000c2afd120, 0x00000000c2b00000| 98%| O|  |TAMS 0x00000000c2afd120, 0x00000000c2a00000| Untracked 
|  43|0x00000000c2b00000, 0x00000000c2bfffe8, 0x00000000c2c00000| 99%| O|  |TAMS 0x00000000c2bfffe8, 0x00000000c2b00000| Untracked 
|  44|0x00000000c2c00000, 0x00000000c2cfffe8, 0x00000000c2d00000| 99%| O|  |TAMS 0x00000000c2cfffe8, 0x00000000c2c00000| Untracked 
|  45|0x00000000c2d00000, 0x00000000c2dfffa8, 0x00000000c2e00000| 99%| O|  |TAMS 0x00000000c2dfffa8, 0x00000000c2d00000| Untracked 
|  46|0x00000000c2e00000, 0x00000000c2ef7388, 0x00000000c2f00000| 96%| O|  |TAMS 0x00000000c2ef7388, 0x00000000c2e00000| Untracked 
|  47|0x00000000c2f00000, 0x00000000c2ffffc8, 0x00000000c3000000| 99%| O|  |TAMS 0x00000000c2ffffc8, 0x00000000c2f00000| Untracked 
|  48|0x00000000c3000000, 0x00000000c30fffc0, 0x00000000c3100000| 99%| O|  |TAMS 0x00000000c30fffc0, 0x00000000c3000000| Untracked 
|  49|0x00000000c3100000, 0x00000000c31fff38, 0x00000000c3200000| 99%| O|  |TAMS 0x00000000c31fff38, 0x00000000c3100000| Untracked 
|  50|0x00000000c3200000, 0x00000000c32fefc0, 0x00000000c3300000| 99%| O|  |TAMS 0x00000000c32fefc0, 0x00000000c3200000| Untracked 
|  51|0x00000000c3300000, 0x00000000c33fffa0, 0x00000000c3400000| 99%| O|  |TAMS 0x00000000c33fffa0, 0x00000000c3300000| Untracked 
|  52|0x00000000c3400000, 0x00000000c3500000, 0x00000000c3500000|100%| O|  |TAMS 0x00000000c3500000, 0x00000000c3400000| Untracked 
|  53|0x00000000c3500000, 0x00000000c35fbbf0, 0x00000000c3600000| 98%| O|  |TAMS 0x00000000c35fbbf0, 0x00000000c3500000| Untracked 
|  54|0x00000000c3600000, 0x00000000c3700000, 0x00000000c3700000|100%| O|  |TAMS 0x00000000c3700000, 0x00000000c3600000| Untracked 
|  55|0x00000000c3700000, 0x00000000c37fffe8, 0x00000000c3800000| 99%| O|  |TAMS 0x00000000c37fffe8, 0x00000000c3700000| Untracked 
|  56|0x00000000c3800000, 0x00000000c38fffc8, 0x00000000c3900000| 99%| O|  |TAMS 0x00000000c38fffc8, 0x00000000c3800000| Untracked 
|  57|0x00000000c3900000, 0x00000000c39fffd8, 0x00000000c3a00000| 99%| O|  |TAMS 0x00000000c39fffd8, 0x00000000c3900000| Untracked 
|  58|0x00000000c3a00000, 0x00000000c3afffb0, 0x00000000c3b00000| 99%| O|  |TAMS 0x00000000c3afffb0, 0x00000000c3a00000| Untracked 
|  59|0x00000000c3b00000, 0x00000000c3bfffe0, 0x00000000c3c00000| 99%| O|  |TAMS 0x00000000c3bfffe0, 0x00000000c3b00000| Untracked 
|  60|0x00000000c3c00000, 0x00000000c3cfffc8, 0x00000000c3d00000| 99%| O|  |TAMS 0x00000000c3cfffc8, 0x00000000c3c00000| Untracked 
|  61|0x00000000c3d00000, 0x00000000c3dffff8, 0x00000000c3e00000| 99%| O|  |TAMS 0x00000000c3dffff8, 0x00000000c3d00000| Untracked 
|  62|0x00000000c3e00000, 0x00000000c3effff8, 0x00000000c3f00000| 99%| O|  |TAMS 0x00000000c3effff8, 0x00000000c3e00000| Untracked 
|  63|0x00000000c3f00000, 0x00000000c3fce350, 0x00000000c4000000| 80%| O|  |TAMS 0x00000000c3f00000, 0x00000000c3f00000| Untracked 
|  64|0x00000000c4000000, 0x00000000c40e2c68, 0x00000000c4100000| 88%| O|  |TAMS 0x00000000c4000000, 0x00000000c4000000| Untracked 
|  65|0x00000000c4100000, 0x00000000c41c1150, 0x00000000c4200000| 75%| O|  |TAMS 0x00000000c4100000, 0x00000000c4100000| Untracked 
|  66|0x00000000c4200000, 0x00000000c4300000, 0x00000000c4300000|100%|HS|  |TAMS 0x00000000c4300000, 0x00000000c4200000| Untracked 
|  67|0x00000000c4300000, 0x00000000c4400000, 0x00000000c4400000|100%| O|  |TAMS 0x00000000c4400000, 0x00000000c4300000| Untracked 
|  68|0x00000000c4400000, 0x00000000c44fffe8, 0x00000000c4500000| 99%| O|  |TAMS 0x00000000c44fffe8, 0x00000000c4400000| Untracked 
|  69|0x00000000c4500000, 0x00000000c4505ee0, 0x00000000c4600000|  2%| O|  |TAMS 0x00000000c4500000, 0x00000000c4500000| Untracked 
|  70|0x00000000c4600000, 0x00000000c46ffdf8, 0x00000000c4700000| 99%| O|  |TAMS 0x00000000c46ffdf8, 0x00000000c4600000| Untracked 
|  71|0x00000000c4700000, 0x00000000c47fffe0, 0x00000000c4800000| 99%| O|  |TAMS 0x00000000c47fffe0, 0x00000000c4700000| Untracked 
|  72|0x00000000c4800000, 0x00000000c48ffff8, 0x00000000c4900000| 99%| O|  |TAMS 0x00000000c48ffff8, 0x00000000c4800000| Untracked 
|  73|0x00000000c4900000, 0x00000000c4a00000, 0x00000000c4a00000|100%| O|  |TAMS 0x00000000c4a00000, 0x00000000c4900000| Untracked 
|  74|0x00000000c4a00000, 0x00000000c4a00000, 0x00000000c4b00000|  0%| F|  |TAMS 0x00000000c4a00000, 0x00000000c4a00000| Untracked 
|  75|0x00000000c4b00000, 0x00000000c4bfffe0, 0x00000000c4c00000| 99%| O|  |TAMS 0x00000000c4bfffe0, 0x00000000c4b00000| Untracked 
|  76|0x00000000c4c00000, 0x00000000c4c00000, 0x00000000c4d00000|  0%| F|  |TAMS 0x00000000c4c00000, 0x00000000c4c00000| Untracked 
|  77|0x00000000c4d00000, 0x00000000c4dfb408, 0x00000000c4e00000| 98%| O|  |TAMS 0x00000000c4dfb408, 0x00000000c4d00000| Untracked 
|  78|0x00000000c4e00000, 0x00000000c4e00000, 0x00000000c4f00000|  0%| F|  |TAMS 0x00000000c4e00000, 0x00000000c4e00000| Untracked 
|  79|0x00000000c4f00000, 0x00000000c4ffffe8, 0x00000000c5000000| 99%| O|  |TAMS 0x00000000c4ffffe8, 0x00000000c4f00000| Untracked 
|  80|0x00000000c5000000, 0x00000000c5000000, 0x00000000c5100000|  0%| F|  |TAMS 0x00000000c5000000, 0x00000000c5000000| Untracked 
|  81|0x00000000c5100000, 0x00000000c5100000, 0x00000000c5200000|  0%| F|  |TAMS 0x00000000c5100000, 0x00000000c5100000| Untracked 
|  82|0x00000000c5200000, 0x00000000c52ffff8, 0x00000000c5300000| 99%| O|  |TAMS 0x00000000c52ffff8, 0x00000000c5200000| Untracked 
|  83|0x00000000c5300000, 0x00000000c5300000, 0x00000000c5400000|  0%| F|  |TAMS 0x00000000c5300000, 0x00000000c5300000| Untracked 
|  84|0x00000000c5400000, 0x00000000c5400000, 0x00000000c5500000|  0%| F|  |TAMS 0x00000000c5400000, 0x00000000c5400000| Untracked 
|  85|0x00000000c5500000, 0x00000000c5500000, 0x00000000c5600000|  0%| F|  |TAMS 0x00000000c5500000, 0x00000000c5500000| Untracked 
|  86|0x00000000c5600000, 0x00000000c5600000, 0x00000000c5700000|  0%| F|  |TAMS 0x00000000c5600000, 0x00000000c5600000| Untracked 
|  87|0x00000000c5700000, 0x00000000c5700000, 0x00000000c5800000|  0%| F|  |TAMS 0x00000000c5700000, 0x00000000c5700000| Untracked 
|  88|0x00000000c5800000, 0x00000000c5800000, 0x00000000c5900000|  0%| F|  |TAMS 0x00000000c5800000, 0x00000000c5800000| Untracked 
|  89|0x00000000c5900000, 0x00000000c5900000, 0x00000000c5a00000|  0%| F|  |TAMS 0x00000000c5900000, 0x00000000c5900000| Untracked 
|  90|0x00000000c5a00000, 0x00000000c5a00000, 0x00000000c5b00000|  0%| F|  |TAMS 0x00000000c5a00000, 0x00000000c5a00000| Untracked 
|  91|0x00000000c5b00000, 0x00000000c5b00000, 0x00000000c5c00000|  0%| F|  |TAMS 0x00000000c5b00000, 0x00000000c5b00000| Untracked 
|  92|0x00000000c5c00000, 0x00000000c5c00000, 0x00000000c5d00000|  0%| F|  |TAMS 0x00000000c5c00000, 0x00000000c5c00000| Untracked 
|  93|0x00000000c5d00000, 0x00000000c5d00000, 0x00000000c5e00000|  0%| F|  |TAMS 0x00000000c5d00000, 0x00000000c5d00000| Untracked 
|  94|0x00000000c5e00000, 0x00000000c5e00000, 0x00000000c5f00000|  0%| F|  |TAMS 0x00000000c5e00000, 0x00000000c5e00000| Untracked 
|  95|0x00000000c5f00000, 0x00000000c5f00000, 0x00000000c6000000|  0%| F|  |TAMS 0x00000000c5f00000, 0x00000000c5f00000| Untracked 
|  96|0x00000000c6000000, 0x00000000c6000000, 0x00000000c6100000|  0%| F|  |TAMS 0x00000000c6000000, 0x00000000c6000000| Untracked 
|  97|0x00000000c6100000, 0x00000000c6100000, 0x00000000c6200000|  0%| F|  |TAMS 0x00000000c6100000, 0x00000000c6100000| Untracked 
|  98|0x00000000c6200000, 0x00000000c6200000, 0x00000000c6300000|  0%| F|  |TAMS 0x00000000c6200000, 0x00000000c6200000| Untracked 
|  99|0x00000000c6300000, 0x00000000c6300000, 0x00000000c6400000|  0%| F|  |TAMS 0x00000000c6300000, 0x00000000c6300000| Untracked 
| 100|0x00000000c6400000, 0x00000000c6400000, 0x00000000c6500000|  0%| F|  |TAMS 0x00000000c6400000, 0x00000000c6400000| Untracked 
| 101|0x00000000c6500000, 0x00000000c6500000, 0x00000000c6600000|  0%| F|  |TAMS 0x00000000c6500000, 0x00000000c6500000| Untracked 
| 102|0x00000000c6600000, 0x00000000c6600000, 0x00000000c6700000|  0%| F|  |TAMS 0x00000000c6600000, 0x00000000c6600000| Untracked 
| 103|0x00000000c6700000, 0x00000000c6700000, 0x00000000c6800000|  0%| F|  |TAMS 0x00000000c6700000, 0x00000000c6700000| Untracked 
| 104|0x00000000c6800000, 0x00000000c6800000, 0x00000000c6900000|  0%| F|  |TAMS 0x00000000c6800000, 0x00000000c6800000| Untracked 
| 105|0x00000000c6900000, 0x00000000c6900000, 0x00000000c6a00000|  0%| F|  |TAMS 0x00000000c6900000, 0x00000000c6900000| Untracked 
| 106|0x00000000c6a00000, 0x00000000c6a00000, 0x00000000c6b00000|  0%| F|  |TAMS 0x00000000c6a00000, 0x00000000c6a00000| Untracked 
| 107|0x00000000c6b00000, 0x00000000c6b00000, 0x00000000c6c00000|  0%| F|  |TAMS 0x00000000c6b00000, 0x00000000c6b00000| Untracked 
| 108|0x00000000c6c00000, 0x00000000c6c00000, 0x00000000c6d00000|  0%| F|  |TAMS 0x00000000c6c00000, 0x00000000c6c00000| Untracked 
| 109|0x00000000c6d00000, 0x00000000c6d00000, 0x00000000c6e00000|  0%| F|  |TAMS 0x00000000c6d00000, 0x00000000c6d00000| Untracked 
| 110|0x00000000c6e00000, 0x00000000c6e00000, 0x00000000c6f00000|  0%| F|  |TAMS 0x00000000c6e00000, 0x00000000c6e00000| Untracked 
| 111|0x00000000c6f00000, 0x00000000c6f00000, 0x00000000c7000000|  0%| F|  |TAMS 0x00000000c6f00000, 0x00000000c6f00000| Untracked 
| 112|0x00000000c7000000, 0x00000000c7000000, 0x00000000c7100000|  0%| F|  |TAMS 0x00000000c7000000, 0x00000000c7000000| Untracked 
| 113|0x00000000c7100000, 0x00000000c7100000, 0x00000000c7200000|  0%| F|  |TAMS 0x00000000c7100000, 0x00000000c7100000| Untracked 
| 114|0x00000000c7200000, 0x00000000c7200000, 0x00000000c7300000|  0%| F|  |TAMS 0x00000000c7200000, 0x00000000c7200000| Untracked 
| 115|0x00000000c7300000, 0x00000000c7300000, 0x00000000c7400000|  0%| F|  |TAMS 0x00000000c7300000, 0x00000000c7300000| Untracked 
| 116|0x00000000c7400000, 0x00000000c7400000, 0x00000000c7500000|  0%| F|  |TAMS 0x00000000c7400000, 0x00000000c7400000| Untracked 
| 117|0x00000000c7500000, 0x00000000c7600000, 0x00000000c7600000|100%| O|  |TAMS 0x00000000c7600000, 0x00000000c7500000| Untracked 
| 118|0x00000000c7600000, 0x00000000c7600000, 0x00000000c7700000|  0%| F|  |TAMS 0x00000000c7600000, 0x00000000c7600000| Untracked 
| 119|0x00000000c7700000, 0x00000000c7700000, 0x00000000c7800000|  0%| F|  |TAMS 0x00000000c7700000, 0x00000000c7700000| Untracked 
| 120|0x00000000c7800000, 0x00000000c7800068, 0x00000000c7900000|  0%| O|  |TAMS 0x00000000c7800000, 0x00000000c7800000| Untracked 
| 121|0x00000000c7900000, 0x00000000c7900000, 0x00000000c7a00000|  0%| F|  |TAMS 0x00000000c7900000, 0x00000000c7900000| Untracked 
| 122|0x00000000c7a00000, 0x00000000c7a00000, 0x00000000c7b00000|  0%| F|  |TAMS 0x00000000c7a00000, 0x00000000c7a00000| Untracked 
| 123|0x00000000c7b00000, 0x00000000c7bfffe0, 0x00000000c7c00000| 99%| O|  |TAMS 0x00000000c7bfffe0, 0x00000000c7b00000| Untracked 
| 124|0x00000000c7c00000, 0x00000000c7d00000, 0x00000000c7d00000|100%| O|  |TAMS 0x00000000c7d00000, 0x00000000c7c00000| Untracked 
| 125|0x00000000c7d00000, 0x00000000c7d00000, 0x00000000c7e00000|  0%| F|  |TAMS 0x00000000c7d00000, 0x00000000c7d00000| Untracked 
| 126|0x00000000c7e00000, 0x00000000c7e00000, 0x00000000c7f00000|  0%| F|  |TAMS 0x00000000c7e00000, 0x00000000c7e00000| Untracked 
| 127|0x00000000c7f00000, 0x00000000c7f00000, 0x00000000c8000000|  0%| F|  |TAMS 0x00000000c7f00000, 0x00000000c7f00000| Untracked 
| 128|0x00000000c8000000, 0x00000000c8000000, 0x00000000c8100000|  0%| F|  |TAMS 0x00000000c8000000, 0x00000000c8000000| Untracked 
| 129|0x00000000c8100000, 0x00000000c8100000, 0x00000000c8200000|  0%| F|  |TAMS 0x00000000c8100000, 0x00000000c8100000| Untracked 
| 130|0x00000000c8200000, 0x00000000c8200000, 0x00000000c8300000|  0%| F|  |TAMS 0x00000000c8200000, 0x00000000c8200000| Untracked 
| 131|0x00000000c8300000, 0x00000000c8300000, 0x00000000c8400000|  0%| F|  |TAMS 0x00000000c8300000, 0x00000000c8300000| Untracked 
| 132|0x00000000c8400000, 0x00000000c8400000, 0x00000000c8500000|  0%| F|  |TAMS 0x00000000c8400000, 0x00000000c8400000| Untracked 
| 133|0x00000000c8500000, 0x00000000c8500000, 0x00000000c8600000|  0%| F|  |TAMS 0x00000000c8500000, 0x00000000c8500000| Untracked 
| 134|0x00000000c8600000, 0x00000000c8600000, 0x00000000c8700000|  0%| F|  |TAMS 0x00000000c8600000, 0x00000000c8600000| Untracked 
| 135|0x00000000c8700000, 0x00000000c8700000, 0x00000000c8800000|  0%| F|  |TAMS 0x00000000c8700000, 0x00000000c8700000| Untracked 
| 136|0x00000000c8800000, 0x00000000c8800000, 0x00000000c8900000|  0%| F|  |TAMS 0x00000000c8800000, 0x00000000c8800000| Untracked 
| 137|0x00000000c8900000, 0x00000000c8900000, 0x00000000c8a00000|  0%| F|  |TAMS 0x00000000c8900000, 0x00000000c8900000| Untracked 
| 138|0x00000000c8a00000, 0x00000000c8a00000, 0x00000000c8b00000|  0%| F|  |TAMS 0x00000000c8a00000, 0x00000000c8a00000| Untracked 
| 139|0x00000000c8b00000, 0x00000000c8b00000, 0x00000000c8c00000|  0%| F|  |TAMS 0x00000000c8b00000, 0x00000000c8b00000| Untracked 
| 140|0x00000000c8c00000, 0x00000000c8c00000, 0x00000000c8d00000|  0%| F|  |TAMS 0x00000000c8c00000, 0x00000000c8c00000| Untracked 
| 141|0x00000000c8d00000, 0x00000000c8d00000, 0x00000000c8e00000|  0%| F|  |TAMS 0x00000000c8d00000, 0x00000000c8d00000| Untracked 
| 142|0x00000000c8e00000, 0x00000000c8e00000, 0x00000000c8f00000|  0%| F|  |TAMS 0x00000000c8e00000, 0x00000000c8e00000| Untracked 
| 143|0x00000000c8f00000, 0x00000000c8f00000, 0x00000000c9000000|  0%| F|  |TAMS 0x00000000c8f00000, 0x00000000c8f00000| Untracked 
| 144|0x00000000c9000000, 0x00000000c9000000, 0x00000000c9100000|  0%| F|  |TAMS 0x00000000c9000000, 0x00000000c9000000| Untracked 
| 145|0x00000000c9100000, 0x00000000c9100000, 0x00000000c9200000|  0%| F|  |TAMS 0x00000000c9100000, 0x00000000c9100000| Untracked 
| 146|0x00000000c9200000, 0x00000000c9200000, 0x00000000c9300000|  0%| F|  |TAMS 0x00000000c9200000, 0x00000000c9200000| Untracked 
| 147|0x00000000c9300000, 0x00000000c9300000, 0x00000000c9400000|  0%| F|  |TAMS 0x00000000c9300000, 0x00000000c9300000| Untracked 
| 148|0x00000000c9400000, 0x00000000c9400000, 0x00000000c9500000|  0%| F|  |TAMS 0x00000000c9400000, 0x00000000c9400000| Untracked 
| 149|0x00000000c9500000, 0x00000000c9500000, 0x00000000c9600000|  0%| F|  |TAMS 0x00000000c9500000, 0x00000000c9500000| Untracked 
| 150|0x00000000c9600000, 0x00000000c9600000, 0x00000000c9700000|  0%| F|  |TAMS 0x00000000c9600000, 0x00000000c9600000| Untracked 
| 151|0x00000000c9700000, 0x00000000c9700000, 0x00000000c9800000|  0%| F|  |TAMS 0x00000000c9700000, 0x00000000c9700000| Untracked 
| 152|0x00000000c9800000, 0x00000000c9800000, 0x00000000c9900000|  0%| F|  |TAMS 0x00000000c9800000, 0x00000000c9800000| Untracked 
| 153|0x00000000c9900000, 0x00000000c9900000, 0x00000000c9a00000|  0%| F|  |TAMS 0x00000000c9900000, 0x00000000c9900000| Untracked 
| 154|0x00000000c9a00000, 0x00000000c9a00000, 0x00000000c9b00000|  0%| F|  |TAMS 0x00000000c9a00000, 0x00000000c9a00000| Untracked 
| 155|0x00000000c9b00000, 0x00000000c9b00000, 0x00000000c9c00000|  0%| F|  |TAMS 0x00000000c9b00000, 0x00000000c9b00000| Untracked 
| 156|0x00000000c9c00000, 0x00000000c9c00000, 0x00000000c9d00000|  0%| F|  |TAMS 0x00000000c9c00000, 0x00000000c9c00000| Untracked 
| 157|0x00000000c9d00000, 0x00000000c9d00000, 0x00000000c9e00000|  0%| F|  |TAMS 0x00000000c9d00000, 0x00000000c9d00000| Untracked 
| 158|0x00000000c9e00000, 0x00000000c9e00000, 0x00000000c9f00000|  0%| F|  |TAMS 0x00000000c9e00000, 0x00000000c9e00000| Untracked 
| 159|0x00000000c9f00000, 0x00000000c9f00000, 0x00000000ca000000|  0%| F|  |TAMS 0x00000000c9f00000, 0x00000000c9f00000| Untracked 
| 160|0x00000000ca000000, 0x00000000ca000000, 0x00000000ca100000|  0%| F|  |TAMS 0x00000000ca000000, 0x00000000ca000000| Untracked 
| 161|0x00000000ca100000, 0x00000000ca100000, 0x00000000ca200000|  0%| F|  |TAMS 0x00000000ca100000, 0x00000000ca100000| Untracked 
| 162|0x00000000ca200000, 0x00000000ca200000, 0x00000000ca300000|  0%| F|  |TAMS 0x00000000ca200000, 0x00000000ca200000| Untracked 
| 163|0x00000000ca300000, 0x00000000ca300000, 0x00000000ca400000|  0%| F|  |TAMS 0x00000000ca300000, 0x00000000ca300000| Untracked 
| 164|0x00000000ca400000, 0x00000000ca400000, 0x00000000ca500000|  0%| F|  |TAMS 0x00000000ca400000, 0x00000000ca400000| Untracked 
| 165|0x00000000ca500000, 0x00000000ca500000, 0x00000000ca600000|  0%| F|  |TAMS 0x00000000ca500000, 0x00000000ca500000| Untracked 
| 166|0x00000000ca600000, 0x00000000ca600000, 0x00000000ca700000|  0%| F|  |TAMS 0x00000000ca600000, 0x00000000ca600000| Untracked 
| 167|0x00000000ca700000, 0x00000000ca700000, 0x00000000ca800000|  0%| F|  |TAMS 0x00000000ca700000, 0x00000000ca700000| Untracked 
| 168|0x00000000ca800000, 0x00000000ca800000, 0x00000000ca900000|  0%| F|  |TAMS 0x00000000ca800000, 0x00000000ca800000| Untracked 
| 169|0x00000000ca900000, 0x00000000ca900000, 0x00000000caa00000|  0%| F|  |TAMS 0x00000000ca900000, 0x00000000ca900000| Untracked 
| 170|0x00000000caa00000, 0x00000000caa00000, 0x00000000cab00000|  0%| F|  |TAMS 0x00000000caa00000, 0x00000000caa00000| Untracked 
| 171|0x00000000cab00000, 0x00000000cab00000, 0x00000000cac00000|  0%| F|  |TAMS 0x00000000cab00000, 0x00000000cab00000| Untracked 
| 172|0x00000000cac00000, 0x00000000cac00000, 0x00000000cad00000|  0%| F|  |TAMS 0x00000000cac00000, 0x00000000cac00000| Untracked 
| 173|0x00000000cad00000, 0x00000000cad00000, 0x00000000cae00000|  0%| F|  |TAMS 0x00000000cad00000, 0x00000000cad00000| Untracked 
| 174|0x00000000cae00000, 0x00000000cae00000, 0x00000000caf00000|  0%| F|  |TAMS 0x00000000cae00000, 0x00000000cae00000| Untracked 
| 175|0x00000000caf00000, 0x00000000caf00000, 0x00000000cb000000|  0%| F|  |TAMS 0x00000000caf00000, 0x00000000caf00000| Untracked 
| 176|0x00000000cb000000, 0x00000000cb000000, 0x00000000cb100000|  0%| F|  |TAMS 0x00000000cb000000, 0x00000000cb000000| Untracked 
| 177|0x00000000cb100000, 0x00000000cb100000, 0x00000000cb200000|  0%| F|  |TAMS 0x00000000cb100000, 0x00000000cb100000| Untracked 
| 178|0x00000000cb200000, 0x00000000cb200000, 0x00000000cb300000|  0%| F|  |TAMS 0x00000000cb200000, 0x00000000cb200000| Untracked 
| 179|0x00000000cb300000, 0x00000000cb300000, 0x00000000cb400000|  0%| F|  |TAMS 0x00000000cb300000, 0x00000000cb300000| Untracked 
| 180|0x00000000cb400000, 0x00000000cb400000, 0x00000000cb500000|  0%| F|  |TAMS 0x00000000cb400000, 0x00000000cb400000| Untracked 
| 181|0x00000000cb500000, 0x00000000cb500000, 0x00000000cb600000|  0%| F|  |TAMS 0x00000000cb500000, 0x00000000cb500000| Untracked 
| 182|0x00000000cb600000, 0x00000000cb600000, 0x00000000cb700000|  0%| F|  |TAMS 0x00000000cb600000, 0x00000000cb600000| Untracked 
| 183|0x00000000cb700000, 0x00000000cb700000, 0x00000000cb800000|  0%| F|  |TAMS 0x00000000cb700000, 0x00000000cb700000| Untracked 
| 184|0x00000000cb800000, 0x00000000cb800000, 0x00000000cb900000|  0%| F|  |TAMS 0x00000000cb800000, 0x00000000cb800000| Untracked 
| 185|0x00000000cb900000, 0x00000000cb900000, 0x00000000cba00000|  0%| F|  |TAMS 0x00000000cb900000, 0x00000000cb900000| Untracked 
| 186|0x00000000cba00000, 0x00000000cba00000, 0x00000000cbb00000|  0%| F|  |TAMS 0x00000000cba00000, 0x00000000cba00000| Untracked 
| 187|0x00000000cbb00000, 0x00000000cbb00000, 0x00000000cbc00000|  0%| F|  |TAMS 0x00000000cbb00000, 0x00000000cbb00000| Untracked 
| 188|0x00000000cbc00000, 0x00000000cbc00000, 0x00000000cbd00000|  0%| F|  |TAMS 0x00000000cbc00000, 0x00000000cbc00000| Untracked 
| 189|0x00000000cbd00000, 0x00000000cbd00000, 0x00000000cbe00000|  0%| F|  |TAMS 0x00000000cbd00000, 0x00000000cbd00000| Untracked 
| 190|0x00000000cbe00000, 0x00000000cbe00000, 0x00000000cbf00000|  0%| F|  |TAMS 0x00000000cbe00000, 0x00000000cbe00000| Untracked 
| 191|0x00000000cbf00000, 0x00000000cbf00000, 0x00000000cc000000|  0%| F|  |TAMS 0x00000000cbf00000, 0x00000000cbf00000| Untracked 
| 192|0x00000000cc000000, 0x00000000cc000000, 0x00000000cc100000|  0%| F|  |TAMS 0x00000000cc000000, 0x00000000cc000000| Untracked 
| 193|0x00000000cc100000, 0x00000000cc100000, 0x00000000cc200000|  0%| F|  |TAMS 0x00000000cc100000, 0x00000000cc100000| Untracked 
| 194|0x00000000cc200000, 0x00000000cc200000, 0x00000000cc300000|  0%| F|  |TAMS 0x00000000cc200000, 0x00000000cc200000| Untracked 
| 195|0x00000000cc300000, 0x00000000cc300000, 0x00000000cc400000|  0%| F|  |TAMS 0x00000000cc300000, 0x00000000cc300000| Untracked 
| 196|0x00000000cc400000, 0x00000000cc400000, 0x00000000cc500000|  0%| F|  |TAMS 0x00000000cc400000, 0x00000000cc400000| Untracked 
| 197|0x00000000cc500000, 0x00000000cc500000, 0x00000000cc600000|  0%| F|  |TAMS 0x00000000cc500000, 0x00000000cc500000| Untracked 
| 198|0x00000000cc600000, 0x00000000cc600000, 0x00000000cc700000|  0%| F|  |TAMS 0x00000000cc600000, 0x00000000cc600000| Untracked 
| 199|0x00000000cc700000, 0x00000000cc700000, 0x00000000cc800000|  0%| F|  |TAMS 0x00000000cc700000, 0x00000000cc700000| Untracked 
| 200|0x00000000cc800000, 0x00000000cc800000, 0x00000000cc900000|  0%| F|  |TAMS 0x00000000cc800000, 0x00000000cc800000| Untracked 
| 201|0x00000000cc900000, 0x00000000cc900000, 0x00000000cca00000|  0%| F|  |TAMS 0x00000000cc900000, 0x00000000cc900000| Untracked 
| 202|0x00000000cca00000, 0x00000000cca00000, 0x00000000ccb00000|  0%| F|  |TAMS 0x00000000cca00000, 0x00000000cca00000| Untracked 
| 203|0x00000000ccb00000, 0x00000000ccb00000, 0x00000000ccc00000|  0%| F|  |TAMS 0x00000000ccb00000, 0x00000000ccb00000| Untracked 
| 204|0x00000000ccc00000, 0x00000000ccc00000, 0x00000000ccd00000|  0%| F|  |TAMS 0x00000000ccc00000, 0x00000000ccc00000| Untracked 
| 205|0x00000000ccd00000, 0x00000000ccd00000, 0x00000000cce00000|  0%| F|  |TAMS 0x00000000ccd00000, 0x00000000ccd00000| Untracked 
| 206|0x00000000cce00000, 0x00000000cce00000, 0x00000000ccf00000|  0%| F|  |TAMS 0x00000000cce00000, 0x00000000cce00000| Untracked 
| 207|0x00000000ccf00000, 0x00000000ccf00000, 0x00000000cd000000|  0%| F|  |TAMS 0x00000000ccf00000, 0x00000000ccf00000| Untracked 
| 208|0x00000000cd000000, 0x00000000cd000000, 0x00000000cd100000|  0%| F|  |TAMS 0x00000000cd000000, 0x00000000cd000000| Untracked 
| 209|0x00000000cd100000, 0x00000000cd100000, 0x00000000cd200000|  0%| F|  |TAMS 0x00000000cd100000, 0x00000000cd100000| Untracked 
| 210|0x00000000cd200000, 0x00000000cd200000, 0x00000000cd300000|  0%| F|  |TAMS 0x00000000cd200000, 0x00000000cd200000| Untracked 
| 211|0x00000000cd300000, 0x00000000cd300000, 0x00000000cd400000|  0%| F|  |TAMS 0x00000000cd300000, 0x00000000cd300000| Untracked 
| 212|0x00000000cd400000, 0x00000000cd400000, 0x00000000cd500000|  0%| F|  |TAMS 0x00000000cd400000, 0x00000000cd400000| Untracked 
| 213|0x00000000cd500000, 0x00000000cd500000, 0x00000000cd600000|  0%| F|  |TAMS 0x00000000cd500000, 0x00000000cd500000| Untracked 
| 214|0x00000000cd600000, 0x00000000cd600000, 0x00000000cd700000|  0%| F|  |TAMS 0x00000000cd600000, 0x00000000cd600000| Untracked 
| 215|0x00000000cd700000, 0x00000000cd700000, 0x00000000cd800000|  0%| F|  |TAMS 0x00000000cd700000, 0x00000000cd700000| Untracked 
| 216|0x00000000cd800000, 0x00000000cd800000, 0x00000000cd900000|  0%| F|  |TAMS 0x00000000cd800000, 0x00000000cd800000| Untracked 
| 217|0x00000000cd900000, 0x00000000cd900000, 0x00000000cda00000|  0%| F|  |TAMS 0x00000000cd900000, 0x00000000cd900000| Untracked 
| 218|0x00000000cda00000, 0x00000000cda00000, 0x00000000cdb00000|  0%| F|  |TAMS 0x00000000cda00000, 0x00000000cda00000| Untracked 
| 219|0x00000000cdb00000, 0x00000000cdb00000, 0x00000000cdc00000|  0%| F|  |TAMS 0x00000000cdb00000, 0x00000000cdb00000| Untracked 
| 220|0x00000000cdc00000, 0x00000000cdc00000, 0x00000000cdd00000|  0%| F|  |TAMS 0x00000000cdc00000, 0x00000000cdc00000| Untracked 
| 221|0x00000000cdd00000, 0x00000000cdd00000, 0x00000000cde00000|  0%| F|  |TAMS 0x00000000cdd00000, 0x00000000cdd00000| Untracked 
| 222|0x00000000cde00000, 0x00000000cde00000, 0x00000000cdf00000|  0%| F|  |TAMS 0x00000000cde00000, 0x00000000cde00000| Untracked 
| 223|0x00000000cdf00000, 0x00000000cdf00000, 0x00000000ce000000|  0%| F|  |TAMS 0x00000000cdf00000, 0x00000000cdf00000| Untracked 
| 224|0x00000000ce000000, 0x00000000ce000000, 0x00000000ce100000|  0%| F|  |TAMS 0x00000000ce000000, 0x00000000ce000000| Untracked 
| 225|0x00000000ce100000, 0x00000000ce100000, 0x00000000ce200000|  0%| F|  |TAMS 0x00000000ce100000, 0x00000000ce100000| Untracked 
| 226|0x00000000ce200000, 0x00000000ce200000, 0x00000000ce300000|  0%| F|  |TAMS 0x00000000ce200000, 0x00000000ce200000| Untracked 
| 227|0x00000000ce300000, 0x00000000ce300000, 0x00000000ce400000|  0%| F|  |TAMS 0x00000000ce300000, 0x00000000ce300000| Untracked 
| 228|0x00000000ce400000, 0x00000000ce400000, 0x00000000ce500000|  0%| F|  |TAMS 0x00000000ce400000, 0x00000000ce400000| Untracked 
| 229|0x00000000ce500000, 0x00000000ce500000, 0x00000000ce600000|  0%| F|  |TAMS 0x00000000ce500000, 0x00000000ce500000| Untracked 
| 230|0x00000000ce600000, 0x00000000ce600000, 0x00000000ce700000|  0%| F|  |TAMS 0x00000000ce600000, 0x00000000ce600000| Untracked 
| 231|0x00000000ce700000, 0x00000000ce700000, 0x00000000ce800000|  0%| F|  |TAMS 0x00000000ce700000, 0x00000000ce700000| Untracked 
| 232|0x00000000ce800000, 0x00000000ce800000, 0x00000000ce900000|  0%| F|  |TAMS 0x00000000ce800000, 0x00000000ce800000| Untracked 
| 233|0x00000000ce900000, 0x00000000ce900000, 0x00000000cea00000|  0%| F|  |TAMS 0x00000000ce900000, 0x00000000ce900000| Untracked 
| 234|0x00000000cea00000, 0x00000000cea00000, 0x00000000ceb00000|  0%| F|  |TAMS 0x00000000cea00000, 0x00000000cea00000| Untracked 
| 235|0x00000000ceb00000, 0x00000000ceb00000, 0x00000000cec00000|  0%| F|  |TAMS 0x00000000ceb00000, 0x00000000ceb00000| Untracked 
| 236|0x00000000cec00000, 0x00000000cec00000, 0x00000000ced00000|  0%| F|  |TAMS 0x00000000cec00000, 0x00000000cec00000| Untracked 
| 237|0x00000000ced00000, 0x00000000ced00000, 0x00000000cee00000|  0%| F|  |TAMS 0x00000000ced00000, 0x00000000ced00000| Untracked 
| 238|0x00000000cee00000, 0x00000000cee00000, 0x00000000cef00000|  0%| F|  |TAMS 0x00000000cee00000, 0x00000000cee00000| Untracked 
| 239|0x00000000cef00000, 0x00000000cef00000, 0x00000000cf000000|  0%| F|  |TAMS 0x00000000cef00000, 0x00000000cef00000| Untracked 
| 240|0x00000000cf000000, 0x00000000cf000000, 0x00000000cf100000|  0%| F|  |TAMS 0x00000000cf000000, 0x00000000cf000000| Untracked 
| 241|0x00000000cf100000, 0x00000000cf100000, 0x00000000cf200000|  0%| F|  |TAMS 0x00000000cf100000, 0x00000000cf100000| Untracked 
| 242|0x00000000cf200000, 0x00000000cf200000, 0x00000000cf300000|  0%| F|  |TAMS 0x00000000cf200000, 0x00000000cf200000| Untracked 
| 243|0x00000000cf300000, 0x00000000cf300000, 0x00000000cf400000|  0%| F|  |TAMS 0x00000000cf300000, 0x00000000cf300000| Untracked 
| 244|0x00000000cf400000, 0x00000000cf400000, 0x00000000cf500000|  0%| F|  |TAMS 0x00000000cf400000, 0x00000000cf400000| Untracked 
| 245|0x00000000cf500000, 0x00000000cf500000, 0x00000000cf600000|  0%| F|  |TAMS 0x00000000cf500000, 0x00000000cf500000| Untracked 
| 246|0x00000000cf600000, 0x00000000cf600000, 0x00000000cf700000|  0%| F|  |TAMS 0x00000000cf600000, 0x00000000cf600000| Untracked 
| 247|0x00000000cf700000, 0x00000000cf700000, 0x00000000cf800000|  0%| F|  |TAMS 0x00000000cf700000, 0x00000000cf700000| Untracked 
| 248|0x00000000cf800000, 0x00000000cf800000, 0x00000000cf900000|  0%| F|  |TAMS 0x00000000cf800000, 0x00000000cf800000| Untracked 
| 249|0x00000000cf900000, 0x00000000cf900000, 0x00000000cfa00000|  0%| F|  |TAMS 0x00000000cf900000, 0x00000000cf900000| Untracked 
| 250|0x00000000cfa00000, 0x00000000cfa00000, 0x00000000cfb00000|  0%| F|  |TAMS 0x00000000cfa00000, 0x00000000cfa00000| Untracked 
| 251|0x00000000cfb00000, 0x00000000cfb00000, 0x00000000cfc00000|  0%| F|  |TAMS 0x00000000cfb00000, 0x00000000cfb00000| Untracked 
| 252|0x00000000cfc00000, 0x00000000cfc00000, 0x00000000cfd00000|  0%| F|  |TAMS 0x00000000cfc00000, 0x00000000cfc00000| Untracked 
| 253|0x00000000cfd00000, 0x00000000cfd00000, 0x00000000cfe00000|  0%| F|  |TAMS 0x00000000cfd00000, 0x00000000cfd00000| Untracked 
| 254|0x00000000cfe00000, 0x00000000cfe00000, 0x00000000cff00000|  0%| F|  |TAMS 0x00000000cfe00000, 0x00000000cfe00000| Untracked 
| 255|0x00000000cff00000, 0x00000000cff00000, 0x00000000d0000000|  0%| F|  |TAMS 0x00000000cff00000, 0x00000000cff00000| Untracked 
| 256|0x00000000d0000000, 0x00000000d0000000, 0x00000000d0100000|  0%| F|  |TAMS 0x00000000d0000000, 0x00000000d0000000| Untracked 
| 257|0x00000000d0100000, 0x00000000d0100000, 0x00000000d0200000|  0%| F|  |TAMS 0x00000000d0100000, 0x00000000d0100000| Untracked 
| 258|0x00000000d0200000, 0x00000000d0200000, 0x00000000d0300000|  0%| F|  |TAMS 0x00000000d0200000, 0x00000000d0200000| Untracked 
| 259|0x00000000d0300000, 0x00000000d0300000, 0x00000000d0400000|  0%| F|  |TAMS 0x00000000d0300000, 0x00000000d0300000| Untracked 
| 260|0x00000000d0400000, 0x00000000d0400000, 0x00000000d0500000|  0%| F|  |TAMS 0x00000000d0400000, 0x00000000d0400000| Untracked 
| 261|0x00000000d0500000, 0x00000000d0500000, 0x00000000d0600000|  0%| F|  |TAMS 0x00000000d0500000, 0x00000000d0500000| Untracked 
| 262|0x00000000d0600000, 0x00000000d0600000, 0x00000000d0700000|  0%| F|  |TAMS 0x00000000d0600000, 0x00000000d0600000| Untracked 
| 263|0x00000000d0700000, 0x00000000d0700000, 0x00000000d0800000|  0%| F|  |TAMS 0x00000000d0700000, 0x00000000d0700000| Untracked 
| 264|0x00000000d0800000, 0x00000000d0800000, 0x00000000d0900000|  0%| F|  |TAMS 0x00000000d0800000, 0x00000000d0800000| Untracked 
| 265|0x00000000d0900000, 0x00000000d0900000, 0x00000000d0a00000|  0%| F|  |TAMS 0x00000000d0900000, 0x00000000d0900000| Untracked 
| 266|0x00000000d0a00000, 0x00000000d0a00000, 0x00000000d0b00000|  0%| F|  |TAMS 0x00000000d0a00000, 0x00000000d0a00000| Untracked 
| 267|0x00000000d0b00000, 0x00000000d0b00000, 0x00000000d0c00000|  0%| F|  |TAMS 0x00000000d0b00000, 0x00000000d0b00000| Untracked 
| 268|0x00000000d0c00000, 0x00000000d0c00000, 0x00000000d0d00000|  0%| F|  |TAMS 0x00000000d0c00000, 0x00000000d0c00000| Untracked 
| 269|0x00000000d0d00000, 0x00000000d0d00000, 0x00000000d0e00000|  0%| F|  |TAMS 0x00000000d0d00000, 0x00000000d0d00000| Untracked 
| 270|0x00000000d0e00000, 0x00000000d0e00000, 0x00000000d0f00000|  0%| F|  |TAMS 0x00000000d0e00000, 0x00000000d0e00000| Untracked 
| 271|0x00000000d0f00000, 0x00000000d0f00000, 0x00000000d1000000|  0%| F|  |TAMS 0x00000000d0f00000, 0x00000000d0f00000| Untracked 
| 272|0x00000000d1000000, 0x00000000d1000000, 0x00000000d1100000|  0%| F|  |TAMS 0x00000000d1000000, 0x00000000d1000000| Untracked 
| 273|0x00000000d1100000, 0x00000000d1100000, 0x00000000d1200000|  0%| F|  |TAMS 0x00000000d1100000, 0x00000000d1100000| Untracked 
| 274|0x00000000d1200000, 0x00000000d1200000, 0x00000000d1300000|  0%| F|  |TAMS 0x00000000d1200000, 0x00000000d1200000| Untracked 
| 275|0x00000000d1300000, 0x00000000d1300000, 0x00000000d1400000|  0%| F|  |TAMS 0x00000000d1300000, 0x00000000d1300000| Untracked 
| 276|0x00000000d1400000, 0x00000000d14b00e8, 0x00000000d1500000| 68%| E|  |TAMS 0x00000000d1400000, 0x00000000d1400000| Complete 
| 448|0x00000000dc000000, 0x00000000dc100000, 0x00000000dc100000|100%|HS|  |TAMS 0x00000000dc100000, 0x00000000dc000000| Untracked 
| 575|0x00000000e3f00000, 0x00000000e4000000, 0x00000000e4000000|100%|HS|  |TAMS 0x00000000e4000000, 0x00000000e3f00000| Untracked 
| 576|0x00000000e4000000, 0x00000000e4100000, 0x00000000e4100000|100%|HC|  |TAMS 0x00000000e4100000, 0x00000000e4000000| Untracked 

Card table byte_map: [0x000001eeb96d0000,0x000001eeb98d0000] _byte_map_base: 0x000001eeb90d0000

Marking Bits (Prev, Next): (CMBitMap*) 0x000001eeb3566440, (CMBitMap*) 0x000001eeb3566480
 Prev Bits: [0x000001eeb9ad0000, 0x000001eebaad0000)
 Next Bits: [0x000001eebaad0000, 0x000001eebbad0000)

Polling page: 0x000001eeb14d0000

Metaspace:

Usage:
  Non-class:     64.67 MB used.
      Class:     10.28 MB used.
       Both:     74.95 MB used.

Virtual space:
  Non-class space:      128.00 MB reserved,      65.31 MB ( 51%) committed,  2 nodes.
      Class space:        1.00 GB reserved,      10.69 MB (  1%) committed,  1 nodes.
             Both:        1.12 GB reserved,      76.00 MB (  7%) committed. 

Chunk freelists:
   Non-Class:  14.65 MB
       Class:  5.33 MB
        Both:  19.99 MB

MaxMetaspaceSize: unlimited
CompressedClassSpaceSize: 1.00 GB
Initial GC threshold: 21.00 MB
Current GC threshold: 126.69 MB
CDS: off
MetaspaceReclaimPolicy: balanced
 - commit_granule_bytes: 65536.
 - commit_granule_words: 8192.
 - virtual_space_node_default_size: 8388608.
 - enlarge_chunks_in_place: 1.
 - new_chunks_are_fully_committed: 0.
 - uncommit_free_chunks: 1.
 - use_allocation_guard: 0.
 - handle_deallocations: 1.


Internal statistics:

num_allocs_failed_limit: 6.
num_arena_births: 898.
num_arena_deaths: 378.
num_vsnodes_births: 3.
num_vsnodes_deaths: 0.
num_space_committed: 1216.
num_space_uncommitted: 0.
num_chunks_returned_to_freelist: 502.
num_chunks_taken_from_freelist: 3449.
num_chunk_merges: 170.
num_chunk_splits: 2396.
num_chunks_enlarged: 1788.
num_inconsistent_stats: 0.

CodeCache: size=49152Kb used=22446Kb max_used=23207Kb free=26705Kb
 bounds [0x000001eeb61a0000, 0x000001eeb78e0000, 0x000001eeb91a0000]
 total_blobs=12981 nmethods=12280 adapters=626
 compilation: enabled
              stopped_count=0, restarted_count=0
 full_count=0

Compilation events (20 events):
Event: 1432.677 Thread 0x000001eebe7f68a0 12457       1       java.lang.Process$PipeInputStream::<init> (6 bytes)
Event: 1432.678 Thread 0x000001eebe7f68a0 nmethod 12457 0x000001eeb73f6010 code [0x000001eeb73f61a0, 0x000001eeb73f6288]
Event: 1432.969 Thread 0x000001eebe7f68a0 12458       1       java.lang.ProcessImpl::exitValue (28 bytes)
Event: 1433.008 Thread 0x000001eebe7f68a0 nmethod 12458 0x000001eeb73f5c10 code [0x000001eeb73f5dc0, 0x000001eeb73f5f18]
Event: 1433.008 Thread 0x000001eebe7f68a0 12461   !   1       com.google.common.io.Closeables::closeQuietly (19 bytes)
Event: 1433.008 Thread 0x000001eebe7f68a0 nmethod 12461 0x000001eeb73f5810 code [0x000001eeb73f59c0, 0x000001eeb73f5b38]
Event: 1433.008 Thread 0x000001eebe7f68a0 12459       1       java.lang.ProcessImpl::getInputStream (5 bytes)
Event: 1433.008 Thread 0x000001eebe7f68a0 nmethod 12459 0x000001eeb73f5510 code [0x000001eeb73f56a0, 0x000001eeb73f5778]
Event: 1433.008 Thread 0x000001eebe7f68a0 12460       1       java.lang.ProcessImpl::getErrorStream (5 bytes)
Event: 1433.008 Thread 0x000001eebe7f68a0 nmethod 12460 0x000001eeb73f5210 code [0x000001eeb73f53a0, 0x000001eeb73f5478]
Event: 1433.008 Thread 0x000001eebe7f68a0 12462       1       java.lang.ProcessImpl::getOutputStream (5 bytes)
Event: 1433.008 Thread 0x000001eebe7f68a0 nmethod 12462 0x000001eeb73f4f10 code [0x000001eeb73f50a0, 0x000001eeb73f5178]
Event: 1559.252 Thread 0x000001eebe7f68a0 12463       1       java.security.ProtectionDomain::<init> (98 bytes)
Event: 1559.254 Thread 0x000001eebe7f68a0 nmethod 12463 0x000001eeb73f4710 code [0x000001eeb73f48e0, 0x000001eeb73f4da8]
Event: 1638.803 Thread 0x000001eebe7f68a0 12464       1       java.util.Properties::getProperty (16 bytes)
Event: 1638.803 Thread 0x000001eebe7f68a0 nmethod 12464 0x000001eeb73f4410 code [0x000001eeb73f45a0, 0x000001eeb73f46a8]
Event: 1948.173 Thread 0x000001eebe7f68a0 12465       1       java.lang.System::getProperty (26 bytes)
Event: 1948.173 Thread 0x000001eebe7f68a0 nmethod 12465 0x000001eeb73f3b90 code [0x000001eeb73f3da0, 0x000001eeb73f4188]
Event: 1979.678 Thread 0x000001eebe7f68a0 12466       1       java.util.ArrayList$ListItr::hasPrevious (13 bytes)
Event: 1979.678 Thread 0x000001eebe7f68a0 nmethod 12466 0x000001eeb73f3890 code [0x000001eeb73f3a20, 0x000001eeb73f3af8]

GC Heap History (20 events):
Event: 1917.248 GC heap before
{Heap before GC invocations=252 (full 174):
 garbage-first heap   total 286720K, used 84345K [0x00000000c0000000, 0x0000000100000000)
  region size 1024K, 1 young (1024K), 0 survivors (0K)
 Metaspace       used 76748K, committed 77824K, reserved 1179648K
  class space    used 10522K, committed 10944K, reserved 1048576K
}
Event: 1917.287 GC heap after
{Heap after GC invocations=253 (full 175):
 garbage-first heap   total 286720K, used 84345K [0x00000000c0000000, 0x0000000100000000)
  region size 1024K, 0 young (0K), 0 survivors (0K)
 Metaspace       used 76748K, committed 77824K, reserved 1179648K
  class space    used 10522K, committed 10944K, reserved 1048576K
}
Event: 1927.591 GC heap before
{Heap before GC invocations=253 (full 175):
 garbage-first heap   total 286720K, used 84345K [0x00000000c0000000, 0x0000000100000000)
  region size 1024K, 1 young (1024K), 0 survivors (0K)
 Metaspace       used 76748K, committed 77824K, reserved 1179648K
  class space    used 10522K, committed 10944K, reserved 1048576K
}
Event: 1927.663 GC heap after
{Heap after GC invocations=254 (full 176):
 garbage-first heap   total 286720K, used 84345K [0x00000000c0000000, 0x0000000100000000)
  region size 1024K, 0 young (0K), 0 survivors (0K)
 Metaspace       used 76748K, committed 77824K, reserved 1179648K
  class space    used 10522K, committed 10944K, reserved 1048576K
}
Event: 1938.057 GC heap before
{Heap before GC invocations=254 (full 176):
 garbage-first heap   total 286720K, used 84345K [0x00000000c0000000, 0x0000000100000000)
  region size 1024K, 1 young (1024K), 0 survivors (0K)
 Metaspace       used 76748K, committed 77824K, reserved 1179648K
  class space    used 10522K, committed 10944K, reserved 1048576K
}
Event: 1938.171 GC heap after
{Heap after GC invocations=255 (full 177):
 garbage-first heap   total 286720K, used 84345K [0x00000000c0000000, 0x0000000100000000)
  region size 1024K, 0 young (0K), 0 survivors (0K)
 Metaspace       used 76748K, committed 77824K, reserved 1179648K
  class space    used 10522K, committed 10944K, reserved 1048576K
}
Event: 1948.273 GC heap before
{Heap before GC invocations=255 (full 177):
 garbage-first heap   total 286720K, used 84345K [0x00000000c0000000, 0x0000000100000000)
  region size 1024K, 1 young (1024K), 0 survivors (0K)
 Metaspace       used 76748K, committed 77824K, reserved 1179648K
  class space    used 10522K, committed 10944K, reserved 1048576K
}
Event: 1948.315 GC heap after
{Heap after GC invocations=256 (full 178):
 garbage-first heap   total 286720K, used 84345K [0x00000000c0000000, 0x0000000100000000)
  region size 1024K, 0 young (0K), 0 survivors (0K)
 Metaspace       used 76748K, committed 77824K, reserved 1179648K
  class space    used 10522K, committed 10944K, reserved 1048576K
}
Event: 1958.417 GC heap before
{Heap before GC invocations=256 (full 178):
 garbage-first heap   total 286720K, used 84345K [0x00000000c0000000, 0x0000000100000000)
  region size 1024K, 1 young (1024K), 0 survivors (0K)
 Metaspace       used 76748K, committed 77824K, reserved 1179648K
  class space    used 10522K, committed 10944K, reserved 1048576K
}
Event: 1958.459 GC heap after
{Heap after GC invocations=257 (full 179):
 garbage-first heap   total 286720K, used 84345K [0x00000000c0000000, 0x0000000100000000)
  region size 1024K, 0 young (0K), 0 survivors (0K)
 Metaspace       used 76748K, committed 77824K, reserved 1179648K
  class space    used 10522K, committed 10944K, reserved 1048576K
}
Event: 1968.702 GC heap before
{Heap before GC invocations=257 (full 179):
 garbage-first heap   total 286720K, used 84345K [0x00000000c0000000, 0x0000000100000000)
  region size 1024K, 1 young (1024K), 0 survivors (0K)
 Metaspace       used 76748K, committed 77824K, reserved 1179648K
  class space    used 10522K, committed 10944K, reserved 1048576K
}
Event: 1968.744 GC heap after
{Heap after GC invocations=258 (full 180):
 garbage-first heap   total 286720K, used 84345K [0x00000000c0000000, 0x0000000100000000)
  region size 1024K, 0 young (0K), 0 survivors (0K)
 Metaspace       used 76748K, committed 77824K, reserved 1179648K
  class space    used 10522K, committed 10944K, reserved 1048576K
}
Event: 1978.856 GC heap before
{Heap before GC invocations=258 (full 180):
 garbage-first heap   total 286720K, used 84345K [0x00000000c0000000, 0x0000000100000000)
  region size 1024K, 1 young (1024K), 0 survivors (0K)
 Metaspace       used 76748K, committed 77824K, reserved 1179648K
  class space    used 10522K, committed 10944K, reserved 1048576K
}
Event: 1978.895 GC heap after
{Heap after GC invocations=259 (full 181):
 garbage-first heap   total 286720K, used 84345K [0x00000000c0000000, 0x0000000100000000)
  region size 1024K, 0 young (0K), 0 survivors (0K)
 Metaspace       used 76748K, committed 77824K, reserved 1179648K
  class space    used 10522K, committed 10944K, reserved 1048576K
}
Event: 1989.013 GC heap before
{Heap before GC invocations=259 (full 181):
 garbage-first heap   total 286720K, used 84345K [0x00000000c0000000, 0x0000000100000000)
  region size 1024K, 1 young (1024K), 0 survivors (0K)
 Metaspace       used 76748K, committed 77824K, reserved 1179648K
  class space    used 10522K, committed 10944K, reserved 1048576K
}
Event: 1989.063 GC heap after
{Heap after GC invocations=260 (full 182):
 garbage-first heap   total 286720K, used 84345K [0x00000000c0000000, 0x0000000100000000)
  region size 1024K, 0 young (0K), 0 survivors (0K)
 Metaspace       used 76748K, committed 77824K, reserved 1179648K
  class space    used 10522K, committed 10944K, reserved 1048576K
}
Event: 1999.460 GC heap before
{Heap before GC invocations=260 (full 182):
 garbage-first heap   total 286720K, used 84345K [0x00000000c0000000, 0x0000000100000000)
  region size 1024K, 1 young (1024K), 0 survivors (0K)
 Metaspace       used 76748K, committed 77824K, reserved 1179648K
  class space    used 10522K, committed 10944K, reserved 1048576K
}
Event: 1999.507 GC heap after
{Heap after GC invocations=261 (full 183):
 garbage-first heap   total 286720K, used 84345K [0x00000000c0000000, 0x0000000100000000)
  region size 1024K, 0 young (0K), 0 survivors (0K)
 Metaspace       used 76748K, committed 77824K, reserved 1179648K
  class space    used 10522K, committed 10944K, reserved 1048576K
}
Event: 2009.646 GC heap before
{Heap before GC invocations=261 (full 183):
 garbage-first heap   total 286720K, used 84345K [0x00000000c0000000, 0x0000000100000000)
  region size 1024K, 1 young (1024K), 0 survivors (0K)
 Metaspace       used 76748K, committed 77824K, reserved 1179648K
  class space    used 10522K, committed 10944K, reserved 1048576K
}
Event: 2009.695 GC heap after
{Heap after GC invocations=262 (full 184):
 garbage-first heap   total 286720K, used 84345K [0x00000000c0000000, 0x0000000100000000)
  region size 1024K, 0 young (0K), 0 survivors (0K)
 Metaspace       used 76748K, committed 77824K, reserved 1179648K
  class space    used 10522K, committed 10944K, reserved 1048576K
}

Dll operation events (12 events):
Event: 0.030 Loaded shared library c:\Users\Waruna\.vscode-insiders\extensions\redhat.java-1.21.2023072104-win32-x64\jre\17.0.7-win32-x86_64\bin\java.dll
Event: 0.378 Loaded shared library C:\Users\Waruna\.vscode-insiders\extensions\redhat.java-1.21.2023072104-win32-x64\jre\17.0.7-win32-x86_64\bin\net.dll
Event: 0.380 Loaded shared library C:\Users\Waruna\.vscode-insiders\extensions\redhat.java-1.21.2023072104-win32-x64\jre\17.0.7-win32-x86_64\bin\nio.dll
Event: 0.820 Loaded shared library C:\Users\Waruna\.vscode-insiders\extensions\redhat.java-1.21.2023072104-win32-x64\jre\17.0.7-win32-x86_64\bin\zip.dll
Event: 5.625 Loaded shared library C:\Users\Waruna\.vscode-insiders\extensions\redhat.java-1.21.2023072104-win32-x64\jre\17.0.7-win32-x86_64\bin\jimage.dll
Event: 9.068 Loaded shared library C:\Users\Waruna\.vscode-insiders\extensions\redhat.java-1.21.2023072104-win32-x64\jre\17.0.7-win32-x86_64\bin\management.dll
Event: 9.069 Loaded shared library C:\Users\Waruna\.vscode-insiders\extensions\redhat.java-1.21.2023072104-win32-x64\jre\17.0.7-win32-x86_64\bin\management_ext.dll
Event: 10.628 Loaded shared library C:\Users\Waruna\.vscode-insiders\extensions\redhat.java-1.21.2023072104-win32-x64\jre\17.0.7-win32-x86_64\bin\sunmscapi.dll
Event: 16.844 Loaded shared library c:\Users\Waruna\.vscode-insiders\extensions\redhat.java-1.21.2023072104-win32-x64\jre\17.0.7-win32-x86_64\bin\verify.dll
Event: 19.415 Loaded shared library C:\Users\Waruna\AppData\Local\Temp\snappy-1.1.10-b906c748-639f-4172-a10b-89f88a1b18d4-snappyjava.dll
Event: 58.930 Loaded shared library C:\Users\Waruna\.vscode-insiders\extensions\redhat.java-1.21.2023072104-win32-x64\jre\17.0.7-win32-x86_64\bin\attach.dll
Event: 59.161 Loaded shared library C:\Users\Waruna\.vscode-insiders\extensions\redhat.java-1.21.2023072104-win32-x64\jre\17.0.7-win32-x86_64\bin\rmi.dll

Deoptimization events (20 events):
Event: 11.165 Thread 0x000001eec45ae000 DEOPT PACKING pc=0x000001eeb671ae52 sp=0x0000006b387fe5f0
Event: 11.165 Thread 0x000001eec45ae000 DEOPT UNPACKING pc=0x000001eeb61f7143 sp=0x0000006b387fdaf8 mode 3
Event: 11.210 Thread 0x000001eec45ae000 DEOPT PACKING pc=0x000001eeb6e5f1b6 sp=0x0000006b387fe250
Event: 11.210 Thread 0x000001eec45ae000 DEOPT UNPACKING pc=0x000001eeb61f7143 sp=0x0000006b387fd748 mode 3
Event: 13.065 Thread 0x000001eec43c0900 DEOPT PACKING pc=0x000001eeb6b48eb4 sp=0x0000006b36eff040
Event: 13.065 Thread 0x000001eec43c0900 DEOPT UNPACKING pc=0x000001eeb61f7143 sp=0x0000006b36efe688 mode 0
Event: 17.549 Thread 0x000001eec43c0dd0 DEOPT PACKING pc=0x000001eeb731e294 sp=0x0000006b36dfdfb0
Event: 17.549 Thread 0x000001eec43c0dd0 DEOPT UNPACKING pc=0x000001eeb61f7143 sp=0x0000006b36dfd4e0 mode 0
Event: 17.549 Thread 0x000001eec43c0dd0 DEOPT PACKING pc=0x000001eeb736e11c sp=0x0000006b36dfe1e0
Event: 17.549 Thread 0x000001eec43c0dd0 DEOPT UNPACKING pc=0x000001eeb61f7143 sp=0x0000006b36dfd6e8 mode 0
Event: 17.550 Thread 0x000001eec43c0dd0 DEOPT PACKING pc=0x000001eeb72ce7f4 sp=0x0000006b36dfe2d0
Event: 17.550 Thread 0x000001eec43c0dd0 DEOPT UNPACKING pc=0x000001eeb61f7143 sp=0x0000006b36dfd7c8 mode 0
Event: 17.550 Thread 0x000001eec43c0dd0 DEOPT PACKING pc=0x000001eeb7298474 sp=0x0000006b36dfe3a0
Event: 17.550 Thread 0x000001eec43c0dd0 DEOPT UNPACKING pc=0x000001eeb61f7143 sp=0x0000006b36dfd878 mode 0
Event: 17.550 Thread 0x000001eec43c0dd0 DEOPT PACKING pc=0x000001eeb7290e24 sp=0x0000006b36dfe450
Event: 17.550 Thread 0x000001eec43c0dd0 DEOPT UNPACKING pc=0x000001eeb61f7143 sp=0x0000006b36dfd9d0 mode 0
Event: 17.550 Thread 0x000001eec43c0dd0 DEOPT PACKING pc=0x000001eeb7311f2c sp=0x0000006b36dfe770
Event: 17.550 Thread 0x000001eec43c0dd0 DEOPT UNPACKING pc=0x000001eeb61f7143 sp=0x0000006b36dfdc00 mode 0
Event: 1214.699 Thread 0x000001eec4429b40 DEOPT PACKING pc=0x000001eeb6818454 sp=0x0000006b369ff330
Event: 1214.699 Thread 0x000001eec4429b40 DEOPT UNPACKING pc=0x000001eeb61f7143 sp=0x0000006b369fe7b8 mode 0

Classes unloaded (20 events):
Event: 251.196 Thread 0x000001eebe7aff90 Unloading class 0x0000000100088c00 'java/lang/invoke/LambdaForm$MH+0x0000000100088c00'
Event: 251.196 Thread 0x000001eebe7aff90 Unloading class 0x0000000100088400 'java/lang/invoke/LambdaForm$MH+0x0000000100088400'
Event: 312.040 Thread 0x000001eebe7aff90 Unloading class 0x0000000100a79000 'jdk/internal/reflect/GeneratedSerializationConstructorAccessor7'
Event: 312.040 Thread 0x000001eebe7aff90 Unloading class 0x0000000100a78800 'jdk/internal/reflect/GeneratedSerializationConstructorAccessor5'
Event: 312.040 Thread 0x000001eebe7aff90 Unloading class 0x0000000100a78400 'jdk/internal/reflect/GeneratedSerializationConstructorAccessor4'
Event: 568.751 Thread 0x000001eebe7aff90 Unloading class 0x0000000100a94800 'jdk/internal/reflect/GeneratedSerializationConstructorAccessor35'
Event: 568.751 Thread 0x000001eebe7aff90 Unloading class 0x0000000100a78400 'jdk/internal/reflect/GeneratedSerializationConstructorAccessor34'
Event: 568.751 Thread 0x000001eebe7aff90 Unloading class 0x0000000100a79000 'jdk/internal/reflect/GeneratedSerializationConstructorAccessor33'
Event: 866.845 Thread 0x000001eebe7aff90 Unloading class 0x0000000100a79000 'jdk/internal/reflect/GeneratedSerializationConstructorAccessor38'
Event: 866.845 Thread 0x000001eebe7aff90 Unloading class 0x0000000100a78400 'jdk/internal/reflect/GeneratedSerializationConstructorAccessor37'
Event: 866.845 Thread 0x000001eebe7aff90 Unloading class 0x0000000100a94800 'jdk/internal/reflect/GeneratedSerializationConstructorAccessor36'
Event: 1166.377 Thread 0x000001eebe7aff90 Unloading class 0x0000000100a94800 'jdk/internal/reflect/GeneratedSerializationConstructorAccessor41'
Event: 1166.377 Thread 0x000001eebe7aff90 Unloading class 0x0000000100a78400 'jdk/internal/reflect/GeneratedSerializationConstructorAccessor40'
Event: 1166.377 Thread 0x000001eebe7aff90 Unloading class 0x0000000100a79000 'jdk/internal/reflect/GeneratedSerializationConstructorAccessor39'
Event: 1474.099 Thread 0x000001eebe7aff90 Unloading class 0x0000000100a79000 'jdk/internal/reflect/GeneratedSerializationConstructorAccessor44'
Event: 1474.099 Thread 0x000001eebe7aff90 Unloading class 0x0000000100a78400 'jdk/internal/reflect/GeneratedSerializationConstructorAccessor43'
Event: 1474.099 Thread 0x000001eebe7aff90 Unloading class 0x0000000100a94800 'jdk/internal/reflect/GeneratedSerializationConstructorAccessor42'
Event: 1773.262 Thread 0x000001eebe7aff90 Unloading class 0x0000000100a8b800 'jdk/internal/reflect/GeneratedSerializationConstructorAccessor47'
Event: 1773.262 Thread 0x000001eebe7aff90 Unloading class 0x0000000100a78400 'jdk/internal/reflect/GeneratedSerializationConstructorAccessor46'
Event: 1773.262 Thread 0x000001eebe7aff90 Unloading class 0x0000000100a79000 'jdk/internal/reflect/GeneratedSerializationConstructorAccessor45'

Classes redefined (0 events):
No events

Internal exceptions (20 events):
Event: 59.193 Thread 0x000001eec5a8dd10 Exception <a 'java/lang/InterruptedException'{0x00000000db100000}> (0x00000000db100000) 
thrown [s\src\hotspot\share\runtime\objectMonitor.cpp, line 1658]
Event: 59.194 Thread 0x000001eec5a8dd10 Exception <a 'java/lang/NoSuchMethodError'{0x00000000db16fe00}: 'java.lang.Object java.lang.invoke.DirectMethodHandle$Holder.newInvokeSpecial(java.lang.Object, java.lang.Object, int, java.lang.Object, long)'> (0x00000000db16fe00) 
thrown [s\src\hotspot\share\interpreter\linkResolver.cpp, line 759]
Event: 59.215 Thread 0x000001eec5a8c9d0 Exception <a 'java/lang/NoSuchMethodError'{0x00000000daf09820}: 'java.lang.Object java.lang.invoke.DirectMethodHandle$Holder.newInvokeSpecial(java.lang.Object, java.lang.Object, java.lang.Object, java.lang.Object, java.lang.Object, java.lang.Object, java.lang.Object, java.lang.Object, java.lang.Object, int)'> (0x00000000daf09820) 
thrown [s\src\hotspot\share\interpreter\linkResolver.cpp, line 759]
Event: 59.216 Thread 0x000001eec5a8c9d0 Exception <a 'java/lang/NoSuchMethodError'{0x00000000daf0edb8}: 'java.lang.Object java.lang.invoke.DirectMethodHandle$Holder.invokeSpecial(java.lang.Object, java.lang.Object, java.lang.Object, java.lang.Object, java.lang.Object, java.lang.Object, java.lang.Object, java.lang.Object, java.lang.Object, java.lang.Object, int)'> (0x00000000daf0edb8) 
thrown [s\src\hotspot\share\interpreter\linkResolver.cpp, line 759]
Event: 59.256 Thread 0x000001eec5a8c9d0 Exception <a 'java/lang/NoSuchMethodError'{0x00000000dae62318}: static [Ljava/lang/String;.<clinit>()V> (0x00000000dae62318) 
thrown [s\src\hotspot\share\prims\jni.cpp, line 1107]
Event: 65.500 Thread 0x000001eec5a91ba0 Exception <a 'java/lang/NoSuchMethodError'{0x00000000da5341b8}: static [Ljava/lang/Object;.<clinit>()V> (0x00000000da5341b8) 
thrown [s\src\hotspot\share\prims\jni.cpp, line 1107]
Event: 99.109 Thread 0x000001eec43c1a50 Exception <a 'java/lang/NoSuchMethodError'{0x00000000db889068}: 'void java.lang.invoke.DirectMethodHandle$Holder.invokeStatic(java.lang.Object, long)'> (0x00000000db889068) 
thrown [s\src\hotspot\share\interpreter\linkResolver.cpp, line 759]
Event: 99.110 Thread 0x000001eec43c1a50 Exception <a 'java/lang/NoSuchMethodError'{0x00000000db88e418}: 'java.lang.Object java.lang.invoke.DirectMethodHandle$Holder.newInvokeSpecial(java.lang.Object, long)'> (0x00000000db88e418) 
thrown [s\src\hotspot\share\interpreter\linkResolver.cpp, line 759]
Event: 359.215 Thread 0x000001eec5a8dd10 Exception <a 'java/lang/NoSuchMethodError'{0x00000000d14a4b18}: static [Ljava/rmi/server/ObjID;.<clinit>()V> (0x00000000d14a4b18) 
thrown [s\src\hotspot\share\prims\jni.cpp, line 1107]
Event: 359.218 Thread 0x000001eec5a8dd10 Exception <a 'java/lang/NoSuchMethodError'{0x00000000d14b0610}: static [B.<clinit>()V> (0x00000000d14b0610) 
thrown [s\src\hotspot\share\prims\jni.cpp, line 1107]
Event: 659.230 Thread 0x000001eec5a8dd10 Exception <a 'java/lang/NoSuchMethodError'{0x00000000d14a4140}: static [Ljava/rmi/server/ObjID;.<clinit>()V> (0x00000000d14a4140) 
thrown [s\src\hotspot\share\prims\jni.cpp, line 1107]
Event: 659.234 Thread 0x000001eec5a8dd10 Exception <a 'java/lang/NoSuchMethodError'{0x00000000d14afc38}: static [B.<clinit>()V> (0x00000000d14afc38) 
thrown [s\src\hotspot\share\prims\jni.cpp, line 1107]
Event: 959.244 Thread 0x000001eec5a8dd10 Exception <a 'java/lang/NoSuchMethodError'{0x00000000d14a2b50}: static [Ljava/rmi/server/ObjID;.<clinit>()V> (0x00000000d14a2b50) 
thrown [s\src\hotspot\share\prims\jni.cpp, line 1107]
Event: 959.245 Thread 0x000001eec5a8dd10 Exception <a 'java/lang/NoSuchMethodError'{0x00000000d14ae648}: static [B.<clinit>()V> (0x00000000d14ae648) 
thrown [s\src\hotspot\share\prims\jni.cpp, line 1107]
Event: 1259.249 Thread 0x000001eec5a8dd10 Exception <a 'java/lang/NoSuchMethodError'{0x00000000d14a2b50}: static [Ljava/rmi/server/ObjID;.<clinit>()V> (0x00000000d14a2b50) 
thrown [s\src\hotspot\share\prims\jni.cpp, line 1107]
Event: 1259.254 Thread 0x000001eec5a8dd10 Exception <a 'java/lang/NoSuchMethodError'{0x00000000d14ae648}: static [B.<clinit>()V> (0x00000000d14ae648) 
thrown [s\src\hotspot\share\prims\jni.cpp, line 1107]
Event: 1559.252 Thread 0x000001eec5a8dd10 Exception <a 'java/lang/NoSuchMethodError'{0x00000000d14a4160}: static [Ljava/rmi/server/ObjID;.<clinit>()V> (0x00000000d14a4160) 
thrown [s\src\hotspot\share\prims\jni.cpp, line 1107]
Event: 1559.255 Thread 0x000001eec5a8dd10 Exception <a 'java/lang/NoSuchMethodError'{0x00000000d14afc58}: static [B.<clinit>()V> (0x00000000d14afc58) 
thrown [s\src\hotspot\share\prims\jni.cpp, line 1107]
Event: 1859.253 Thread 0x000001eec5a8dd10 Exception <a 'java/lang/NoSuchMethodError'{0x00000000d14a2b70}: static [Ljava/rmi/server/ObjID;.<clinit>()V> (0x00000000d14a2b70) 
thrown [s\src\hotspot\share\prims\jni.cpp, line 1107]
Event: 1859.257 Thread 0x000001eec5a8dd10 Exception <a 'java/lang/NoSuchMethodError'{0x00000000d14ae668}: static [B.<clinit>()V> (0x00000000d14ae668) 
thrown [s\src\hotspot\share\prims\jni.cpp, line 1107]

VM Operations (20 events):
Event: 1917.288 Executing VM operation: G1CollectFull done
Event: 1927.591 Executing VM operation: G1CollectFull
Event: 1927.663 Executing VM operation: G1CollectFull done
Event: 1938.056 Executing VM operation: G1CollectFull
Event: 1938.172 Executing VM operation: G1CollectFull done
Event: 1948.273 Executing VM operation: G1CollectFull
Event: 1948.315 Executing VM operation: G1CollectFull done
Event: 1958.417 Executing VM operation: G1CollectFull
Event: 1958.459 Executing VM operation: G1CollectFull done
Event: 1968.702 Executing VM operation: G1CollectFull
Event: 1968.744 Executing VM operation: G1CollectFull done
Event: 1978.856 Executing VM operation: G1CollectFull
Event: 1978.895 Executing VM operation: G1CollectFull done
Event: 1989.013 Executing VM operation: G1CollectFull
Event: 1989.064 Executing VM operation: G1CollectFull done
Event: 1999.428 Executing VM operation: G1CollectFull
Event: 1999.507 Executing VM operation: G1CollectFull done
Event: 2009.645 Executing VM operation: G1CollectFull
Event: 2009.696 Executing VM operation: G1CollectFull done
Event: 2019.716 Executing VM operation: G1CollectFull

Events (20 events):
Event: 99.112 loading class jdk/internal/event/ProcessStartEvent
Event: 99.112 loading class jdk/internal/event/ProcessStartEvent done
Event: 99.307 loading class sun/rmi/transport/DGCClient$EndpointEntry$CleanRequest
Event: 99.307 loading class sun/rmi/transport/DGCClient$EndpointEntry$CleanRequest done
Event: 125.874 Thread 0x000001eec45adb30 Thread exited: 0x000001eec45adb30
Event: 140.809 Thread 0x000001eec45b2360 Thread exited: 0x000001eec45b2360
Event: 200.810 Thread 0x000001eec5a8b1c0 Thread exited: 0x000001eec5a8b1c0
Event: 251.231 Thread 0x000001eebe7f7290 flushing nmethod 0x000001eeb655fe90
Event: 251.232 Thread 0x000001eebe7f7290 flushing nmethod 0x000001eeb6695590
Event: 251.232 Thread 0x000001eebe7f7290 flushing nmethod 0x000001eeb67ac390
Event: 251.233 Thread 0x000001eebe7f7290 flushing nmethod 0x000001eeb680e890
Event: 251.233 Thread 0x000001eebe7f7290 flushing nmethod 0x000001eeb6906890
Event: 251.234 Thread 0x000001eebe7f7290 flushing nmethod 0x000001eeb6a05a10
Event: 251.234 Thread 0x000001eebe7f7290 flushing nmethod 0x000001eeb6c26490
Event: 251.235 Thread 0x000001eebe7f7290 flushing nmethod 0x000001eeb6e1d790
Event: 260.810 Thread 0x000001eec45b0b50 Thread exited: 0x000001eec45b0b50
Event: 1214.702 Thread 0x000001eec5a8a350 Thread added: 0x000001eec5a8a350
Event: 1214.713 Thread 0x000001eec5a8a820 Thread added: 0x000001eec5a8a820
Event: 1275.017 Thread 0x000001eec5a8a350 Thread exited: 0x000001eec5a8a350
Event: 1275.017 Thread 0x000001eec5a8a820 Thread exited: 0x000001eec5a8a820


Dynamic libraries:
0x00007ff619640000 - 0x00007ff61964e000 	c:\Users\Waruna\.vscode-insiders\extensions\redhat.java-1.21.2023072104-win32-x64\jre\17.0.7-win32-x86_64\bin\java.exe
0x00007ffbd2250000 - 0x00007ffbd2464000 	C:\Windows\SYSTEM32\ntdll.dll
0x00007ffbd0df0000 - 0x00007ffbd0eb2000 	C:\Windows\System32\KERNEL32.DLL
0x00007ffbcf760000 - 0x00007ffbcfb03000 	C:\Windows\System32\KERNELBASE.dll
0x00007ffbcfb90000 - 0x00007ffbcfca1000 	C:\Windows\System32\ucrtbase.dll
0x00007ffbcbf10000 - 0x00007ffbcbf27000 	c:\Users\Waruna\.vscode-insiders\extensions\redhat.java-1.21.2023072104-win32-x64\jre\17.0.7-win32-x86_64\bin\jli.dll
0x00007ffbc9450000 - 0x00007ffbc9469000 	c:\Users\Waruna\.vscode-insiders\extensions\redhat.java-1.21.2023072104-win32-x64\jre\17.0.7-win32-x86_64\bin\VCRUNTIME140.dll
0x00007ffbd0500000 - 0x00007ffbd06aa000 	C:\Windows\System32\USER32.dll
0x00007ffbd0000000 - 0x00007ffbd0026000 	C:\Windows\System32\win32u.dll
0x00007ffbd0fc0000 - 0x00007ffbd0fe9000 	C:\Windows\System32\GDI32.dll
0x00007ffbcfe20000 - 0x00007ffbcff39000 	C:\Windows\System32\gdi32full.dll
0x00007ffbcf650000 - 0x00007ffbcf6ea000 	C:\Windows\System32\msvcp_win.dll
0x00007ffbb6450000 - 0x00007ffbb66de000 	C:\Windows\WinSxS\amd64_microsoft.windows.common-controls_6595b64144ccf1df_6.0.22621.1635_none_270f70857386168e\COMCTL32.dll
0x00007ffbd1f80000 - 0x00007ffbd2027000 	C:\Windows\System32\msvcrt.dll
0x00007ffbd0a20000 - 0x00007ffbd0a51000 	C:\Windows\System32\IMM32.DLL
0x00007ffbcc1a0000 - 0x00007ffbcc1ac000 	c:\Users\Waruna\.vscode-insiders\extensions\redhat.java-1.21.2023072104-win32-x64\jre\17.0.7-win32-x86_64\bin\vcruntime140_1.dll
0x00007ffb9ef20000 - 0x00007ffb9efb1000 	c:\Users\Waruna\.vscode-insiders\extensions\redhat.java-1.21.2023072104-win32-x64\jre\17.0.7-win32-x86_64\bin\msvcp140.dll
0x00007ffb54df0000 - 0x00007ffb55a38000 	c:\Users\Waruna\.vscode-insiders\extensions\redhat.java-1.21.2023072104-win32-x64\jre\17.0.7-win32-x86_64\bin\server\jvm.dll
0x00007ffbd2160000 - 0x00007ffbd220e000 	C:\Windows\System32\ADVAPI32.dll
0x00007ffbd0870000 - 0x00007ffbd0914000 	C:\Windows\System32\sechost.dll
0x00007ffbd0030000 - 0x00007ffbd0147000 	C:\Windows\System32\RPCRT4.dll
0x00007ffb7c080000 - 0x00007ffb7c089000 	C:\Windows\SYSTEM32\WSOCK32.dll
0x00007ffbc9020000 - 0x00007ffbc9054000 	C:\Windows\SYSTEM32\WINMM.dll
0x00007ffbc7b20000 - 0x00007ffbc7b2a000 	C:\Windows\SYSTEM32\VERSION.dll
0x00007ffbd0ff0000 - 0x00007ffbd1061000 	C:\Windows\System32\WS2_32.dll
0x00007ffbce740000 - 0x00007ffbce758000 	C:\Windows\SYSTEM32\kernel.appcore.dll
0x00007ffbcbe60000 - 0x00007ffbcbe6a000 	c:\Users\Waruna\.vscode-insiders\extensions\redhat.java-1.21.2023072104-win32-x64\jre\17.0.7-win32-x86_64\bin\jimage.dll
0x00007ffbbb9c0000 - 0x00007ffbbbbee000 	C:\Windows\SYSTEM32\DBGHELP.DLL
0x00007ffbd0170000 - 0x00007ffbd04f9000 	C:\Windows\System32\combase.dll
0x00007ffbd0a60000 - 0x00007ffbd0b37000 	C:\Windows\System32\OLEAUT32.dll
0x00007ffbb7c60000 - 0x00007ffbb7c92000 	C:\Windows\SYSTEM32\dbgcore.DLL
0x00007ffbcfb10000 - 0x00007ffbcfb8a000 	C:\Windows\System32\bcryptPrimitives.dll
0x00007ffbbe230000 - 0x00007ffbbe255000 	c:\Users\Waruna\.vscode-insiders\extensions\redhat.java-1.21.2023072104-win32-x64\jre\17.0.7-win32-x86_64\bin\java.dll
0x00007ffbb94d0000 - 0x00007ffbb94e8000 	c:\Users\Waruna\.vscode-insiders\extensions\redhat.java-1.21.2023072104-win32-x64\jre\17.0.7-win32-x86_64\bin\zip.dll
0x00007ffbd1070000 - 0x00007ffbd1869000 	C:\Windows\System32\SHELL32.dll
0x00007ffbcd600000 - 0x00007ffbcdece000 	C:\Windows\SYSTEM32\windows.storage.dll
0x00007ffbcd4c0000 - 0x00007ffbcd5fe000 	C:\Windows\SYSTEM32\wintypes.dll
0x00007ffbd0ec0000 - 0x00007ffbd0fb1000 	C:\Windows\System32\SHCORE.dll
0x00007ffbd1a90000 - 0x00007ffbd1aee000 	C:\Windows\System32\shlwapi.dll
0x00007ffbcf580000 - 0x00007ffbcf5a6000 	C:\Windows\SYSTEM32\profapi.dll
0x00007ffbb76c0000 - 0x00007ffbb76d9000 	C:\Users\Waruna\.vscode-insiders\extensions\redhat.java-1.21.2023072104-win32-x64\jre\17.0.7-win32-x86_64\bin\net.dll
0x00007ffbc9060000 - 0x00007ffbc9197000 	C:\Windows\SYSTEM32\WINHTTP.dll
0x00007ffbcebc0000 - 0x00007ffbcec29000 	C:\Windows\system32\mswsock.dll
0x00007ffbb71b0000 - 0x00007ffbb71c5000 	C:\Users\Waruna\.vscode-insiders\extensions\redhat.java-1.21.2023072104-win32-x64\jre\17.0.7-win32-x86_64\bin\nio.dll
0x00007ffbcee00000 - 0x00007ffbcee1b000 	C:\Windows\SYSTEM32\CRYPTSP.dll
0x00007ffbce6b0000 - 0x00007ffbce6e5000 	C:\Windows\system32\rsaenh.dll
0x00007ffbcec80000 - 0x00007ffbcecac000 	C:\Windows\SYSTEM32\USERENV.dll
0x00007ffbcf020000 - 0x00007ffbcf048000 	C:\Windows\SYSTEM32\bcrypt.dll
0x00007ffbcee20000 - 0x00007ffbcee2c000 	C:\Windows\SYSTEM32\CRYPTBASE.dll
0x00007ffbce1e0000 - 0x00007ffbce20d000 	C:\Windows\SYSTEM32\IPHLPAPI.DLL
0x00007ffbd1f70000 - 0x00007ffbd1f79000 	C:\Windows\System32\NSI.dll
0x00007ffbc8ee0000 - 0x00007ffbc8ef9000 	C:\Windows\SYSTEM32\dhcpcsvc6.DLL
0x00007ffbc8ec0000 - 0x00007ffbc8edf000 	C:\Windows\SYSTEM32\dhcpcsvc.DLL
0x00007ffbce210000 - 0x00007ffbce303000 	C:\Windows\SYSTEM32\DNSAPI.dll
0x00007ffbbe220000 - 0x00007ffbbe229000 	C:\Users\Waruna\.vscode-insiders\extensions\redhat.java-1.21.2023072104-win32-x64\jre\17.0.7-win32-x86_64\bin\management.dll
0x00007ffbb9bc0000 - 0x00007ffbb9bcb000 	C:\Users\Waruna\.vscode-insiders\extensions\redhat.java-1.21.2023072104-win32-x64\jre\17.0.7-win32-x86_64\bin\management_ext.dll
0x00007ffbd0160000 - 0x00007ffbd0168000 	C:\Windows\System32\PSAPI.DLL
0x00007ffbb7840000 - 0x00007ffbb784e000 	C:\Users\Waruna\.vscode-insiders\extensions\redhat.java-1.21.2023072104-win32-x64\jre\17.0.7-win32-x86_64\bin\sunmscapi.dll
0x00007ffbcfcb0000 - 0x00007ffbcfe17000 	C:\Windows\System32\CRYPT32.dll
0x00007ffbceff0000 - 0x00007ffbcf01e000 	C:\Windows\SYSTEM32\ncrypt.dll
0x00007ffbcefb0000 - 0x00007ffbcefe7000 	C:\Windows\SYSTEM32\NTASN1.dll
0x00007ffbc7450000 - 0x00007ffbc745a000 	C:\Windows\System32\rasadhlp.dll
0x00007ffbc82e0000 - 0x00007ffbc8364000 	C:\Windows\System32\fwpuclnt.dll
0x00007ffbbe280000 - 0x00007ffbbe290000 	c:\Users\Waruna\.vscode-insiders\extensions\redhat.java-1.21.2023072104-win32-x64\jre\17.0.7-win32-x86_64\bin\verify.dll
0x0000000070fc0000 - 0x000000007108d000 	C:\Users\Waruna\AppData\Local\Temp\snappy-1.1.10-b906c748-639f-4172-a10b-89f88a1b18d4-snappyjava.dll
0x00007ffbca480000 - 0x00007ffbca489000 	C:\Users\Waruna\.vscode-insiders\extensions\redhat.java-1.21.2023072104-win32-x64\jre\17.0.7-win32-x86_64\bin\attach.dll
0x00007ffbacf20000 - 0x00007ffbacf37000 	C:\Windows\system32\napinsp.dll
0x00007ffbabe80000 - 0x00007ffbabe9b000 	C:\Windows\system32\pnrpnsp.dll
0x00007ffbabe00000 - 0x00007ffbabe11000 	C:\Windows\System32\winrnr.dll
0x00007ffbabde0000 - 0x00007ffbabdf5000 	C:\Windows\system32\wshbth.dll
0x00007ffbab7e0000 - 0x00007ffbab801000 	C:\Windows\system32\nlansp_c.dll
0x00007ffbca470000 - 0x00007ffbca477000 	C:\Users\Waruna\.vscode-insiders\extensions\redhat.java-1.21.2023072104-win32-x64\jre\17.0.7-win32-x86_64\bin\rmi.dll

dbghelp: loaded successfully - version: 4.0.5 - missing functions: none
symbol engine: initialized successfully - sym options: 0x614 - pdb path: .;c:\Users\Waruna\.vscode-insiders\extensions\redhat.java-1.21.2023072104-win32-x64\jre\17.0.7-win32-x86_64\bin;C:\Windows\SYSTEM32;C:\Windows\WinSxS\amd64_microsoft.windows.common-controls_6595b64144ccf1df_6.0.22621.1635_none_270f70857386168e;c:\Users\Waruna\.vscode-insiders\extensions\redhat.java-1.21.2023072104-win32-x64\jre\17.0.7-win32-x86_64\bin\server;C:\Users\Waruna\AppData\Local\Temp

VM Arguments:
jvm_args: -XX:+HeapDumpOnOutOfMemoryError -Xmx1024m -Dsts.lsp.client=vscode -Dsts.log.file=/dev/null -XX:TieredStopAtLevel=1 -Xlog:jni+resolve=off -Dspring.config.location=file:c:\Users\Waruna\.vscode-insiders\extensions\vmware.vscode-spring-boot-1.48.2023072204\language-server\BOOT-INF\classes\application.properties 
java_command: org.springframework.ide.vscode.boot.app.BootLanguageServerBootApp
java_class_path (initial): c:\Users\Waruna\.vscode-insiders\extensions\vmware.vscode-spring-boot-1.48.2023072204\language-server\BOOT-INF\classes;c:\Users\Waruna\.vscode-insiders\extensions\vmware.vscode-spring-boot-1.48.2023072204\language-server\BOOT-INF\lib\annotations-24.0.1.jar;c:\Users\Waruna\.vscode-insiders\extensions\vmware.vscode-spring-boot-1.48.2023072204\language-server\BOOT-INF\lib\antlr-runtime-3.5.3.jar;c:\Users\Waruna\.vscode-insiders\extensions\vmware.vscode-spring-boot-1.48.2023072204\language-server\BOOT-INF\lib\antlr4-4.11.1.jar;c:\Users\Waruna\.vscode-insiders\extensions\vmware.vscode-spring-boot-1.48.2023072204\language-server\BOOT-INF\lib\antlr4-runtime-4.11.1.jar;c:\Users\Waruna\.vscode-insiders\extensions\vmware.vscode-spring-boot-1.48.2023072204\language-server\BOOT-INF\lib\archunit-1.0.1.jar;c:\Users\Waruna\.vscode-insiders\extensions\vmware.vscode-spring-boot-1.48.2023072204\language-server\BOOT-INF\lib\asm-9.5.jar;c:\Users\Waruna\.vscode-insiders\extensions\vmware.vscode-spring-boot-1.48.2023072204\language-server\BOOT-INF\lib\asm-analysis-9.5.jar;c:\Users\Waruna\.vscode-insiders\extensions\vmware.vscode-spring-boot-1.48.2023072204\language-server\BOOT-INF\lib\asm-tree-9.5.jar;c:\Users\Waruna\.vscode-insiders\extensions\vmware.vscode-spring-boot-1.48.2023072204\language-server\BOOT-INF\lib\asm-util-9.5.jar;c:\Users\Waruna\.vscode-insiders\extensions\vmware.vscode-spring-boot-1.48.2023072204\language-server\BOOT-INF\lib\bosh-language-server-1.48.0-SNAPSHOT.jar;c:\Users\Waruna\.vscode-insiders\extensions\vmware.vscode-spring-boot-1.48.2023072204\language-server\BOOT-INF\lib\caffeine-3.1.6.jar;c:\Users\Waruna\.vscode-insiders\extensions\vmware.vscode-spring-boot-1.48.2023072204\language-server\BOOT-INF\lib\checker-qual-3.12.0.jar;c:\Users\Waruna\.vscode-insiders\extensions\vmware.vscode-spring-boot-1.48.2023072204\language-server\BOOT-INF\lib\classgraph-4.8.149.jar;c:\Users\Waruna\.vscode-insiders\extensions\vmware.vscode-spring-boot-1.4
Launcher Type: SUN_STANDARD

[Global flags]
     intx CICompilerCount                          = 4                                         {product} {ergonomic}
     uint ConcGCThreads                            = 3                                         {product} {ergonomic}
     uint G1ConcRefinementThreads                  = 10                                        {product} {ergonomic}
   size_t G1HeapRegionSize                         = 1048576                                   {product} {ergonomic}
    uintx GCDrainStackTargetSize                   = 64                                        {product} {ergonomic}
     bool HeapDumpOnOutOfMemoryError               = true                                   {manageable} {command line}
   size_t InitialHeapSize                          = 132120576                                 {product} {ergonomic}
   size_t MarkStackSize                            = 4194304                                   {product} {ergonomic}
   size_t MaxHeapSize                              = 1073741824                                {product} {command line}
   size_t MaxNewSize                               = 643825664                                 {product} {ergonomic}
   size_t MinHeapDeltaBytes                        = 1048576                                   {product} {ergonomic}
   size_t MinHeapSize                              = 8388608                                   {product} {ergonomic}
    uintx NonProfiledCodeHeapSize                  = 0                                      {pd product} {ergonomic}
     bool ProfileInterpreter                       = false                                  {pd product} {command line}
    uintx ProfiledCodeHeapSize                     = 0                                      {pd product} {ergonomic}
   size_t SoftMaxHeapSize                          = 1073741824                             {manageable} {ergonomic}
     intx TieredStopAtLevel                        = 1                                         {product} {command line}
     bool UseCompressedClassPointers               = true                           {product lp64_product} {ergonomic}
     bool UseCompressedOops                        = true                           {product lp64_product} {ergonomic}
     bool UseG1GC                                  = true                                      {product} {ergonomic}
     bool UseLargePagesIndividualAllocation        = false                                  {pd product} {ergonomic}

Logging:
Log output configuration:
 #0: stdout all=warning,jni+resolve=off uptime,level,tags
 #1: stderr all=off uptime,level,tags

Environment Variables:
JAVA_HOME=H:\jdk-11.0.16.1
PATH=C:\Program Files\Common Files\Oracle\Java\javapath;C:\Program Files (x86)\VMware\VMware Player\bin\;C:\Python311\Scripts\;C:\Python311\;C:\Windows\system32;C:\Windows;C:\Windows\System32\Wbem;C:\Windows\System32\WindowsPowerShell\v1.0\;C:\Windows\System32\OpenSSH\;C:\Program Files\dotnet\;C:\Program Files\Java\jdk-17.0.1\bin;C:\Program Files\nodejs\;C:\ProgramData\chocolatey\bin;C:\Program Files (x86)\NVIDIA Corporation\PhysX\Common;H:\Git\cmd;H:\Scripts\;H:\;C:\Users\Waruna\AppData\Local\Microsoft\WindowsApps;C:\Users\Waruna\AppData\Local\GitHubDesktop\bin;C:\Users\Waruna\AppData\Roaming\npm;H:\gradle-7.3.1\bin;C:\Program Files\JetBrains\IntelliJ IDEA 2023.1.1\bin;;C:\Users\Waruna\AppData\Local\Programs\Microsoft VS Code Insiders\bin
USERNAME=Waruna
OS=Windows_NT
PROCESSOR_IDENTIFIER=Intel64 Family 6 Model 165 Stepping 2, GenuineIntel
TMP=C:\Users\Waruna\AppData\Local\Temp
TEMP=C:\Users\Waruna\AppData\Local\Temp



---------------  S Y S T E M  ---------------

OS:
 Windows 11 , 64 bit Build 22621 (10.0.22621.1928)
OS uptime: 3 days 14:11 hours
Hyper-V role detected

CPU: total 12 (initial active 12) (6 cores per cpu, 2 threads per core) family 6 model 165 stepping 2 microcode 0xe2, cx8, cmov, fxsr, ht, mmx, 3dnowpref, sse, sse2, sse3, ssse3, sse4.1, sse4.2, popcnt, lzcnt, tsc, tscinvbit, avx, avx2, aes, erms, clmul, bmi1, bmi2, adx, fma, vzeroupper, clflush, clflushopt, hv

Memory: 4k page, system-wide physical 8013M (528M free)
TotalPageFile size 18013M (AvailPageFile size 6M)
current process WorkingSet (physical memory assigned to process): 215M, peak: 1240M
current process commit charge ("private bytes"): 509M, peak: 1268M

vm_info: OpenJDK 64-Bit Server VM (17.0.7+7) for windows-amd64 JRE (17.0.7+7), built on Apr 18 2023 22:10:42 by "temurin" with MS VC++ 16.7 (VS2019)

END.
