#
# There is insufficient memory for the Java Runtime Environment to continue.
# Native memory allocation (malloc) failed to allocate 1048576 bytes for AllocateHeap
# Possible reasons:
#   The system is out of physical RAM or swap space
#   The process is running with CompressedOops enabled, and the Java Heap may be blocking the growth of the native heap
# Possible solutions:
#   Reduce memory load on the system
#   Increase physical memory or swap space
#   Check if swap backing store is full
#   Decrease Java heap size (-Xmx/-Xms)
#   Decrease number of Java threads
#   Decrease Java thread stack sizes (-Xss)
#   Set larger code cache with -XX:ReservedCodeCacheSize=
#   JVM is running with Unscaled Compressed Oops mode in which the Java heap is
#     placed in the first 4GB address space. The Java Heap base address is the
#     maximum limit for the native heap growth. Please use -XX:HeapBaseMinAddress
#     to set the Java Heap base and to place the Java Heap above 4GB virtual address.
# This output file may be truncated or incomplete.
#
#  Out of Memory Error (allocation.cpp:44), pid=24400, tid=24808
#
# JRE version: OpenJDK Runtime Environment Temurin-17.0.7+7 (17.0.7+7) (build 17.0.7+7)
# Java VM: OpenJDK 64-Bit Server VM Temurin-17.0.7+7 (17.0.7+7, mixed mode, emulated-client, tiered, compressed oops, compressed class ptrs, g1 gc, windows-amd64)
# No core dump will be written. Minidumps are not enabled by default on client versions of Windows
#

---------------  S U M M A R Y ------------

Command Line: -XX:+HeapDumpOnOutOfMemoryError -Xmx1024m -Dsts.lsp.client=vscode -Dsts.log.file=/dev/null -XX:TieredStopAtLevel=1 -Xlog:jni+resolve=off -Dspring.config.location=file:c:\Users\Waruna\.vscode-insiders\extensions\vmware.vscode-spring-boot-1.48.2023072004\language-server\BOOT-INF\classes\application.properties org.springframework.ide.vscode.boot.app.BootLanguageServerBootApp

Host: Intel(R) Core(TM) i5-10500H CPU @ 2.50GHz, 12 cores, 7G,  Windows 11 , 64 bit Build 22621 (10.0.22621.1928)
Time: Sat Jul 22 01:00:14 2023 Sri Lanka Standard Time elapsed time: 6843.843571 seconds (0d 1h 54m 3s)

---------------  T H R E A D  ---------------

Current thread (0x000001f8a0e9c720):  VMThread "VM Thread" [stack: 0x00000028b4400000,0x00000028b4500000] [id=24808]

Stack: [0x00000028b4400000,0x00000028b4500000]
Native frames: (J=compiled Java code, j=interpreted, Vv=VM code, C=native code)
V  [jvm.dll+0x67754a]
V  [jvm.dll+0x834304]
V  [jvm.dll+0x835aae]
V  [jvm.dll+0x836113]
V  [jvm.dll+0x24696f]
V  [jvm.dll+0xa681f]
V  [jvm.dll+0x2f73f3]
V  [jvm.dll+0x2f30f0]
V  [jvm.dll+0x2db6c7]
V  [jvm.dll+0x31e777]
V  [jvm.dll+0x83a5bb]
V  [jvm.dll+0x83b2f4]
V  [jvm.dll+0x83b80c]
V  [jvm.dll+0x83bbe4]
V  [jvm.dll+0x83bcb0]
V  [jvm.dll+0x7e4e7a]
V  [jvm.dll+0x676395]
C  [ucrtbase.dll+0x29363]
C  [KERNEL32.DLL+0x126ad]
C  [ntdll.dll+0x5aa68]

VM_Operation (0x00000028b60feb70): G1CollectFull, mode: safepoint, requested by thread 0x000001f8a68ad2c0


---------------  P R O C E S S  ---------------

Threads class SMR info:
_java_thread_list=0x000001f8ab045570, length=26, elements={
0x000001f8a0eb1620, 0x000001f8a0eb1fd0, 0x000001f8a0ec61d0, 0x000001f8a0ec6b80,
0x000001f8a0ec7530, 0x000001f8a0ec7ee0, 0x000001f8a0ec8890, 0x000001f8a501d370,
0x000001f8a5229ce0, 0x000001f8a5230610, 0x000001f8a685a190, 0x000001f8a68a8b00,
0x000001f8a68ad2c0, 0x000001f8a68cbf80, 0x000001f893bde9a0, 0x000001f8a6909950,
0x000001f8a69316e0, 0x000001f8a6972770, 0x000001f8a6b62e10, 0x000001f8a6b60c60,
0x000001f8a6b66ca0, 0x000001f8a5092680, 0x000001f8a5092b50, 0x000001f8a5093020,
0x000001f8a7411b30, 0x000001f8a7329d70
}

Java Threads: ( => current thread )
  0x000001f8a0eb1620 JavaThread "Reference Handler" daemon [_thread_blocked, id=10836, stack(0x00000028b4500000,0x00000028b4600000)]
  0x000001f8a0eb1fd0 JavaThread "Finalizer" daemon [_thread_blocked, id=17884, stack(0x00000028b4600000,0x00000028b4700000)]
  0x000001f8a0ec61d0 JavaThread "Signal Dispatcher" daemon [_thread_blocked, id=19336, stack(0x00000028b4700000,0x00000028b4800000)]
  0x000001f8a0ec6b80 JavaThread "Attach Listener" daemon [_thread_blocked, id=14260, stack(0x00000028b4800000,0x00000028b4900000)]
  0x000001f8a0ec7530 JavaThread "Service Thread" daemon [_thread_blocked, id=12244, stack(0x00000028b4900000,0x00000028b4a00000)]
  0x000001f8a0ec7ee0 JavaThread "Monitor Deflation Thread" daemon [_thread_blocked, id=14952, stack(0x00000028b4a00000,0x00000028b4b00000)]
  0x000001f8a0ec8890 JavaThread "C1 CompilerThread0" daemon [_thread_blocked, id=13592, stack(0x00000028b4b00000,0x00000028b4c00000)]
  0x000001f8a501d370 JavaThread "Sweeper thread" daemon [_thread_blocked, id=4768, stack(0x00000028b4c00000,0x00000028b4d00000)]
  0x000001f8a5229ce0 JavaThread "Notification Thread" daemon [_thread_blocked, id=24924, stack(0x00000028b4e00000,0x00000028b4f00000)]
  0x000001f8a5230610 JavaThread "Common-Cleaner" daemon [_thread_blocked, id=12076, stack(0x00000028b5000000,0x00000028b5100000)]
  0x000001f8a685a190 JavaThread "boundedElastic-evictor-1" daemon [_thread_blocked, id=9400, stack(0x00000028b5a00000,0x00000028b5b00000)]
  0x000001f8a68a8b00 JavaThread "boundedElastic-evictor-2" daemon [_thread_blocked, id=4036, stack(0x00000028b5f00000,0x00000028b6000000)]
  0x000001f8a68ad2c0 JavaThread "pool-11-thread-1" [_thread_blocked, id=3708, stack(0x00000028b6000000,0x00000028b6100000)]
  0x000001f8a68cbf80 JavaThread "LanguageServerApp-lifecycle" [_thread_blocked, id=24956, stack(0x00000028b6100000,0x00000028b6200000)]
  0x000001f893bde9a0 JavaThread "DestroyJavaVM" [_thread_blocked, id=23152, stack(0x00000028b3e00000,0x00000028b3f00000)]
  0x000001f8a6909950 JavaThread "pool-12-thread-1" [_thread_in_native, id=13188, stack(0x00000028b6200000,0x00000028b6300000)]
  0x000001f8a69316e0 JavaThread "Simple-Language-Server main thread" daemon [_thread_blocked, id=23808, stack(0x00000028b6300000,0x00000028b6400000)]
  0x000001f8a6972770 JavaThread "pool-7-thread-1" [_thread_blocked, id=2352, stack(0x00000028b6700000,0x00000028b6800000)]
  0x000001f8a6b62e10 JavaThread "parallel-1" daemon [_thread_blocked, id=12200, stack(0x00000028b7c00000,0x00000028b7d00000)]
  0x000001f8a6b60c60 JavaThread "pool-5-thread-1" [_thread_blocked, id=12844, stack(0x00000028b8000000,0x00000028b8100000)]
  0x000001f8a6b66ca0 JavaThread "parallel-2" daemon [_thread_blocked, id=2396, stack(0x00000028b8100000,0x00000028b8200000)]
  0x000001f8a5092680 JavaThread "pool-8-thread-1" [_thread_blocked, id=23672, stack(0x00000028b4d00000,0x00000028b4e00000)]
  0x000001f8a5092b50 JavaThread "pool-8-thread-2" [_thread_blocked, id=15024, stack(0x00000028b5100000,0x00000028b5200000)]
  0x000001f8a5093020 JavaThread "parallel-3" daemon [_thread_blocked, id=11284, stack(0x00000028b6a00000,0x00000028b6b00000)]
  0x000001f8a7411b30 JavaThread "parallel-4" daemon [_thread_blocked, id=416, stack(0x00000028b6b00000,0x00000028b6c00000)]
  0x000001f8a7329d70 JavaThread "Reconciler-1" daemon [_thread_blocked, id=19880, stack(0x00000028b6c00000,0x00000028b6d00000)]

Other Threads:
=>0x000001f8a0e9c720 VMThread "VM Thread" [stack: 0x00000028b4400000,0x00000028b4500000] [id=24808]
  0x000001f8a522c1c0 WatcherThread [stack: 0x00000028b4f00000,0x00000028b5000000] [id=9584]
  0x000001f893ce88f0 GCTaskThread "GC Thread#0" [stack: 0x00000028b3f00000,0x00000028b4000000] [id=23716]
  0x000001f8a5bea310 GCTaskThread "GC Thread#1" [stack: 0x00000028b5300000,0x00000028b5400000] [id=25628]
  0x000001f8a5a1ca70 GCTaskThread "GC Thread#2" [stack: 0x00000028b5400000,0x00000028b5500000] [id=11224]
  0x000001f8a5db41e0 GCTaskThread "GC Thread#3" [stack: 0x00000028b5500000,0x00000028b5600000] [id=2984]
  0x000001f8a5fd20c0 GCTaskThread "GC Thread#4" [stack: 0x00000028b5600000,0x00000028b5700000] [id=3128]
  0x000001f8a5fd2370 GCTaskThread "GC Thread#5" [stack: 0x00000028b5700000,0x00000028b5800000] [id=24480]
  0x000001f8a5fd2620 GCTaskThread "GC Thread#6" [stack: 0x00000028b5800000,0x00000028b5900000] [id=8116]
  0x000001f8a5fd28d0 GCTaskThread "GC Thread#7" [stack: 0x00000028b5900000,0x00000028b5a00000] [id=13392]
  0x000001f8a6112300 GCTaskThread "GC Thread#8" [stack: 0x00000028b5b00000,0x00000028b5c00000] [id=11572]
  0x000001f8a60ac170 GCTaskThread "GC Thread#9" [stack: 0x00000028b5c00000,0x00000028b5d00000] [id=25052]
  0x000001f893cf1730 ConcurrentGCThread "G1 Main Marker" [stack: 0x00000028b4000000,0x00000028b4100000] [id=6652]
  0x000001f893cf2040 ConcurrentGCThread "G1 Conc#0" [stack: 0x00000028b4100000,0x00000028b4200000] [id=12748]
  0x000001f8a61c2070 ConcurrentGCThread "G1 Conc#1" [stack: 0x00000028b5d00000,0x00000028b5e00000] [id=14836]
  0x000001f8a5fd04a0 ConcurrentGCThread "G1 Conc#2" [stack: 0x00000028b5e00000,0x00000028b5f00000] [id=12108]
  0x000001f893d4e700 ConcurrentGCThread "G1 Refine#0" [stack: 0x00000028b4200000,0x00000028b4300000] [id=10868]
  0x000001f8a71ca820 ConcurrentGCThread "G1 Refine#1" [stack: 0x00000028b8200000,0x00000028b8300000] [id=19828]
  0x000001f8a71cab00 ConcurrentGCThread "G1 Refine#2" [stack: 0x00000028b8500000,0x00000028b8600000] [id=26196]
  0x000001f8a71ca260 ConcurrentGCThread "G1 Refine#3" [stack: 0x00000028b8600000,0x00000028b8700000] [id=21860]
  0x000001f8a80a82b0 ConcurrentGCThread "G1 Refine#4" [stack: 0x00000028b8a00000,0x00000028b8b00000] [id=1456]
  0x000001f8a80a8870 ConcurrentGCThread "G1 Refine#5" [stack: 0x00000028b8b00000,0x00000028b8c00000] [id=6824]
  0x000001f8a80a4ef0 ConcurrentGCThread "G1 Refine#6" [stack: 0x00000028b8c00000,0x00000028b8d00000] [id=7672]
  0x000001f8a0d04230 ConcurrentGCThread "G1 Service" [stack: 0x00000028b4300000,0x00000028b4400000] [id=24040]

Threads with active compile tasks:

VM state: at safepoint (normal execution)

VM Mutex/Monitor currently owned by a thread:  ([mutex/lock_event])
[0x000001f893ca4960] Threads_lock - owner thread: 0x000001f8a0e9c720
[0x000001f893ca4840] Heap_lock - owner thread: 0x000001f8a68ad2c0

Heap address: 0x00000000c0000000, size: 1024 MB, Compressed Oops mode: 32-bit

CDS archive(s) not mapped
Compressed class space mapped at: 0x0000000100000000-0x0000000140000000, reserved size: 1073741824
Narrow klass base: 0x0000000000000000, Narrow klass shift: 3, Narrow klass range: 0x140000000

GC Precious Log:
 CPUs: 12 total, 12 available
 Memory: 8013M
 Large Page Support: Disabled
 NUMA Support: Disabled
 Compressed Oops: Enabled (32-bit)
 Heap Region Size: 1M
 Heap Min Capacity: 8M
 Heap Initial Capacity: 126M
 Heap Max Capacity: 1G
 Pre-touch: Disabled
 Parallel Workers: 10
 Concurrent Workers: 3
 Concurrent Refinement Workers: 10
 Periodic GC: Disabled

Heap:
 garbage-first heap   total 283648K, used 83247K [0x00000000c0000000, 0x0000000100000000)
  region size 1024K, 1 young (1024K), 0 survivors (0K)
 Metaspace       used 75153K, committed 76032K, reserved 1179648K
  class space    used 10287K, committed 10624K, reserved 1048576K

Heap Regions: E=young(eden), S=young(survivor), O=old, HS=humongous(starts), HC=humongous(continues), CS=collection set, F=free, OA=open archive, CA=closed archive, TAMS=top-at-mark-start (previous, next)
|   0|0x00000000c0000000, 0x00000000c00ffff0, 0x00000000c0100000| 99%| O|  |TAMS 0x00000000c00ffff0, 0x00000000c0000000| Untracked 
|   1|0x00000000c0100000, 0x00000000c0200000, 0x00000000c0200000|100%| O|  |TAMS 0x00000000c0200000, 0x00000000c0100000| Untracked 
|   2|0x00000000c0200000, 0x00000000c0300000, 0x00000000c0300000|100%| O|  |TAMS 0x00000000c0300000, 0x00000000c0200000| Untracked 
|   3|0x00000000c0300000, 0x00000000c0400000, 0x00000000c0400000|100%| O|  |TAMS 0x00000000c0400000, 0x00000000c0300000| Untracked 
|   4|0x00000000c0400000, 0x00000000c04ffff8, 0x00000000c0500000| 99%| O|  |TAMS 0x00000000c04ffff8, 0x00000000c0400000| Untracked 
|   5|0x00000000c0500000, 0x00000000c05ffff8, 0x00000000c0600000| 99%| O|  |TAMS 0x00000000c05ffff8, 0x00000000c0500000| Untracked 
|   6|0x00000000c0600000, 0x00000000c06ffff0, 0x00000000c0700000| 99%| O|  |TAMS 0x00000000c06ffff0, 0x00000000c0600000| Untracked 
|   7|0x00000000c0700000, 0x00000000c07fffb0, 0x00000000c0800000| 99%| O|  |TAMS 0x00000000c07fffb0, 0x00000000c0700000| Untracked 
|   8|0x00000000c0800000, 0x00000000c0900000, 0x00000000c0900000|100%| O|  |TAMS 0x00000000c0900000, 0x00000000c0800000| Untracked 
|   9|0x00000000c0900000, 0x00000000c09ffff0, 0x00000000c0a00000| 99%| O|  |TAMS 0x00000000c09ffff0, 0x00000000c0900000| Untracked 
|  10|0x00000000c0a00000, 0x00000000c0afff88, 0x00000000c0b00000| 99%| O|  |TAMS 0x00000000c0afff88, 0x00000000c0a00000| Untracked 
|  11|0x00000000c0b00000, 0x00000000c0bfffd0, 0x00000000c0c00000| 99%| O|  |TAMS 0x00000000c0bfffd0, 0x00000000c0b00000| Untracked 
|  12|0x00000000c0c00000, 0x00000000c0cfffe0, 0x00000000c0d00000| 99%| O|  |TAMS 0x00000000c0cfffe0, 0x00000000c0c00000| Untracked 
|  13|0x00000000c0d00000, 0x00000000c0dfffe0, 0x00000000c0e00000| 99%| O|  |TAMS 0x00000000c0dfffe0, 0x00000000c0d00000| Untracked 
|  14|0x00000000c0e00000, 0x00000000c0effff8, 0x00000000c0f00000| 99%| O|  |TAMS 0x00000000c0effff8, 0x00000000c0e00000| Untracked 
|  15|0x00000000c0f00000, 0x00000000c0ffffc0, 0x00000000c1000000| 99%| O|  |TAMS 0x00000000c0ffffc0, 0x00000000c0f00000| Untracked 
|  16|0x00000000c1000000, 0x00000000c10f4e38, 0x00000000c1100000| 95%| O|  |TAMS 0x00000000c10f4e38, 0x00000000c1000000| Untracked 
|  17|0x00000000c1100000, 0x00000000c1200000, 0x00000000c1200000|100%| O|  |TAMS 0x00000000c1200000, 0x00000000c1100000| Untracked 
|  18|0x00000000c1200000, 0x00000000c12fffe0, 0x00000000c1300000| 99%| O|  |TAMS 0x00000000c12fffe0, 0x00000000c1200000| Untracked 
|  19|0x00000000c1300000, 0x00000000c13ffd88, 0x00000000c1400000| 99%| O|  |TAMS 0x00000000c13ffd88, 0x00000000c1300000| Untracked 
|  20|0x00000000c1400000, 0x00000000c14f57a8, 0x00000000c1500000| 95%| O|  |TAMS 0x00000000c14f57a8, 0x00000000c1400000| Untracked 
|  21|0x00000000c1500000, 0x00000000c1600000, 0x00000000c1600000|100%|HS|  |TAMS 0x00000000c1600000, 0x00000000c1500000| Untracked 
|  22|0x00000000c1600000, 0x00000000c16fffd0, 0x00000000c1700000| 99%| O|  |TAMS 0x00000000c16fffd0, 0x00000000c1600000| Untracked 
|  23|0x00000000c1700000, 0x00000000c1800000, 0x00000000c1800000|100%| O|  |TAMS 0x00000000c1800000, 0x00000000c1700000| Untracked 
|  24|0x00000000c1800000, 0x00000000c18fffc8, 0x00000000c1900000| 99%| O|  |TAMS 0x00000000c18fffc8, 0x00000000c1800000| Untracked 
|  25|0x00000000c1900000, 0x00000000c19fffd8, 0x00000000c1a00000| 99%| O|  |TAMS 0x00000000c19fffd8, 0x00000000c1900000| Untracked 
|  26|0x00000000c1a00000, 0x00000000c1afffe8, 0x00000000c1b00000| 99%| O|  |TAMS 0x00000000c1afffe8, 0x00000000c1a00000| Untracked 
|  27|0x00000000c1b00000, 0x00000000c1bffff0, 0x00000000c1c00000| 99%| O|  |TAMS 0x00000000c1bffff0, 0x00000000c1b00000| Untracked 
|  28|0x00000000c1c00000, 0x00000000c1cfffe8, 0x00000000c1d00000| 99%| O|  |TAMS 0x00000000c1cfffe8, 0x00000000c1c00000| Untracked 
|  29|0x00000000c1d00000, 0x00000000c1dffff8, 0x00000000c1e00000| 99%| O|  |TAMS 0x00000000c1dffff8, 0x00000000c1d00000| Untracked 
|  30|0x00000000c1e00000, 0x00000000c1efffe8, 0x00000000c1f00000| 99%| O|  |TAMS 0x00000000c1efffe8, 0x00000000c1e00000| Untracked 
|  31|0x00000000c1f00000, 0x00000000c1ffff60, 0x00000000c2000000| 99%| O|  |TAMS 0x00000000c1ffff60, 0x00000000c1f00000| Untracked 
|  32|0x00000000c2000000, 0x00000000c20ffff8, 0x00000000c2100000| 99%| O|  |TAMS 0x00000000c20ffff8, 0x00000000c2000000| Untracked 
|  33|0x00000000c2100000, 0x00000000c21fffe0, 0x00000000c2200000| 99%| O|  |TAMS 0x00000000c21fffe0, 0x00000000c2100000| Untracked 
|  34|0x00000000c2200000, 0x00000000c22fffe0, 0x00000000c2300000| 99%| O|  |TAMS 0x00000000c22fffe0, 0x00000000c2200000| Untracked 
|  35|0x00000000c2300000, 0x00000000c23fffa0, 0x00000000c2400000| 99%| O|  |TAMS 0x00000000c23fffa0, 0x00000000c2300000| Untracked 
|  36|0x00000000c2400000, 0x00000000c24fffc0, 0x00000000c2500000| 99%| O|  |TAMS 0x00000000c24fffc0, 0x00000000c2400000| Untracked 
|  37|0x00000000c2500000, 0x00000000c25fffc0, 0x00000000c2600000| 99%| O|  |TAMS 0x00000000c25fffc0, 0x00000000c2500000| Untracked 
|  38|0x00000000c2600000, 0x00000000c26fffc8, 0x00000000c2700000| 99%| O|  |TAMS 0x00000000c26fffc8, 0x00000000c2600000| Untracked 
|  39|0x00000000c2700000, 0x00000000c27ffff0, 0x00000000c2800000| 99%| O|  |TAMS 0x00000000c27ffff0, 0x00000000c2700000| Untracked 
|  40|0x00000000c2800000, 0x00000000c28ffff8, 0x00000000c2900000| 99%| O|  |TAMS 0x00000000c28ffff8, 0x00000000c2800000| Untracked 
|  41|0x00000000c2900000, 0x00000000c29fffb8, 0x00000000c2a00000| 99%| O|  |TAMS 0x00000000c29fffb8, 0x00000000c2900000| Untracked 
|  42|0x00000000c2a00000, 0x00000000c2b00000, 0x00000000c2b00000|100%| O|  |TAMS 0x00000000c2b00000, 0x00000000c2a00000| Untracked 
|  43|0x00000000c2b00000, 0x00000000c2bffff8, 0x00000000c2c00000| 99%| O|  |TAMS 0x00000000c2bffff8, 0x00000000c2b00000| Untracked 
|  44|0x00000000c2c00000, 0x00000000c2cfffd8, 0x00000000c2d00000| 99%| O|  |TAMS 0x00000000c2cfffd8, 0x00000000c2c00000| Untracked 
|  45|0x00000000c2d00000, 0x00000000c2dfffe8, 0x00000000c2e00000| 99%| O|  |TAMS 0x00000000c2dfffe8, 0x00000000c2d00000| Untracked 
|  46|0x00000000c2e00000, 0x00000000c2effff8, 0x00000000c2f00000| 99%| O|  |TAMS 0x00000000c2effff8, 0x00000000c2e00000| Untracked 
|  47|0x00000000c2f00000, 0x00000000c2ffffd8, 0x00000000c3000000| 99%| O|  |TAMS 0x00000000c2ffffd8, 0x00000000c2f00000| Untracked 
|  48|0x00000000c3000000, 0x00000000c30ffff0, 0x00000000c3100000| 99%| O|  |TAMS 0x00000000c30ffff0, 0x00000000c3000000| Untracked 
|  49|0x00000000c3100000, 0x00000000c3200000, 0x00000000c3200000|100%| O|  |TAMS 0x00000000c3200000, 0x00000000c3100000| Untracked 
|  50|0x00000000c3200000, 0x00000000c32fffd8, 0x00000000c3300000| 99%| O|  |TAMS 0x00000000c32fffd8, 0x00000000c3200000| Untracked 
|  51|0x00000000c3300000, 0x00000000c33ffff8, 0x00000000c3400000| 99%| O|  |TAMS 0x00000000c33ffff8, 0x00000000c3300000| Untracked 
|  52|0x00000000c3400000, 0x00000000c34fffd8, 0x00000000c3500000| 99%| O|  |TAMS 0x00000000c34fffd8, 0x00000000c3400000| Untracked 
|  53|0x00000000c3500000, 0x00000000c35f88b8, 0x00000000c3600000| 97%| O|  |TAMS 0x00000000c35f88b8, 0x00000000c3500000| Untracked 
|  54|0x00000000c3600000, 0x00000000c3700000, 0x00000000c3700000|100%| O|  |TAMS 0x00000000c3700000, 0x00000000c3600000| Untracked 
|  55|0x00000000c3700000, 0x00000000c3800000, 0x00000000c3800000|100%| O|  |TAMS 0x00000000c3800000, 0x00000000c3700000| Untracked 
|  56|0x00000000c3800000, 0x00000000c38fd8b0, 0x00000000c3900000| 99%| O|  |TAMS 0x00000000c38fd8b0, 0x00000000c3800000| Untracked 
|  57|0x00000000c3900000, 0x00000000c39ffff8, 0x00000000c3a00000| 99%| O|  |TAMS 0x00000000c39ffff8, 0x00000000c3900000| Untracked 
|  58|0x00000000c3a00000, 0x00000000c3affff8, 0x00000000c3b00000| 99%| O|  |TAMS 0x00000000c3affff8, 0x00000000c3a00000| Untracked 
|  59|0x00000000c3b00000, 0x00000000c3bf3948, 0x00000000c3c00000| 95%| O|  |TAMS 0x00000000c3bf3948, 0x00000000c3b00000| Untracked 
|  60|0x00000000c3c00000, 0x00000000c3cfffe8, 0x00000000c3d00000| 99%| O|  |TAMS 0x00000000c3cfffe8, 0x00000000c3c00000| Untracked 
|  61|0x00000000c3d00000, 0x00000000c3dffff0, 0x00000000c3e00000| 99%| O|  |TAMS 0x00000000c3dffff0, 0x00000000c3d00000| Untracked 
|  62|0x00000000c3e00000, 0x00000000c3effff8, 0x00000000c3f00000| 99%| O|  |TAMS 0x00000000c3effff8, 0x00000000c3e00000| Untracked 
|  63|0x00000000c3f00000, 0x00000000c3fffff0, 0x00000000c4000000| 99%| O|  |TAMS 0x00000000c3fffff0, 0x00000000c3f00000| Untracked 
|  64|0x00000000c4000000, 0x00000000c40c7e38, 0x00000000c4100000| 78%| O|  |TAMS 0x00000000c4000000, 0x00000000c4000000| Untracked 
|  65|0x00000000c4100000, 0x00000000c4200000, 0x00000000c4200000|100%| O|  |TAMS 0x00000000c4200000, 0x00000000c4100000| Untracked 
|  66|0x00000000c4200000, 0x00000000c42ffff8, 0x00000000c4300000| 99%| O|  |TAMS 0x00000000c42ffff8, 0x00000000c4200000| Untracked 
|  67|0x00000000c4300000, 0x00000000c43b2c88, 0x00000000c4400000| 69%| O|  |TAMS 0x00000000c4300000, 0x00000000c4300000| Untracked 
|  68|0x00000000c4400000, 0x00000000c4500000, 0x00000000c4500000|100%|HS|  |TAMS 0x00000000c4500000, 0x00000000c4400000| Untracked 
|  69|0x00000000c4500000, 0x00000000c45fffe0, 0x00000000c4600000| 99%| O|  |TAMS 0x00000000c45fffe0, 0x00000000c4500000| Untracked 
|  70|0x00000000c4600000, 0x00000000c46f24a0, 0x00000000c4700000| 94%| O|  |TAMS 0x00000000c4600000, 0x00000000c4600000| Untracked 
|  71|0x00000000c4700000, 0x00000000c470bac0, 0x00000000c4800000|  4%| O|  |TAMS 0x00000000c4700000, 0x00000000c4700000| Untracked 
|  72|0x00000000c4800000, 0x00000000c48fffe0, 0x00000000c4900000| 99%| O|  |TAMS 0x00000000c48fffe0, 0x00000000c4800000| Untracked 
|  73|0x00000000c4900000, 0x00000000c4900000, 0x00000000c4a00000|  0%| F|  |TAMS 0x00000000c4900000, 0x00000000c4900000| Untracked 
|  74|0x00000000c4a00000, 0x00000000c4a00000, 0x00000000c4b00000|  0%| F|  |TAMS 0x00000000c4a00000, 0x00000000c4a00000| Untracked 
|  75|0x00000000c4b00000, 0x00000000c4bffa48, 0x00000000c4c00000| 99%| O|  |TAMS 0x00000000c4bffa48, 0x00000000c4b00000| Untracked 
|  76|0x00000000c4c00000, 0x00000000c4c00000, 0x00000000c4d00000|  0%| F|  |TAMS 0x00000000c4c00000, 0x00000000c4c00000| Untracked 
|  77|0x00000000c4d00000, 0x00000000c4d00000, 0x00000000c4e00000|  0%| F|  |TAMS 0x00000000c4d00000, 0x00000000c4d00000| Untracked 
|  78|0x00000000c4e00000, 0x00000000c4effff0, 0x00000000c4f00000| 99%| O|  |TAMS 0x00000000c4effff0, 0x00000000c4e00000| Untracked 
|  79|0x00000000c4f00000, 0x00000000c4f00000, 0x00000000c5000000|  0%| F|  |TAMS 0x00000000c4f00000, 0x00000000c4f00000| Untracked 
|  80|0x00000000c5000000, 0x00000000c5000000, 0x00000000c5100000|  0%| F|  |TAMS 0x00000000c5000000, 0x00000000c5000000| Untracked 
|  81|0x00000000c5100000, 0x00000000c5100000, 0x00000000c5200000|  0%| F|  |TAMS 0x00000000c5100000, 0x00000000c5100000| Untracked 
|  82|0x00000000c5200000, 0x00000000c5200000, 0x00000000c5300000|  0%| F|  |TAMS 0x00000000c5200000, 0x00000000c5200000| Untracked 
|  83|0x00000000c5300000, 0x00000000c5300000, 0x00000000c5400000|  0%| F|  |TAMS 0x00000000c5300000, 0x00000000c5300000| Untracked 
|  84|0x00000000c5400000, 0x00000000c5400000, 0x00000000c5500000|  0%| F|  |TAMS 0x00000000c5400000, 0x00000000c5400000| Untracked 
|  85|0x00000000c5500000, 0x00000000c5500000, 0x00000000c5600000|  0%| F|  |TAMS 0x00000000c5500000, 0x00000000c5500000| Untracked 
|  86|0x00000000c5600000, 0x00000000c5600000, 0x00000000c5700000|  0%| F|  |TAMS 0x00000000c5600000, 0x00000000c5600000| Untracked 
|  87|0x00000000c5700000, 0x00000000c5800000, 0x00000000c5800000|100%| O|  |TAMS 0x00000000c5800000, 0x00000000c5700000| Untracked 
|  88|0x00000000c5800000, 0x00000000c58fffc0, 0x00000000c5900000| 99%| O|  |TAMS 0x00000000c58fffc0, 0x00000000c5800000| Untracked 
|  89|0x00000000c5900000, 0x00000000c5900000, 0x00000000c5a00000|  0%| F|  |TAMS 0x00000000c5900000, 0x00000000c5900000| Untracked 
|  90|0x00000000c5a00000, 0x00000000c5a00000, 0x00000000c5b00000|  0%| F|  |TAMS 0x00000000c5a00000, 0x00000000c5a00000| Untracked 
|  91|0x00000000c5b00000, 0x00000000c5b00000, 0x00000000c5c00000|  0%| F|  |TAMS 0x00000000c5b00000, 0x00000000c5b00000| Untracked 
|  92|0x00000000c5c00000, 0x00000000c5c00000, 0x00000000c5d00000|  0%| F|  |TAMS 0x00000000c5c00000, 0x00000000c5c00000| Untracked 
|  93|0x00000000c5d00000, 0x00000000c5d00000, 0x00000000c5e00000|  0%| F|  |TAMS 0x00000000c5d00000, 0x00000000c5d00000| Untracked 
|  94|0x00000000c5e00000, 0x00000000c5e00000, 0x00000000c5f00000|  0%| F|  |TAMS 0x00000000c5e00000, 0x00000000c5e00000| Untracked 
|  95|0x00000000c5f00000, 0x00000000c5f00000, 0x00000000c6000000|  0%| F|  |TAMS 0x00000000c5f00000, 0x00000000c5f00000| Untracked 
|  96|0x00000000c6000000, 0x00000000c6000000, 0x00000000c6100000|  0%| F|  |TAMS 0x00000000c6000000, 0x00000000c6000000| Untracked 
|  97|0x00000000c6100000, 0x00000000c6100000, 0x00000000c6200000|  0%| F|  |TAMS 0x00000000c6100000, 0x00000000c6100000| Untracked 
|  98|0x00000000c6200000, 0x00000000c6200000, 0x00000000c6300000|  0%| F|  |TAMS 0x00000000c6200000, 0x00000000c6200000| Untracked 
|  99|0x00000000c6300000, 0x00000000c6300000, 0x00000000c6400000|  0%| F|  |TAMS 0x00000000c6300000, 0x00000000c6300000| Untracked 
| 100|0x00000000c6400000, 0x00000000c6400000, 0x00000000c6500000|  0%| F|  |TAMS 0x00000000c6400000, 0x00000000c6400000| Untracked 
| 101|0x00000000c6500000, 0x00000000c6500000, 0x00000000c6600000|  0%| F|  |TAMS 0x00000000c6500000, 0x00000000c6500000| Untracked 
| 102|0x00000000c6600000, 0x00000000c6600000, 0x00000000c6700000|  0%| F|  |TAMS 0x00000000c6600000, 0x00000000c6600000| Untracked 
| 103|0x00000000c6700000, 0x00000000c6700000, 0x00000000c6800000|  0%| F|  |TAMS 0x00000000c6700000, 0x00000000c6700000| Untracked 
| 104|0x00000000c6800000, 0x00000000c6800000, 0x00000000c6900000|  0%| F|  |TAMS 0x00000000c6800000, 0x00000000c6800000| Untracked 
| 105|0x00000000c6900000, 0x00000000c6900000, 0x00000000c6a00000|  0%| F|  |TAMS 0x00000000c6900000, 0x00000000c6900000| Untracked 
| 106|0x00000000c6a00000, 0x00000000c6a00000, 0x00000000c6b00000|  0%| F|  |TAMS 0x00000000c6a00000, 0x00000000c6a00000| Untracked 
| 107|0x00000000c6b00000, 0x00000000c6b00000, 0x00000000c6c00000|  0%| F|  |TAMS 0x00000000c6b00000, 0x00000000c6b00000| Untracked 
| 108|0x00000000c6c00000, 0x00000000c6c00000, 0x00000000c6d00000|  0%| F|  |TAMS 0x00000000c6c00000, 0x00000000c6c00000| Untracked 
| 109|0x00000000c6d00000, 0x00000000c6d00000, 0x00000000c6e00000|  0%| F|  |TAMS 0x00000000c6d00000, 0x00000000c6d00000| Untracked 
| 110|0x00000000c6e00000, 0x00000000c6e00000, 0x00000000c6f00000|  0%| F|  |TAMS 0x00000000c6e00000, 0x00000000c6e00000| Untracked 
| 111|0x00000000c6f00000, 0x00000000c6f00000, 0x00000000c7000000|  0%| F|  |TAMS 0x00000000c6f00000, 0x00000000c6f00000| Untracked 
| 112|0x00000000c7000000, 0x00000000c7000000, 0x00000000c7100000|  0%| F|  |TAMS 0x00000000c7000000, 0x00000000c7000000| Untracked 
| 113|0x00000000c7100000, 0x00000000c7100000, 0x00000000c7200000|  0%| F|  |TAMS 0x00000000c7100000, 0x00000000c7100000| Untracked 
| 114|0x00000000c7200000, 0x00000000c7200000, 0x00000000c7300000|  0%| F|  |TAMS 0x00000000c7200000, 0x00000000c7200000| Untracked 
| 115|0x00000000c7300000, 0x00000000c7300000, 0x00000000c7400000|  0%| F|  |TAMS 0x00000000c7300000, 0x00000000c7300000| Untracked 
| 116|0x00000000c7400000, 0x00000000c7400000, 0x00000000c7500000|  0%| F|  |TAMS 0x00000000c7400000, 0x00000000c7400000| Untracked 
| 117|0x00000000c7500000, 0x00000000c7500000, 0x00000000c7600000|  0%| F|  |TAMS 0x00000000c7500000, 0x00000000c7500000| Untracked 
| 118|0x00000000c7600000, 0x00000000c7600000, 0x00000000c7700000|  0%| F|  |TAMS 0x00000000c7600000, 0x00000000c7600000| Untracked 
| 119|0x00000000c7700000, 0x00000000c7700000, 0x00000000c7800000|  0%| F|  |TAMS 0x00000000c7700000, 0x00000000c7700000| Untracked 
| 120|0x00000000c7800000, 0x00000000c7800000, 0x00000000c7900000|  0%| F|  |TAMS 0x00000000c7800000, 0x00000000c7800000| Untracked 
| 121|0x00000000c7900000, 0x00000000c7900000, 0x00000000c7a00000|  0%| F|  |TAMS 0x00000000c7900000, 0x00000000c7900000| Untracked 
| 122|0x00000000c7a00000, 0x00000000c7a00000, 0x00000000c7b00000|  0%| F|  |TAMS 0x00000000c7a00000, 0x00000000c7a00000| Untracked 
| 123|0x00000000c7b00000, 0x00000000c7b00000, 0x00000000c7c00000|  0%| F|  |TAMS 0x00000000c7b00000, 0x00000000c7b00000| Untracked 
| 124|0x00000000c7c00000, 0x00000000c7c00000, 0x00000000c7d00000|  0%| F|  |TAMS 0x00000000c7c00000, 0x00000000c7c00000| Untracked 
| 125|0x00000000c7d00000, 0x00000000c7d00000, 0x00000000c7e00000|  0%| F|  |TAMS 0x00000000c7d00000, 0x00000000c7d00000| Untracked 
| 126|0x00000000c7e00000, 0x00000000c7e00000, 0x00000000c7f00000|  0%| F|  |TAMS 0x00000000c7e00000, 0x00000000c7e00000| Untracked 
| 127|0x00000000c7f00000, 0x00000000c7f00000, 0x00000000c8000000|  0%| F|  |TAMS 0x00000000c7f00000, 0x00000000c7f00000| Untracked 
| 128|0x00000000c8000000, 0x00000000c8000000, 0x00000000c8100000|  0%| F|  |TAMS 0x00000000c8000000, 0x00000000c8000000| Untracked 
| 129|0x00000000c8100000, 0x00000000c8100000, 0x00000000c8200000|  0%| F|  |TAMS 0x00000000c8100000, 0x00000000c8100000| Untracked 
| 130|0x00000000c8200000, 0x00000000c8200000, 0x00000000c8300000|  0%| F|  |TAMS 0x00000000c8200000, 0x00000000c8200000| Untracked 
| 131|0x00000000c8300000, 0x00000000c8300000, 0x00000000c8400000|  0%| F|  |TAMS 0x00000000c8300000, 0x00000000c8300000| Untracked 
| 132|0x00000000c8400000, 0x00000000c8400000, 0x00000000c8500000|  0%| F|  |TAMS 0x00000000c8400000, 0x00000000c8400000| Untracked 
| 133|0x00000000c8500000, 0x00000000c8500000, 0x00000000c8600000|  0%| F|  |TAMS 0x00000000c8500000, 0x00000000c8500000| Untracked 
| 134|0x00000000c8600000, 0x00000000c8600000, 0x00000000c8700000|  0%| F|  |TAMS 0x00000000c8600000, 0x00000000c8600000| Untracked 
| 135|0x00000000c8700000, 0x00000000c8700000, 0x00000000c8800000|  0%| F|  |TAMS 0x00000000c8700000, 0x00000000c8700000| Untracked 
| 136|0x00000000c8800000, 0x00000000c8800000, 0x00000000c8900000|  0%| F|  |TAMS 0x00000000c8800000, 0x00000000c8800000| Untracked 
| 137|0x00000000c8900000, 0x00000000c8900000, 0x00000000c8a00000|  0%| F|  |TAMS 0x00000000c8900000, 0x00000000c8900000| Untracked 
| 138|0x00000000c8a00000, 0x00000000c8a00000, 0x00000000c8b00000|  0%| F|  |TAMS 0x00000000c8a00000, 0x00000000c8a00000| Untracked 
| 139|0x00000000c8b00000, 0x00000000c8b00000, 0x00000000c8c00000|  0%| F|  |TAMS 0x00000000c8b00000, 0x00000000c8b00000| Untracked 
| 140|0x00000000c8c00000, 0x00000000c8c00000, 0x00000000c8d00000|  0%| F|  |TAMS 0x00000000c8c00000, 0x00000000c8c00000| Untracked 
| 141|0x00000000c8d00000, 0x00000000c8d00000, 0x00000000c8e00000|  0%| F|  |TAMS 0x00000000c8d00000, 0x00000000c8d00000| Untracked 
| 142|0x00000000c8e00000, 0x00000000c8e00000, 0x00000000c8f00000|  0%| F|  |TAMS 0x00000000c8e00000, 0x00000000c8e00000| Untracked 
| 143|0x00000000c8f00000, 0x00000000c8f00000, 0x00000000c9000000|  0%| F|  |TAMS 0x00000000c8f00000, 0x00000000c8f00000| Untracked 
| 144|0x00000000c9000000, 0x00000000c9000000, 0x00000000c9100000|  0%| F|  |TAMS 0x00000000c9000000, 0x00000000c9000000| Untracked 
| 145|0x00000000c9100000, 0x00000000c9100000, 0x00000000c9200000|  0%| F|  |TAMS 0x00000000c9100000, 0x00000000c9100000| Untracked 
| 146|0x00000000c9200000, 0x00000000c9200000, 0x00000000c9300000|  0%| F|  |TAMS 0x00000000c9200000, 0x00000000c9200000| Untracked 
| 147|0x00000000c9300000, 0x00000000c9300000, 0x00000000c9400000|  0%| F|  |TAMS 0x00000000c9300000, 0x00000000c9300000| Untracked 
| 148|0x00000000c9400000, 0x00000000c9400000, 0x00000000c9500000|  0%| F|  |TAMS 0x00000000c9400000, 0x00000000c9400000| Untracked 
| 149|0x00000000c9500000, 0x00000000c9500000, 0x00000000c9600000|  0%| F|  |TAMS 0x00000000c9500000, 0x00000000c9500000| Untracked 
| 150|0x00000000c9600000, 0x00000000c9600000, 0x00000000c9700000|  0%| F|  |TAMS 0x00000000c9600000, 0x00000000c9600000| Untracked 
| 151|0x00000000c9700000, 0x00000000c9700000, 0x00000000c9800000|  0%| F|  |TAMS 0x00000000c9700000, 0x00000000c9700000| Untracked 
| 152|0x00000000c9800000, 0x00000000c9800000, 0x00000000c9900000|  0%| F|  |TAMS 0x00000000c9800000, 0x00000000c9800000| Untracked 
| 153|0x00000000c9900000, 0x00000000c9900000, 0x00000000c9a00000|  0%| F|  |TAMS 0x00000000c9900000, 0x00000000c9900000| Untracked 
| 154|0x00000000c9a00000, 0x00000000c9a00000, 0x00000000c9b00000|  0%| F|  |TAMS 0x00000000c9a00000, 0x00000000c9a00000| Untracked 
| 155|0x00000000c9b00000, 0x00000000c9b00000, 0x00000000c9c00000|  0%| F|  |TAMS 0x00000000c9b00000, 0x00000000c9b00000| Untracked 
| 156|0x00000000c9c00000, 0x00000000c9c00000, 0x00000000c9d00000|  0%| F|  |TAMS 0x00000000c9c00000, 0x00000000c9c00000| Untracked 
| 157|0x00000000c9d00000, 0x00000000c9d00000, 0x00000000c9e00000|  0%| F|  |TAMS 0x00000000c9d00000, 0x00000000c9d00000| Untracked 
| 158|0x00000000c9e00000, 0x00000000c9e00000, 0x00000000c9f00000|  0%| F|  |TAMS 0x00000000c9e00000, 0x00000000c9e00000| Untracked 
| 159|0x00000000c9f00000, 0x00000000c9f00000, 0x00000000ca000000|  0%| F|  |TAMS 0x00000000c9f00000, 0x00000000c9f00000| Untracked 
| 160|0x00000000ca000000, 0x00000000ca000000, 0x00000000ca100000|  0%| F|  |TAMS 0x00000000ca000000, 0x00000000ca000000| Untracked 
| 161|0x00000000ca100000, 0x00000000ca200000, 0x00000000ca200000|100%|HS|  |TAMS 0x00000000ca200000, 0x00000000ca100000| Untracked 
| 162|0x00000000ca200000, 0x00000000ca300000, 0x00000000ca300000|100%|HC|  |TAMS 0x00000000ca300000, 0x00000000ca200000| Untracked 
| 163|0x00000000ca300000, 0x00000000ca300000, 0x00000000ca400000|  0%| F|  |TAMS 0x00000000ca300000, 0x00000000ca300000| Untracked 
| 164|0x00000000ca400000, 0x00000000ca400000, 0x00000000ca500000|  0%| F|  |TAMS 0x00000000ca400000, 0x00000000ca400000| Untracked 
| 165|0x00000000ca500000, 0x00000000ca500088, 0x00000000ca600000|  0%| O|  |TAMS 0x00000000ca500000, 0x00000000ca500000| Untracked 
| 166|0x00000000ca600000, 0x00000000ca600000, 0x00000000ca700000|  0%| F|  |TAMS 0x00000000ca600000, 0x00000000ca600000| Untracked 
| 167|0x00000000ca700000, 0x00000000ca700000, 0x00000000ca800000|  0%| F|  |TAMS 0x00000000ca700000, 0x00000000ca700000| Untracked 
| 168|0x00000000ca800000, 0x00000000ca800000, 0x00000000ca900000|  0%| F|  |TAMS 0x00000000ca800000, 0x00000000ca800000| Untracked 
| 169|0x00000000ca900000, 0x00000000ca900000, 0x00000000caa00000|  0%| F|  |TAMS 0x00000000ca900000, 0x00000000ca900000| Untracked 
| 170|0x00000000caa00000, 0x00000000caa00000, 0x00000000cab00000|  0%| F|  |TAMS 0x00000000caa00000, 0x00000000caa00000| Untracked 
| 171|0x00000000cab00000, 0x00000000cab00000, 0x00000000cac00000|  0%| F|  |TAMS 0x00000000cab00000, 0x00000000cab00000| Untracked 
| 172|0x00000000cac00000, 0x00000000cac00000, 0x00000000cad00000|  0%| F|  |TAMS 0x00000000cac00000, 0x00000000cac00000| Untracked 
| 173|0x00000000cad00000, 0x00000000cad00000, 0x00000000cae00000|  0%| F|  |TAMS 0x00000000cad00000, 0x00000000cad00000| Untracked 
| 174|0x00000000cae00000, 0x00000000cae00000, 0x00000000caf00000|  0%| F|  |TAMS 0x00000000cae00000, 0x00000000cae00000| Untracked 
| 175|0x00000000caf00000, 0x00000000caf00000, 0x00000000cb000000|  0%| F|  |TAMS 0x00000000caf00000, 0x00000000caf00000| Untracked 
| 176|0x00000000cb000000, 0x00000000cb000000, 0x00000000cb100000|  0%| F|  |TAMS 0x00000000cb000000, 0x00000000cb000000| Untracked 
| 177|0x00000000cb100000, 0x00000000cb100000, 0x00000000cb200000|  0%| F|  |TAMS 0x00000000cb100000, 0x00000000cb100000| Untracked 
| 178|0x00000000cb200000, 0x00000000cb200000, 0x00000000cb300000|  0%| F|  |TAMS 0x00000000cb200000, 0x00000000cb200000| Untracked 
| 179|0x00000000cb300000, 0x00000000cb300000, 0x00000000cb400000|  0%| F|  |TAMS 0x00000000cb300000, 0x00000000cb300000| Untracked 
| 180|0x00000000cb400000, 0x00000000cb400000, 0x00000000cb500000|  0%| F|  |TAMS 0x00000000cb400000, 0x00000000cb400000| Untracked 
| 181|0x00000000cb500000, 0x00000000cb500000, 0x00000000cb600000|  0%| F|  |TAMS 0x00000000cb500000, 0x00000000cb500000| Untracked 
| 182|0x00000000cb600000, 0x00000000cb600000, 0x00000000cb700000|  0%| F|  |TAMS 0x00000000cb600000, 0x00000000cb600000| Untracked 
| 183|0x00000000cb700000, 0x00000000cb700000, 0x00000000cb800000|  0%| F|  |TAMS 0x00000000cb700000, 0x00000000cb700000| Untracked 
| 184|0x00000000cb800000, 0x00000000cb800000, 0x00000000cb900000|  0%| F|  |TAMS 0x00000000cb800000, 0x00000000cb800000| Untracked 
| 185|0x00000000cb900000, 0x00000000cb900000, 0x00000000cba00000|  0%| F|  |TAMS 0x00000000cb900000, 0x00000000cb900000| Untracked 
| 186|0x00000000cba00000, 0x00000000cba00000, 0x00000000cbb00000|  0%| F|  |TAMS 0x00000000cba00000, 0x00000000cba00000| Untracked 
| 187|0x00000000cbb00000, 0x00000000cbb00000, 0x00000000cbc00000|  0%| F|  |TAMS 0x00000000cbb00000, 0x00000000cbb00000| Untracked 
| 188|0x00000000cbc00000, 0x00000000cbc00000, 0x00000000cbd00000|  0%| F|  |TAMS 0x00000000cbc00000, 0x00000000cbc00000| Untracked 
| 189|0x00000000cbd00000, 0x00000000cbd00000, 0x00000000cbe00000|  0%| F|  |TAMS 0x00000000cbd00000, 0x00000000cbd00000| Untracked 
| 190|0x00000000cbe00000, 0x00000000cbe00000, 0x00000000cbf00000|  0%| F|  |TAMS 0x00000000cbe00000, 0x00000000cbe00000| Untracked 
| 191|0x00000000cbf00000, 0x00000000cbf00000, 0x00000000cc000000|  0%| F|  |TAMS 0x00000000cbf00000, 0x00000000cbf00000| Untracked 
| 192|0x00000000cc000000, 0x00000000cc000000, 0x00000000cc100000|  0%| F|  |TAMS 0x00000000cc000000, 0x00000000cc000000| Untracked 
| 193|0x00000000cc100000, 0x00000000cc100000, 0x00000000cc200000|  0%| F|  |TAMS 0x00000000cc100000, 0x00000000cc100000| Untracked 
| 194|0x00000000cc200000, 0x00000000cc200000, 0x00000000cc300000|  0%| F|  |TAMS 0x00000000cc200000, 0x00000000cc200000| Untracked 
| 195|0x00000000cc300000, 0x00000000cc300000, 0x00000000cc400000|  0%| F|  |TAMS 0x00000000cc300000, 0x00000000cc300000| Untracked 
| 196|0x00000000cc400000, 0x00000000cc400000, 0x00000000cc500000|  0%| F|  |TAMS 0x00000000cc400000, 0x00000000cc400000| Untracked 
| 197|0x00000000cc500000, 0x00000000cc500000, 0x00000000cc600000|  0%| F|  |TAMS 0x00000000cc500000, 0x00000000cc500000| Untracked 
| 198|0x00000000cc600000, 0x00000000cc600000, 0x00000000cc700000|  0%| F|  |TAMS 0x00000000cc600000, 0x00000000cc600000| Untracked 
| 199|0x00000000cc700000, 0x00000000cc800000, 0x00000000cc800000|100%| O|  |TAMS 0x00000000cc800000, 0x00000000cc700000| Untracked 
| 200|0x00000000cc800000, 0x00000000cc900000, 0x00000000cc900000|100%| O|  |TAMS 0x00000000cc900000, 0x00000000cc800000| Untracked 
| 201|0x00000000cc900000, 0x00000000cca00000, 0x00000000cca00000|100%| O|  |TAMS 0x00000000cca00000, 0x00000000cc900000| Untracked 
| 202|0x00000000cca00000, 0x00000000cca00000, 0x00000000ccb00000|  0%| F|  |TAMS 0x00000000cca00000, 0x00000000cca00000| Untracked 
| 203|0x00000000ccb00000, 0x00000000ccb00000, 0x00000000ccc00000|  0%| F|  |TAMS 0x00000000ccb00000, 0x00000000ccb00000| Untracked 
| 204|0x00000000ccc00000, 0x00000000ccc00000, 0x00000000ccd00000|  0%| F|  |TAMS 0x00000000ccc00000, 0x00000000ccc00000| Untracked 
| 205|0x00000000ccd00000, 0x00000000cce00000, 0x00000000cce00000|100%| O|  |TAMS 0x00000000cce00000, 0x00000000ccd00000| Untracked 
| 206|0x00000000cce00000, 0x00000000cce00000, 0x00000000ccf00000|  0%| F|  |TAMS 0x00000000cce00000, 0x00000000cce00000| Untracked 
| 207|0x00000000ccf00000, 0x00000000ccf00000, 0x00000000cd000000|  0%| F|  |TAMS 0x00000000ccf00000, 0x00000000ccf00000| Untracked 
| 208|0x00000000cd000000, 0x00000000cd000000, 0x00000000cd100000|  0%| F|  |TAMS 0x00000000cd000000, 0x00000000cd000000| Untracked 
| 209|0x00000000cd100000, 0x00000000cd100000, 0x00000000cd200000|  0%| F|  |TAMS 0x00000000cd100000, 0x00000000cd100000| Untracked 
| 210|0x00000000cd200000, 0x00000000cd200000, 0x00000000cd300000|  0%| F|  |TAMS 0x00000000cd200000, 0x00000000cd200000| Untracked 
| 211|0x00000000cd300000, 0x00000000cd300000, 0x00000000cd400000|  0%| F|  |TAMS 0x00000000cd300000, 0x00000000cd300000| Untracked 
| 212|0x00000000cd400000, 0x00000000cd400000, 0x00000000cd500000|  0%| F|  |TAMS 0x00000000cd400000, 0x00000000cd400000| Untracked 
| 213|0x00000000cd500000, 0x00000000cd500000, 0x00000000cd600000|  0%| F|  |TAMS 0x00000000cd500000, 0x00000000cd500000| Untracked 
| 214|0x00000000cd600000, 0x00000000cd600000, 0x00000000cd700000|  0%| F|  |TAMS 0x00000000cd600000, 0x00000000cd600000| Untracked 
| 215|0x00000000cd700000, 0x00000000cd700000, 0x00000000cd800000|  0%| F|  |TAMS 0x00000000cd700000, 0x00000000cd700000| Untracked 
| 216|0x00000000cd800000, 0x00000000cd800000, 0x00000000cd900000|  0%| F|  |TAMS 0x00000000cd800000, 0x00000000cd800000| Untracked 
| 217|0x00000000cd900000, 0x00000000cd900000, 0x00000000cda00000|  0%| F|  |TAMS 0x00000000cd900000, 0x00000000cd900000| Untracked 
| 218|0x00000000cda00000, 0x00000000cda00000, 0x00000000cdb00000|  0%| F|  |TAMS 0x00000000cda00000, 0x00000000cda00000| Untracked 
| 219|0x00000000cdb00000, 0x00000000cdb00000, 0x00000000cdc00000|  0%| F|  |TAMS 0x00000000cdb00000, 0x00000000cdb00000| Untracked 
| 220|0x00000000cdc00000, 0x00000000cdc00000, 0x00000000cdd00000|  0%| F|  |TAMS 0x00000000cdc00000, 0x00000000cdc00000| Untracked 
| 221|0x00000000cdd00000, 0x00000000cdd00000, 0x00000000cde00000|  0%| F|  |TAMS 0x00000000cdd00000, 0x00000000cdd00000| Untracked 
| 222|0x00000000cde00000, 0x00000000cde00000, 0x00000000cdf00000|  0%| F|  |TAMS 0x00000000cde00000, 0x00000000cde00000| Untracked 
| 223|0x00000000cdf00000, 0x00000000cdf00000, 0x00000000ce000000|  0%| F|  |TAMS 0x00000000cdf00000, 0x00000000cdf00000| Untracked 
| 224|0x00000000ce000000, 0x00000000ce000000, 0x00000000ce100000|  0%| F|  |TAMS 0x00000000ce000000, 0x00000000ce000000| Untracked 
| 225|0x00000000ce100000, 0x00000000ce100000, 0x00000000ce200000|  0%| F|  |TAMS 0x00000000ce100000, 0x00000000ce100000| Untracked 
| 226|0x00000000ce200000, 0x00000000ce200000, 0x00000000ce300000|  0%| F|  |TAMS 0x00000000ce200000, 0x00000000ce200000| Untracked 
| 227|0x00000000ce300000, 0x00000000ce300000, 0x00000000ce400000|  0%| F|  |TAMS 0x00000000ce300000, 0x00000000ce300000| Untracked 
| 228|0x00000000ce400000, 0x00000000ce400000, 0x00000000ce500000|  0%| F|  |TAMS 0x00000000ce400000, 0x00000000ce400000| Untracked 
| 229|0x00000000ce500000, 0x00000000ce500000, 0x00000000ce600000|  0%| F|  |TAMS 0x00000000ce500000, 0x00000000ce500000| Untracked 
| 230|0x00000000ce600000, 0x00000000ce600000, 0x00000000ce700000|  0%| F|  |TAMS 0x00000000ce600000, 0x00000000ce600000| Untracked 
| 231|0x00000000ce700000, 0x00000000ce700000, 0x00000000ce800000|  0%| F|  |TAMS 0x00000000ce700000, 0x00000000ce700000| Untracked 
| 232|0x00000000ce800000, 0x00000000ce800000, 0x00000000ce900000|  0%| F|  |TAMS 0x00000000ce800000, 0x00000000ce800000| Untracked 
| 233|0x00000000ce900000, 0x00000000ce900000, 0x00000000cea00000|  0%| F|  |TAMS 0x00000000ce900000, 0x00000000ce900000| Untracked 
| 234|0x00000000cea00000, 0x00000000cea00000, 0x00000000ceb00000|  0%| F|  |TAMS 0x00000000cea00000, 0x00000000cea00000| Untracked 
| 235|0x00000000ceb00000, 0x00000000ceb00000, 0x00000000cec00000|  0%| F|  |TAMS 0x00000000ceb00000, 0x00000000ceb00000| Untracked 
| 236|0x00000000cec00000, 0x00000000cec00000, 0x00000000ced00000|  0%| F|  |TAMS 0x00000000cec00000, 0x00000000cec00000| Untracked 
| 237|0x00000000ced00000, 0x00000000ced00000, 0x00000000cee00000|  0%| F|  |TAMS 0x00000000ced00000, 0x00000000ced00000| Untracked 
| 238|0x00000000cee00000, 0x00000000cee00000, 0x00000000cef00000|  0%| F|  |TAMS 0x00000000cee00000, 0x00000000cee00000| Untracked 
| 239|0x00000000cef00000, 0x00000000cef00000, 0x00000000cf000000|  0%| F|  |TAMS 0x00000000cef00000, 0x00000000cef00000| Untracked 
| 240|0x00000000cf000000, 0x00000000cf000000, 0x00000000cf100000|  0%| F|  |TAMS 0x00000000cf000000, 0x00000000cf000000| Untracked 
| 241|0x00000000cf100000, 0x00000000cf100000, 0x00000000cf200000|  0%| F|  |TAMS 0x00000000cf100000, 0x00000000cf100000| Untracked 
| 242|0x00000000cf200000, 0x00000000cf200000, 0x00000000cf300000|  0%| F|  |TAMS 0x00000000cf200000, 0x00000000cf200000| Untracked 
| 243|0x00000000cf300000, 0x00000000cf300000, 0x00000000cf400000|  0%| F|  |TAMS 0x00000000cf300000, 0x00000000cf300000| Untracked 
| 244|0x00000000cf400000, 0x00000000cf400000, 0x00000000cf500000|  0%| F|  |TAMS 0x00000000cf400000, 0x00000000cf400000| Untracked 
| 245|0x00000000cf500000, 0x00000000cf500000, 0x00000000cf600000|  0%| F|  |TAMS 0x00000000cf500000, 0x00000000cf500000| Untracked 
| 246|0x00000000cf600000, 0x00000000cf600000, 0x00000000cf700000|  0%| F|  |TAMS 0x00000000cf600000, 0x00000000cf600000| Untracked 
| 247|0x00000000cf700000, 0x00000000cf700000, 0x00000000cf800000|  0%| F|  |TAMS 0x00000000cf700000, 0x00000000cf700000| Untracked 
| 248|0x00000000cf800000, 0x00000000cf800000, 0x00000000cf900000|  0%| F|  |TAMS 0x00000000cf800000, 0x00000000cf800000| Untracked 
| 249|0x00000000cf900000, 0x00000000cf900000, 0x00000000cfa00000|  0%| F|  |TAMS 0x00000000cf900000, 0x00000000cf900000| Untracked 
| 250|0x00000000cfa00000, 0x00000000cfa00000, 0x00000000cfb00000|  0%| F|  |TAMS 0x00000000cfa00000, 0x00000000cfa00000| Untracked 
| 251|0x00000000cfb00000, 0x00000000cfb00000, 0x00000000cfc00000|  0%| F|  |TAMS 0x00000000cfb00000, 0x00000000cfb00000| Untracked 
| 252|0x00000000cfc00000, 0x00000000cfc00000, 0x00000000cfd00000|  0%| F|  |TAMS 0x00000000cfc00000, 0x00000000cfc00000| Untracked 
| 253|0x00000000cfd00000, 0x00000000cfd00000, 0x00000000cfe00000|  0%| F|  |TAMS 0x00000000cfd00000, 0x00000000cfd00000| Untracked 
| 254|0x00000000cfe00000, 0x00000000cfe00000, 0x00000000cff00000|  0%| F|  |TAMS 0x00000000cfe00000, 0x00000000cfe00000| Untracked 
| 255|0x00000000cff00000, 0x00000000cff00000, 0x00000000d0000000|  0%| F|  |TAMS 0x00000000cff00000, 0x00000000cff00000| Untracked 
| 256|0x00000000d0000000, 0x00000000d0000000, 0x00000000d0100000|  0%| F|  |TAMS 0x00000000d0000000, 0x00000000d0000000| Untracked 
| 257|0x00000000d0100000, 0x00000000d0100000, 0x00000000d0200000|  0%| F|  |TAMS 0x00000000d0100000, 0x00000000d0100000| Untracked 
| 258|0x00000000d0200000, 0x00000000d0200000, 0x00000000d0300000|  0%| F|  |TAMS 0x00000000d0200000, 0x00000000d0200000| Untracked 
| 259|0x00000000d0300000, 0x00000000d0300000, 0x00000000d0400000|  0%| F|  |TAMS 0x00000000d0300000, 0x00000000d0300000| Untracked 
| 260|0x00000000d0400000, 0x00000000d0400000, 0x00000000d0500000|  0%| F|  |TAMS 0x00000000d0400000, 0x00000000d0400000| Untracked 
| 261|0x00000000d0500000, 0x00000000d0500000, 0x00000000d0600000|  0%| F|  |TAMS 0x00000000d0500000, 0x00000000d0500000| Untracked 
| 262|0x00000000d0600000, 0x00000000d0600000, 0x00000000d0700000|  0%| F|  |TAMS 0x00000000d0600000, 0x00000000d0600000| Untracked 
| 263|0x00000000d0700000, 0x00000000d0700000, 0x00000000d0800000|  0%| F|  |TAMS 0x00000000d0700000, 0x00000000d0700000| Untracked 
| 264|0x00000000d0800000, 0x00000000d0800000, 0x00000000d0900000|  0%| F|  |TAMS 0x00000000d0800000, 0x00000000d0800000| Untracked 
| 265|0x00000000d0900000, 0x00000000d0900000, 0x00000000d0a00000|  0%| F|  |TAMS 0x00000000d0900000, 0x00000000d0900000| Untracked 
| 266|0x00000000d0a00000, 0x00000000d0a00000, 0x00000000d0b00000|  0%| F|  |TAMS 0x00000000d0a00000, 0x00000000d0a00000| Untracked 
| 267|0x00000000d0b00000, 0x00000000d0b00000, 0x00000000d0c00000|  0%| F|  |TAMS 0x00000000d0b00000, 0x00000000d0b00000| Untracked 
| 268|0x00000000d0c00000, 0x00000000d0c00000, 0x00000000d0d00000|  0%| F|  |TAMS 0x00000000d0c00000, 0x00000000d0c00000| Untracked 
| 269|0x00000000d0d00000, 0x00000000d0d00000, 0x00000000d0e00000|  0%| F|  |TAMS 0x00000000d0d00000, 0x00000000d0d00000| Untracked 
| 270|0x00000000d0e00000, 0x00000000d0e00000, 0x00000000d0f00000|  0%| F|  |TAMS 0x00000000d0e00000, 0x00000000d0e00000| Untracked 
| 271|0x00000000d0f00000, 0x00000000d0f00000, 0x00000000d1000000|  0%| F|  |TAMS 0x00000000d0f00000, 0x00000000d0f00000| Untracked 
| 272|0x00000000d1000000, 0x00000000d1000000, 0x00000000d1100000|  0%| F|  |TAMS 0x00000000d1000000, 0x00000000d1000000| Untracked 
| 273|0x00000000d1100000, 0x00000000d1100000, 0x00000000d1200000|  0%| F|  |TAMS 0x00000000d1100000, 0x00000000d1100000| Untracked 
| 274|0x00000000d1200000, 0x00000000d1200000, 0x00000000d1300000|  0%| F|  |TAMS 0x00000000d1200000, 0x00000000d1200000| Untracked 
| 275|0x00000000d1300000, 0x00000000d1300000, 0x00000000d1400000|  0%| F|  |TAMS 0x00000000d1300000, 0x00000000d1300000| Untracked 
| 276|0x00000000d1400000, 0x00000000d1437b20, 0x00000000d1500000| 21%| E|  |TAMS 0x00000000d1400000, 0x00000000d1400000| Complete 

Card table byte_map: [0x000001f89be30000,0x000001f89c030000] _byte_map_base: 0x000001f89b830000

Marking Bits (Prev, Next): (CMBitMap*) 0x000001f893ce8e00, (CMBitMap*) 0x000001f893ce8e40
 Prev Bits: [0x000001f89c230000, 0x000001f89d230000)
 Next Bits: [0x000001f89d230000, 0x000001f89e230000)

Polling page: 0x000001f893d50000

Metaspace:

Usage:
  Non-class:     63.35 MB used.
      Class:     10.05 MB used.
       Both:     73.39 MB used.

Virtual space:
  Non-class space:      128.00 MB reserved,      63.88 MB ( 50%) committed,  2 nodes.
      Class space:        1.00 GB reserved,      10.38 MB (  1%) committed,  1 nodes.
             Both:        1.12 GB reserved,      74.25 MB (  6%) committed. 

Chunk freelists:
   Non-Class:  15.53 MB
       Class:  5.78 MB
        Both:  21.31 MB

MaxMetaspaceSize: unlimited
CompressedClassSpaceSize: 1.00 GB
Initial GC threshold: 21.00 MB
Current GC threshold: 123.75 MB
CDS: off
MetaspaceReclaimPolicy: balanced
 - commit_granule_bytes: 65536.
 - commit_granule_words: 8192.
 - virtual_space_node_default_size: 8388608.
 - enlarge_chunks_in_place: 1.
 - new_chunks_are_fully_committed: 0.
 - uncommit_free_chunks: 1.
 - use_allocation_guard: 0.
 - handle_deallocations: 1.


Internal statistics:

num_allocs_failed_limit: 6.
num_arena_births: 764.
num_arena_deaths: 258.
num_vsnodes_births: 3.
num_vsnodes_deaths: 0.
num_space_committed: 1188.
num_space_uncommitted: 0.
num_chunks_returned_to_freelist: 315.
num_chunks_taken_from_freelist: 3216.
num_chunk_merges: 109.
num_chunk_splits: 2298.
num_chunks_enlarged: 1776.
num_inconsistent_stats: 0.

CodeCache: size=49152Kb used=20848Kb max_used=21195Kb free=28304Kb
 bounds [0x000001f898130000, 0x000001f8995f0000, 0x000001f89b130000]
 total_blobs=12066 nmethods=11372 adapters=620
 compilation: enabled
              stopped_count=0, restarted_count=0
 full_count=0

Compilation events (20 events):
Event: 2684.977 Thread 0x000001f8a0ec8890 11359       1       java.lang.Process::<init> (5 bytes)
Event: 2684.977 Thread 0x000001f8a0ec8890 nmethod 11359 0x000001f8982a9890 code [0x000001f8982a9a20, 0x000001f8982a9ad8]
Event: 2685.073 Thread 0x000001f8a0ec8890 11363   !   1       java.io.FileOutputStream::close (69 bytes)
Event: 2685.073 Thread 0x000001f8a0ec8890 nmethod 11363 0x000001f8982a9210 code [0x000001f8982a93e0, 0x000001f8982a9758]
Event: 2685.074 Thread 0x000001f8a0ec8890 11364       1       java.io.FileOutputStream$1::<init> (10 bytes)
Event: 2685.074 Thread 0x000001f8a0ec8890 nmethod 11364 0x000001f8982a8f10 code [0x000001f8982a90a0, 0x000001f8982a91b8]
Event: 2685.074 Thread 0x000001f8a0ec8890 11365       1       java.io.FileOutputStream$1::close (11 bytes)
Event: 2685.075 Thread 0x000001f8a0ec8890 nmethod 11365 0x000001f8982a8890 code [0x000001f8982a8a40, 0x000001f8982a8d58]
Event: 2695.105 Thread 0x000001f8a0ec8890 11367       1       java.lang.ProcessImpl$2::run (242 bytes)
Event: 2695.108 Thread 0x000001f8a0ec8890 nmethod 11367 0x000001f8982a6a10 code [0x000001f8982a6cc0, 0x000001f8982a7a58]
Event: 2695.108 Thread 0x000001f8a0ec8890 11368       1       java.lang.ProcessImpl::waitFor (136 bytes)
Event: 2695.109 Thread 0x000001f8a0ec8890 nmethod 11368 0x000001f8982a6190 code [0x000001f8982a63a0, 0x000001f8982a67b8]
Event: 2695.200 Thread 0x000001f8a0ec8890 11370   !   1       java.io.FilterOutputStream::close (183 bytes)
Event: 2695.231 Thread 0x000001f8a0ec8890 nmethod 11370 0x000001f8982a5010 code [0x000001f8982a5220, 0x000001f8982a56f8]
Event: 2695.231 Thread 0x000001f8a0ec8890 11372       1       java.lang.ProcessImpl$$Lambda$1447/0x00000001006f3730::run (8 bytes)
Event: 2695.231 Thread 0x000001f8a0ec8890 nmethod 11372 0x000001f8982a4d10 code [0x000001f8982a4ea0, 0x000001f8982a4f88]
Event: 2695.231 Thread 0x000001f8a0ec8890 11373       1       java.lang.ProcessImpl::lambda$new$0 (6 bytes)
Event: 2695.231 Thread 0x000001f8a0ec8890 nmethod 11373 0x000001f8982a4a10 code [0x000001f8982a4ba0, 0x000001f8982a4c68]
Event: 5715.349 Thread 0x000001f8a0ec8890 11375   !   1       java.util.concurrent.ThreadPoolExecutor::runWorker (187 bytes)
Event: 5715.356 Thread 0x000001f8a0ec8890 nmethod 11375 0x000001f8982a3b90 code [0x000001f8982a3de0, 0x000001f8982a44d8]

GC Heap History (20 events):
Event: 6742.334 GC heap before
{Heap before GC invocations=680 (full 599):
 garbage-first heap   total 283648K, used 83247K [0x00000000c0000000, 0x0000000100000000)
  region size 1024K, 1 young (1024K), 0 survivors (0K)
 Metaspace       used 75153K, committed 76032K, reserved 1179648K
  class space    used 10287K, committed 10624K, reserved 1048576K
}
Event: 6742.373 GC heap after
{Heap after GC invocations=681 (full 600):
 garbage-first heap   total 283648K, used 83247K [0x00000000c0000000, 0x0000000100000000)
  region size 1024K, 0 young (0K), 0 survivors (0K)
 Metaspace       used 75153K, committed 76032K, reserved 1179648K
  class space    used 10287K, committed 10624K, reserved 1048576K
}
Event: 6752.479 GC heap before
{Heap before GC invocations=681 (full 600):
 garbage-first heap   total 283648K, used 83247K [0x00000000c0000000, 0x0000000100000000)
  region size 1024K, 1 young (1024K), 0 survivors (0K)
 Metaspace       used 75153K, committed 76032K, reserved 1179648K
  class space    used 10287K, committed 10624K, reserved 1048576K
}
Event: 6752.514 GC heap after
{Heap after GC invocations=682 (full 601):
 garbage-first heap   total 283648K, used 83247K [0x00000000c0000000, 0x0000000100000000)
  region size 1024K, 0 young (0K), 0 survivors (0K)
 Metaspace       used 75153K, committed 76032K, reserved 1179648K
  class space    used 10287K, committed 10624K, reserved 1048576K
}
Event: 6762.648 GC heap before
{Heap before GC invocations=682 (full 601):
 garbage-first heap   total 283648K, used 83247K [0x00000000c0000000, 0x0000000100000000)
  region size 1024K, 1 young (1024K), 0 survivors (0K)
 Metaspace       used 75153K, committed 76032K, reserved 1179648K
  class space    used 10287K, committed 10624K, reserved 1048576K
}
Event: 6762.681 GC heap after
{Heap after GC invocations=683 (full 602):
 garbage-first heap   total 283648K, used 83247K [0x00000000c0000000, 0x0000000100000000)
  region size 1024K, 0 young (0K), 0 survivors (0K)
 Metaspace       used 75153K, committed 76032K, reserved 1179648K
  class space    used 10287K, committed 10624K, reserved 1048576K
}
Event: 6772.786 GC heap before
{Heap before GC invocations=683 (full 602):
 garbage-first heap   total 283648K, used 83247K [0x00000000c0000000, 0x0000000100000000)
  region size 1024K, 1 young (1024K), 0 survivors (0K)
 Metaspace       used 75153K, committed 76032K, reserved 1179648K
  class space    used 10287K, committed 10624K, reserved 1048576K
}
Event: 6772.823 GC heap after
{Heap after GC invocations=684 (full 603):
 garbage-first heap   total 283648K, used 83247K [0x00000000c0000000, 0x0000000100000000)
  region size 1024K, 0 young (0K), 0 survivors (0K)
 Metaspace       used 75153K, committed 76032K, reserved 1179648K
  class space    used 10287K, committed 10624K, reserved 1048576K
}
Event: 6782.938 GC heap before
{Heap before GC invocations=684 (full 603):
 garbage-first heap   total 283648K, used 83247K [0x00000000c0000000, 0x0000000100000000)
  region size 1024K, 1 young (1024K), 0 survivors (0K)
 Metaspace       used 75153K, committed 76032K, reserved 1179648K
  class space    used 10287K, committed 10624K, reserved 1048576K
}
Event: 6782.969 GC heap after
{Heap after GC invocations=685 (full 604):
 garbage-first heap   total 283648K, used 83247K [0x00000000c0000000, 0x0000000100000000)
  region size 1024K, 0 young (0K), 0 survivors (0K)
 Metaspace       used 75153K, committed 76032K, reserved 1179648K
  class space    used 10287K, committed 10624K, reserved 1048576K
}
Event: 6793.098 GC heap before
{Heap before GC invocations=685 (full 604):
 garbage-first heap   total 283648K, used 83247K [0x00000000c0000000, 0x0000000100000000)
  region size 1024K, 1 young (1024K), 0 survivors (0K)
 Metaspace       used 75153K, committed 76032K, reserved 1179648K
  class space    used 10287K, committed 10624K, reserved 1048576K
}
Event: 6793.134 GC heap after
{Heap after GC invocations=686 (full 605):
 garbage-first heap   total 283648K, used 83247K [0x00000000c0000000, 0x0000000100000000)
  region size 1024K, 0 young (0K), 0 survivors (0K)
 Metaspace       used 75153K, committed 76032K, reserved 1179648K
  class space    used 10287K, committed 10624K, reserved 1048576K
}
Event: 6803.265 GC heap before
{Heap before GC invocations=686 (full 605):
 garbage-first heap   total 283648K, used 83247K [0x00000000c0000000, 0x0000000100000000)
  region size 1024K, 1 young (1024K), 0 survivors (0K)
 Metaspace       used 75153K, committed 76032K, reserved 1179648K
  class space    used 10287K, committed 10624K, reserved 1048576K
}
Event: 6803.298 GC heap after
{Heap after GC invocations=687 (full 606):
 garbage-first heap   total 283648K, used 83247K [0x00000000c0000000, 0x0000000100000000)
  region size 1024K, 0 young (0K), 0 survivors (0K)
 Metaspace       used 75153K, committed 76032K, reserved 1179648K
  class space    used 10287K, committed 10624K, reserved 1048576K
}
Event: 6813.409 GC heap before
{Heap before GC invocations=687 (full 606):
 garbage-first heap   total 283648K, used 83247K [0x00000000c0000000, 0x0000000100000000)
  region size 1024K, 1 young (1024K), 0 survivors (0K)
 Metaspace       used 75153K, committed 76032K, reserved 1179648K
  class space    used 10287K, committed 10624K, reserved 1048576K
}
Event: 6813.445 GC heap after
{Heap after GC invocations=688 (full 607):
 garbage-first heap   total 283648K, used 83247K [0x00000000c0000000, 0x0000000100000000)
  region size 1024K, 0 young (0K), 0 survivors (0K)
 Metaspace       used 75153K, committed 76032K, reserved 1179648K
  class space    used 10287K, committed 10624K, reserved 1048576K
}
Event: 6823.597 GC heap before
{Heap before GC invocations=688 (full 607):
 garbage-first heap   total 283648K, used 83247K [0x00000000c0000000, 0x0000000100000000)
  region size 1024K, 1 young (1024K), 0 survivors (0K)
 Metaspace       used 75153K, committed 76032K, reserved 1179648K
  class space    used 10287K, committed 10624K, reserved 1048576K
}
Event: 6823.636 GC heap after
{Heap after GC invocations=689 (full 608):
 garbage-first heap   total 283648K, used 83247K [0x00000000c0000000, 0x0000000100000000)
  region size 1024K, 0 young (0K), 0 survivors (0K)
 Metaspace       used 75153K, committed 76032K, reserved 1179648K
  class space    used 10287K, committed 10624K, reserved 1048576K
}
Event: 6833.734 GC heap before
{Heap before GC invocations=689 (full 608):
 garbage-first heap   total 283648K, used 83247K [0x00000000c0000000, 0x0000000100000000)
  region size 1024K, 1 young (1024K), 0 survivors (0K)
 Metaspace       used 75153K, committed 76032K, reserved 1179648K
  class space    used 10287K, committed 10624K, reserved 1048576K
}
Event: 6833.804 GC heap after
{Heap after GC invocations=690 (full 609):
 garbage-first heap   total 283648K, used 83247K [0x00000000c0000000, 0x0000000100000000)
  region size 1024K, 0 young (0K), 0 survivors (0K)
 Metaspace       used 75153K, committed 76032K, reserved 1179648K
  class space    used 10287K, committed 10624K, reserved 1048576K
}

Dll operation events (11 events):
Event: 0.019 Loaded shared library c:\Users\Waruna\.vscode-insiders\extensions\redhat.java-1.21.2023072104-win32-x64\jre\17.0.7-win32-x86_64\bin\java.dll
Event: 0.585 Loaded shared library C:\Users\Waruna\.vscode-insiders\extensions\redhat.java-1.21.2023072104-win32-x64\jre\17.0.7-win32-x86_64\bin\net.dll
Event: 0.588 Loaded shared library C:\Users\Waruna\.vscode-insiders\extensions\redhat.java-1.21.2023072104-win32-x64\jre\17.0.7-win32-x86_64\bin\nio.dll
Event: 0.602 Loaded shared library C:\Users\Waruna\.vscode-insiders\extensions\redhat.java-1.21.2023072104-win32-x64\jre\17.0.7-win32-x86_64\bin\zip.dll
Event: 1.254 Loaded shared library C:\Users\Waruna\.vscode-insiders\extensions\redhat.java-1.21.2023072104-win32-x64\jre\17.0.7-win32-x86_64\bin\jimage.dll
Event: 5.393 Loaded shared library C:\Users\Waruna\.vscode-insiders\extensions\redhat.java-1.21.2023072104-win32-x64\jre\17.0.7-win32-x86_64\bin\management.dll
Event: 5.397 Loaded shared library C:\Users\Waruna\.vscode-insiders\extensions\redhat.java-1.21.2023072104-win32-x64\jre\17.0.7-win32-x86_64\bin\management_ext.dll
Event: 7.052 Loaded shared library C:\Users\Waruna\.vscode-insiders\extensions\redhat.java-1.21.2023072104-win32-x64\jre\17.0.7-win32-x86_64\bin\sunmscapi.dll
Event: 18.960 Loaded shared library C:\Users\Waruna\.vscode-insiders\extensions\redhat.java-1.21.2023072104-win32-x64\jre\17.0.7-win32-x86_64\bin\attach.dll
Event: 24.597 Loaded shared library c:\Users\Waruna\.vscode-insiders\extensions\redhat.java-1.21.2023072104-win32-x64\jre\17.0.7-win32-x86_64\bin\verify.dll
Event: 29.823 Loaded shared library C:\Users\Waruna\AppData\Local\Temp\snappy-1.1.10-605d9f9c-208b-4b52-ab77-1b797fbff8cf-snappyjava.dll

Deoptimization events (20 events):
Event: 5.606 Thread 0x000001f8a69316e0 DEOPT PACKING pc=0x000001f8986bcd97 sp=0x00000028b63fec60
Event: 5.606 Thread 0x000001f8a69316e0 DEOPT UNPACKING pc=0x000001f898187143 sp=0x00000028b63fe0b8 mode 3
Event: 5.695 Thread 0x000001f8a69735e0 DEOPT PACKING pc=0x000001f898942d2b sp=0x00000028b68fe560
Event: 5.695 Thread 0x000001f8a69735e0 DEOPT UNPACKING pc=0x000001f898187143 sp=0x00000028b68fdaa8 mode 3
Event: 6.653 Thread 0x000001f8a6b67170 DEOPT PACKING pc=0x000001f89831ee8c sp=0x00000028b84fe820
Event: 6.653 Thread 0x000001f8a6b67170 DEOPT UNPACKING pc=0x000001f898187143 sp=0x00000028b84fdce8 mode 0
Event: 8.379 Thread 0x000001f8a6b64af0 DEOPT PACKING pc=0x000001f898c914ee sp=0x00000028b7efcd70
Event: 8.379 Thread 0x000001f8a6b64af0 DEOPT UNPACKING pc=0x000001f898187143 sp=0x00000028b7efc268 mode 3
Event: 25.965 Thread 0x000001f8a69735e0 DEOPT PACKING pc=0x000001f899099d14 sp=0x00000028b68fdc70
Event: 25.965 Thread 0x000001f8a69735e0 DEOPT UNPACKING pc=0x000001f898187143 sp=0x00000028b68fd1a0 mode 0
Event: 25.965 Thread 0x000001f8a69735e0 DEOPT PACKING pc=0x000001f8990e801c sp=0x00000028b68fdea0
Event: 25.965 Thread 0x000001f8a69735e0 DEOPT UNPACKING pc=0x000001f898187143 sp=0x00000028b68fd3a8 mode 0
Event: 25.966 Thread 0x000001f8a69735e0 DEOPT PACKING pc=0x000001f89904d474 sp=0x00000028b68fdf90
Event: 25.966 Thread 0x000001f8a69735e0 DEOPT UNPACKING pc=0x000001f898187143 sp=0x00000028b68fd488 mode 0
Event: 25.966 Thread 0x000001f8a69735e0 DEOPT PACKING pc=0x000001f89903d2f4 sp=0x00000028b68fe060
Event: 25.966 Thread 0x000001f8a69735e0 DEOPT UNPACKING pc=0x000001f898187143 sp=0x00000028b68fd538 mode 0
Event: 25.966 Thread 0x000001f8a69735e0 DEOPT PACKING pc=0x000001f898ff46a4 sp=0x00000028b68fe110
Event: 25.966 Thread 0x000001f8a69735e0 DEOPT UNPACKING pc=0x000001f898187143 sp=0x00000028b68fd690 mode 0
Event: 25.966 Thread 0x000001f8a69735e0 DEOPT PACKING pc=0x000001f8990969ac sp=0x00000028b68fe430
Event: 25.966 Thread 0x000001f8a69735e0 DEOPT UNPACKING pc=0x000001f898187143 sp=0x00000028b68fd8c0 mode 0

Classes unloaded (20 events):
Event: 258.220 Thread 0x000001f8a0e9c720 Unloading class 0x00000001003a1400 'java/lang/invoke/LambdaForm$MH+0x00000001003a1400'
Event: 258.220 Thread 0x000001f8a0e9c720 Unloading class 0x00000001003a1000 'java/lang/invoke/LambdaForm$MH+0x00000001003a1000'
Event: 258.220 Thread 0x000001f8a0e9c720 Unloading class 0x0000000100092000 'java/lang/invoke/LambdaForm$MH+0x0000000100092000'
Event: 258.220 Thread 0x000001f8a0e9c720 Unloading class 0x0000000100091c00 'java/lang/invoke/LambdaForm$MH+0x0000000100091c00'
Event: 258.220 Thread 0x000001f8a0e9c720 Unloading class 0x0000000100091800 'java/lang/invoke/LambdaForm$MH+0x0000000100091800'
Event: 258.220 Thread 0x000001f8a0e9c720 Unloading class 0x0000000100091400 'java/lang/invoke/LambdaForm$MH+0x0000000100091400'
Event: 258.220 Thread 0x000001f8a0e9c720 Unloading class 0x0000000100091000 'java/lang/invoke/LambdaForm$MH+0x0000000100091000'
Event: 258.220 Thread 0x000001f8a0e9c720 Unloading class 0x0000000100090c00 'java/lang/invoke/LambdaForm$MH+0x0000000100090c00'
Event: 258.220 Thread 0x000001f8a0e9c720 Unloading class 0x0000000100090800 'java/lang/invoke/LambdaForm$MH+0x0000000100090800'
Event: 258.220 Thread 0x000001f8a0e9c720 Unloading class 0x0000000100090400 'java/lang/invoke/LambdaForm$MH+0x0000000100090400'
Event: 258.220 Thread 0x000001f8a0e9c720 Unloading class 0x000000010008b800 'java/lang/invoke/LambdaForm$MH+0x000000010008b800'
Event: 258.220 Thread 0x000001f8a0e9c720 Unloading class 0x000000010008b400 'java/lang/invoke/LambdaForm$MH+0x000000010008b400'
Event: 258.220 Thread 0x000001f8a0e9c720 Unloading class 0x000000010008b000 'java/lang/invoke/LambdaForm$MH+0x000000010008b000'
Event: 258.220 Thread 0x000001f8a0e9c720 Unloading class 0x000000010008ac00 'java/lang/invoke/LambdaForm$MH+0x000000010008ac00'
Event: 258.220 Thread 0x000001f8a0e9c720 Unloading class 0x000000010008a800 'java/lang/invoke/LambdaForm$MH+0x000000010008a800'
Event: 258.220 Thread 0x000001f8a0e9c720 Unloading class 0x000000010008a400 'java/lang/invoke/LambdaForm$MH+0x000000010008a400'
Event: 258.220 Thread 0x000001f8a0e9c720 Unloading class 0x0000000100089c00 'java/lang/invoke/LambdaForm$MH+0x0000000100089c00'
Event: 258.220 Thread 0x000001f8a0e9c720 Unloading class 0x0000000100089400 'java/lang/invoke/LambdaForm$MH+0x0000000100089400'
Event: 258.220 Thread 0x000001f8a0e9c720 Unloading class 0x0000000100088c00 'java/lang/invoke/LambdaForm$MH+0x0000000100088c00'
Event: 258.220 Thread 0x000001f8a0e9c720 Unloading class 0x0000000100088400 'java/lang/invoke/LambdaForm$MH+0x0000000100088400'

Classes redefined (0 events):
No events

Internal exceptions (20 events):
Event: 35.665 Thread 0x000001f8aae93730 Exception <a 'sun/nio/fs/WindowsException'{0x00000000eed63798}> (0x00000000eed63798) 
thrown [s\src\hotspot\share\prims\jni.cpp, line 516]
Event: 35.666 Thread 0x000001f8aae93730 Exception <a 'sun/nio/fs/WindowsException'{0x00000000eed93bd0}> (0x00000000eed93bd0) 
thrown [s\src\hotspot\share\prims\jni.cpp, line 516]
Event: 35.666 Thread 0x000001f8aae93730 Exception <a 'sun/nio/fs/WindowsException'{0x00000000eed93f90}> (0x00000000eed93f90) 
thrown [s\src\hotspot\share\prims\jni.cpp, line 516]
Event: 35.666 Thread 0x000001f8aae93730 Exception <a 'sun/nio/fs/WindowsException'{0x00000000eed94f48}> (0x00000000eed94f48) 
thrown [s\src\hotspot\share\prims\jni.cpp, line 516]
Event: 35.666 Thread 0x000001f8aae93730 Exception <a 'sun/nio/fs/WindowsException'{0x00000000eed95328}> (0x00000000eed95328) 
thrown [s\src\hotspot\share\prims\jni.cpp, line 516]
Event: 35.667 Thread 0x000001f8aae93730 Exception <a 'sun/nio/fs/WindowsException'{0x00000000eedb61d0}> (0x00000000eedb61d0) 
thrown [s\src\hotspot\share\prims\jni.cpp, line 516]
Event: 35.667 Thread 0x000001f8aae93730 Exception <a 'sun/nio/fs/WindowsException'{0x00000000eedb6588}> (0x00000000eedb6588) 
thrown [s\src\hotspot\share\prims\jni.cpp, line 516]
Event: 35.667 Thread 0x000001f8aae93730 Exception <a 'sun/nio/fs/WindowsException'{0x00000000eedb7520}> (0x00000000eedb7520) 
thrown [s\src\hotspot\share\prims\jni.cpp, line 516]
Event: 35.667 Thread 0x000001f8aae93730 Exception <a 'sun/nio/fs/WindowsException'{0x00000000eedb78f8}> (0x00000000eedb78f8) 
thrown [s\src\hotspot\share\prims\jni.cpp, line 516]
Event: 35.668 Thread 0x000001f8aae93730 Exception <a 'sun/nio/fs/WindowsException'{0x00000000eededfb8}> (0x00000000eededfb8) 
thrown [s\src\hotspot\share\prims\jni.cpp, line 516]
Event: 35.668 Thread 0x000001f8aae93730 Exception <a 'sun/nio/fs/WindowsException'{0x00000000eedee398}> (0x00000000eedee398) 
thrown [s\src\hotspot\share\prims\jni.cpp, line 516]
Event: 35.668 Thread 0x000001f8aae93730 Exception <a 'sun/nio/fs/WindowsException'{0x00000000eedef8b0}> (0x00000000eedef8b0) 
thrown [s\src\hotspot\share\prims\jni.cpp, line 516]
Event: 35.668 Thread 0x000001f8aae93730 Exception <a 'sun/nio/fs/WindowsException'{0x00000000eedefca0}> (0x00000000eedefca0) 
thrown [s\src\hotspot\share\prims\jni.cpp, line 516]
Event: 35.669 Thread 0x000001f8aae93730 Exception <a 'sun/nio/fs/WindowsException'{0x00000000eec181d8}> (0x00000000eec181d8) 
thrown [s\src\hotspot\share\prims\jni.cpp, line 516]
Event: 35.669 Thread 0x000001f8aae93730 Exception <a 'sun/nio/fs/WindowsException'{0x00000000eec185a8}> (0x00000000eec185a8) 
thrown [s\src\hotspot\share\prims\jni.cpp, line 516]
Event: 35.670 Thread 0x000001f8aae93730 Exception <a 'sun/nio/fs/WindowsException'{0x00000000eec19ab8}> (0x00000000eec19ab8) 
thrown [s\src\hotspot\share\prims\jni.cpp, line 516]
Event: 35.670 Thread 0x000001f8aae93730 Exception <a 'sun/nio/fs/WindowsException'{0x00000000eec19ea8}> (0x00000000eec19ea8) 
thrown [s\src\hotspot\share\prims\jni.cpp, line 516]
Event: 95.467 Thread 0x000001f8a68ad2c0 Exception <a 'java/lang/NoSuchMethodError'{0x00000000ef9b3a00}: 'void java.lang.invoke.DirectMethodHandle$Holder.invokeStatic(java.lang.Object, long)'> (0x00000000ef9b3a00) 
thrown [s\src\hotspot\share\interpreter\linkResolver.cpp, line 759]
Event: 95.467 Thread 0x000001f8a68ad2c0 Exception <a 'java/lang/NoSuchMethodError'{0x00000000ef9b8db0}: 'java.lang.Object java.lang.invoke.DirectMethodHandle$Holder.newInvokeSpecial(java.lang.Object, long)'> (0x00000000ef9b8db0) 
thrown [s\src\hotspot\share\interpreter\linkResolver.cpp, line 759]
Event: 237.912 Thread 0x000001f8a68ad2c0 Exception <a 'java/io/IOException'{0x00000000d2800628}: CreateProcess error=1455, The paging file is too small for this operation to complete> (0x00000000d2800628) 
thrown [s\src\hotspot\share\prims\jni.cpp, line 535]

VM Operations (20 events):
Event: 6742.373 Executing VM operation: G1CollectFull done
Event: 6752.479 Executing VM operation: G1CollectFull
Event: 6752.514 Executing VM operation: G1CollectFull done
Event: 6762.648 Executing VM operation: G1CollectFull
Event: 6762.681 Executing VM operation: G1CollectFull done
Event: 6772.786 Executing VM operation: G1CollectFull
Event: 6772.823 Executing VM operation: G1CollectFull done
Event: 6782.938 Executing VM operation: G1CollectFull
Event: 6782.969 Executing VM operation: G1CollectFull done
Event: 6793.098 Executing VM operation: G1CollectFull
Event: 6793.134 Executing VM operation: G1CollectFull done
Event: 6803.265 Executing VM operation: G1CollectFull
Event: 6803.298 Executing VM operation: G1CollectFull done
Event: 6813.409 Executing VM operation: G1CollectFull
Event: 6813.445 Executing VM operation: G1CollectFull done
Event: 6823.597 Executing VM operation: G1CollectFull
Event: 6823.637 Executing VM operation: G1CollectFull done
Event: 6833.734 Executing VM operation: G1CollectFull
Event: 6833.804 Executing VM operation: G1CollectFull done
Event: 6843.835 Executing VM operation: G1CollectFull

Events (20 events):
Event: 66.964 Thread 0x000001f8a696d3c0 Thread exited: 0x000001f8a696d3c0
Event: 66.964 Thread 0x000001f8a6931fc0 Thread exited: 0x000001f8a6931fc0
Event: 68.654 Thread 0x000001f8a6b64620 Thread exited: 0x000001f8a6b64620
Event: 92.061 Thread 0x000001f8a69735e0 Thread exited: 0x000001f8a69735e0
Event: 95.454 loading class java/lang/ProcessBuilder
Event: 95.455 loading class java/lang/ProcessBuilder done
Event: 95.455 loading class java/lang/ProcessImpl
Event: 95.456 loading class java/lang/ProcessImpl done
Event: 95.468 loading class java/lang/ProcessImpl$2
Event: 95.468 loading class java/lang/ProcessImpl$2 done
Event: 95.468 loading class java/lang/Process$PipeInputStream
Event: 95.468 loading class java/lang/Process$PipeInputStream done
Event: 95.471 loading class jdk/internal/event/ProcessStartEvent
Event: 95.472 loading class jdk/internal/event/ProcessStartEvent done
Event: 116.300 Thread 0x000001f8a6b66300 Thread exited: 0x000001f8a6b66300
Event: 152.069 Thread 0x000001f8a811ebc0 Thread exited: 0x000001f8a811ebc0
Event: 212.082 Thread 0x000001f8a6b637b0 Thread exited: 0x000001f8a6b637b0
Event: 272.083 Thread 0x000001f8a6b64af0 Thread exited: 0x000001f8a6b64af0
Event: 332.095 Thread 0x000001f8a6b61ad0 Thread exited: 0x000001f8a6b61ad0
Event: 392.097 Thread 0x000001f8a6b67170 Thread exited: 0x000001f8a6b67170


Dynamic libraries:
0x00007ff6d94b0000 - 0x00007ff6d94be000 	c:\Users\Waruna\.vscode-insiders\extensions\redhat.java-1.21.2023072104-win32-x64\jre\17.0.7-win32-x86_64\bin\java.exe
0x00007ffbd2250000 - 0x00007ffbd2464000 	C:\Windows\SYSTEM32\ntdll.dll
0x00007ffbd0df0000 - 0x00007ffbd0eb2000 	C:\Windows\System32\KERNEL32.DLL
0x00007ffbcf760000 - 0x00007ffbcfb03000 	C:\Windows\System32\KERNELBASE.dll
0x00007ffbcca10000 - 0x00007ffbccaa7000 	C:\Windows\SYSTEM32\apphelp.dll
0x00007ffbcfb90000 - 0x00007ffbcfca1000 	C:\Windows\System32\ucrtbase.dll
0x00007ffbc9450000 - 0x00007ffbc9467000 	c:\Users\Waruna\.vscode-insiders\extensions\redhat.java-1.21.2023072104-win32-x64\jre\17.0.7-win32-x86_64\bin\jli.dll
0x00007ffbc9470000 - 0x00007ffbc9489000 	c:\Users\Waruna\.vscode-insiders\extensions\redhat.java-1.21.2023072104-win32-x64\jre\17.0.7-win32-x86_64\bin\VCRUNTIME140.dll
0x00007ffbd0500000 - 0x00007ffbd06aa000 	C:\Windows\System32\USER32.dll
0x00007ffbd0000000 - 0x00007ffbd0026000 	C:\Windows\System32\win32u.dll
0x00007ffbd0fc0000 - 0x00007ffbd0fe9000 	C:\Windows\System32\GDI32.dll
0x00007ffbcfe20000 - 0x00007ffbcff39000 	C:\Windows\System32\gdi32full.dll
0x00007ffbcf650000 - 0x00007ffbcf6ea000 	C:\Windows\System32\msvcp_win.dll
0x00007ffbb6450000 - 0x00007ffbb66de000 	C:\Windows\WinSxS\amd64_microsoft.windows.common-controls_6595b64144ccf1df_6.0.22621.1635_none_270f70857386168e\COMCTL32.dll
0x00007ffbd1f80000 - 0x00007ffbd2027000 	C:\Windows\System32\msvcrt.dll
0x00007ffbd0a20000 - 0x00007ffbd0a51000 	C:\Windows\System32\IMM32.DLL
0x00007ffbcc2f0000 - 0x00007ffbcc2fc000 	c:\Users\Waruna\.vscode-insiders\extensions\redhat.java-1.21.2023072104-win32-x64\jre\17.0.7-win32-x86_64\bin\vcruntime140_1.dll
0x00007ffb93120000 - 0x00007ffb931b1000 	c:\Users\Waruna\.vscode-insiders\extensions\redhat.java-1.21.2023072104-win32-x64\jre\17.0.7-win32-x86_64\bin\msvcp140.dll
0x00007ffb4c870000 - 0x00007ffb4d4b8000 	c:\Users\Waruna\.vscode-insiders\extensions\redhat.java-1.21.2023072104-win32-x64\jre\17.0.7-win32-x86_64\bin\server\jvm.dll
0x00007ffbd2160000 - 0x00007ffbd220e000 	C:\Windows\System32\ADVAPI32.dll
0x00007ffbd0870000 - 0x00007ffbd0914000 	C:\Windows\System32\sechost.dll
0x00007ffbd0030000 - 0x00007ffbd0147000 	C:\Windows\System32\RPCRT4.dll
0x00007ffb7c080000 - 0x00007ffb7c089000 	C:\Windows\SYSTEM32\WSOCK32.dll
0x00007ffbd0ff0000 - 0x00007ffbd1061000 	C:\Windows\System32\WS2_32.dll
0x00007ffbc9020000 - 0x00007ffbc9054000 	C:\Windows\SYSTEM32\WINMM.dll
0x00007ffbc7b20000 - 0x00007ffbc7b2a000 	C:\Windows\SYSTEM32\VERSION.dll
0x00007ffbce740000 - 0x00007ffbce758000 	C:\Windows\SYSTEM32\kernel.appcore.dll
0x00007ffbcc280000 - 0x00007ffbcc28a000 	c:\Users\Waruna\.vscode-insiders\extensions\redhat.java-1.21.2023072104-win32-x64\jre\17.0.7-win32-x86_64\bin\jimage.dll
0x00007ffbbb9c0000 - 0x00007ffbbbbee000 	C:\Windows\SYSTEM32\DBGHELP.DLL
0x00007ffbd0170000 - 0x00007ffbd04f9000 	C:\Windows\System32\combase.dll
0x00007ffbd0a60000 - 0x00007ffbd0b37000 	C:\Windows\System32\OLEAUT32.dll
0x00007ffbb7c60000 - 0x00007ffbb7c92000 	C:\Windows\SYSTEM32\dbgcore.DLL
0x00007ffbcfb10000 - 0x00007ffbcfb8a000 	C:\Windows\System32\bcryptPrimitives.dll
0x00007ffbb7190000 - 0x00007ffbb71b5000 	c:\Users\Waruna\.vscode-insiders\extensions\redhat.java-1.21.2023072104-win32-x64\jre\17.0.7-win32-x86_64\bin\java.dll
0x00007ffbbe3a0000 - 0x00007ffbbe3b8000 	c:\Users\Waruna\.vscode-insiders\extensions\redhat.java-1.21.2023072104-win32-x64\jre\17.0.7-win32-x86_64\bin\zip.dll
0x00007ffbd1070000 - 0x00007ffbd1869000 	C:\Windows\System32\SHELL32.dll
0x00007ffbcd600000 - 0x00007ffbcdece000 	C:\Windows\SYSTEM32\windows.storage.dll
0x00007ffbcd4c0000 - 0x00007ffbcd5fe000 	C:\Windows\SYSTEM32\wintypes.dll
0x00007ffbd0ec0000 - 0x00007ffbd0fb1000 	C:\Windows\System32\SHCORE.dll
0x00007ffbd1a90000 - 0x00007ffbd1aee000 	C:\Windows\System32\shlwapi.dll
0x00007ffbcf580000 - 0x00007ffbcf5a6000 	C:\Windows\SYSTEM32\profapi.dll
0x00007ffbbe2a0000 - 0x00007ffbbe2b9000 	C:\Users\Waruna\.vscode-insiders\extensions\redhat.java-1.21.2023072104-win32-x64\jre\17.0.7-win32-x86_64\bin\net.dll
0x00007ffbc9060000 - 0x00007ffbc9197000 	C:\Windows\SYSTEM32\WINHTTP.dll
0x00007ffbcebc0000 - 0x00007ffbcec29000 	C:\Windows\system32\mswsock.dll
0x00007ffbb94d0000 - 0x00007ffbb94e5000 	C:\Users\Waruna\.vscode-insiders\extensions\redhat.java-1.21.2023072104-win32-x64\jre\17.0.7-win32-x86_64\bin\nio.dll
0x00007ffbcee00000 - 0x00007ffbcee1b000 	C:\Windows\SYSTEM32\CRYPTSP.dll
0x00007ffbce6b0000 - 0x00007ffbce6e5000 	C:\Windows\system32\rsaenh.dll
0x00007ffbcec80000 - 0x00007ffbcecac000 	C:\Windows\SYSTEM32\USERENV.dll
0x00007ffbcf020000 - 0x00007ffbcf048000 	C:\Windows\SYSTEM32\bcrypt.dll
0x00007ffbcee20000 - 0x00007ffbcee2c000 	C:\Windows\SYSTEM32\CRYPTBASE.dll
0x00007ffbce1e0000 - 0x00007ffbce20d000 	C:\Windows\SYSTEM32\IPHLPAPI.DLL
0x00007ffbd1f70000 - 0x00007ffbd1f79000 	C:\Windows\System32\NSI.dll
0x00007ffbc8ee0000 - 0x00007ffbc8ef9000 	C:\Windows\SYSTEM32\dhcpcsvc6.DLL
0x00007ffbc8ec0000 - 0x00007ffbc8edf000 	C:\Windows\SYSTEM32\dhcpcsvc.DLL
0x00007ffbce210000 - 0x00007ffbce303000 	C:\Windows\SYSTEM32\DNSAPI.dll
0x00007ffbca7d0000 - 0x00007ffbca7d9000 	C:\Users\Waruna\.vscode-insiders\extensions\redhat.java-1.21.2023072104-win32-x64\jre\17.0.7-win32-x86_64\bin\management.dll
0x00007ffbbe220000 - 0x00007ffbbe22b000 	C:\Users\Waruna\.vscode-insiders\extensions\redhat.java-1.21.2023072104-win32-x64\jre\17.0.7-win32-x86_64\bin\management_ext.dll
0x00007ffbd0160000 - 0x00007ffbd0168000 	C:\Windows\System32\PSAPI.DLL
0x00007ffbb9bc0000 - 0x00007ffbb9bce000 	C:\Users\Waruna\.vscode-insiders\extensions\redhat.java-1.21.2023072104-win32-x64\jre\17.0.7-win32-x86_64\bin\sunmscapi.dll
0x00007ffbcfcb0000 - 0x00007ffbcfe17000 	C:\Windows\System32\CRYPT32.dll
0x00007ffbceff0000 - 0x00007ffbcf01e000 	C:\Windows\SYSTEM32\ncrypt.dll
0x00007ffbcefb0000 - 0x00007ffbcefe7000 	C:\Windows\SYSTEM32\NTASN1.dll
0x00007ffbc7450000 - 0x00007ffbc745a000 	C:\Windows\System32\rasadhlp.dll
0x00007ffbc82e0000 - 0x00007ffbc8364000 	C:\Windows\System32\fwpuclnt.dll
0x00007ffbb8820000 - 0x00007ffbb8829000 	C:\Users\Waruna\.vscode-insiders\extensions\redhat.java-1.21.2023072104-win32-x64\jre\17.0.7-win32-x86_64\bin\attach.dll
0x00007ffbcbe60000 - 0x00007ffbcbe70000 	c:\Users\Waruna\.vscode-insiders\extensions\redhat.java-1.21.2023072104-win32-x64\jre\17.0.7-win32-x86_64\bin\verify.dll
0x0000000070fc0000 - 0x000000007108d000 	C:\Users\Waruna\AppData\Local\Temp\snappy-1.1.10-605d9f9c-208b-4b52-ab77-1b797fbff8cf-snappyjava.dll

dbghelp: loaded successfully - version: 4.0.5 - missing functions: none
symbol engine: initialized successfully - sym options: 0x614 - pdb path: .;c:\Users\Waruna\.vscode-insiders\extensions\redhat.java-1.21.2023072104-win32-x64\jre\17.0.7-win32-x86_64\bin;C:\Windows\SYSTEM32;C:\Windows\WinSxS\amd64_microsoft.windows.common-controls_6595b64144ccf1df_6.0.22621.1635_none_270f70857386168e;c:\Users\Waruna\.vscode-insiders\extensions\redhat.java-1.21.2023072104-win32-x64\jre\17.0.7-win32-x86_64\bin\server;C:\Users\Waruna\AppData\Local\Temp

VM Arguments:
jvm_args: -XX:+HeapDumpOnOutOfMemoryError -Xmx1024m -Dsts.lsp.client=vscode -Dsts.log.file=/dev/null -XX:TieredStopAtLevel=1 -Xlog:jni+resolve=off -Dspring.config.location=file:c:\Users\Waruna\.vscode-insiders\extensions\vmware.vscode-spring-boot-1.48.2023072004\language-server\BOOT-INF\classes\application.properties 
java_command: org.springframework.ide.vscode.boot.app.BootLanguageServerBootApp
java_class_path (initial): c:\Users\Waruna\.vscode-insiders\extensions\vmware.vscode-spring-boot-1.48.2023072004\language-server\BOOT-INF\classes;c:\Users\Waruna\.vscode-insiders\extensions\vmware.vscode-spring-boot-1.48.2023072004\language-server\BOOT-INF\lib\annotations-24.0.1.jar;c:\Users\Waruna\.vscode-insiders\extensions\vmware.vscode-spring-boot-1.48.2023072004\language-server\BOOT-INF\lib\antlr-runtime-3.5.3.jar;c:\Users\Waruna\.vscode-insiders\extensions\vmware.vscode-spring-boot-1.48.2023072004\language-server\BOOT-INF\lib\antlr4-4.11.1.jar;c:\Users\Waruna\.vscode-insiders\extensions\vmware.vscode-spring-boot-1.48.2023072004\language-server\BOOT-INF\lib\antlr4-runtime-4.11.1.jar;c:\Users\Waruna\.vscode-insiders\extensions\vmware.vscode-spring-boot-1.48.2023072004\language-server\BOOT-INF\lib\archunit-1.0.1.jar;c:\Users\Waruna\.vscode-insiders\extensions\vmware.vscode-spring-boot-1.48.2023072004\language-server\BOOT-INF\lib\asm-9.5.jar;c:\Users\Waruna\.vscode-insiders\extensions\vmware.vscode-spring-boot-1.48.2023072004\language-server\BOOT-INF\lib\asm-analysis-9.5.jar;c:\Users\Waruna\.vscode-insiders\extensions\vmware.vscode-spring-boot-1.48.2023072004\language-server\BOOT-INF\lib\asm-tree-9.5.jar;c:\Users\Waruna\.vscode-insiders\extensions\vmware.vscode-spring-boot-1.48.2023072004\language-server\BOOT-INF\lib\asm-util-9.5.jar;c:\Users\Waruna\.vscode-insiders\extensions\vmware.vscode-spring-boot-1.48.2023072004\language-server\BOOT-INF\lib\bosh-language-server-1.48.0-SNAPSHOT.jar;c:\Users\Waruna\.vscode-insiders\extensions\vmware.vscode-spring-boot-1.48.2023072004\language-server\BOOT-INF\lib\caffeine-3.1.6.jar;c:\Users\Waruna\.vscode-insiders\extensions\vmware.vscode-spring-boot-1.48.2023072004\language-server\BOOT-INF\lib\checker-qual-3.12.0.jar;c:\Users\Waruna\.vscode-insiders\extensions\vmware.vscode-spring-boot-1.48.2023072004\language-server\BOOT-INF\lib\classgraph-4.8.149.jar;c:\Users\Waruna\.vscode-insiders\extensions\vmware.vscode-spring-boot-1.4
Launcher Type: SUN_STANDARD

[Global flags]
     intx CICompilerCount                          = 4                                         {product} {ergonomic}
     uint ConcGCThreads                            = 3                                         {product} {ergonomic}
     uint G1ConcRefinementThreads                  = 10                                        {product} {ergonomic}
   size_t G1HeapRegionSize                         = 1048576                                   {product} {ergonomic}
    uintx GCDrainStackTargetSize                   = 64                                        {product} {ergonomic}
     bool HeapDumpOnOutOfMemoryError               = true                                   {manageable} {command line}
   size_t InitialHeapSize                          = 132120576                                 {product} {ergonomic}
   size_t MarkStackSize                            = 4194304                                   {product} {ergonomic}
   size_t MaxHeapSize                              = 1073741824                                {product} {command line}
   size_t MaxNewSize                               = 643825664                                 {product} {ergonomic}
   size_t MinHeapDeltaBytes                        = 1048576                                   {product} {ergonomic}
   size_t MinHeapSize                              = 8388608                                   {product} {ergonomic}
    uintx NonProfiledCodeHeapSize                  = 0                                      {pd product} {ergonomic}
     bool ProfileInterpreter                       = false                                  {pd product} {command line}
    uintx ProfiledCodeHeapSize                     = 0                                      {pd product} {ergonomic}
   size_t SoftMaxHeapSize                          = 1073741824                             {manageable} {ergonomic}
     intx TieredStopAtLevel                        = 1                                         {product} {command line}
     bool UseCompressedClassPointers               = true                           {product lp64_product} {ergonomic}
     bool UseCompressedOops                        = true                           {product lp64_product} {ergonomic}
     bool UseG1GC                                  = true                                      {product} {ergonomic}
     bool UseLargePagesIndividualAllocation        = false                                  {pd product} {ergonomic}

Logging:
Log output configuration:
 #0: stdout all=warning,jni+resolve=off uptime,level,tags
 #1: stderr all=off uptime,level,tags

Environment Variables:
JAVA_HOME=H:\jdk-11.0.16.1
PATH=C:\Program Files\Common Files\Oracle\Java\javapath;C:\Program Files (x86)\VMware\VMware Player\bin\;C:\Python311\Scripts\;C:\Python311\;C:\Windows\system32;C:\Windows;C:\Windows\System32\Wbem;C:\Windows\System32\WindowsPowerShell\v1.0\;C:\Windows\System32\OpenSSH\;C:\Program Files\dotnet\;C:\Program Files\Java\jdk-17.0.1\bin;C:\Program Files\nodejs\;C:\ProgramData\chocolatey\bin;C:\Program Files (x86)\NVIDIA Corporation\PhysX\Common;H:\Git\cmd;H:\Scripts\;H:\;C:\Users\Waruna\AppData\Local\Microsoft\WindowsApps;C:\Users\Waruna\AppData\Local\GitHubDesktop\bin;C:\Users\Waruna\AppData\Roaming\npm;H:\gradle-7.3.1\bin;C:\Program Files\JetBrains\IntelliJ IDEA 2023.1.1\bin;;C:\Users\Waruna\AppData\Local\Programs\Microsoft VS Code Insiders\bin
USERNAME=Waruna
OS=Windows_NT
PROCESSOR_IDENTIFIER=Intel64 Family 6 Model 165 Stepping 2, GenuineIntel
TMP=C:\Users\Waruna\AppData\Local\Temp
TEMP=C:\Users\Waruna\AppData\Local\Temp



---------------  S Y S T E M  ---------------

OS:
 Windows 11 , 64 bit Build 22621 (10.0.22621.1928)
OS uptime: 3 days 0:37 hours
Hyper-V role detected

CPU: total 12 (initial active 12) (6 cores per cpu, 2 threads per core) family 6 model 165 stepping 2 microcode 0xe2, cx8, cmov, fxsr, ht, mmx, 3dnowpref, sse, sse2, sse3, ssse3, sse4.1, sse4.2, popcnt, lzcnt, tsc, tscinvbit, avx, avx2, aes, erms, clmul, bmi1, bmi2, adx, fma, vzeroupper, clflush, clflushopt, hv

Memory: 4k page, system-wide physical 8013M (445M free)
TotalPageFile size 18013M (AvailPageFile size 3M)
current process WorkingSet (physical memory assigned to process): 135M, peak: 970M
current process commit charge ("private bytes"): 498M, peak: 1170M

vm_info: OpenJDK 64-Bit Server VM (17.0.7+7) for windows-amd64 JRE (17.0.7+7), built on Apr 18 2023 22:10:42 by "temurin" with MS VC++ 16.7 (VS2019)

END.
