#
# There is insufficient memory for the Java Runtime Environment to continue.
# Native memory allocation (malloc) failed to allocate 1048576 bytes for AllocateHeap
# Possible reasons:
#   The system is out of physical RAM or swap space
#   The process is running with CompressedOops enabled, and the Java Heap may be blocking the growth of the native heap
# Possible solutions:
#   Reduce memory load on the system
#   Increase physical memory or swap space
#   Check if swap backing store is full
#   Decrease Java heap size (-Xmx/-Xms)
#   Decrease number of Java threads
#   Decrease Java thread stack sizes (-Xss)
#   Set larger code cache with -XX:ReservedCodeCacheSize=
#   JVM is running with Unscaled Compressed Oops mode in which the Java heap is
#     placed in the first 4GB address space. The Java Heap base address is the
#     maximum limit for the native heap growth. Please use -XX:HeapBaseMinAddress
#     to set the Java Heap base and to place the Java Heap above 4GB virtual address.
# This output file may be truncated or incomplete.
#
#  Out of Memory Error (allocation.cpp:44), pid=20232, tid=13848
#
# JRE version: OpenJDK Runtime Environment Temurin-17.0.7+7 (17.0.7+7) (build 17.0.7+7)
# Java VM: OpenJDK 64-Bit Server VM Temurin-17.0.7+7 (17.0.7+7, mixed mode, emulated-client, tiered, compressed oops, compressed class ptrs, g1 gc, windows-amd64)
# No core dump will be written. Minidumps are not enabled by default on client versions of Windows
#

---------------  S U M M A R Y ------------

Command Line: -XX:+HeapDumpOnOutOfMemoryError -Xmx1024m -Dsts.lsp.client=vscode -Dsts.log.file=/dev/null -XX:TieredStopAtLevel=1 -Xlog:jni+resolve=off -Dspring.config.location=file:c:\Users\Waruna\.vscode-insiders\extensions\vmware.vscode-spring-boot-1.48.2023072504\language-server\BOOT-INF\classes\application.properties org.springframework.ide.vscode.boot.app.BootLanguageServerBootApp

Host: Intel(R) Core(TM) i5-10500H CPU @ 2.50GHz, 12 cores, 7G,  Windows 11 , 64 bit Build 22621 (10.0.22621.2070)
Time: Fri Jul 28 13:11:14 2023 Sri Lanka Standard Time elapsed time: 26351.747359 seconds (0d 7h 19m 11s)

---------------  T H R E A D  ---------------

Current thread (0x0000028535fea500):  VMThread "VM Thread" [stack: 0x0000009acc600000,0x0000009acc700000] [id=13848]

Stack: [0x0000009acc600000,0x0000009acc700000]
Native frames: (J=compiled Java code, j=interpreted, Vv=VM code, C=native code)
V  [jvm.dll+0x67754a]
V  [jvm.dll+0x834304]
V  [jvm.dll+0x835aae]
V  [jvm.dll+0x836113]
V  [jvm.dll+0x24696f]
V  [jvm.dll+0xa681f]
V  [jvm.dll+0x2f73f3]
V  [jvm.dll+0x2f30f0]
V  [jvm.dll+0x2db6c7]
V  [jvm.dll+0x31e777]
V  [jvm.dll+0x83a5bb]
V  [jvm.dll+0x83b2f4]
V  [jvm.dll+0x83b80c]
V  [jvm.dll+0x83bbe4]
V  [jvm.dll+0x83bcb0]
V  [jvm.dll+0x7e4e7a]
V  [jvm.dll+0x676395]
C  [ucrtbase.dll+0x29363]
C  [KERNEL32.DLL+0x126ad]
C  [ntdll.dll+0x5aa68]

VM_Operation (0x0000009ace2fea00): G1CollectFull, mode: safepoint, requested by thread 0x000002853ba0c450


---------------  P R O C E S S  ---------------

Threads class SMR info:
_java_thread_list=0x000002853bda4df0, length=56, elements={
0x0000028535ffe370, 0x0000028535ffed20, 0x0000028536022af0, 0x00000285360234a0,
0x000002853615c020, 0x000002853615c8e0, 0x000002853602df60, 0x000002853602e860,
0x0000028536346d70, 0x0000028536348ba0, 0x000002853b9e7830, 0x000002853bb5bbb0,
0x000002853ba0c450, 0x000002853ba0d130, 0x0000028528de8090, 0x000002853bbe3580,
0x000002853bbe76c0, 0x000002853bc21fd0, 0x000002853bddc900, 0x000002853bdda280,
0x000002853bde02c0, 0x000002853bdd9410, 0x000002853bdd98e0, 0x000002853bddac20,
0x0000028540c52fe0, 0x0000028540c52b10, 0x0000028540c4e2e0, 0x0000028540c50490,
0x0000028540c50960, 0x0000028540c4e7b0, 0x0000028540c54320, 0x0000028540c4ec80,
0x0000028540c4f150, 0x0000028540c4de10, 0x0000028540c50e30, 0x0000028540c517d0,
0x0000028540c534b0, 0x0000028540c547f0, 0x0000028540c4ffc0, 0x0000028540c4faf0,
0x0000028540c51ca0, 0x000002853c7fe7b0, 0x000002853c802fe0, 0x000002853c7fffc0,
0x000002853c7fbc60, 0x000002853c7fcad0, 0x000002853c7fc130, 0x000002853c7fe2e0,
0x000002853c7ffaf0, 0x000002853c7fec80, 0x000002853bc20c90, 0x000002853c7ff620,
0x000002853c7fd940, 0x00000285412a6940, 0x00000285412a5600, 0x000002854187b2e0
}

Java Threads: ( => current thread )
  0x0000028535ffe370 JavaThread "Reference Handler" daemon [_thread_blocked, id=12640, stack(0x0000009acc700000,0x0000009acc800000)]
  0x0000028535ffed20 JavaThread "Finalizer" daemon [_thread_blocked, id=11920, stack(0x0000009acc800000,0x0000009acc900000)]
  0x0000028536022af0 JavaThread "Signal Dispatcher" daemon [_thread_blocked, id=3848, stack(0x0000009acc900000,0x0000009acca00000)]
  0x00000285360234a0 JavaThread "Attach Listener" daemon [_thread_blocked, id=13028, stack(0x0000009acca00000,0x0000009accb00000)]
  0x000002853615c020 JavaThread "Service Thread" daemon [_thread_blocked, id=16040, stack(0x0000009accb00000,0x0000009accc00000)]
  0x000002853615c8e0 JavaThread "Monitor Deflation Thread" daemon [_thread_blocked, id=16340, stack(0x0000009accc00000,0x0000009accd00000)]
  0x000002853602df60 JavaThread "C1 CompilerThread0" daemon [_thread_blocked, id=7120, stack(0x0000009accd00000,0x0000009acce00000)]
  0x000002853602e860 JavaThread "Sweeper thread" daemon [_thread_blocked, id=15624, stack(0x0000009acce00000,0x0000009accf00000)]
  0x0000028536346d70 JavaThread "Notification Thread" daemon [_thread_blocked, id=9820, stack(0x0000009acd000000,0x0000009acd100000)]
  0x0000028536348ba0 JavaThread "Common-Cleaner" daemon [_thread_blocked, id=20612, stack(0x0000009acd200000,0x0000009acd300000)]
  0x000002853b9e7830 JavaThread "boundedElastic-evictor-1" daemon [_thread_blocked, id=19940, stack(0x0000009acda00000,0x0000009acdb00000)]
  0x000002853bb5bbb0 JavaThread "boundedElastic-evictor-2" daemon [_thread_blocked, id=17824, stack(0x0000009ace100000,0x0000009ace200000)]
  0x000002853ba0c450 JavaThread "pool-11-thread-1" [_thread_blocked, id=1692, stack(0x0000009ace200000,0x0000009ace300000)]
  0x000002853ba0d130 JavaThread "LanguageServerApp-lifecycle" [_thread_blocked, id=6544, stack(0x0000009ace300000,0x0000009ace400000)]
  0x0000028528de8090 JavaThread "DestroyJavaVM" [_thread_blocked, id=15848, stack(0x0000009acc000000,0x0000009acc100000)]
  0x000002853bbe3580 JavaThread "pool-12-thread-1" [_thread_in_native, id=20320, stack(0x0000009ace400000,0x0000009ace500000)]
  0x000002853bbe76c0 JavaThread "Simple-Language-Server main thread" daemon [_thread_blocked, id=16828, stack(0x0000009ace500000,0x0000009ace600000)]
  0x000002853bc21fd0 JavaThread "pool-7-thread-1" [_thread_blocked, id=18948, stack(0x0000009ace800000,0x0000009ace900000)]
  0x000002853bddc900 JavaThread "parallel-1" daemon [_thread_blocked, id=11508, stack(0x0000009acff00000,0x0000009ad0000000)]
  0x000002853bdda280 JavaThread "pool-5-thread-1" [_thread_blocked, id=3976, stack(0x0000009ad0300000,0x0000009ad0400000)]
  0x000002853bde02c0 JavaThread "parallel-2" daemon [_thread_blocked, id=10168, stack(0x0000009ad0400000,0x0000009ad0500000)]
  0x000002853bdd9410 JavaThread "parallel-3" daemon [_thread_blocked, id=11432, stack(0x0000009aceb00000,0x0000009acec00000)]
  0x000002853bdd98e0 JavaThread "parallel-4" daemon [_thread_blocked, id=15668, stack(0x0000009acec00000,0x0000009aced00000)]
  0x000002853bddac20 JavaThread "Reconciler-1" daemon [_thread_blocked, id=9060, stack(0x0000009aced00000,0x0000009acee00000)]
  0x0000028540c52fe0 JavaThread "pool-8-thread-1" [_thread_blocked, id=14772, stack(0x0000009acea00000,0x0000009aceb00000)]
  0x0000028540c52b10 JavaThread "pool-8-thread-2" [_thread_blocked, id=10572, stack(0x0000009acef00000,0x0000009acf000000)]
  0x0000028540c4e2e0 JavaThread "pool-8-thread-3" [_thread_blocked, id=14752, stack(0x0000009acf000000,0x0000009acf100000)]
  0x0000028540c50490 JavaThread "pool-6-thread-1" [_thread_blocked, id=10268, stack(0x0000009acf100000,0x0000009acf200000)]
  0x0000028540c50960 JavaThread "RMI Scheduler(0)" daemon [_thread_blocked, id=3948, stack(0x0000009acf400000,0x0000009acf500000)]
  0x0000028540c4e7b0 JavaThread "pool-6-thread-2" [_thread_blocked, id=15312, stack(0x0000009acf600000,0x0000009acf700000)]
  0x0000028540c54320 JavaThread "pool-6-thread-3" [_thread_blocked, id=6372, stack(0x0000009acf700000,0x0000009acf800000)]
  0x0000028540c4ec80 JavaThread "pool-6-thread-4" [_thread_blocked, id=11436, stack(0x0000009acf800000,0x0000009acf900000)]
  0x0000028540c4f150 JavaThread "pool-6-thread-5" [_thread_blocked, id=19688, stack(0x0000009acdb00000,0x0000009acdc00000)]
  0x0000028540c4de10 JavaThread "parallel-5" daemon [_thread_blocked, id=19080, stack(0x0000009acf900000,0x0000009acfa00000)]
  0x0000028540c50e30 JavaThread "parallel-6" daemon [_thread_blocked, id=14232, stack(0x0000009acfa00000,0x0000009acfb00000)]
  0x0000028540c517d0 JavaThread "parallel-7" daemon [_thread_blocked, id=10832, stack(0x0000009acee00000,0x0000009acef00000)]
  0x0000028540c534b0 JavaThread "parallel-8" daemon [_thread_blocked, id=3144, stack(0x0000009acfb00000,0x0000009acfc00000)]
  0x0000028540c547f0 JavaThread "parallel-9" daemon [_thread_blocked, id=17340, stack(0x0000009acfc00000,0x0000009acfd00000)]
  0x0000028540c4ffc0 JavaThread "parallel-10" daemon [_thread_blocked, id=13520, stack(0x0000009ad0a00000,0x0000009ad0b00000)]
  0x0000028540c4faf0 JavaThread "parallel-11" daemon [_thread_blocked, id=19172, stack(0x0000009ad1000000,0x0000009ad1100000)]
  0x0000028540c51ca0 JavaThread "parallel-12" daemon [_thread_blocked, id=12312, stack(0x0000009ad1100000,0x0000009ad1200000)]
  0x000002853c7fe7b0 JavaThread "pool-8-thread-4" [_thread_blocked, id=11960, stack(0x0000009acbe00000,0x0000009acbf00000)]
  0x000002853c802fe0 JavaThread "pool-6-thread-6" [_thread_blocked, id=15244, stack(0x0000009acbf00000,0x0000009acc000000)]
  0x000002853c7fffc0 JavaThread "pool-6-thread-7" [_thread_blocked, id=8672, stack(0x0000009acf500000,0x0000009acf600000)]
  0x000002853c7fbc60 JavaThread "pool-6-thread-8" [_thread_blocked, id=15980, stack(0x0000009ad0500000,0x0000009ad0600000)]
  0x000002853c7fcad0 JavaThread "pool-6-thread-9" [_thread_blocked, id=17344, stack(0x0000009acbd00000,0x0000009acbe00000)]
  0x000002853c7fc130 JavaThread "pool-6-thread-10" [_thread_blocked, id=4756, stack(0x0000009ad1200000,0x0000009ad1300000)]
  0x000002853c7fe2e0 JavaThread "pool-8-thread-5" [_thread_blocked, id=10380, stack(0x0000009ace700000,0x0000009ace800000)]
  0x000002853c7ffaf0 JavaThread "pool-8-thread-6" [_thread_blocked, id=3064, stack(0x0000009ad0100000,0x0000009ad0200000)]
  0x000002853c7fec80 JavaThread "pool-8-thread-7" [_thread_blocked, id=17480, stack(0x0000009ad0000000,0x0000009ad0100000)]
  0x000002853bc20c90 JavaThread "pool-8-thread-8" [_thread_blocked, id=17700, stack(0x0000009ad1400000,0x0000009ad1500000)]
  0x000002853c7ff620 JavaThread "pool-8-thread-9" [_thread_blocked, id=19920, stack(0x0000009ad1500000,0x0000009ad1600000)]
  0x000002853c7fd940 JavaThread "pool-8-thread-10" [_thread_blocked, id=13528, stack(0x0000009accf00000,0x0000009acd000000)]
  0x00000285412a6940 JavaThread "RMI RenewClean-[localhost:6468]" daemon [_thread_blocked, id=18596, stack(0x0000009ad3e00000,0x0000009ad3f00000)]
  0x00000285412a5600 JavaThread "RMI GC Daemon" daemon [_thread_blocked, id=13736, stack(0x0000009ad3f00000,0x0000009ad4000000)]
  0x000002854187b2e0 JavaThread "JMX client heartbeat 16" daemon [_thread_blocked, id=1808, stack(0x0000009ad4000000,0x0000009ad4100000)]

Other Threads:
=>0x0000028535fea500 VMThread "VM Thread" [stack: 0x0000009acc600000,0x0000009acc700000] [id=13848]
  0x0000028528e344b0 WatcherThread [stack: 0x0000009acd100000,0x0000009acd200000] [id=3932]
  0x0000028528e24c30 GCTaskThread "GC Thread#0" [stack: 0x0000009acc100000,0x0000009acc200000] [id=13016]
  0x0000028536cc7ce0 GCTaskThread "GC Thread#1" [stack: 0x0000009acd300000,0x0000009acd400000] [id=11940]
  0x0000028536cc7f90 GCTaskThread "GC Thread#2" [stack: 0x0000009acd400000,0x0000009acd500000] [id=19532]
  0x000002853b056980 GCTaskThread "GC Thread#3" [stack: 0x0000009acd500000,0x0000009acd600000] [id=14256]
  0x000002853b2089c0 GCTaskThread "GC Thread#4" [stack: 0x0000009acd600000,0x0000009acd700000] [id=3032]
  0x000002853b0b4fc0 GCTaskThread "GC Thread#5" [stack: 0x0000009acd700000,0x0000009acd800000] [id=19760]
  0x000002853b0b5270 GCTaskThread "GC Thread#6" [stack: 0x0000009acd800000,0x0000009acd900000] [id=16120]
  0x000002853b0b5520 GCTaskThread "GC Thread#7" [stack: 0x0000009acd900000,0x0000009acda00000] [id=13920]
  0x000002853b452020 GCTaskThread "GC Thread#8" [stack: 0x0000009acdd00000,0x0000009acde00000] [id=14580]
  0x000002853b4ac540 GCTaskThread "GC Thread#9" [stack: 0x0000009acde00000,0x0000009acdf00000] [id=1804]
  0x0000028528e2db70 ConcurrentGCThread "G1 Main Marker" [stack: 0x0000009acc200000,0x0000009acc300000] [id=9776]
  0x0000028528e2e580 ConcurrentGCThread "G1 Conc#0" [stack: 0x0000009acc300000,0x0000009acc400000] [id=19320]
  0x000002853b453fa0 ConcurrentGCThread "G1 Conc#1" [stack: 0x0000009acdf00000,0x0000009ace000000] [id=7284]
  0x000002853b488010 ConcurrentGCThread "G1 Conc#2" [stack: 0x0000009ace000000,0x0000009ace100000] [id=14436]
  0x0000028528e9dbb0 ConcurrentGCThread "G1 Refine#0" [stack: 0x0000009acc400000,0x0000009acc500000] [id=19180]
  0x000002853c34a6e0 ConcurrentGCThread "G1 Refine#1" [stack: 0x0000009acfd00000,0x0000009acfe00000] [id=21060]
  0x000002853bd3e7b0 ConcurrentGCThread "G1 Refine#2" [stack: 0x0000009acfe00000,0x0000009acff00000] [id=6292]
  0x000002853cb5e040 ConcurrentGCThread "G1 Refine#3" [stack: 0x0000009ad0700000,0x0000009ad0800000] [id=13204]
  0x000002853c8ddc10 ConcurrentGCThread "G1 Refine#4" [stack: 0x0000009ad0800000,0x0000009ad0900000] [id=20616]
  0x000002853d1f7b10 ConcurrentGCThread "G1 Refine#5" [stack: 0x0000009ad0b00000,0x0000009ad0c00000] [id=7608]
  0x000002853d1f7df0 ConcurrentGCThread "G1 Refine#6" [stack: 0x0000009ad0c00000,0x0000009ad0d00000] [id=13164]
  0x000002853d1f7550 ConcurrentGCThread "G1 Refine#7" [stack: 0x0000009ad0d00000,0x0000009ad0e00000] [id=14548]
  0x000002853d1f7830 ConcurrentGCThread "G1 Refine#8" [stack: 0x0000009ad0e00000,0x0000009ad0f00000] [id=7820]
  0x000002853d1f7270 ConcurrentGCThread "G1 Refine#9" [stack: 0x0000009ad0f00000,0x0000009ad1000000] [id=7396]
  0x0000028528e9e5d0 ConcurrentGCThread "G1 Service" [stack: 0x0000009acc500000,0x0000009acc600000] [id=15480]

Threads with active compile tasks:

VM state: at safepoint (normal execution)

VM Mutex/Monitor currently owned by a thread:  ([mutex/lock_event])
[0x0000028528de4040] Threads_lock - owner thread: 0x0000028535fea500
[0x0000028528de43a0] Heap_lock - owner thread: 0x000002853ba0c450

Heap address: 0x00000000c0000000, size: 1024 MB, Compressed Oops mode: 32-bit

CDS archive(s) not mapped
Compressed class space mapped at: 0x0000000100000000-0x0000000140000000, reserved size: 1073741824
Narrow klass base: 0x0000000000000000, Narrow klass shift: 3, Narrow klass range: 0x140000000

GC Precious Log:
 CPUs: 12 total, 12 available
 Memory: 8013M
 Large Page Support: Disabled
 NUMA Support: Disabled
 Compressed Oops: Enabled (32-bit)
 Heap Region Size: 1M
 Heap Min Capacity: 8M
 Heap Initial Capacity: 126M
 Heap Max Capacity: 1G
 Pre-touch: Disabled
 Parallel Workers: 10
 Concurrent Workers: 3
 Concurrent Refinement Workers: 10
 Periodic GC: Disabled

Heap:
 garbage-first heap   total 314368K, used 99247K [0x00000000c0000000, 0x0000000100000000)
  region size 1024K, 1 young (1024K), 0 survivors (0K)
 Metaspace       used 77834K, committed 78528K, reserved 1179648K
  class space    used 10736K, committed 11008K, reserved 1048576K

Heap Regions: E=young(eden), S=young(survivor), O=old, HS=humongous(starts), HC=humongous(continues), CS=collection set, F=free, OA=open archive, CA=closed archive, TAMS=top-at-mark-start (previous, next)
|   0|0x00000000c0000000, 0x00000000c00fffe8, 0x00000000c0100000| 99%| O|  |TAMS 0x00000000c00fffe8, 0x00000000c0000000| Untracked 
|   1|0x00000000c0100000, 0x00000000c01fffa8, 0x00000000c0200000| 99%| O|  |TAMS 0x00000000c01fffa8, 0x00000000c0100000| Untracked 
|   2|0x00000000c0200000, 0x00000000c02fba90, 0x00000000c0300000| 98%| O|  |TAMS 0x00000000c02fba90, 0x00000000c0200000| Untracked 
|   3|0x00000000c0300000, 0x00000000c0400000, 0x00000000c0400000|100%| O|  |TAMS 0x00000000c0400000, 0x00000000c0300000| Untracked 
|   4|0x00000000c0400000, 0x00000000c0500000, 0x00000000c0500000|100%| O|  |TAMS 0x00000000c0500000, 0x00000000c0400000| Untracked 
|   5|0x00000000c0500000, 0x00000000c05fffe8, 0x00000000c0600000| 99%| O|  |TAMS 0x00000000c05fffe8, 0x00000000c0500000| Untracked 
|   6|0x00000000c0600000, 0x00000000c06ffff8, 0x00000000c0700000| 99%| O|  |TAMS 0x00000000c06ffff8, 0x00000000c0600000| Untracked 
|   7|0x00000000c0700000, 0x00000000c0800000, 0x00000000c0800000|100%| O|  |TAMS 0x00000000c0800000, 0x00000000c0700000| Untracked 
|   8|0x00000000c0800000, 0x00000000c08ffff0, 0x00000000c0900000| 99%| O|  |TAMS 0x00000000c08ffff0, 0x00000000c0800000| Untracked 
|   9|0x00000000c0900000, 0x00000000c09ffff0, 0x00000000c0a00000| 99%| O|  |TAMS 0x00000000c09ffff0, 0x00000000c0900000| Untracked 
|  10|0x00000000c0a00000, 0x00000000c0affff8, 0x00000000c0b00000| 99%| O|  |TAMS 0x00000000c0affff8, 0x00000000c0a00000| Untracked 
|  11|0x00000000c0b00000, 0x00000000c0bffff8, 0x00000000c0c00000| 99%| O|  |TAMS 0x00000000c0bffff8, 0x00000000c0b00000| Untracked 
|  12|0x00000000c0c00000, 0x00000000c0cf7c10, 0x00000000c0d00000| 96%| O|  |TAMS 0x00000000c0cf7c10, 0x00000000c0c00000| Untracked 
|  13|0x00000000c0d00000, 0x00000000c0e00000, 0x00000000c0e00000|100%| O|  |TAMS 0x00000000c0e00000, 0x00000000c0d00000| Untracked 
|  14|0x00000000c0e00000, 0x00000000c0efffe8, 0x00000000c0f00000| 99%| O|  |TAMS 0x00000000c0efffe8, 0x00000000c0e00000| Untracked 
|  15|0x00000000c0f00000, 0x00000000c0fffff0, 0x00000000c1000000| 99%| O|  |TAMS 0x00000000c0fffff0, 0x00000000c0f00000| Untracked 
|  16|0x00000000c1000000, 0x00000000c1100000, 0x00000000c1100000|100%| O|  |TAMS 0x00000000c1100000, 0x00000000c1000000| Untracked 
|  17|0x00000000c1100000, 0x00000000c11fffc8, 0x00000000c1200000| 99%| O|  |TAMS 0x00000000c11fffc8, 0x00000000c1100000| Untracked 
|  18|0x00000000c1200000, 0x00000000c12fffc8, 0x00000000c1300000| 99%| O|  |TAMS 0x00000000c12fffc8, 0x00000000c1200000| Untracked 
|  19|0x00000000c1300000, 0x00000000c13ffff0, 0x00000000c1400000| 99%| O|  |TAMS 0x00000000c13ffff0, 0x00000000c1300000| Untracked 
|  20|0x00000000c1400000, 0x00000000c14fffe8, 0x00000000c1500000| 99%| O|  |TAMS 0x00000000c14fffe8, 0x00000000c1400000| Untracked 
|  21|0x00000000c1500000, 0x00000000c15ffff8, 0x00000000c1600000| 99%| O|  |TAMS 0x00000000c15ffff8, 0x00000000c1500000| Untracked 
|  22|0x00000000c1600000, 0x00000000c16fffe0, 0x00000000c1700000| 99%| O|  |TAMS 0x00000000c16fffe0, 0x00000000c1600000| Untracked 
|  23|0x00000000c1700000, 0x00000000c17ffff8, 0x00000000c1800000| 99%| O|  |TAMS 0x00000000c17ffff8, 0x00000000c1700000| Untracked 
|  24|0x00000000c1800000, 0x00000000c1900000, 0x00000000c1900000|100%| O|  |TAMS 0x00000000c1900000, 0x00000000c1800000| Untracked 
|  25|0x00000000c1900000, 0x00000000c19fffd8, 0x00000000c1a00000| 99%| O|  |TAMS 0x00000000c19fffd8, 0x00000000c1900000| Untracked 
|  26|0x00000000c1a00000, 0x00000000c1afffd0, 0x00000000c1b00000| 99%| O|  |TAMS 0x00000000c1afffd0, 0x00000000c1a00000| Untracked 
|  27|0x00000000c1b00000, 0x00000000c1bffff8, 0x00000000c1c00000| 99%| O|  |TAMS 0x00000000c1bffff8, 0x00000000c1b00000| Untracked 
|  28|0x00000000c1c00000, 0x00000000c1cfffb8, 0x00000000c1d00000| 99%| O|  |TAMS 0x00000000c1cfffb8, 0x00000000c1c00000| Untracked 
|  29|0x00000000c1d00000, 0x00000000c1dffff8, 0x00000000c1e00000| 99%| O|  |TAMS 0x00000000c1dffff8, 0x00000000c1d00000| Untracked 
|  30|0x00000000c1e00000, 0x00000000c1efffe8, 0x00000000c1f00000| 99%| O|  |TAMS 0x00000000c1efffe8, 0x00000000c1e00000| Untracked 
|  31|0x00000000c1f00000, 0x00000000c1fffff8, 0x00000000c2000000| 99%| O|  |TAMS 0x00000000c1fffff8, 0x00000000c1f00000| Untracked 
|  32|0x00000000c2000000, 0x00000000c2100000, 0x00000000c2100000|100%| O|  |TAMS 0x00000000c2100000, 0x00000000c2000000| Untracked 
|  33|0x00000000c2100000, 0x00000000c21fffe8, 0x00000000c2200000| 99%| O|  |TAMS 0x00000000c21fffe8, 0x00000000c2100000| Untracked 
|  34|0x00000000c2200000, 0x00000000c22ffff8, 0x00000000c2300000| 99%| O|  |TAMS 0x00000000c22ffff8, 0x00000000c2200000| Untracked 
|  35|0x00000000c2300000, 0x00000000c23fffb8, 0x00000000c2400000| 99%| O|  |TAMS 0x00000000c23fffb8, 0x00000000c2300000| Untracked 
|  36|0x00000000c2400000, 0x00000000c24fffe8, 0x00000000c2500000| 99%| O|  |TAMS 0x00000000c24fffe8, 0x00000000c2400000| Untracked 
|  37|0x00000000c2500000, 0x00000000c25ffff0, 0x00000000c2600000| 99%| O|  |TAMS 0x00000000c25ffff0, 0x00000000c2500000| Untracked 
|  38|0x00000000c2600000, 0x00000000c26ffff8, 0x00000000c2700000| 99%| O|  |TAMS 0x00000000c26ffff8, 0x00000000c2600000| Untracked 
|  39|0x00000000c2700000, 0x00000000c27fffb8, 0x00000000c2800000| 99%| O|  |TAMS 0x00000000c27fffb8, 0x00000000c2700000| Untracked 
|  40|0x00000000c2800000, 0x00000000c2900000, 0x00000000c2900000|100%| O|  |TAMS 0x00000000c2900000, 0x00000000c2800000| Untracked 
|  41|0x00000000c2900000, 0x00000000c29fef48, 0x00000000c2a00000| 99%| O|  |TAMS 0x00000000c29fef48, 0x00000000c2900000| Untracked 
|  42|0x00000000c2a00000, 0x00000000c2affff8, 0x00000000c2b00000| 99%| O|  |TAMS 0x00000000c2affff8, 0x00000000c2a00000| Untracked 
|  43|0x00000000c2b00000, 0x00000000c2bffff0, 0x00000000c2c00000| 99%| O|  |TAMS 0x00000000c2bffff0, 0x00000000c2b00000| Untracked 
|  44|0x00000000c2c00000, 0x00000000c2ce9e50, 0x00000000c2d00000| 91%| O|  |TAMS 0x00000000c2c00000, 0x00000000c2c00000| Untracked 
|  45|0x00000000c2d00000, 0x00000000c2e00000, 0x00000000c2e00000|100%|HS|  |TAMS 0x00000000c2e00000, 0x00000000c2d00000| Untracked 
|  46|0x00000000c2e00000, 0x00000000c2f00000, 0x00000000c2f00000|100%| O|  |TAMS 0x00000000c2f00000, 0x00000000c2e00000| Untracked 
|  47|0x00000000c2f00000, 0x00000000c2fffff0, 0x00000000c3000000| 99%| O|  |TAMS 0x00000000c2fffff0, 0x00000000c2f00000| Untracked 
|  48|0x00000000c3000000, 0x00000000c3100000, 0x00000000c3100000|100%| O|  |TAMS 0x00000000c3100000, 0x00000000c3000000| Untracked 
|  49|0x00000000c3100000, 0x00000000c3200000, 0x00000000c3200000|100%| O|  |TAMS 0x00000000c3200000, 0x00000000c3100000| Untracked 
|  50|0x00000000c3200000, 0x00000000c32fffe0, 0x00000000c3300000| 99%| O|  |TAMS 0x00000000c32fffe0, 0x00000000c3200000| Untracked 
|  51|0x00000000c3300000, 0x00000000c33fffd0, 0x00000000c3400000| 99%| O|  |TAMS 0x00000000c33fffd0, 0x00000000c3300000| Untracked 
|  52|0x00000000c3400000, 0x00000000c34fffd8, 0x00000000c3500000| 99%| O|  |TAMS 0x00000000c34fffd8, 0x00000000c3400000| Untracked 
|  53|0x00000000c3500000, 0x00000000c35ffff8, 0x00000000c3600000| 99%| O|  |TAMS 0x00000000c35ffff8, 0x00000000c3500000| Untracked 
|  54|0x00000000c3600000, 0x00000000c36fffe0, 0x00000000c3700000| 99%| O|  |TAMS 0x00000000c36fffe0, 0x00000000c3600000| Untracked 
|  55|0x00000000c3700000, 0x00000000c37ef268, 0x00000000c3800000| 93%| O|  |TAMS 0x00000000c3700000, 0x00000000c3700000| Untracked 
|  56|0x00000000c3800000, 0x00000000c38fffe8, 0x00000000c3900000| 99%| O|  |TAMS 0x00000000c38fffe8, 0x00000000c3800000| Untracked 
|  57|0x00000000c3900000, 0x00000000c3a00000, 0x00000000c3a00000|100%| O|  |TAMS 0x00000000c3a00000, 0x00000000c3900000| Untracked 
|  58|0x00000000c3a00000, 0x00000000c3affff0, 0x00000000c3b00000| 99%| O|  |TAMS 0x00000000c3affff0, 0x00000000c3a00000| Untracked 
|  59|0x00000000c3b00000, 0x00000000c3bf44b8, 0x00000000c3c00000| 95%| O|  |TAMS 0x00000000c3bf44b8, 0x00000000c3b00000| Untracked 
|  60|0x00000000c3c00000, 0x00000000c3d00000, 0x00000000c3d00000|100%| O|  |TAMS 0x00000000c3d00000, 0x00000000c3c00000| Untracked 
|  61|0x00000000c3d00000, 0x00000000c3dfffc0, 0x00000000c3e00000| 99%| O|  |TAMS 0x00000000c3dfffc0, 0x00000000c3d00000| Untracked 
|  62|0x00000000c3e00000, 0x00000000c3f00000, 0x00000000c3f00000|100%| O|  |TAMS 0x00000000c3f00000, 0x00000000c3e00000| Untracked 
|  63|0x00000000c3f00000, 0x00000000c4000000, 0x00000000c4000000|100%| O|  |TAMS 0x00000000c4000000, 0x00000000c3f00000| Untracked 
|  64|0x00000000c4000000, 0x00000000c4100000, 0x00000000c4100000|100%|HS|  |TAMS 0x00000000c4100000, 0x00000000c4000000| Untracked 
|  65|0x00000000c4100000, 0x00000000c4200000, 0x00000000c4200000|100%|HC|  |TAMS 0x00000000c4200000, 0x00000000c4100000| Untracked 
|  66|0x00000000c4200000, 0x00000000c4300000, 0x00000000c4300000|100%| O|  |TAMS 0x00000000c4300000, 0x00000000c4200000| Untracked 
|  67|0x00000000c4300000, 0x00000000c4400000, 0x00000000c4400000|100%| O|  |TAMS 0x00000000c4400000, 0x00000000c4300000| Untracked 
|  68|0x00000000c4400000, 0x00000000c4500000, 0x00000000c4500000|100%| O|  |TAMS 0x00000000c4500000, 0x00000000c4400000| Untracked 
|  69|0x00000000c4500000, 0x00000000c45fffb8, 0x00000000c4600000| 99%| O|  |TAMS 0x00000000c45fffb8, 0x00000000c4500000| Untracked 
|  70|0x00000000c4600000, 0x00000000c4700000, 0x00000000c4700000|100%| O|  |TAMS 0x00000000c4700000, 0x00000000c4600000| Untracked 
|  71|0x00000000c4700000, 0x00000000c47fffe0, 0x00000000c4800000| 99%| O|  |TAMS 0x00000000c47fffe0, 0x00000000c4700000| Untracked 
|  72|0x00000000c4800000, 0x00000000c48ffff0, 0x00000000c4900000| 99%| O|  |TAMS 0x00000000c48ffff0, 0x00000000c4800000| Untracked 
|  73|0x00000000c4900000, 0x00000000c49faf10, 0x00000000c4a00000| 98%| O|  |TAMS 0x00000000c49faf10, 0x00000000c4900000| Untracked 
|  74|0x00000000c4a00000, 0x00000000c4b00000, 0x00000000c4b00000|100%| O|  |TAMS 0x00000000c4b00000, 0x00000000c4a00000| Untracked 
|  75|0x00000000c4b00000, 0x00000000c4bfffe8, 0x00000000c4c00000| 99%| O|  |TAMS 0x00000000c4bfffe8, 0x00000000c4b00000| Untracked 
|  76|0x00000000c4c00000, 0x00000000c4ce6530, 0x00000000c4d00000| 89%| O|  |TAMS 0x00000000c4c00000, 0x00000000c4c00000| Untracked 
|  77|0x00000000c4d00000, 0x00000000c4e00000, 0x00000000c4e00000|100%| O|  |TAMS 0x00000000c4e00000, 0x00000000c4d00000| Untracked 
|  78|0x00000000c4e00000, 0x00000000c4f00000, 0x00000000c4f00000|100%|HS|  |TAMS 0x00000000c4f00000, 0x00000000c4e00000| Untracked 
|  79|0x00000000c4f00000, 0x00000000c4fd77b8, 0x00000000c5000000| 84%| O|  |TAMS 0x00000000c4f00000, 0x00000000c4f00000| Untracked 
|  80|0x00000000c5000000, 0x00000000c5100000, 0x00000000c5100000|100%| O|  |TAMS 0x00000000c5100000, 0x00000000c5000000| Untracked 
|  81|0x00000000c5100000, 0x00000000c5173b40, 0x00000000c5200000| 45%| O|  |TAMS 0x00000000c5100000, 0x00000000c5100000| Untracked 
|  82|0x00000000c5200000, 0x00000000c5200000, 0x00000000c5300000|  0%| F|  |TAMS 0x00000000c5200000, 0x00000000c5200000| Untracked 
|  83|0x00000000c5300000, 0x00000000c5300000, 0x00000000c5400000|  0%| F|  |TAMS 0x00000000c5300000, 0x00000000c5300000| Untracked 
|  84|0x00000000c5400000, 0x00000000c54ffff0, 0x00000000c5500000| 99%| O|  |TAMS 0x00000000c54ffff0, 0x00000000c5400000| Untracked 
|  85|0x00000000c5500000, 0x00000000c5500000, 0x00000000c5600000|  0%| F|  |TAMS 0x00000000c5500000, 0x00000000c5500000| Untracked 
|  86|0x00000000c5600000, 0x00000000c5600000, 0x00000000c5700000|  0%| F|  |TAMS 0x00000000c5600000, 0x00000000c5600000| Untracked 
|  87|0x00000000c5700000, 0x00000000c5700000, 0x00000000c5800000|  0%| F|  |TAMS 0x00000000c5700000, 0x00000000c5700000| Untracked 
|  88|0x00000000c5800000, 0x00000000c5800000, 0x00000000c5900000|  0%| F|  |TAMS 0x00000000c5800000, 0x00000000c5800000| Untracked 
|  89|0x00000000c5900000, 0x00000000c5900000, 0x00000000c5a00000|  0%| F|  |TAMS 0x00000000c5900000, 0x00000000c5900000| Untracked 
|  90|0x00000000c5a00000, 0x00000000c5a00000, 0x00000000c5b00000|  0%| F|  |TAMS 0x00000000c5a00000, 0x00000000c5a00000| Untracked 
|  91|0x00000000c5b00000, 0x00000000c5b00000, 0x00000000c5c00000|  0%| F|  |TAMS 0x00000000c5b00000, 0x00000000c5b00000| Untracked 
|  92|0x00000000c5c00000, 0x00000000c5c00000, 0x00000000c5d00000|  0%| F|  |TAMS 0x00000000c5c00000, 0x00000000c5c00000| Untracked 
|  93|0x00000000c5d00000, 0x00000000c5d00000, 0x00000000c5e00000|  0%| F|  |TAMS 0x00000000c5d00000, 0x00000000c5d00000| Untracked 
|  94|0x00000000c5e00000, 0x00000000c5e00000, 0x00000000c5f00000|  0%| F|  |TAMS 0x00000000c5e00000, 0x00000000c5e00000| Untracked 
|  95|0x00000000c5f00000, 0x00000000c5f00000, 0x00000000c6000000|  0%| F|  |TAMS 0x00000000c5f00000, 0x00000000c5f00000| Untracked 
|  96|0x00000000c6000000, 0x00000000c6000000, 0x00000000c6100000|  0%| F|  |TAMS 0x00000000c6000000, 0x00000000c6000000| Untracked 
|  97|0x00000000c6100000, 0x00000000c6100000, 0x00000000c6200000|  0%| F|  |TAMS 0x00000000c6100000, 0x00000000c6100000| Untracked 
|  98|0x00000000c6200000, 0x00000000c6200000, 0x00000000c6300000|  0%| F|  |TAMS 0x00000000c6200000, 0x00000000c6200000| Untracked 
|  99|0x00000000c6300000, 0x00000000c6300000, 0x00000000c6400000|  0%| F|  |TAMS 0x00000000c6300000, 0x00000000c6300000| Untracked 
| 100|0x00000000c6400000, 0x00000000c6400000, 0x00000000c6500000|  0%| F|  |TAMS 0x00000000c6400000, 0x00000000c6400000| Untracked 
| 101|0x00000000c6500000, 0x00000000c6500000, 0x00000000c6600000|  0%| F|  |TAMS 0x00000000c6500000, 0x00000000c6500000| Untracked 
| 102|0x00000000c6600000, 0x00000000c6600000, 0x00000000c6700000|  0%| F|  |TAMS 0x00000000c6600000, 0x00000000c6600000| Untracked 
| 103|0x00000000c6700000, 0x00000000c6700000, 0x00000000c6800000|  0%| F|  |TAMS 0x00000000c6700000, 0x00000000c6700000| Untracked 
| 104|0x00000000c6800000, 0x00000000c6800000, 0x00000000c6900000|  0%| F|  |TAMS 0x00000000c6800000, 0x00000000c6800000| Untracked 
| 105|0x00000000c6900000, 0x00000000c6900000, 0x00000000c6a00000|  0%| F|  |TAMS 0x00000000c6900000, 0x00000000c6900000| Untracked 
| 106|0x00000000c6a00000, 0x00000000c6a00000, 0x00000000c6b00000|  0%| F|  |TAMS 0x00000000c6a00000, 0x00000000c6a00000| Untracked 
| 107|0x00000000c6b00000, 0x00000000c6b00000, 0x00000000c6c00000|  0%| F|  |TAMS 0x00000000c6b00000, 0x00000000c6b00000| Untracked 
| 108|0x00000000c6c00000, 0x00000000c6c00000, 0x00000000c6d00000|  0%| F|  |TAMS 0x00000000c6c00000, 0x00000000c6c00000| Untracked 
| 109|0x00000000c6d00000, 0x00000000c6d00000, 0x00000000c6e00000|  0%| F|  |TAMS 0x00000000c6d00000, 0x00000000c6d00000| Untracked 
| 110|0x00000000c6e00000, 0x00000000c6e00000, 0x00000000c6f00000|  0%| F|  |TAMS 0x00000000c6e00000, 0x00000000c6e00000| Untracked 
| 111|0x00000000c6f00000, 0x00000000c6f00000, 0x00000000c7000000|  0%| F|  |TAMS 0x00000000c6f00000, 0x00000000c6f00000| Untracked 
| 112|0x00000000c7000000, 0x00000000c7000000, 0x00000000c7100000|  0%| F|  |TAMS 0x00000000c7000000, 0x00000000c7000000| Untracked 
| 113|0x00000000c7100000, 0x00000000c7100000, 0x00000000c7200000|  0%| F|  |TAMS 0x00000000c7100000, 0x00000000c7100000| Untracked 
| 114|0x00000000c7200000, 0x00000000c7200000, 0x00000000c7300000|  0%| F|  |TAMS 0x00000000c7200000, 0x00000000c7200000| Untracked 
| 115|0x00000000c7300000, 0x00000000c7400000, 0x00000000c7400000|100%| O|  |TAMS 0x00000000c7400000, 0x00000000c7300000| Untracked 
| 116|0x00000000c7400000, 0x00000000c7400000, 0x00000000c7500000|  0%| F|  |TAMS 0x00000000c7400000, 0x00000000c7400000| Untracked 
| 117|0x00000000c7500000, 0x00000000c7600000, 0x00000000c7600000|100%| O|  |TAMS 0x00000000c7600000, 0x00000000c7500000| Untracked 
| 118|0x00000000c7600000, 0x00000000c7600000, 0x00000000c7700000|  0%| F|  |TAMS 0x00000000c7600000, 0x00000000c7600000| Untracked 
| 119|0x00000000c7700000, 0x00000000c7800000, 0x00000000c7800000|100%| O|  |TAMS 0x00000000c7800000, 0x00000000c7700000| Untracked 
| 120|0x00000000c7800000, 0x00000000c7800000, 0x00000000c7900000|  0%| F|  |TAMS 0x00000000c7800000, 0x00000000c7800000| Untracked 
| 121|0x00000000c7900000, 0x00000000c7a00000, 0x00000000c7a00000|100%| O|  |TAMS 0x00000000c7a00000, 0x00000000c7900000| Untracked 
| 122|0x00000000c7a00000, 0x00000000c7a00000, 0x00000000c7b00000|  0%| F|  |TAMS 0x00000000c7a00000, 0x00000000c7a00000| Untracked 
| 123|0x00000000c7b00000, 0x00000000c7b00000, 0x00000000c7c00000|  0%| F|  |TAMS 0x00000000c7b00000, 0x00000000c7b00000| Untracked 
| 124|0x00000000c7c00000, 0x00000000c7d00000, 0x00000000c7d00000|100%| O|  |TAMS 0x00000000c7d00000, 0x00000000c7c00000| Untracked 
| 125|0x00000000c7d00000, 0x00000000c7d00000, 0x00000000c7e00000|  0%| F|  |TAMS 0x00000000c7d00000, 0x00000000c7d00000| Untracked 
| 126|0x00000000c7e00000, 0x00000000c7e00000, 0x00000000c7f00000|  0%| F|  |TAMS 0x00000000c7e00000, 0x00000000c7e00000| Untracked 
| 127|0x00000000c7f00000, 0x00000000c8000000, 0x00000000c8000000|100%| O|  |TAMS 0x00000000c8000000, 0x00000000c7f00000| Untracked 
| 128|0x00000000c8000000, 0x00000000c8000000, 0x00000000c8100000|  0%| F|  |TAMS 0x00000000c8000000, 0x00000000c8000000| Untracked 
| 129|0x00000000c8100000, 0x00000000c8100000, 0x00000000c8200000|  0%| F|  |TAMS 0x00000000c8100000, 0x00000000c8100000| Untracked 
| 130|0x00000000c8200000, 0x00000000c8200000, 0x00000000c8300000|  0%| F|  |TAMS 0x00000000c8200000, 0x00000000c8200000| Untracked 
| 131|0x00000000c8300000, 0x00000000c8300000, 0x00000000c8400000|  0%| F|  |TAMS 0x00000000c8300000, 0x00000000c8300000| Untracked 
| 132|0x00000000c8400000, 0x00000000c8400000, 0x00000000c8500000|  0%| F|  |TAMS 0x00000000c8400000, 0x00000000c8400000| Untracked 
| 133|0x00000000c8500000, 0x00000000c8500000, 0x00000000c8600000|  0%| F|  |TAMS 0x00000000c8500000, 0x00000000c8500000| Untracked 
| 134|0x00000000c8600000, 0x00000000c8600000, 0x00000000c8700000|  0%| F|  |TAMS 0x00000000c8600000, 0x00000000c8600000| Untracked 
| 135|0x00000000c8700000, 0x00000000c8700000, 0x00000000c8800000|  0%| F|  |TAMS 0x00000000c8700000, 0x00000000c8700000| Untracked 
| 136|0x00000000c8800000, 0x00000000c8800000, 0x00000000c8900000|  0%| F|  |TAMS 0x00000000c8800000, 0x00000000c8800000| Untracked 
| 137|0x00000000c8900000, 0x00000000c8900000, 0x00000000c8a00000|  0%| F|  |TAMS 0x00000000c8900000, 0x00000000c8900000| Untracked 
| 138|0x00000000c8a00000, 0x00000000c8a00000, 0x00000000c8b00000|  0%| F|  |TAMS 0x00000000c8a00000, 0x00000000c8a00000| Untracked 
| 139|0x00000000c8b00000, 0x00000000c8b00000, 0x00000000c8c00000|  0%| F|  |TAMS 0x00000000c8b00000, 0x00000000c8b00000| Untracked 
| 140|0x00000000c8c00000, 0x00000000c8c00000, 0x00000000c8d00000|  0%| F|  |TAMS 0x00000000c8c00000, 0x00000000c8c00000| Untracked 
| 141|0x00000000c8d00000, 0x00000000c8d00000, 0x00000000c8e00000|  0%| F|  |TAMS 0x00000000c8d00000, 0x00000000c8d00000| Untracked 
| 142|0x00000000c8e00000, 0x00000000c8e00000, 0x00000000c8f00000|  0%| F|  |TAMS 0x00000000c8e00000, 0x00000000c8e00000| Untracked 
| 143|0x00000000c8f00000, 0x00000000c8f00000, 0x00000000c9000000|  0%| F|  |TAMS 0x00000000c8f00000, 0x00000000c8f00000| Untracked 
| 144|0x00000000c9000000, 0x00000000c9000000, 0x00000000c9100000|  0%| F|  |TAMS 0x00000000c9000000, 0x00000000c9000000| Untracked 
| 145|0x00000000c9100000, 0x00000000c9100000, 0x00000000c9200000|  0%| F|  |TAMS 0x00000000c9100000, 0x00000000c9100000| Untracked 
| 146|0x00000000c9200000, 0x00000000c9200000, 0x00000000c9300000|  0%| F|  |TAMS 0x00000000c9200000, 0x00000000c9200000| Untracked 
| 147|0x00000000c9300000, 0x00000000c9300000, 0x00000000c9400000|  0%| F|  |TAMS 0x00000000c9300000, 0x00000000c9300000| Untracked 
| 148|0x00000000c9400000, 0x00000000c9400000, 0x00000000c9500000|  0%| F|  |TAMS 0x00000000c9400000, 0x00000000c9400000| Untracked 
| 149|0x00000000c9500000, 0x00000000c9500000, 0x00000000c9600000|  0%| F|  |TAMS 0x00000000c9500000, 0x00000000c9500000| Untracked 
| 150|0x00000000c9600000, 0x00000000c9600000, 0x00000000c9700000|  0%| F|  |TAMS 0x00000000c9600000, 0x00000000c9600000| Untracked 
| 151|0x00000000c9700000, 0x00000000c9700000, 0x00000000c9800000|  0%| F|  |TAMS 0x00000000c9700000, 0x00000000c9700000| Untracked 
| 152|0x00000000c9800000, 0x00000000c9800000, 0x00000000c9900000|  0%| F|  |TAMS 0x00000000c9800000, 0x00000000c9800000| Untracked 
| 153|0x00000000c9900000, 0x00000000c9900000, 0x00000000c9a00000|  0%| F|  |TAMS 0x00000000c9900000, 0x00000000c9900000| Untracked 
| 154|0x00000000c9a00000, 0x00000000c9a00000, 0x00000000c9b00000|  0%| F|  |TAMS 0x00000000c9a00000, 0x00000000c9a00000| Untracked 
| 155|0x00000000c9b00000, 0x00000000c9b00000, 0x00000000c9c00000|  0%| F|  |TAMS 0x00000000c9b00000, 0x00000000c9b00000| Untracked 
| 156|0x00000000c9c00000, 0x00000000c9c00000, 0x00000000c9d00000|  0%| F|  |TAMS 0x00000000c9c00000, 0x00000000c9c00000| Untracked 
| 157|0x00000000c9d00000, 0x00000000c9d00000, 0x00000000c9e00000|  0%| F|  |TAMS 0x00000000c9d00000, 0x00000000c9d00000| Untracked 
| 158|0x00000000c9e00000, 0x00000000c9e00000, 0x00000000c9f00000|  0%| F|  |TAMS 0x00000000c9e00000, 0x00000000c9e00000| Untracked 
| 159|0x00000000c9f00000, 0x00000000c9f00000, 0x00000000ca000000|  0%| F|  |TAMS 0x00000000c9f00000, 0x00000000c9f00000| Untracked 
| 160|0x00000000ca000000, 0x00000000ca000000, 0x00000000ca100000|  0%| F|  |TAMS 0x00000000ca000000, 0x00000000ca000000| Untracked 
| 161|0x00000000ca100000, 0x00000000ca100000, 0x00000000ca200000|  0%| F|  |TAMS 0x00000000ca100000, 0x00000000ca100000| Untracked 
| 162|0x00000000ca200000, 0x00000000ca200000, 0x00000000ca300000|  0%| F|  |TAMS 0x00000000ca200000, 0x00000000ca200000| Untracked 
| 163|0x00000000ca300000, 0x00000000ca300000, 0x00000000ca400000|  0%| F|  |TAMS 0x00000000ca300000, 0x00000000ca300000| Untracked 
| 164|0x00000000ca400000, 0x00000000ca400000, 0x00000000ca500000|  0%| F|  |TAMS 0x00000000ca400000, 0x00000000ca400000| Untracked 
| 165|0x00000000ca500000, 0x00000000ca500000, 0x00000000ca600000|  0%| F|  |TAMS 0x00000000ca500000, 0x00000000ca500000| Untracked 
| 166|0x00000000ca600000, 0x00000000ca600000, 0x00000000ca700000|  0%| F|  |TAMS 0x00000000ca600000, 0x00000000ca600000| Untracked 
| 167|0x00000000ca700000, 0x00000000ca700000, 0x00000000ca800000|  0%| F|  |TAMS 0x00000000ca700000, 0x00000000ca700000| Untracked 
| 168|0x00000000ca800000, 0x00000000ca800000, 0x00000000ca900000|  0%| F|  |TAMS 0x00000000ca800000, 0x00000000ca800000| Untracked 
| 169|0x00000000ca900000, 0x00000000ca900000, 0x00000000caa00000|  0%| F|  |TAMS 0x00000000ca900000, 0x00000000ca900000| Untracked 
| 170|0x00000000caa00000, 0x00000000cab00000, 0x00000000cab00000|100%| O|  |TAMS 0x00000000cab00000, 0x00000000caa00000| Untracked 
| 171|0x00000000cab00000, 0x00000000cac00000, 0x00000000cac00000|100%| O|  |TAMS 0x00000000cac00000, 0x00000000cab00000| Untracked 
| 172|0x00000000cac00000, 0x00000000cad00000, 0x00000000cad00000|100%| O|  |TAMS 0x00000000cad00000, 0x00000000cac00000| Untracked 
| 173|0x00000000cad00000, 0x00000000cae00000, 0x00000000cae00000|100%| O|  |TAMS 0x00000000cae00000, 0x00000000cad00000| Untracked 
| 174|0x00000000cae00000, 0x00000000caf00000, 0x00000000caf00000|100%| O|  |TAMS 0x00000000caf00000, 0x00000000cae00000| Untracked 
| 175|0x00000000caf00000, 0x00000000cb000000, 0x00000000cb000000|100%| O|  |TAMS 0x00000000cb000000, 0x00000000caf00000| Untracked 
| 176|0x00000000cb000000, 0x00000000cb100000, 0x00000000cb100000|100%| O|  |TAMS 0x00000000cb100000, 0x00000000cb000000| Untracked 
| 177|0x00000000cb100000, 0x00000000cb200000, 0x00000000cb200000|100%| O|  |TAMS 0x00000000cb200000, 0x00000000cb100000| Untracked 
| 178|0x00000000cb200000, 0x00000000cb300000, 0x00000000cb300000|100%| O|  |TAMS 0x00000000cb300000, 0x00000000cb200000| Untracked 
| 179|0x00000000cb300000, 0x00000000cb300000, 0x00000000cb400000|  0%| F|  |TAMS 0x00000000cb300000, 0x00000000cb300000| Untracked 
| 180|0x00000000cb400000, 0x00000000cb400000, 0x00000000cb500000|  0%| F|  |TAMS 0x00000000cb400000, 0x00000000cb400000| Untracked 
| 181|0x00000000cb500000, 0x00000000cb500000, 0x00000000cb600000|  0%| F|  |TAMS 0x00000000cb500000, 0x00000000cb500000| Untracked 
| 182|0x00000000cb600000, 0x00000000cb600000, 0x00000000cb700000|  0%| F|  |TAMS 0x00000000cb600000, 0x00000000cb600000| Untracked 
| 183|0x00000000cb700000, 0x00000000cb700000, 0x00000000cb800000|  0%| F|  |TAMS 0x00000000cb700000, 0x00000000cb700000| Untracked 
| 184|0x00000000cb800000, 0x00000000cb800000, 0x00000000cb900000|  0%| F|  |TAMS 0x00000000cb800000, 0x00000000cb800000| Untracked 
| 185|0x00000000cb900000, 0x00000000cb900000, 0x00000000cba00000|  0%| F|  |TAMS 0x00000000cb900000, 0x00000000cb900000| Untracked 
| 186|0x00000000cba00000, 0x00000000cba00000, 0x00000000cbb00000|  0%| F|  |TAMS 0x00000000cba00000, 0x00000000cba00000| Untracked 
| 187|0x00000000cbb00000, 0x00000000cbb00000, 0x00000000cbc00000|  0%| F|  |TAMS 0x00000000cbb00000, 0x00000000cbb00000| Untracked 
| 188|0x00000000cbc00000, 0x00000000cbc00000, 0x00000000cbd00000|  0%| F|  |TAMS 0x00000000cbc00000, 0x00000000cbc00000| Untracked 
| 189|0x00000000cbd00000, 0x00000000cbd00000, 0x00000000cbe00000|  0%| F|  |TAMS 0x00000000cbd00000, 0x00000000cbd00000| Untracked 
| 190|0x00000000cbe00000, 0x00000000cbe00000, 0x00000000cbf00000|  0%| F|  |TAMS 0x00000000cbe00000, 0x00000000cbe00000| Untracked 
| 191|0x00000000cbf00000, 0x00000000cbf00000, 0x00000000cc000000|  0%| F|  |TAMS 0x00000000cbf00000, 0x00000000cbf00000| Untracked 
| 192|0x00000000cc000000, 0x00000000cc000000, 0x00000000cc100000|  0%| F|  |TAMS 0x00000000cc000000, 0x00000000cc000000| Untracked 
| 193|0x00000000cc100000, 0x00000000cc100000, 0x00000000cc200000|  0%| F|  |TAMS 0x00000000cc100000, 0x00000000cc100000| Untracked 
| 194|0x00000000cc200000, 0x00000000cc200000, 0x00000000cc300000|  0%| F|  |TAMS 0x00000000cc200000, 0x00000000cc200000| Untracked 
| 195|0x00000000cc300000, 0x00000000cc300000, 0x00000000cc400000|  0%| F|  |TAMS 0x00000000cc300000, 0x00000000cc300000| Untracked 
| 196|0x00000000cc400000, 0x00000000cc400000, 0x00000000cc500000|  0%| F|  |TAMS 0x00000000cc400000, 0x00000000cc400000| Untracked 
| 197|0x00000000cc500000, 0x00000000cc500000, 0x00000000cc600000|  0%| F|  |TAMS 0x00000000cc500000, 0x00000000cc500000| Untracked 
| 198|0x00000000cc600000, 0x00000000cc600000, 0x00000000cc700000|  0%| F|  |TAMS 0x00000000cc600000, 0x00000000cc600000| Untracked 
| 199|0x00000000cc700000, 0x00000000cc700000, 0x00000000cc800000|  0%| F|  |TAMS 0x00000000cc700000, 0x00000000cc700000| Untracked 
| 200|0x00000000cc800000, 0x00000000cc800000, 0x00000000cc900000|  0%| F|  |TAMS 0x00000000cc800000, 0x00000000cc800000| Untracked 
| 201|0x00000000cc900000, 0x00000000cc900000, 0x00000000cca00000|  0%| F|  |TAMS 0x00000000cc900000, 0x00000000cc900000| Untracked 
| 202|0x00000000cca00000, 0x00000000cca00000, 0x00000000ccb00000|  0%| F|  |TAMS 0x00000000cca00000, 0x00000000cca00000| Untracked 
| 203|0x00000000ccb00000, 0x00000000ccb00000, 0x00000000ccc00000|  0%| F|  |TAMS 0x00000000ccb00000, 0x00000000ccb00000| Untracked 
| 204|0x00000000ccc00000, 0x00000000ccc00000, 0x00000000ccd00000|  0%| F|  |TAMS 0x00000000ccc00000, 0x00000000ccc00000| Untracked 
| 205|0x00000000ccd00000, 0x00000000ccd00000, 0x00000000cce00000|  0%| F|  |TAMS 0x00000000ccd00000, 0x00000000ccd00000| Untracked 
| 206|0x00000000cce00000, 0x00000000cce00000, 0x00000000ccf00000|  0%| F|  |TAMS 0x00000000cce00000, 0x00000000cce00000| Untracked 
| 207|0x00000000ccf00000, 0x00000000ccf00000, 0x00000000cd000000|  0%| F|  |TAMS 0x00000000ccf00000, 0x00000000ccf00000| Untracked 
| 208|0x00000000cd000000, 0x00000000cd000000, 0x00000000cd100000|  0%| F|  |TAMS 0x00000000cd000000, 0x00000000cd000000| Untracked 
| 209|0x00000000cd100000, 0x00000000cd100000, 0x00000000cd200000|  0%| F|  |TAMS 0x00000000cd100000, 0x00000000cd100000| Untracked 
| 210|0x00000000cd200000, 0x00000000cd200000, 0x00000000cd300000|  0%| F|  |TAMS 0x00000000cd200000, 0x00000000cd200000| Untracked 
| 211|0x00000000cd300000, 0x00000000cd300000, 0x00000000cd400000|  0%| F|  |TAMS 0x00000000cd300000, 0x00000000cd300000| Untracked 
| 212|0x00000000cd400000, 0x00000000cd400000, 0x00000000cd500000|  0%| F|  |TAMS 0x00000000cd400000, 0x00000000cd400000| Untracked 
| 213|0x00000000cd500000, 0x00000000cd500000, 0x00000000cd600000|  0%| F|  |TAMS 0x00000000cd500000, 0x00000000cd500000| Untracked 
| 214|0x00000000cd600000, 0x00000000cd600000, 0x00000000cd700000|  0%| F|  |TAMS 0x00000000cd600000, 0x00000000cd600000| Untracked 
| 215|0x00000000cd700000, 0x00000000cd700000, 0x00000000cd800000|  0%| F|  |TAMS 0x00000000cd700000, 0x00000000cd700000| Untracked 
| 216|0x00000000cd800000, 0x00000000cd800000, 0x00000000cd900000|  0%| F|  |TAMS 0x00000000cd800000, 0x00000000cd800000| Untracked 
| 217|0x00000000cd900000, 0x00000000cd900000, 0x00000000cda00000|  0%| F|  |TAMS 0x00000000cd900000, 0x00000000cd900000| Untracked 
| 218|0x00000000cda00000, 0x00000000cda00000, 0x00000000cdb00000|  0%| F|  |TAMS 0x00000000cda00000, 0x00000000cda00000| Untracked 
| 219|0x00000000cdb00000, 0x00000000cdb00000, 0x00000000cdc00000|  0%| F|  |TAMS 0x00000000cdb00000, 0x00000000cdb00000| Untracked 
| 220|0x00000000cdc00000, 0x00000000cdc00000, 0x00000000cdd00000|  0%| F|  |TAMS 0x00000000cdc00000, 0x00000000cdc00000| Untracked 
| 221|0x00000000cdd00000, 0x00000000cdd00000, 0x00000000cde00000|  0%| F|  |TAMS 0x00000000cdd00000, 0x00000000cdd00000| Untracked 
| 222|0x00000000cde00000, 0x00000000cde00000, 0x00000000cdf00000|  0%| F|  |TAMS 0x00000000cde00000, 0x00000000cde00000| Untracked 
| 223|0x00000000cdf00000, 0x00000000cdf00000, 0x00000000ce000000|  0%| F|  |TAMS 0x00000000cdf00000, 0x00000000cdf00000| Untracked 
| 224|0x00000000ce000000, 0x00000000ce000000, 0x00000000ce100000|  0%| F|  |TAMS 0x00000000ce000000, 0x00000000ce000000| Untracked 
| 225|0x00000000ce100000, 0x00000000ce100000, 0x00000000ce200000|  0%| F|  |TAMS 0x00000000ce100000, 0x00000000ce100000| Untracked 
| 226|0x00000000ce200000, 0x00000000ce200000, 0x00000000ce300000|  0%| F|  |TAMS 0x00000000ce200000, 0x00000000ce200000| Untracked 
| 227|0x00000000ce300000, 0x00000000ce300000, 0x00000000ce400000|  0%| F|  |TAMS 0x00000000ce300000, 0x00000000ce300000| Untracked 
| 228|0x00000000ce400000, 0x00000000ce400000, 0x00000000ce500000|  0%| F|  |TAMS 0x00000000ce400000, 0x00000000ce400000| Untracked 
| 229|0x00000000ce500000, 0x00000000ce500000, 0x00000000ce600000|  0%| F|  |TAMS 0x00000000ce500000, 0x00000000ce500000| Untracked 
| 230|0x00000000ce600000, 0x00000000ce600000, 0x00000000ce700000|  0%| F|  |TAMS 0x00000000ce600000, 0x00000000ce600000| Untracked 
| 231|0x00000000ce700000, 0x00000000ce700000, 0x00000000ce800000|  0%| F|  |TAMS 0x00000000ce700000, 0x00000000ce700000| Untracked 
| 232|0x00000000ce800000, 0x00000000ce800000, 0x00000000ce900000|  0%| F|  |TAMS 0x00000000ce800000, 0x00000000ce800000| Untracked 
| 233|0x00000000ce900000, 0x00000000ce900000, 0x00000000cea00000|  0%| F|  |TAMS 0x00000000ce900000, 0x00000000ce900000| Untracked 
| 234|0x00000000cea00000, 0x00000000cea00000, 0x00000000ceb00000|  0%| F|  |TAMS 0x00000000cea00000, 0x00000000cea00000| Untracked 
| 235|0x00000000ceb00000, 0x00000000ceb00000, 0x00000000cec00000|  0%| F|  |TAMS 0x00000000ceb00000, 0x00000000ceb00000| Untracked 
| 236|0x00000000cec00000, 0x00000000cec00000, 0x00000000ced00000|  0%| F|  |TAMS 0x00000000cec00000, 0x00000000cec00000| Untracked 
| 237|0x00000000ced00000, 0x00000000ced00000, 0x00000000cee00000|  0%| F|  |TAMS 0x00000000ced00000, 0x00000000ced00000| Untracked 
| 238|0x00000000cee00000, 0x00000000cee00000, 0x00000000cef00000|  0%| F|  |TAMS 0x00000000cee00000, 0x00000000cee00000| Untracked 
| 239|0x00000000cef00000, 0x00000000cef00000, 0x00000000cf000000|  0%| F|  |TAMS 0x00000000cef00000, 0x00000000cef00000| Untracked 
| 240|0x00000000cf000000, 0x00000000cf000000, 0x00000000cf100000|  0%| F|  |TAMS 0x00000000cf000000, 0x00000000cf000000| Untracked 
| 241|0x00000000cf100000, 0x00000000cf100000, 0x00000000cf200000|  0%| F|  |TAMS 0x00000000cf100000, 0x00000000cf100000| Untracked 
| 242|0x00000000cf200000, 0x00000000cf200000, 0x00000000cf300000|  0%| F|  |TAMS 0x00000000cf200000, 0x00000000cf200000| Untracked 
| 243|0x00000000cf300000, 0x00000000cf300000, 0x00000000cf400000|  0%| F|  |TAMS 0x00000000cf300000, 0x00000000cf300000| Untracked 
| 244|0x00000000cf400000, 0x00000000cf400000, 0x00000000cf500000|  0%| F|  |TAMS 0x00000000cf400000, 0x00000000cf400000| Untracked 
| 245|0x00000000cf500000, 0x00000000cf500000, 0x00000000cf600000|  0%| F|  |TAMS 0x00000000cf500000, 0x00000000cf500000| Untracked 
| 246|0x00000000cf600000, 0x00000000cf600000, 0x00000000cf700000|  0%| F|  |TAMS 0x00000000cf600000, 0x00000000cf600000| Untracked 
| 247|0x00000000cf700000, 0x00000000cf700000, 0x00000000cf800000|  0%| F|  |TAMS 0x00000000cf700000, 0x00000000cf700000| Untracked 
| 248|0x00000000cf800000, 0x00000000cf800000, 0x00000000cf900000|  0%| F|  |TAMS 0x00000000cf800000, 0x00000000cf800000| Untracked 
| 249|0x00000000cf900000, 0x00000000cf900000, 0x00000000cfa00000|  0%| F|  |TAMS 0x00000000cf900000, 0x00000000cf900000| Untracked 
| 250|0x00000000cfa00000, 0x00000000cfa00000, 0x00000000cfb00000|  0%| F|  |TAMS 0x00000000cfa00000, 0x00000000cfa00000| Untracked 
| 251|0x00000000cfb00000, 0x00000000cfb00000, 0x00000000cfc00000|  0%| F|  |TAMS 0x00000000cfb00000, 0x00000000cfb00000| Untracked 
| 252|0x00000000cfc00000, 0x00000000cfc00000, 0x00000000cfd00000|  0%| F|  |TAMS 0x00000000cfc00000, 0x00000000cfc00000| Untracked 
| 253|0x00000000cfd00000, 0x00000000cfd00000, 0x00000000cfe00000|  0%| F|  |TAMS 0x00000000cfd00000, 0x00000000cfd00000| Untracked 
| 254|0x00000000cfe00000, 0x00000000cfe00000, 0x00000000cff00000|  0%| F|  |TAMS 0x00000000cfe00000, 0x00000000cfe00000| Untracked 
| 255|0x00000000cff00000, 0x00000000cff00000, 0x00000000d0000000|  0%| F|  |TAMS 0x00000000cff00000, 0x00000000cff00000| Untracked 
| 256|0x00000000d0000000, 0x00000000d0000000, 0x00000000d0100000|  0%| F|  |TAMS 0x00000000d0000000, 0x00000000d0000000| Untracked 
| 257|0x00000000d0100000, 0x00000000d0100000, 0x00000000d0200000|  0%| F|  |TAMS 0x00000000d0100000, 0x00000000d0100000| Untracked 
| 258|0x00000000d0200000, 0x00000000d0200000, 0x00000000d0300000|  0%| F|  |TAMS 0x00000000d0200000, 0x00000000d0200000| Untracked 
| 259|0x00000000d0300000, 0x00000000d0300000, 0x00000000d0400000|  0%| F|  |TAMS 0x00000000d0300000, 0x00000000d0300000| Untracked 
| 260|0x00000000d0400000, 0x00000000d0400000, 0x00000000d0500000|  0%| F|  |TAMS 0x00000000d0400000, 0x00000000d0400000| Untracked 
| 261|0x00000000d0500000, 0x00000000d0500000, 0x00000000d0600000|  0%| F|  |TAMS 0x00000000d0500000, 0x00000000d0500000| Untracked 
| 262|0x00000000d0600000, 0x00000000d0600000, 0x00000000d0700000|  0%| F|  |TAMS 0x00000000d0600000, 0x00000000d0600000| Untracked 
| 263|0x00000000d0700000, 0x00000000d0700000, 0x00000000d0800000|  0%| F|  |TAMS 0x00000000d0700000, 0x00000000d0700000| Untracked 
| 264|0x00000000d0800000, 0x00000000d0800000, 0x00000000d0900000|  0%| F|  |TAMS 0x00000000d0800000, 0x00000000d0800000| Untracked 
| 265|0x00000000d0900000, 0x00000000d0900000, 0x00000000d0a00000|  0%| F|  |TAMS 0x00000000d0900000, 0x00000000d0900000| Untracked 
| 266|0x00000000d0a00000, 0x00000000d0a00000, 0x00000000d0b00000|  0%| F|  |TAMS 0x00000000d0a00000, 0x00000000d0a00000| Untracked 
| 267|0x00000000d0b00000, 0x00000000d0b00000, 0x00000000d0c00000|  0%| F|  |TAMS 0x00000000d0b00000, 0x00000000d0b00000| Untracked 
| 268|0x00000000d0c00000, 0x00000000d0c00000, 0x00000000d0d00000|  0%| F|  |TAMS 0x00000000d0c00000, 0x00000000d0c00000| Untracked 
| 269|0x00000000d0d00000, 0x00000000d0d00000, 0x00000000d0e00000|  0%| F|  |TAMS 0x00000000d0d00000, 0x00000000d0d00000| Untracked 
| 270|0x00000000d0e00000, 0x00000000d0e00000, 0x00000000d0f00000|  0%| F|  |TAMS 0x00000000d0e00000, 0x00000000d0e00000| Untracked 
| 271|0x00000000d0f00000, 0x00000000d0f00000, 0x00000000d1000000|  0%| F|  |TAMS 0x00000000d0f00000, 0x00000000d0f00000| Untracked 
| 272|0x00000000d1000000, 0x00000000d1000000, 0x00000000d1100000|  0%| F|  |TAMS 0x00000000d1000000, 0x00000000d1000000| Untracked 
| 273|0x00000000d1100000, 0x00000000d1100000, 0x00000000d1200000|  0%| F|  |TAMS 0x00000000d1100000, 0x00000000d1100000| Untracked 
| 274|0x00000000d1200000, 0x00000000d1200000, 0x00000000d1300000|  0%| F|  |TAMS 0x00000000d1200000, 0x00000000d1200000| Untracked 
| 275|0x00000000d1300000, 0x00000000d1300000, 0x00000000d1400000|  0%| F|  |TAMS 0x00000000d1300000, 0x00000000d1300000| Untracked 
| 276|0x00000000d1400000, 0x00000000d1400000, 0x00000000d1500000|  0%| F|  |TAMS 0x00000000d1400000, 0x00000000d1400000| Untracked 
| 277|0x00000000d1500000, 0x00000000d1500000, 0x00000000d1600000|  0%| F|  |TAMS 0x00000000d1500000, 0x00000000d1500000| Untracked 
| 278|0x00000000d1600000, 0x00000000d1600000, 0x00000000d1700000|  0%| F|  |TAMS 0x00000000d1600000, 0x00000000d1600000| Untracked 
| 279|0x00000000d1700000, 0x00000000d1700000, 0x00000000d1800000|  0%| F|  |TAMS 0x00000000d1700000, 0x00000000d1700000| Untracked 
| 280|0x00000000d1800000, 0x00000000d1800000, 0x00000000d1900000|  0%| F|  |TAMS 0x00000000d1800000, 0x00000000d1800000| Untracked 
| 281|0x00000000d1900000, 0x00000000d1900000, 0x00000000d1a00000|  0%| F|  |TAMS 0x00000000d1900000, 0x00000000d1900000| Untracked 
| 282|0x00000000d1a00000, 0x00000000d1a00000, 0x00000000d1b00000|  0%| F|  |TAMS 0x00000000d1a00000, 0x00000000d1a00000| Untracked 
| 283|0x00000000d1b00000, 0x00000000d1b00000, 0x00000000d1c00000|  0%| F|  |TAMS 0x00000000d1b00000, 0x00000000d1b00000| Untracked 
| 284|0x00000000d1c00000, 0x00000000d1c00000, 0x00000000d1d00000|  0%| F|  |TAMS 0x00000000d1c00000, 0x00000000d1c00000| Untracked 
| 285|0x00000000d1d00000, 0x00000000d1d00000, 0x00000000d1e00000|  0%| F|  |TAMS 0x00000000d1d00000, 0x00000000d1d00000| Untracked 
| 286|0x00000000d1e00000, 0x00000000d1e00000, 0x00000000d1f00000|  0%| F|  |TAMS 0x00000000d1e00000, 0x00000000d1e00000| Untracked 
| 287|0x00000000d1f00000, 0x00000000d1f00000, 0x00000000d2000000|  0%| F|  |TAMS 0x00000000d1f00000, 0x00000000d1f00000| Untracked 
| 288|0x00000000d2000000, 0x00000000d2000000, 0x00000000d2100000|  0%| F|  |TAMS 0x00000000d2000000, 0x00000000d2000000| Untracked 
| 289|0x00000000d2100000, 0x00000000d2100000, 0x00000000d2200000|  0%| F|  |TAMS 0x00000000d2100000, 0x00000000d2100000| Untracked 
| 290|0x00000000d2200000, 0x00000000d2200000, 0x00000000d2300000|  0%| F|  |TAMS 0x00000000d2200000, 0x00000000d2200000| Untracked 
| 291|0x00000000d2300000, 0x00000000d2300000, 0x00000000d2400000|  0%| F|  |TAMS 0x00000000d2300000, 0x00000000d2300000| Untracked 
| 292|0x00000000d2400000, 0x00000000d2400000, 0x00000000d2500000|  0%| F|  |TAMS 0x00000000d2400000, 0x00000000d2400000| Untracked 
| 293|0x00000000d2500000, 0x00000000d2500000, 0x00000000d2600000|  0%| F|  |TAMS 0x00000000d2500000, 0x00000000d2500000| Untracked 
| 294|0x00000000d2600000, 0x00000000d2600000, 0x00000000d2700000|  0%| F|  |TAMS 0x00000000d2600000, 0x00000000d2600000| Untracked 
| 295|0x00000000d2700000, 0x00000000d2700000, 0x00000000d2800000|  0%| F|  |TAMS 0x00000000d2700000, 0x00000000d2700000| Untracked 
| 296|0x00000000d2800000, 0x00000000d2800000, 0x00000000d2900000|  0%| F|  |TAMS 0x00000000d2800000, 0x00000000d2800000| Untracked 
| 297|0x00000000d2900000, 0x00000000d2900000, 0x00000000d2a00000|  0%| F|  |TAMS 0x00000000d2900000, 0x00000000d2900000| Untracked 
| 298|0x00000000d2a00000, 0x00000000d2a00000, 0x00000000d2b00000|  0%| F|  |TAMS 0x00000000d2a00000, 0x00000000d2a00000| Untracked 
| 299|0x00000000d2b00000, 0x00000000d2b00000, 0x00000000d2c00000|  0%| F|  |TAMS 0x00000000d2b00000, 0x00000000d2b00000| Untracked 
| 300|0x00000000d2c00000, 0x00000000d2c00000, 0x00000000d2d00000|  0%| F|  |TAMS 0x00000000d2c00000, 0x00000000d2c00000| Untracked 
| 301|0x00000000d2d00000, 0x00000000d2d00000, 0x00000000d2e00000|  0%| F|  |TAMS 0x00000000d2d00000, 0x00000000d2d00000| Untracked 
| 302|0x00000000d2e00000, 0x00000000d2e00000, 0x00000000d2f00000|  0%| F|  |TAMS 0x00000000d2e00000, 0x00000000d2e00000| Untracked 
| 303|0x00000000d2f00000, 0x00000000d2f00000, 0x00000000d3000000|  0%| F|  |TAMS 0x00000000d2f00000, 0x00000000d2f00000| Untracked 
| 304|0x00000000d3000000, 0x00000000d3000000, 0x00000000d3100000|  0%| F|  |TAMS 0x00000000d3000000, 0x00000000d3000000| Untracked 
| 305|0x00000000d3100000, 0x00000000d3100000, 0x00000000d3200000|  0%| F|  |TAMS 0x00000000d3100000, 0x00000000d3100000| Untracked 
| 306|0x00000000d3200000, 0x00000000d32150e0, 0x00000000d3300000|  8%| E|  |TAMS 0x00000000d3200000, 0x00000000d3200000| Complete 

Card table byte_map: [0x0000028530f30000,0x0000028531130000] _byte_map_base: 0x0000028530930000

Marking Bits (Prev, Next): (CMBitMap*) 0x0000028528e25280, (CMBitMap*) 0x0000028528e25240
 Prev Bits: [0x0000028532330000, 0x0000028533330000)
 Next Bits: [0x0000028531330000, 0x0000028532330000)

Polling page: 0x0000028528b50000

Metaspace:

Usage:
  Non-class:     65.53 MB used.
      Class:     10.48 MB used.
       Both:     76.01 MB used.

Virtual space:
  Non-class space:      128.00 MB reserved,      65.94 MB ( 52%) committed,  2 nodes.
      Class space:        1.00 GB reserved,      10.75 MB (  1%) committed,  1 nodes.
             Both:        1.12 GB reserved,      76.69 MB (  7%) committed. 

Chunk freelists:
   Non-Class:  13.83 MB
       Class:  5.32 MB
        Both:  19.14 MB

MaxMetaspaceSize: unlimited
CompressedClassSpaceSize: 1.00 GB
Initial GC threshold: 21.00 MB
Current GC threshold: 127.75 MB
CDS: off
MetaspaceReclaimPolicy: balanced
 - commit_granule_bytes: 65536.
 - commit_granule_words: 8192.
 - virtual_space_node_default_size: 8388608.
 - enlarge_chunks_in_place: 1.
 - new_chunks_are_fully_committed: 0.
 - uncommit_free_chunks: 1.
 - use_allocation_guard: 0.
 - handle_deallocations: 1.


Internal statistics:

num_allocs_failed_limit: 8.
num_arena_births: 1500.
num_arena_deaths: 830.
num_vsnodes_births: 3.
num_vsnodes_deaths: 0.
num_space_committed: 1227.
num_space_uncommitted: 0.
num_chunks_returned_to_freelist: 1165.
num_chunks_taken_from_freelist: 4412.
num_chunk_merges: 276.
num_chunk_splits: 2615.
num_chunks_enlarged: 1828.
num_inconsistent_stats: 0.

CodeCache: size=49152Kb used=34946Kb max_used=36070Kb free=14205Kb
 bounds [0x000002852d290000, 0x000002852f5e0000, 0x0000028530290000]
 total_blobs=18975 nmethods=18273 adapters=628
 compilation: enabled
              stopped_count=0, restarted_count=0
 full_count=0

Compilation events (20 events):
Event: 25366.120 Thread 0x000002853602df60 18476       1       jdk.internal.reflect.ClassFileAssembler::opc_areturn (12 bytes)
Event: 25366.121 Thread 0x000002853602df60 nmethod 18476 0x000002852f427190 code [0x000002852f427320, 0x000002852f427468]
Event: 25366.121 Thread 0x000002853602df60 18477       1       jdk.internal.reflect.ByteVectorImpl::trim (45 bytes)
Event: 25366.121 Thread 0x000002853602df60 nmethod 18477 0x000002852f426c90 code [0x000002852f426e40, 0x000002852f4270a8]
Event: 25366.121 Thread 0x000002853602df60 18478   !   1       jdk.internal.reflect.MethodAccessorGenerator$1::run (41 bytes)
Event: 25366.123 Thread 0x00000285409f0a10 18479       1       jdk.internal.reflect.ClassDefiner::defineClass (33 bytes)
Event: 25366.125 Thread 0x00000285409f0a10 nmethod 18479 0x000002852f426610 code [0x000002852f4267e0, 0x000002852f426a98]
Event: 25366.126 Thread 0x000002853602df60 nmethod 18478 0x000002852f425890 code [0x000002852f425ac0, 0x000002852f426038]
Event: 25366.126 Thread 0x00000285409ef5d0 18480       1       jdk.internal.reflect.ClassDefiner$1::<init> (10 bytes)
Event: 25366.126 Thread 0x000002853602df60 18482       1       jdk.internal.reflect.ClassDefiner$1::run (12 bytes)
Event: 25366.126 Thread 0x00000285409f0a10 18481       1       jdk.internal.reflect.ClassDefiner$1::run (5 bytes)
Event: 25366.127 Thread 0x00000285409ef5d0 nmethod 18480 0x000002852f425590 code [0x000002852f425720, 0x000002852f425838]
Event: 25366.127 Thread 0x000002853602df60 nmethod 18482 0x000002852f425110 code [0x000002852f4252c0, 0x000002852f425458]
Event: 25366.127 Thread 0x00000285409ef5d0 18483       1       jdk.internal.reflect.DelegatingClassLoader::<init> (6 bytes)
Event: 25366.127 Thread 0x00000285409f0a10 nmethod 18481 0x000002852f424c90 code [0x000002852f424e40, 0x000002852f424fd8]
Event: 25366.127 Thread 0x00000285409ef5d0 nmethod 18483 0x000002852f424910 code [0x000002852f424ac0, 0x000002852f424bd8]
Event: 26266.129 Thread 0x000002853602df60 18485       1       sun.rmi.transport.DGCImpl_Stub::leaseFilter (179 bytes)
Event: 26266.131 Thread 0x000002853602df60 nmethod 18485 0x000002852f423f90 code [0x000002852f4241c0, 0x000002852f4246a8]
Event: 26266.131 Thread 0x000002853602df60 18484       1       sun.rmi.transport.DGCImpl_Stub$$Lambda$1555/0x000000010076d298::checkInput (5 bytes)
Event: 26266.131 Thread 0x000002853602df60 nmethod 18484 0x000002852f423c90 code [0x000002852f423e20, 0x000002852f423f08]

GC Heap History (20 events):
Event: 26248.819 GC heap before
{Heap before GC invocations=1429 (full 610):
 garbage-first heap   total 314368K, used 99234K [0x00000000c0000000, 0x0000000100000000)
  region size 1024K, 1 young (1024K), 0 survivors (0K)
 Metaspace       used 77824K, committed 78528K, reserved 1179648K
  class space    used 10734K, committed 11008K, reserved 1048576K
}
Event: 26248.877 GC heap after
{Heap after GC invocations=1430 (full 611):
 garbage-first heap   total 314368K, used 99234K [0x00000000c0000000, 0x0000000100000000)
  region size 1024K, 0 young (0K), 0 survivors (0K)
 Metaspace       used 77824K, committed 78528K, reserved 1179648K
  class space    used 10734K, committed 11008K, reserved 1048576K
}
Event: 26258.966 GC heap before
{Heap before GC invocations=1430 (full 611):
 garbage-first heap   total 314368K, used 99234K [0x00000000c0000000, 0x0000000100000000)
  region size 1024K, 1 young (1024K), 0 survivors (0K)
 Metaspace       used 77824K, committed 78528K, reserved 1179648K
  class space    used 10734K, committed 11008K, reserved 1048576K
}
Event: 26259.021 GC heap after
{Heap after GC invocations=1431 (full 612):
 garbage-first heap   total 314368K, used 99234K [0x00000000c0000000, 0x0000000100000000)
  region size 1024K, 0 young (0K), 0 survivors (0K)
 Metaspace       used 77824K, committed 78528K, reserved 1179648K
  class space    used 10734K, committed 11008K, reserved 1048576K
}
Event: 26269.261 GC heap before
{Heap before GC invocations=1431 (full 612):
 garbage-first heap   total 314368K, used 99234K [0x00000000c0000000, 0x0000000100000000)
  region size 1024K, 1 young (1024K), 0 survivors (0K)
 Metaspace       used 77834K, committed 78528K, reserved 1179648K
  class space    used 10736K, committed 11008K, reserved 1048576K
}
Event: 26269.369 GC heap after
{Heap after GC invocations=1432 (full 613):
 garbage-first heap   total 314368K, used 99247K [0x00000000c0000000, 0x0000000100000000)
  region size 1024K, 0 young (0K), 0 survivors (0K)
 Metaspace       used 77834K, committed 78528K, reserved 1179648K
  class space    used 10736K, committed 11008K, reserved 1048576K
}
Event: 26279.516 GC heap before
{Heap before GC invocations=1432 (full 613):
 garbage-first heap   total 314368K, used 99247K [0x00000000c0000000, 0x0000000100000000)
  region size 1024K, 1 young (1024K), 0 survivors (0K)
 Metaspace       used 77834K, committed 78528K, reserved 1179648K
  class space    used 10736K, committed 11008K, reserved 1048576K
}
Event: 26279.574 GC heap after
{Heap after GC invocations=1433 (full 614):
 garbage-first heap   total 314368K, used 99247K [0x00000000c0000000, 0x0000000100000000)
  region size 1024K, 0 young (0K), 0 survivors (0K)
 Metaspace       used 77834K, committed 78528K, reserved 1179648K
  class space    used 10736K, committed 11008K, reserved 1048576K
}
Event: 26289.939 GC heap before
{Heap before GC invocations=1433 (full 614):
 garbage-first heap   total 314368K, used 99247K [0x00000000c0000000, 0x0000000100000000)
  region size 1024K, 1 young (1024K), 0 survivors (0K)
 Metaspace       used 77834K, committed 78528K, reserved 1179648K
  class space    used 10736K, committed 11008K, reserved 1048576K
}
Event: 26290.007 GC heap after
{Heap after GC invocations=1434 (full 615):
 garbage-first heap   total 314368K, used 99247K [0x00000000c0000000, 0x0000000100000000)
  region size 1024K, 0 young (0K), 0 survivors (0K)
 Metaspace       used 77834K, committed 78528K, reserved 1179648K
  class space    used 10736K, committed 11008K, reserved 1048576K
}
Event: 26300.283 GC heap before
{Heap before GC invocations=1434 (full 615):
 garbage-first heap   total 314368K, used 99247K [0x00000000c0000000, 0x0000000100000000)
  region size 1024K, 1 young (1024K), 0 survivors (0K)
 Metaspace       used 77834K, committed 78528K, reserved 1179648K
  class space    used 10736K, committed 11008K, reserved 1048576K
}
Event: 26300.339 GC heap after
{Heap after GC invocations=1435 (full 616):
 garbage-first heap   total 314368K, used 99247K [0x00000000c0000000, 0x0000000100000000)
  region size 1024K, 0 young (0K), 0 survivors (0K)
 Metaspace       used 77834K, committed 78528K, reserved 1179648K
  class space    used 10736K, committed 11008K, reserved 1048576K
}
Event: 26310.656 GC heap before
{Heap before GC invocations=1435 (full 616):
 garbage-first heap   total 314368K, used 99247K [0x00000000c0000000, 0x0000000100000000)
  region size 1024K, 1 young (1024K), 0 survivors (0K)
 Metaspace       used 77834K, committed 78528K, reserved 1179648K
  class space    used 10736K, committed 11008K, reserved 1048576K
}
Event: 26310.711 GC heap after
{Heap after GC invocations=1436 (full 617):
 garbage-first heap   total 314368K, used 99247K [0x00000000c0000000, 0x0000000100000000)
  region size 1024K, 0 young (0K), 0 survivors (0K)
 Metaspace       used 77834K, committed 78528K, reserved 1179648K
  class space    used 10736K, committed 11008K, reserved 1048576K
}
Event: 26320.805 GC heap before
{Heap before GC invocations=1436 (full 617):
 garbage-first heap   total 314368K, used 99247K [0x00000000c0000000, 0x0000000100000000)
  region size 1024K, 1 young (1024K), 0 survivors (0K)
 Metaspace       used 77834K, committed 78528K, reserved 1179648K
  class space    used 10736K, committed 11008K, reserved 1048576K
}
Event: 26320.869 GC heap after
{Heap after GC invocations=1437 (full 618):
 garbage-first heap   total 314368K, used 99247K [0x00000000c0000000, 0x0000000100000000)
  region size 1024K, 0 young (0K), 0 survivors (0K)
 Metaspace       used 77834K, committed 78528K, reserved 1179648K
  class space    used 10736K, committed 11008K, reserved 1048576K
}
Event: 26330.970 GC heap before
{Heap before GC invocations=1437 (full 618):
 garbage-first heap   total 314368K, used 99247K [0x00000000c0000000, 0x0000000100000000)
  region size 1024K, 1 young (1024K), 0 survivors (0K)
 Metaspace       used 77834K, committed 78528K, reserved 1179648K
  class space    used 10736K, committed 11008K, reserved 1048576K
}
Event: 26331.045 GC heap after
{Heap after GC invocations=1438 (full 619):
 garbage-first heap   total 314368K, used 99247K [0x00000000c0000000, 0x0000000100000000)
  region size 1024K, 0 young (0K), 0 survivors (0K)
 Metaspace       used 77834K, committed 78528K, reserved 1179648K
  class space    used 10736K, committed 11008K, reserved 1048576K
}
Event: 26341.166 GC heap before
{Heap before GC invocations=1438 (full 619):
 garbage-first heap   total 314368K, used 99247K [0x00000000c0000000, 0x0000000100000000)
  region size 1024K, 1 young (1024K), 0 survivors (0K)
 Metaspace       used 77834K, committed 78528K, reserved 1179648K
  class space    used 10736K, committed 11008K, reserved 1048576K
}
Event: 26341.249 GC heap after
{Heap after GC invocations=1439 (full 620):
 garbage-first heap   total 314368K, used 99247K [0x00000000c0000000, 0x0000000100000000)
  region size 1024K, 0 young (0K), 0 survivors (0K)
 Metaspace       used 77834K, committed 78528K, reserved 1179648K
  class space    used 10736K, committed 11008K, reserved 1048576K
}

Dll operation events (12 events):
Event: 0.014 Loaded shared library c:\Users\Waruna\.vscode-insiders\extensions\redhat.java-1.21.2023072504-win32-x64\jre\17.0.7-win32-x86_64\bin\java.dll
Event: 0.250 Loaded shared library C:\Users\Waruna\.vscode-insiders\extensions\redhat.java-1.21.2023072504-win32-x64\jre\17.0.7-win32-x86_64\bin\net.dll
Event: 0.252 Loaded shared library C:\Users\Waruna\.vscode-insiders\extensions\redhat.java-1.21.2023072504-win32-x64\jre\17.0.7-win32-x86_64\bin\nio.dll
Event: 0.266 Loaded shared library C:\Users\Waruna\.vscode-insiders\extensions\redhat.java-1.21.2023072504-win32-x64\jre\17.0.7-win32-x86_64\bin\zip.dll
Event: 0.450 Loaded shared library C:\Users\Waruna\.vscode-insiders\extensions\redhat.java-1.21.2023072504-win32-x64\jre\17.0.7-win32-x86_64\bin\jimage.dll
Event: 4.270 Loaded shared library C:\Users\Waruna\.vscode-insiders\extensions\redhat.java-1.21.2023072504-win32-x64\jre\17.0.7-win32-x86_64\bin\management.dll
Event: 4.272 Loaded shared library C:\Users\Waruna\.vscode-insiders\extensions\redhat.java-1.21.2023072504-win32-x64\jre\17.0.7-win32-x86_64\bin\management_ext.dll
Event: 5.895 Loaded shared library C:\Users\Waruna\.vscode-insiders\extensions\redhat.java-1.21.2023072504-win32-x64\jre\17.0.7-win32-x86_64\bin\sunmscapi.dll
Event: 11.690 Loaded shared library c:\Users\Waruna\.vscode-insiders\extensions\redhat.java-1.21.2023072504-win32-x64\jre\17.0.7-win32-x86_64\bin\verify.dll
Event: 14.491 Loaded shared library C:\Users\Waruna\AppData\Local\Temp\snappy-1.1.10-ac08c8d9-43d3-4dbe-910b-cf1460e9a1e9-snappyjava.dll
Event: 18.028 Loaded shared library C:\Users\Waruna\.vscode-insiders\extensions\redhat.java-1.21.2023072504-win32-x64\jre\17.0.7-win32-x86_64\bin\attach.dll
Event: 18.283 Loaded shared library C:\Users\Waruna\.vscode-insiders\extensions\redhat.java-1.21.2023072504-win32-x64\jre\17.0.7-win32-x86_64\bin\rmi.dll

Deoptimization events (20 events):
Event: 77.008 Thread 0x000002853bdddc40 DEOPT PACKING pc=0x000002852ed71cd2 sp=0x0000009ad01fe2b0
Event: 77.008 Thread 0x000002853bdddc40 DEOPT UNPACKING pc=0x000002852d2e7143 sp=0x0000009ad01fd760 mode 3
Event: 282.897 Thread 0x000002853bbe3580 DEOPT PACKING pc=0x000002852d9058d4 sp=0x0000009ace4ff210
Event: 282.897 Thread 0x000002853bbe3580 DEOPT UNPACKING pc=0x000002852d2e7143 sp=0x0000009ace4fe698 mode 0
Event: 428.297 Thread 0x000002853c8034b0 DEOPT PACKING pc=0x000002852ee1b21d sp=0x0000009ace6fd290
Event: 428.297 Thread 0x000002853c8034b0 DEOPT UNPACKING pc=0x000002852d2e7143 sp=0x0000009ace6fc7c0 mode 3
Event: 433.701 Thread 0x000002853bc21630 DEOPT PACKING pc=0x000002852ef55ae6 sp=0x0000009ace9fd270
Event: 433.701 Thread 0x000002853bc21630 DEOPT UNPACKING pc=0x000002852d2e7143 sp=0x0000009ace9fc748 mode 3
Event: 887.635 Thread 0x000002853c800490 DEOPT PACKING pc=0x000002852df4ffa4 sp=0x0000009acf2fe5d0
Event: 887.635 Thread 0x000002853c800490 DEOPT UNPACKING pc=0x000002852d2e7143 sp=0x0000009acf2fdb18 mode 0
Event: 1054.089 Thread 0x000002853c800490 DEOPT PACKING pc=0x000002852f238598 sp=0x0000009acf2fe660
Event: 1054.089 Thread 0x000002853c800490 DEOPT UNPACKING pc=0x000002852d2e7143 sp=0x0000009acf2fdb58 mode 3
Event: 1054.496 Thread 0x000002853c800490 DEOPT PACKING pc=0x000002852f22998f sp=0x0000009acf2fe600
Event: 1054.496 Thread 0x000002853c800490 DEOPT UNPACKING pc=0x000002852d2e7143 sp=0x0000009acf2fdb50 mode 3
Event: 16865.782 Thread 0x00000285411c2400 DEOPT PACKING pc=0x000002852f3567d1 sp=0x0000009ace6fe680
Event: 16865.782 Thread 0x00000285411c2400 DEOPT UNPACKING pc=0x000002852d2e7143 sp=0x0000009ace6fdb70 mode 3
Event: 17130.471 Thread 0x000002853c7fd470 DEOPT PACKING pc=0x000002852f412bd5 sp=0x0000009acf3fc710
Event: 17130.471 Thread 0x000002853c7fd470 DEOPT UNPACKING pc=0x000002852d2e7143 sp=0x0000009acf3fbbb8 mode 3
Event: 17896.996 Thread 0x000002853c802170 DEOPT PACKING pc=0x000002852f3cd536 sp=0x0000009ace9fceb0
Event: 17896.996 Thread 0x000002853c802170 DEOPT UNPACKING pc=0x000002852d2e7143 sp=0x0000009ace9fc3d0 mode 3

Classes unloaded (20 events):
Event: 25584.503 Thread 0x0000028535fea500 Unloading class 0x000000010039d400 'jdk/internal/reflect/GeneratedSerializationConstructorAccessor178'
Event: 25584.503 Thread 0x0000028535fea500 Unloading class 0x000000010039c400 'jdk/internal/reflect/GeneratedSerializationConstructorAccessor176'
Event: 25584.503 Thread 0x0000028535fea500 Unloading class 0x000000010039a000 'jdk/internal/reflect/GeneratedSerializationConstructorAccessor175'
Event: 25584.503 Thread 0x0000028535fea500 Unloading class 0x0000000100324400 'jdk/internal/reflect/GeneratedSerializationConstructorAccessor174'
Event: 25584.503 Thread 0x0000028535fea500 Unloading class 0x0000000100226800 'jdk/internal/reflect/GeneratedSerializationConstructorAccessor173'
Event: 25584.503 Thread 0x0000028535fea500 Unloading class 0x0000000100225c00 'jdk/internal/reflect/GeneratedSerializationConstructorAccessor172'
Event: 25584.503 Thread 0x0000028535fea500 Unloading class 0x0000000100212800 'jdk/internal/reflect/GeneratedSerializationConstructorAccessor171'
Event: 25584.503 Thread 0x0000028535fea500 Unloading class 0x0000000100092000 'jdk/internal/reflect/GeneratedSerializationConstructorAccessor170'
Event: 25584.503 Thread 0x0000028535fea500 Unloading class 0x0000000100089400 'jdk/internal/reflect/GeneratedSerializationConstructorAccessor169'
Event: 25584.503 Thread 0x0000028535fea500 Unloading class 0x000000010008ac00 'jdk/internal/reflect/GeneratedSerializationConstructorAccessor168'
Event: 25584.503 Thread 0x0000028535fea500 Unloading class 0x000000010054d000 'jdk/internal/reflect/GeneratedSerializationConstructorAccessor165'
Event: 25594.904 Thread 0x0000028535fea500 Unloading class 0x000000010039cc00 'jdk/internal/reflect/GeneratedSerializationConstructorAccessor177'
Event: 25594.904 Thread 0x0000028535fea500 Unloading class 0x00000001003a2c00 'jdk/internal/reflect/GeneratedSerializationConstructorAccessor167'
Event: 25594.904 Thread 0x0000028535fea500 Unloading class 0x0000000100604000 'jdk/internal/reflect/GeneratedSerializationConstructorAccessor166'
Event: 25885.730 Thread 0x0000028535fea500 Unloading class 0x0000000100604000 'jdk/internal/reflect/GeneratedSerializationConstructorAccessor181'
Event: 25885.730 Thread 0x0000028535fea500 Unloading class 0x00000001003a2c00 'jdk/internal/reflect/GeneratedSerializationConstructorAccessor180'
Event: 25885.730 Thread 0x0000028535fea500 Unloading class 0x000000010039cc00 'jdk/internal/reflect/GeneratedSerializationConstructorAccessor179'
Event: 26186.919 Thread 0x0000028535fea500 Unloading class 0x000000010039cc00 'jdk/internal/reflect/GeneratedSerializationConstructorAccessor184'
Event: 26186.919 Thread 0x0000028535fea500 Unloading class 0x00000001003a2c00 'jdk/internal/reflect/GeneratedSerializationConstructorAccessor183'
Event: 26186.919 Thread 0x0000028535fea500 Unloading class 0x0000000100604000 'jdk/internal/reflect/GeneratedSerializationConstructorAccessor182'

Classes redefined (0 events):
No events

Internal exceptions (20 events):
Event: 20895.079 Thread 0x00000285412a6940 Exception <a 'java/lang/NoSuchMethodError'{0x00000000d32182a0}: static [B.<clinit>()V> (0x00000000d32182a0) 
thrown [s\src\hotspot\share\prims\jni.cpp, line 1107]
Event: 21195.080 Thread 0x00000285412a6940 Exception <a 'java/lang/NoSuchMethodError'{0x00000000d3207458}: static [Ljava/rmi/server/ObjID;.<clinit>()V> (0x00000000d3207458) 
thrown [s\src\hotspot\share\prims\jni.cpp, line 1107]
Event: 21195.109 Thread 0x00000285412a6940 Exception <a 'java/lang/NoSuchMethodError'{0x00000000d3213130}: static [B.<clinit>()V> (0x00000000d3213130) 
thrown [s\src\hotspot\share\prims\jni.cpp, line 1107]
Event: 21495.083 Thread 0x00000285412a6940 Exception <a 'java/lang/NoSuchMethodError'{0x00000000d32114f0}: static [Ljava/rmi/server/ObjID;.<clinit>()V> (0x00000000d32114f0) 
thrown [s\src\hotspot\share\prims\jni.cpp, line 1107]
Event: 21495.085 Thread 0x00000285412a6940 Exception <a 'java/lang/NoSuchMethodError'{0x00000000d321d1c8}: static [B.<clinit>()V> (0x00000000d321d1c8) 
thrown [s\src\hotspot\share\prims\jni.cpp, line 1107]
Event: 21795.083 Thread 0x00000285412a6940 Exception <a 'java/lang/NoSuchMethodError'{0x00000000d320c5c8}: static [Ljava/rmi/server/ObjID;.<clinit>()V> (0x00000000d320c5c8) 
thrown [s\src\hotspot\share\prims\jni.cpp, line 1107]
Event: 21795.084 Thread 0x00000285412a6940 Exception <a 'java/lang/NoSuchMethodError'{0x00000000d32182a0}: static [B.<clinit>()V> (0x00000000d32182a0) 
thrown [s\src\hotspot\share\prims\jni.cpp, line 1107]
Event: 22095.084 Thread 0x00000285412a6940 Exception <a 'java/lang/NoSuchMethodError'{0x00000000d32114f0}: static [Ljava/rmi/server/ObjID;.<clinit>()V> (0x00000000d32114f0) 
thrown [s\src\hotspot\share\prims\jni.cpp, line 1107]
Event: 22095.085 Thread 0x00000285412a6940 Exception <a 'java/lang/NoSuchMethodError'{0x00000000d321d1c8}: static [B.<clinit>()V> (0x00000000d321d1c8) 
thrown [s\src\hotspot\share\prims\jni.cpp, line 1107]
Event: 25365.661 Thread 0x00000285412a6940 Exception <a 'java/lang/NoSuchMethodError'{0x00000000d32114f0}: static [Ljava/rmi/server/ObjID;.<clinit>()V> (0x00000000d32114f0) 
thrown [s\src\hotspot\share\prims\jni.cpp, line 1107]
Event: 25365.666 Thread 0x00000285412a6940 Exception <a 'java/lang/NoSuchMethodError'{0x00000000d321d1c8}: static [B.<clinit>()V> (0x00000000d321d1c8) 
thrown [s\src\hotspot\share\prims\jni.cpp, line 1107]
Event: 25366.100 Thread 0x000002854187b2e0 Exception <a 'java/lang/NoSuchMethodError'{0x00000000d3288f60}: static [Ljavax/management/ObjectName;.<clinit>()V> (0x00000000d3288f60) 
thrown [s\src\hotspot\share\prims\jni.cpp, line 1107]
Event: 25366.100 Thread 0x000002854187b2e0 Exception <a 'java/lang/NoSuchMethodError'{0x00000000d3289aa8}: static [Ljava/rmi/MarshalledObject;.<clinit>()V> (0x00000000d3289aa8) 
thrown [s\src\hotspot\share\prims\jni.cpp, line 1107]
Event: 25366.101 Thread 0x000002854187b2e0 Exception <a 'java/lang/NoSuchMethodError'{0x00000000d328a630}: static [Ljavax/security/auth/Subject;.<clinit>()V> (0x00000000d328a630) 
thrown [s\src\hotspot\share\prims\jni.cpp, line 1107]
Event: 25666.089 Thread 0x00000285412a6940 Exception <a 'java/lang/NoSuchMethodError'{0x00000000d3211918}: static [Ljava/rmi/server/ObjID;.<clinit>()V> (0x00000000d3211918) 
thrown [s\src\hotspot\share\prims\jni.cpp, line 1107]
Event: 25666.092 Thread 0x00000285412a6940 Exception <a 'java/lang/NoSuchMethodError'{0x00000000d321d4f8}: static [B.<clinit>()V> (0x00000000d321d4f8) 
thrown [s\src\hotspot\share\prims\jni.cpp, line 1107]
Event: 25966.107 Thread 0x00000285412a6940 Exception <a 'java/lang/NoSuchMethodError'{0x00000000d3211108}: static [Ljava/rmi/server/ObjID;.<clinit>()V> (0x00000000d3211108) 
thrown [s\src\hotspot\share\prims\jni.cpp, line 1107]
Event: 25966.113 Thread 0x00000285412a6940 Exception <a 'java/lang/NoSuchMethodError'{0x00000000d321cc38}: static [B.<clinit>()V> (0x00000000d321cc38) 
thrown [s\src\hotspot\share\prims\jni.cpp, line 1107]
Event: 26266.123 Thread 0x00000285412a6940 Exception <a 'java/lang/NoSuchMethodError'{0x00000000d320c510}: static [Ljava/rmi/server/ObjID;.<clinit>()V> (0x00000000d320c510) 
thrown [s\src\hotspot\share\prims\jni.cpp, line 1107]
Event: 26266.126 Thread 0x00000285412a6940 Exception <a 'java/lang/NoSuchMethodError'{0x00000000d3218040}: static [B.<clinit>()V> (0x00000000d3218040) 
thrown [s\src\hotspot\share\prims\jni.cpp, line 1107]

VM Operations (20 events):
Event: 26248.877 Executing VM operation: G1CollectFull done
Event: 26258.966 Executing VM operation: G1CollectFull
Event: 26259.021 Executing VM operation: G1CollectFull done
Event: 26269.260 Executing VM operation: G1CollectFull
Event: 26269.370 Executing VM operation: G1CollectFull done
Event: 26279.515 Executing VM operation: G1CollectFull
Event: 26279.574 Executing VM operation: G1CollectFull done
Event: 26289.938 Executing VM operation: G1CollectFull
Event: 26290.007 Executing VM operation: G1CollectFull done
Event: 26300.283 Executing VM operation: G1CollectFull
Event: 26300.339 Executing VM operation: G1CollectFull done
Event: 26310.656 Executing VM operation: G1CollectFull
Event: 26310.711 Executing VM operation: G1CollectFull done
Event: 26320.805 Executing VM operation: G1CollectFull
Event: 26320.869 Executing VM operation: G1CollectFull done
Event: 26330.969 Executing VM operation: G1CollectFull
Event: 26331.045 Executing VM operation: G1CollectFull done
Event: 26341.165 Executing VM operation: G1CollectFull
Event: 26341.249 Executing VM operation: G1CollectFull done
Event: 26351.374 Executing VM operation: G1CollectFull

Events (20 events):
Event: 17964.999 Thread 0x000002853c801ca0 Thread exited: 0x000002853c801ca0
Event: 17982.335 Thread 0x000002853bc21160 Thread added: 0x000002853bc21160
Event: 17983.190 Thread 0x000002853bc21630 Thread added: 0x000002853bc21630
Event: 17992.634 loading class java/math/MathContext
Event: 17992.636 loading class java/math/MathContext done
Event: 18043.192 Thread 0x000002853bc21630 Thread exited: 0x000002853bc21630
Event: 18055.010 Thread 0x000002853c800960 Thread exited: 0x000002853c800960
Event: 18073.164 Thread 0x000002853bc21160 Thread exited: 0x000002853bc21160
Event: 18074.100 Thread 0x000002853c800490 Thread exited: 0x000002853c800490
Event: 18115.011 Thread 0x000002853c802640 Thread exited: 0x000002853c802640
Event: 25366.090 loading class com/sun/jmx/remote/internal/ClientListenerInfo
Event: 25366.095 loading class com/sun/jmx/remote/internal/ClientListenerInfo done
Event: 25366.096 loading class javax/management/NotificationFilter
Event: 25366.097 loading class javax/management/NotificationFilter done
Event: 25366.097 loading class javax/management/remote/rmi/RMIConnector$Util
Event: 25366.099 loading class javax/management/remote/rmi/RMIConnector$Util done
Event: 25366.116 Thread 0x00000285409ef5d0 Thread added: 0x00000285409ef5d0
Event: 25366.116 Thread 0x00000285409f0a10 Thread added: 0x00000285409f0a10
Event: 25371.149 Thread 0x00000285409f0a10 Thread exited: 0x00000285409f0a10
Event: 25376.149 Thread 0x00000285409ef5d0 Thread exited: 0x00000285409ef5d0


Dynamic libraries:
0x00007ff7bfd70000 - 0x00007ff7bfd7e000 	c:\Users\Waruna\.vscode-insiders\extensions\redhat.java-1.21.2023072504-win32-x64\jre\17.0.7-win32-x86_64\bin\java.exe
0x00007ffd4c0d0000 - 0x00007ffd4c2e4000 	C:\Windows\SYSTEM32\ntdll.dll
0x00007ffd4b270000 - 0x00007ffd4b334000 	C:\Windows\System32\KERNEL32.DLL
0x00007ffd496a0000 - 0x00007ffd49a44000 	C:\Windows\System32\KERNELBASE.dll
0x00007ffd49a50000 - 0x00007ffd49b61000 	C:\Windows\System32\ucrtbase.dll
0x00007ffd43d10000 - 0x00007ffd43d29000 	c:\Users\Waruna\.vscode-insiders\extensions\redhat.java-1.21.2023072504-win32-x64\jre\17.0.7-win32-x86_64\bin\VCRUNTIME140.dll
0x00007ffd46750000 - 0x00007ffd46767000 	c:\Users\Waruna\.vscode-insiders\extensions\redhat.java-1.21.2023072504-win32-x64\jre\17.0.7-win32-x86_64\bin\jli.dll
0x00007ffd4bec0000 - 0x00007ffd4c06a000 	C:\Windows\System32\USER32.dll
0x00007ffd32ac0000 - 0x00007ffd32d4f000 	C:\Windows\WinSxS\amd64_microsoft.windows.common-controls_6595b64144ccf1df_6.0.22621.2070_none_2713e6537381f706\COMCTL32.dll
0x00007ffd49550000 - 0x00007ffd49576000 	C:\Windows\System32\win32u.dll
0x00007ffd4b560000 - 0x00007ffd4b589000 	C:\Windows\System32\GDI32.dll
0x00007ffd4a080000 - 0x00007ffd4a127000 	C:\Windows\System32\msvcrt.dll
0x00007ffd49580000 - 0x00007ffd49699000 	C:\Windows\System32\gdi32full.dll
0x00007ffd494b0000 - 0x00007ffd4954a000 	C:\Windows\System32\msvcp_win.dll
0x00007ffd4a620000 - 0x00007ffd4a651000 	C:\Windows\System32\IMM32.DLL
0x00007ffd42ba0000 - 0x00007ffd42bac000 	c:\Users\Waruna\.vscode-insiders\extensions\redhat.java-1.21.2023072504-win32-x64\jre\17.0.7-win32-x86_64\bin\vcruntime140_1.dll
0x00007ffd22270000 - 0x00007ffd22301000 	c:\Users\Waruna\.vscode-insiders\extensions\redhat.java-1.21.2023072504-win32-x64\jre\17.0.7-win32-x86_64\bin\msvcp140.dll
0x00007ffcee010000 - 0x00007ffceec58000 	c:\Users\Waruna\.vscode-insiders\extensions\redhat.java-1.21.2023072504-win32-x64\jre\17.0.7-win32-x86_64\bin\server\jvm.dll
0x00007ffd4b1c0000 - 0x00007ffd4b270000 	C:\Windows\System32\ADVAPI32.dll
0x00007ffd49fd0000 - 0x00007ffd4a076000 	C:\Windows\System32\sechost.dll
0x00007ffd49eb0000 - 0x00007ffd49fc7000 	C:\Windows\System32\RPCRT4.dll
0x00007ffd35e60000 - 0x00007ffd35e69000 	C:\Windows\SYSTEM32\WSOCK32.dll
0x00007ffd4b7a0000 - 0x00007ffd4b811000 	C:\Windows\System32\WS2_32.dll
0x00007ffd44160000 - 0x00007ffd4416a000 	C:\Windows\SYSTEM32\VERSION.dll
0x00007ffd30820000 - 0x00007ffd30854000 	C:\Windows\SYSTEM32\WINMM.dll
0x00007ffd48550000 - 0x00007ffd48568000 	C:\Windows\SYSTEM32\kernel.appcore.dll
0x00007ffd42b90000 - 0x00007ffd42b9a000 	c:\Users\Waruna\.vscode-insiders\extensions\redhat.java-1.21.2023072504-win32-x64\jre\17.0.7-win32-x86_64\bin\jimage.dll
0x00007ffd43830000 - 0x00007ffd43a5e000 	C:\Windows\SYSTEM32\DBGHELP.DLL
0x00007ffd4b820000 - 0x00007ffd4bbaa000 	C:\Windows\System32\combase.dll
0x00007ffd4a660000 - 0x00007ffd4a737000 	C:\Windows\System32\OLEAUT32.dll
0x00007ffd437f0000 - 0x00007ffd43822000 	C:\Windows\SYSTEM32\dbgcore.DLL
0x00007ffd49d50000 - 0x00007ffd49dca000 	C:\Windows\System32\bcryptPrimitives.dll
0x00007ffd425a0000 - 0x00007ffd425c5000 	c:\Users\Waruna\.vscode-insiders\extensions\redhat.java-1.21.2023072504-win32-x64\jre\17.0.7-win32-x86_64\bin\java.dll
0x00007ffd42580000 - 0x00007ffd42598000 	c:\Users\Waruna\.vscode-insiders\extensions\redhat.java-1.21.2023072504-win32-x64\jre\17.0.7-win32-x86_64\bin\zip.dll
0x00007ffd4a8f0000 - 0x00007ffd4b106000 	C:\Windows\System32\SHELL32.dll
0x00007ffd47440000 - 0x00007ffd47d2a000 	C:\Windows\SYSTEM32\windows.storage.dll
0x00007ffd47300000 - 0x00007ffd4743e000 	C:\Windows\SYSTEM32\wintypes.dll
0x00007ffd4b340000 - 0x00007ffd4b433000 	C:\Windows\System32\SHCORE.dll
0x00007ffd4a130000 - 0x00007ffd4a18e000 	C:\Windows\System32\shlwapi.dll
0x00007ffd493e0000 - 0x00007ffd49406000 	C:\Windows\SYSTEM32\profapi.dll
0x00007ffd308a0000 - 0x00007ffd308b9000 	C:\Users\Waruna\.vscode-insiders\extensions\redhat.java-1.21.2023072504-win32-x64\jre\17.0.7-win32-x86_64\bin\net.dll
0x00007ffd44480000 - 0x00007ffd445b7000 	C:\Windows\SYSTEM32\WINHTTP.dll
0x00007ffd48a20000 - 0x00007ffd48a89000 	C:\Windows\system32\mswsock.dll
0x00007ffd26b70000 - 0x00007ffd26b85000 	C:\Users\Waruna\.vscode-insiders\extensions\redhat.java-1.21.2023072504-win32-x64\jre\17.0.7-win32-x86_64\bin\nio.dll
0x00007ffd48c90000 - 0x00007ffd48cab000 	C:\Windows\SYSTEM32\CRYPTSP.dll
0x00007ffd48510000 - 0x00007ffd48545000 	C:\Windows\system32\rsaenh.dll
0x00007ffd48af0000 - 0x00007ffd48b1c000 	C:\Windows\SYSTEM32\USERENV.dll
0x00007ffd48e70000 - 0x00007ffd48e98000 	C:\Windows\SYSTEM32\bcrypt.dll
0x00007ffd48cb0000 - 0x00007ffd48cbc000 	C:\Windows\SYSTEM32\CRYPTBASE.dll
0x00007ffd48000000 - 0x00007ffd4802d000 	C:\Windows\SYSTEM32\IPHLPAPI.DLL
0x00007ffd4b440000 - 0x00007ffd4b449000 	C:\Windows\System32\NSI.dll
0x00007ffd449a0000 - 0x00007ffd449b9000 	C:\Windows\SYSTEM32\dhcpcsvc6.DLL
0x00007ffd44460000 - 0x00007ffd4447f000 	C:\Windows\SYSTEM32\dhcpcsvc.DLL
0x00007ffd48070000 - 0x00007ffd48163000 	C:\Windows\SYSTEM32\DNSAPI.dll
0x00007ffd420d0000 - 0x00007ffd420d9000 	C:\Users\Waruna\.vscode-insiders\extensions\redhat.java-1.21.2023072504-win32-x64\jre\17.0.7-win32-x86_64\bin\management.dll
0x00007ffd40b00000 - 0x00007ffd40b0b000 	C:\Users\Waruna\.vscode-insiders\extensions\redhat.java-1.21.2023072504-win32-x64\jre\17.0.7-win32-x86_64\bin\management_ext.dll
0x00007ffd4b550000 - 0x00007ffd4b558000 	C:\Windows\System32\PSAPI.DLL
0x00007ffd31040000 - 0x00007ffd3104e000 	C:\Users\Waruna\.vscode-insiders\extensions\redhat.java-1.21.2023072504-win32-x64\jre\17.0.7-win32-x86_64\bin\sunmscapi.dll
0x00007ffd49be0000 - 0x00007ffd49d47000 	C:\Windows\System32\CRYPT32.dll
0x00007ffd48e40000 - 0x00007ffd48e6e000 	C:\Windows\SYSTEM32\ncrypt.dll
0x00007ffd48e00000 - 0x00007ffd48e37000 	C:\Windows\SYSTEM32\NTASN1.dll
0x00007ffd434e0000 - 0x00007ffd434ea000 	C:\Windows\System32\rasadhlp.dll
0x00007ffd441e0000 - 0x00007ffd44264000 	C:\Windows\System32\fwpuclnt.dll
0x00007ffd42870000 - 0x00007ffd42880000 	c:\Users\Waruna\.vscode-insiders\extensions\redhat.java-1.21.2023072504-win32-x64\jre\17.0.7-win32-x86_64\bin\verify.dll
0x0000000070fc0000 - 0x000000007108d000 	C:\Users\Waruna\AppData\Local\Temp\snappy-1.1.10-ac08c8d9-43d3-4dbe-910b-cf1460e9a1e9-snappyjava.dll
0x00007ffd306f0000 - 0x00007ffd306f9000 	C:\Users\Waruna\.vscode-insiders\extensions\redhat.java-1.21.2023072504-win32-x64\jre\17.0.7-win32-x86_64\bin\attach.dll
0x00007ffd2a8c0000 - 0x00007ffd2a8d7000 	C:\Windows\system32\napinsp.dll
0x00007ffd2a7a0000 - 0x00007ffd2a7bb000 	C:\Windows\system32\pnrpnsp.dll
0x00007ffd2a6c0000 - 0x00007ffd2a6d1000 	C:\Windows\System32\winrnr.dll
0x00007ffd2a6a0000 - 0x00007ffd2a6b5000 	C:\Windows\system32\wshbth.dll
0x00007ffd2a670000 - 0x00007ffd2a691000 	C:\Windows\system32\nlansp_c.dll
0x00007ffd2a230000 - 0x00007ffd2a237000 	C:\Users\Waruna\.vscode-insiders\extensions\redhat.java-1.21.2023072504-win32-x64\jre\17.0.7-win32-x86_64\bin\rmi.dll

dbghelp: loaded successfully - version: 4.0.5 - missing functions: none
symbol engine: initialized successfully - sym options: 0x614 - pdb path: .;c:\Users\Waruna\.vscode-insiders\extensions\redhat.java-1.21.2023072504-win32-x64\jre\17.0.7-win32-x86_64\bin;C:\Windows\SYSTEM32;C:\Windows\WinSxS\amd64_microsoft.windows.common-controls_6595b64144ccf1df_6.0.22621.2070_none_2713e6537381f706;c:\Users\Waruna\.vscode-insiders\extensions\redhat.java-1.21.2023072504-win32-x64\jre\17.0.7-win32-x86_64\bin\server;C:\Users\Waruna\AppData\Local\Temp

VM Arguments:
jvm_args: -XX:+HeapDumpOnOutOfMemoryError -Xmx1024m -Dsts.lsp.client=vscode -Dsts.log.file=/dev/null -XX:TieredStopAtLevel=1 -Xlog:jni+resolve=off -Dspring.config.location=file:c:\Users\Waruna\.vscode-insiders\extensions\vmware.vscode-spring-boot-1.48.2023072504\language-server\BOOT-INF\classes\application.properties 
java_command: org.springframework.ide.vscode.boot.app.BootLanguageServerBootApp
java_class_path (initial): c:\Users\Waruna\.vscode-insiders\extensions\vmware.vscode-spring-boot-1.48.2023072504\language-server\BOOT-INF\classes;c:\Users\Waruna\.vscode-insiders\extensions\vmware.vscode-spring-boot-1.48.2023072504\language-server\BOOT-INF\lib\annotations-24.0.1.jar;c:\Users\Waruna\.vscode-insiders\extensions\vmware.vscode-spring-boot-1.48.2023072504\language-server\BOOT-INF\lib\antlr-runtime-3.5.3.jar;c:\Users\Waruna\.vscode-insiders\extensions\vmware.vscode-spring-boot-1.48.2023072504\language-server\BOOT-INF\lib\antlr4-4.11.1.jar;c:\Users\Waruna\.vscode-insiders\extensions\vmware.vscode-spring-boot-1.48.2023072504\language-server\BOOT-INF\lib\antlr4-runtime-4.11.1.jar;c:\Users\Waruna\.vscode-insiders\extensions\vmware.vscode-spring-boot-1.48.2023072504\language-server\BOOT-INF\lib\archunit-1.0.1.jar;c:\Users\Waruna\.vscode-insiders\extensions\vmware.vscode-spring-boot-1.48.2023072504\language-server\BOOT-INF\lib\asm-9.5.jar;c:\Users\Waruna\.vscode-insiders\extensions\vmware.vscode-spring-boot-1.48.2023072504\language-server\BOOT-INF\lib\asm-analysis-9.5.jar;c:\Users\Waruna\.vscode-insiders\extensions\vmware.vscode-spring-boot-1.48.2023072504\language-server\BOOT-INF\lib\asm-tree-9.5.jar;c:\Users\Waruna\.vscode-insiders\extensions\vmware.vscode-spring-boot-1.48.2023072504\language-server\BOOT-INF\lib\asm-util-9.5.jar;c:\Users\Waruna\.vscode-insiders\extensions\vmware.vscode-spring-boot-1.48.2023072504\language-server\BOOT-INF\lib\bosh-language-server-1.48.0-SNAPSHOT.jar;c:\Users\Waruna\.vscode-insiders\extensions\vmware.vscode-spring-boot-1.48.2023072504\language-server\BOOT-INF\lib\caffeine-3.1.6.jar;c:\Users\Waruna\.vscode-insiders\extensions\vmware.vscode-spring-boot-1.48.2023072504\language-server\BOOT-INF\lib\checker-qual-3.12.0.jar;c:\Users\Waruna\.vscode-insiders\extensions\vmware.vscode-spring-boot-1.48.2023072504\language-server\BOOT-INF\lib\classgraph-4.8.149.jar;c:\Users\Waruna\.vscode-insiders\extensions\vmware.vscode-spring-boot-1.4
Launcher Type: SUN_STANDARD

[Global flags]
     intx CICompilerCount                          = 4                                         {product} {ergonomic}
     uint ConcGCThreads                            = 3                                         {product} {ergonomic}
     uint G1ConcRefinementThreads                  = 10                                        {product} {ergonomic}
   size_t G1HeapRegionSize                         = 1048576                                   {product} {ergonomic}
    uintx GCDrainStackTargetSize                   = 64                                        {product} {ergonomic}
     bool HeapDumpOnOutOfMemoryError               = true                                   {manageable} {command line}
   size_t InitialHeapSize                          = 132120576                                 {product} {ergonomic}
   size_t MarkStackSize                            = 4194304                                   {product} {ergonomic}
   size_t MaxHeapSize                              = 1073741824                                {product} {command line}
   size_t MaxNewSize                               = 643825664                                 {product} {ergonomic}
   size_t MinHeapDeltaBytes                        = 1048576                                   {product} {ergonomic}
   size_t MinHeapSize                              = 8388608                                   {product} {ergonomic}
    uintx NonProfiledCodeHeapSize                  = 0                                      {pd product} {ergonomic}
     bool ProfileInterpreter                       = false                                  {pd product} {command line}
    uintx ProfiledCodeHeapSize                     = 0                                      {pd product} {ergonomic}
   size_t SoftMaxHeapSize                          = 1073741824                             {manageable} {ergonomic}
     intx TieredStopAtLevel                        = 1                                         {product} {command line}
     bool UseCompressedClassPointers               = true                           {product lp64_product} {ergonomic}
     bool UseCompressedOops                        = true                           {product lp64_product} {ergonomic}
     bool UseG1GC                                  = true                                      {product} {ergonomic}
     bool UseLargePagesIndividualAllocation        = false                                  {pd product} {ergonomic}

Logging:
Log output configuration:
 #0: stdout all=warning,jni+resolve=off uptime,level,tags
 #1: stderr all=off uptime,level,tags

Environment Variables:
JAVA_HOME=H:\jdk-11.0.16.1
PATH=C:\Program Files\Common Files\Oracle\Java\javapath;C:\Program Files (x86)\VMware\VMware Player\bin\;C:\Python311\Scripts\;C:\Python311\;C:\Windows\system32;C:\Windows;C:\Windows\System32\Wbem;C:\Windows\System32\WindowsPowerShell\v1.0\;C:\Windows\System32\OpenSSH\;C:\Program Files\dotnet\;C:\Program Files\Java\jdk-17.0.1\bin;C:\Program Files\nodejs\;C:\ProgramData\chocolatey\bin;C:\Program Files (x86)\NVIDIA Corporation\PhysX\Common;H:\Git\cmd;H:\Scripts\;H:\;C:\Users\Waruna\AppData\Local\Microsoft\WindowsApps;C:\Users\Waruna\AppData\Local\GitHubDesktop\bin;C:\Users\Waruna\AppData\Roaming\npm;H:\gradle-7.3.1\bin;C:\Program Files\JetBrains\IntelliJ IDEA 2023.1.1\bin;;C:\Users\Waruna\AppData\Local\Programs\Microsoft VS Code Insiders\bin
USERNAME=Waruna
OS=Windows_NT
PROCESSOR_IDENTIFIER=Intel64 Family 6 Model 165 Stepping 2, GenuineIntel
TMP=C:\Users\Waruna\AppData\Local\Temp
TEMP=C:\Users\Waruna\AppData\Local\Temp



---------------  S Y S T E M  ---------------

OS:
 Windows 11 , 64 bit Build 22621 (10.0.22621.2070)
OS uptime: 1 days 8:36 hours
Hyper-V role detected

CPU: total 12 (initial active 12) (6 cores per cpu, 2 threads per core) family 6 model 165 stepping 2 microcode 0xe2, cx8, cmov, fxsr, ht, mmx, 3dnowpref, sse, sse2, sse3, ssse3, sse4.1, sse4.2, popcnt, lzcnt, tsc, tscinvbit, avx, avx2, aes, erms, clmul, bmi1, bmi2, adx, fma, vzeroupper, clflush, clflushopt, hv

Memory: 4k page, system-wide physical 8013M (288M free)
TotalPageFile size 18013M (AvailPageFile size 56M)
current process WorkingSet (physical memory assigned to process): 225M, peak: 1400M
current process commit charge ("private bytes"): 575M, peak: 1324M

vm_info: OpenJDK 64-Bit Server VM (17.0.7+7) for windows-amd64 JRE (17.0.7+7), built on Apr 18 2023 22:10:42 by "temurin" with MS VC++ 16.7 (VS2019)

END.
